TpTrace Verbose: 0 : 6836, 1, 2024/02/15, 08:10:43.361, 146806220755, vstest.console.dll, Version: 17.8.0-release-23523-03 Current process architecture: X64
TpTrace Verbose: 0 : 6836, 1, 2024/02/15, 08:10:43.392, 146806538788, vstest.console.dll, Runtime location: C:\Program Files\dotnet\shared\Microsoft.NETCore.App\8.0.0
TpTrace Verbose: 0 : 6836, 1, 2024/02/15, 08:10:43.511, 146807727704, vstest.console.dll, ArtifactProcessingPostProcessModeProcessorExecutor.Initialize: ArtifactProcessingMode.Collect
TpTrace Verbose: 0 : 6836, 1, 2024/02/15, 08:10:43.512, 146807731940, vstest.console.dll, TestSessionCorrelationIdProcessorModeProcessorExecutor.Initialize: TestSessionCorrelationId '5292_227aacdd-3db0-4cf4-a75d-ecc7c8709719'
TpTrace Information: 0 : 6836, 1, 2024/02/15, 08:10:43.586, 146808474039, vstest.console.dll, FilePatternParser: The given file C:\Users\simo7\OneDrive\Работен плот\QA Automation- Back-End Technologies\16.Testing-API-Controllers-Exercises\Homies.Tests\bin\Debug\net6.0\fine-code-coverage\build-output\Homies.Tests.dll is a full path.
TpTrace Verbose: 0 : 6836, 1, 2024/02/15, 08:10:43.704, 146809652260, vstest.console.dll, TestPluginCache.DiscoverTestExtensions: finding test extensions in assemblies ends with: RuntimeProvider.dll TPluginInfo: Microsoft.VisualStudio.TestPlatform.Common.ExtensionFramework.Utilities.TestRuntimePluginInformation TExtension: Microsoft.VisualStudio.TestPlatform.ObjectModel.Host.ITestRuntimeProvider
TpTrace Verbose: 0 : 6836, 1, 2024/02/15, 08:10:43.705, 146809663141, vstest.console.dll, TestPluginCache.GetExtensionPaths: Filtered extension paths: 
TpTrace Verbose: 0 : 6836, 1, 2024/02/15, 08:10:43.705, 146809666000, vstest.console.dll, TestPluginCache.GetExtensionPaths: Added default extension paths: C:\Program Files\dotnet\sdk\8.0.100\Extensions\Microsoft.Diagnostics.NETCore.Client.dll
C:\Program Files\dotnet\sdk\8.0.100\Extensions\Microsoft.TestPlatform.Extensions.BlameDataCollector.dll
C:\Program Files\dotnet\sdk\8.0.100\Extensions\Microsoft.TestPlatform.Extensions.EventLogCollector.dll
C:\Program Files\dotnet\sdk\8.0.100\Extensions\Microsoft.TestPlatform.TestHostRuntimeProvider.dll
C:\Program Files\dotnet\sdk\8.0.100\Extensions\Microsoft.VisualStudio.TestPlatform.Extensions.Html.TestLogger.dll
C:\Program Files\dotnet\sdk\8.0.100\Extensions\Microsoft.VisualStudio.TestPlatform.Extensions.Trx.TestLogger.dll
TpTrace Verbose: 0 : 6836, 1, 2024/02/15, 08:10:43.705, 146809666996, vstest.console.dll, TestPluginCache.GetExtensionPaths: Added unfilterableExtensionPaths: 
TpTrace Information: 0 : 6836, 1, 2024/02/15, 08:10:43.707, 146809682711, vstest.console.dll, AssemblyResolver.ctor: Creating AssemblyResolver with searchDirectories C:\Program Files\dotnet\sdk\8.0.100\Extensions,C:\Program Files\dotnet\sdk\8.0.100
TpTrace Verbose: 0 : 6836, 1, 2024/02/15, 08:10:43.721, 146809820554, vstest.console.dll, TestPluginCache.DiscoverTestExtensions: Discovering the extensions using extension path.
TpTrace Verbose: 0 : 6836, 1, 2024/02/15, 08:10:43.721, 146809825118, vstest.console.dll, TestPluginCache.GetExtensionPaths: Filtered extension paths: 
TpTrace Verbose: 0 : 6836, 1, 2024/02/15, 08:10:43.721, 146809826762, vstest.console.dll, TestPluginCache.GetExtensionPaths: Added default extension paths: C:\Program Files\dotnet\sdk\8.0.100\Extensions\Microsoft.Diagnostics.NETCore.Client.dll
C:\Program Files\dotnet\sdk\8.0.100\Extensions\Microsoft.TestPlatform.Extensions.BlameDataCollector.dll
C:\Program Files\dotnet\sdk\8.0.100\Extensions\Microsoft.TestPlatform.Extensions.EventLogCollector.dll
C:\Program Files\dotnet\sdk\8.0.100\Extensions\Microsoft.TestPlatform.TestHostRuntimeProvider.dll
C:\Program Files\dotnet\sdk\8.0.100\Extensions\Microsoft.VisualStudio.TestPlatform.Extensions.Html.TestLogger.dll
C:\Program Files\dotnet\sdk\8.0.100\Extensions\Microsoft.VisualStudio.TestPlatform.Extensions.Trx.TestLogger.dll
TpTrace Verbose: 0 : 6836, 1, 2024/02/15, 08:10:43.721, 146809828326, vstest.console.dll, TestPluginCache.GetExtensionPaths: Added unfilterableExtensionPaths: 
TpTrace Verbose: 0 : 6836, 1, 2024/02/15, 08:10:43.722, 146809831359, vstest.console.dll, TestPluginCache.DiscoverTestExtensions: Discovering the extensions using allExtensionPaths: C:\Program Files\dotnet\sdk\8.0.100\Extensions\Microsoft.Diagnostics.NETCore.Client.dll
C:\Program Files\dotnet\sdk\8.0.100\Extensions\Microsoft.TestPlatform.Extensions.BlameDataCollector.dll
C:\Program Files\dotnet\sdk\8.0.100\Extensions\Microsoft.TestPlatform.Extensions.EventLogCollector.dll
C:\Program Files\dotnet\sdk\8.0.100\Extensions\Microsoft.TestPlatform.TestHostRuntimeProvider.dll
C:\Program Files\dotnet\sdk\8.0.100\Extensions\Microsoft.VisualStudio.TestPlatform.Extensions.Html.TestLogger.dll
C:\Program Files\dotnet\sdk\8.0.100\Extensions\Microsoft.VisualStudio.TestPlatform.Extensions.Trx.TestLogger.dll
TpTrace Information: 0 : 6836, 1, 2024/02/15, 08:10:43.722, 146809834324, vstest.console.dll, AssemblyResolver.AddSearchDirectories: Adding more searchDirectories C:\Program Files\dotnet\sdk\8.0.100\Extensions,C:\Program Files\dotnet\sdk\8.0.100
TpTrace Information: 0 : 6836, 1, 2024/02/15, 08:10:43.722, 146809836249, vstest.console.dll, AssemblyResolver.AddSearchDirectories: Adding more searchDirectories C:\Program Files\dotnet\sdk\8.0.100\Extensions,C:\Program Files\dotnet\sdk\8.0.100
TpTrace Information: 0 : 6836, 1, 2024/02/15, 08:10:43.722, 146809837534, vstest.console.dll, AssemblyResolver.AddSearchDirectories: Adding more searchDirectories C:\Program Files\dotnet\sdk\8.0.100\Extensions,C:\Program Files\dotnet\sdk\8.0.100
TpTrace Information: 0 : 6836, 1, 2024/02/15, 08:10:43.722, 146809838708, vstest.console.dll, AssemblyResolver.AddSearchDirectories: Adding more searchDirectories C:\Program Files\dotnet\sdk\8.0.100\Extensions,C:\Program Files\dotnet\sdk\8.0.100
TpTrace Information: 0 : 6836, 1, 2024/02/15, 08:10:43.722, 146809840029, vstest.console.dll, AssemblyResolver.AddSearchDirectories: Adding more searchDirectories C:\Program Files\dotnet\sdk\8.0.100\Extensions,C:\Program Files\dotnet\sdk\8.0.100
TpTrace Information: 0 : 6836, 1, 2024/02/15, 08:10:43.723, 146809841164, vstest.console.dll, AssemblyResolver.AddSearchDirectories: Adding more searchDirectories C:\Program Files\dotnet\sdk\8.0.100\Extensions,C:\Program Files\dotnet\sdk\8.0.100
TpTrace Information: 0 : 6836, 1, 2024/02/15, 08:10:43.739, 146810001659, vstest.console.dll, AssemblyResolver.OnResolve: Microsoft.Diagnostics.NETCore.Client: Resolving assembly.
TpTrace Information: 0 : 6836, 1, 2024/02/15, 08:10:43.739, 146810004796, vstest.console.dll, AssemblyResolver.OnResolve: Microsoft.Diagnostics.NETCore.Client: Searching in: 'C:\Program Files\dotnet\sdk\8.0.100\Extensions'.
TpTrace Information: 0 : 6836, 1, 2024/02/15, 08:10:44.111, 146813726069, vstest.console.dll, AssemblyResolver.OnResolve: Microsoft.Diagnostics.NETCore.Client: Loading assembly 'C:\Program Files\dotnet\sdk\8.0.100\Extensions\Microsoft.Diagnostics.NETCore.Client.dll'.
TpTrace Information: 0 : 6836, 1, 2024/02/15, 08:10:44.162, 146814234862, vstest.console.dll, AssemblyResolver.OnResolve: Resolved assembly: Microsoft.Diagnostics.NETCore.Client, from path: C:\Program Files\dotnet\sdk\8.0.100\Extensions\Microsoft.Diagnostics.NETCore.Client.dll
TpTrace Verbose: 0 : 6836, 1, 2024/02/15, 08:10:44.169, 146814307009, vstest.console.dll, MetadataReaderExtensionsHelper: Discovering extensions inside assembly 'Microsoft.Diagnostics.NETCore.Client, Version=0.2.8.21101, Culture=neutral, PublicKeyToken=31bf3856ad364e35' file path 'C:\Program Files\dotnet\sdk\8.0.100\Extensions\Microsoft.Diagnostics.NETCore.Client.dll'
TpTrace Information: 0 : 6836, 1, 2024/02/15, 08:10:44.192, 146814532502, vstest.console.dll, AssemblyResolver.OnResolve: Microsoft.Bcl.AsyncInterfaces: Resolving assembly.
TpTrace Information: 0 : 6836, 1, 2024/02/15, 08:10:44.192, 146814533992, vstest.console.dll, AssemblyResolver.OnResolve: Microsoft.Bcl.AsyncInterfaces: Searching in: 'C:\Program Files\dotnet\sdk\8.0.100\Extensions'.
TpTrace Information: 0 : 6836, 1, 2024/02/15, 08:10:44.192, 146814535658, vstest.console.dll, AssemblyResolver.OnResolve: Microsoft.Bcl.AsyncInterfaces: Assembly path does not exist: 'C:\Program Files\dotnet\sdk\8.0.100\Extensions\Microsoft.Bcl.AsyncInterfaces.dll', returning.
TpTrace Information: 0 : 6836, 1, 2024/02/15, 08:10:44.192, 146814537681, vstest.console.dll, AssemblyResolver.OnResolve: Microsoft.Bcl.AsyncInterfaces: Assembly path does not exist: 'C:\Program Files\dotnet\sdk\8.0.100\Extensions\Microsoft.Bcl.AsyncInterfaces.exe', returning.
TpTrace Information: 0 : 6836, 1, 2024/02/15, 08:10:44.192, 146814538496, vstest.console.dll, AssemblyResolver.OnResolve: Microsoft.Bcl.AsyncInterfaces: Searching in: 'C:\Program Files\dotnet\sdk\8.0.100'.
TpTrace Information: 0 : 6836, 1, 2024/02/15, 08:10:44.192, 146814539868, vstest.console.dll, AssemblyResolver.OnResolve: Microsoft.Bcl.AsyncInterfaces: Assembly path does not exist: 'C:\Program Files\dotnet\sdk\8.0.100\Microsoft.Bcl.AsyncInterfaces.dll', returning.
TpTrace Information: 0 : 6836, 1, 2024/02/15, 08:10:44.193, 146814541110, vstest.console.dll, AssemblyResolver.OnResolve: Microsoft.Bcl.AsyncInterfaces: Assembly path does not exist: 'C:\Program Files\dotnet\sdk\8.0.100\Microsoft.Bcl.AsyncInterfaces.exe', returning.
TpTrace Information: 0 : 6836, 1, 2024/02/15, 08:10:44.193, 146814541754, vstest.console.dll, AssemblyResolver.OnResolve: Microsoft.Bcl.AsyncInterfaces: Failed to load assembly.
TpTrace Verbose: 0 : 6836, 1, 2024/02/15, 08:10:44.193, 146814542443, vstest.console.dll, CurrentDomainAssemblyResolve: Resolving assembly 'Microsoft.Bcl.AsyncInterfaces'.
TpTrace Information: 0 : 6836, 1, 2024/02/15, 08:10:44.193, 146814543444, vstest.console.dll, AssemblyResolver.OnResolve: Microsoft.Bcl.AsyncInterfaces: Resolving assembly.
TpTrace Information: 0 : 6836, 1, 2024/02/15, 08:10:44.193, 146814544152, vstest.console.dll, AssemblyResolver.OnResolve: Microsoft.Bcl.AsyncInterfaces: Resolved from cache.
TpTrace Verbose: 0 : 6836, 1, 2024/02/15, 08:10:44.193, 146814544689, vstest.console.dll, CurrentDomainAssemblyResolve: Resolving assembly 'Microsoft.Bcl.AsyncInterfaces'.
TpTrace Verbose: 0 : 6836, 1, 2024/02/15, 08:10:44.193, 146814545441, vstest.console.dll, CurrentDomainAssemblyResolve: Failed to resolve assembly 'Microsoft.Bcl.AsyncInterfaces'.
TpTrace Verbose: 0 : 6836, 1, 2024/02/15, 08:10:44.373, 146816344348, vstest.console.dll, CurrentDomainAssemblyResolve: Failed to resolve assembly 'Microsoft.Bcl.AsyncInterfaces'.
TpTrace Warning: 0 : 6836, 1, 2024/02/15, 08:10:44.524, 146817859741, vstest.console.dll, TestPluginDiscoverer: Failed to get types from assembly 'Microsoft.Diagnostics.NETCore.Client, Version=0.2.8.21101, Culture=neutral, PublicKeyToken=31bf3856ad364e35'. Error: System.Reflection.ReflectionTypeLoadException: Unable to load one or more of the requested types.
Could not load file or assembly 'Microsoft.Bcl.AsyncInterfaces, Version=1.0.0.0, Culture=neutral, PublicKeyToken=cc7b13ffcd2ddd51'. The system cannot find the file specified.
   at System.Reflection.RuntimeModule.GetTypes(RuntimeModule module)
   at System.Reflection.RuntimeModule.GetTypes()
   at Microsoft.VisualStudio.TestPlatform.Common.ExtensionFramework.TestPluginDiscoverer.GetTestExtensionsFromAssembly[TPluginInfo,TExtension](Assembly assembly, Dictionary`2 pluginInfos, String filePath) in /_/src/Microsoft.TestPlatform.Common/ExtensionFramework/TestPluginDiscoverer.cs:line 158
System.IO.FileNotFoundException: Could not load file or assembly 'Microsoft.Bcl.AsyncInterfaces, Version=1.0.0.0, Culture=neutral, PublicKeyToken=cc7b13ffcd2ddd51'. The system cannot find the file specified.
File name: 'Microsoft.Bcl.AsyncInterfaces, Version=1.0.0.0, Culture=neutral, PublicKeyToken=cc7b13ffcd2ddd51'
 ---> System.IO.FileNotFoundException: Could not load file or assembly 'Microsoft.Bcl.AsyncInterfaces, Culture=neutral, PublicKeyToken=null'. The system cannot find the file specified.
File name: 'Microsoft.Bcl.AsyncInterfaces, Culture=neutral, PublicKeyToken=null'
   at System.Reflection.RuntimeAssembly.InternalLoad(AssemblyName assemblyName, StackCrawlMark& stackMark, AssemblyLoadContext assemblyLoadContext, RuntimeAssembly requestingAssembly, Boolean throwOnFileNotFound)
   at System.Reflection.Assembly.Load(AssemblyName assemblyRef)
   at Microsoft.VisualStudio.TestPlatform.Common.ExtensionFramework.TestPluginCache.CurrentDomainAssemblyResolve(Object sender, AssemblyResolveEventArgs args) in /_/src/Microsoft.TestPlatform.Common/ExtensionFramework/TestPluginCache.cs:line 513
   at System.Runtime.Loader.AssemblyLoadContext.GetFirstResolvedAssemblyFromResolvingEvent(AssemblyName assemblyName)
   at System.Runtime.Loader.AssemblyLoadContext.ResolveUsingEvent(AssemblyName assemblyName)
   at System.Runtime.Loader.AssemblyLoadContext.ResolveUsingResolvingEvent(IntPtr gchManagedAssemblyLoadContext, AssemblyName assemblyName)
TpTrace Warning: 0 : 6836, 1, 2024/02/15, 08:10:44.525, 146817865295, vstest.console.dll, LoaderExceptions: System.IO.FileNotFoundException: Could not load file or assembly 'Microsoft.Bcl.AsyncInterfaces, Version=1.0.0.0, Culture=neutral, PublicKeyToken=cc7b13ffcd2ddd51'. The system cannot find the file specified.
File name: 'Microsoft.Bcl.AsyncInterfaces, Version=1.0.0.0, Culture=neutral, PublicKeyToken=cc7b13ffcd2ddd51'
 ---> System.IO.FileNotFoundException: Could not load file or assembly 'Microsoft.Bcl.AsyncInterfaces, Culture=neutral, PublicKeyToken=null'. The system cannot find the file specified.
File name: 'Microsoft.Bcl.AsyncInterfaces, Culture=neutral, PublicKeyToken=null'
   at System.Reflection.RuntimeAssembly.InternalLoad(AssemblyName assemblyName, StackCrawlMark& stackMark, AssemblyLoadContext assemblyLoadContext, RuntimeAssembly requestingAssembly, Boolean throwOnFileNotFound)
   at System.Reflection.Assembly.Load(AssemblyName assemblyRef)
   at Microsoft.VisualStudio.TestPlatform.Common.ExtensionFramework.TestPluginCache.CurrentDomainAssemblyResolve(Object sender, AssemblyResolveEventArgs args) in /_/src/Microsoft.TestPlatform.Common/ExtensionFramework/TestPluginCache.cs:line 513
   at System.Runtime.Loader.AssemblyLoadContext.GetFirstResolvedAssemblyFromResolvingEvent(AssemblyName assemblyName)
   at System.Runtime.Loader.AssemblyLoadContext.ResolveUsingEvent(AssemblyName assemblyName)
   at System.Runtime.Loader.AssemblyLoadContext.ResolveUsingResolvingEvent(IntPtr gchManagedAssemblyLoadContext, AssemblyName assemblyName)
TpTrace Information: 0 : 6836, 1, 2024/02/15, 08:10:44.525, 146817867484, vstest.console.dll, AssemblyResolver.OnResolve: Microsoft.TestPlatform.Extensions.BlameDataCollector: Resolving assembly.
TpTrace Information: 0 : 6836, 1, 2024/02/15, 08:10:44.525, 146817868270, vstest.console.dll, AssemblyResolver.OnResolve: Microsoft.TestPlatform.Extensions.BlameDataCollector: Searching in: 'C:\Program Files\dotnet\sdk\8.0.100\Extensions'.
TpTrace Information: 0 : 6836, 1, 2024/02/15, 08:10:44.541, 146818023129, vstest.console.dll, AssemblyResolver.OnResolve: Microsoft.TestPlatform.Extensions.BlameDataCollector: Loading assembly 'C:\Program Files\dotnet\sdk\8.0.100\Extensions\Microsoft.TestPlatform.Extensions.BlameDataCollector.dll'.
TpTrace Information: 0 : 6836, 1, 2024/02/15, 08:10:44.549, 146818101725, vstest.console.dll, AssemblyResolver.OnResolve: Resolved assembly: Microsoft.TestPlatform.Extensions.BlameDataCollector, from path: C:\Program Files\dotnet\sdk\8.0.100\Extensions\Microsoft.TestPlatform.Extensions.BlameDataCollector.dll
TpTrace Verbose: 0 : 6836, 1, 2024/02/15, 08:10:44.549, 146818104425, vstest.console.dll, MetadataReaderExtensionsHelper: Discovering extensions inside assembly 'Microsoft.TestPlatform.Extensions.BlameDataCollector, Version=15.0.0.0, Culture=neutral, PublicKeyToken=b03f5f7f11d50a3a' file path 'C:\Program Files\dotnet\sdk\8.0.100\Extensions\Microsoft.TestPlatform.Extensions.BlameDataCollector.dll'
TpTrace Information: 0 : 6836, 1, 2024/02/15, 08:10:44.552, 146818139571, vstest.console.dll, AssemblyResolver.OnResolve: Microsoft.TestPlatform.Extensions.EventLogCollector: Resolving assembly.
TpTrace Information: 0 : 6836, 1, 2024/02/15, 08:10:44.553, 146818140948, vstest.console.dll, AssemblyResolver.OnResolve: Microsoft.TestPlatform.Extensions.EventLogCollector: Searching in: 'C:\Program Files\dotnet\sdk\8.0.100\Extensions'.
TpTrace Information: 0 : 6836, 1, 2024/02/15, 08:10:44.568, 146818297500, vstest.console.dll, AssemblyResolver.OnResolve: Microsoft.TestPlatform.Extensions.EventLogCollector: Loading assembly 'C:\Program Files\dotnet\sdk\8.0.100\Extensions\Microsoft.TestPlatform.Extensions.EventLogCollector.dll'.
TpTrace Information: 0 : 6836, 1, 2024/02/15, 08:10:44.569, 146818308053, vstest.console.dll, AssemblyResolver.OnResolve: Resolved assembly: Microsoft.TestPlatform.Extensions.EventLogCollector, from path: C:\Program Files\dotnet\sdk\8.0.100\Extensions\Microsoft.TestPlatform.Extensions.EventLogCollector.dll
TpTrace Verbose: 0 : 6836, 1, 2024/02/15, 08:10:44.569, 146818309468, vstest.console.dll, MetadataReaderExtensionsHelper: Discovering extensions inside assembly 'Microsoft.TestPlatform.Extensions.EventLogCollector, Version=15.0.0.0, Culture=neutral, PublicKeyToken=b03f5f7f11d50a3a' file path 'C:\Program Files\dotnet\sdk\8.0.100\Extensions\Microsoft.TestPlatform.Extensions.EventLogCollector.dll'
TpTrace Information: 0 : 6836, 1, 2024/02/15, 08:10:44.579, 146818405988, vstest.console.dll, AssemblyResolver.OnResolve: Microsoft.TestPlatform.TestHostRuntimeProvider: Resolving assembly.
TpTrace Information: 0 : 6836, 1, 2024/02/15, 08:10:44.579, 146818407422, vstest.console.dll, AssemblyResolver.OnResolve: Microsoft.TestPlatform.TestHostRuntimeProvider: Searching in: 'C:\Program Files\dotnet\sdk\8.0.100\Extensions'.
TpTrace Information: 0 : 6836, 1, 2024/02/15, 08:10:44.591, 146818520406, vstest.console.dll, AssemblyResolver.OnResolve: Microsoft.TestPlatform.TestHostRuntimeProvider: Loading assembly 'C:\Program Files\dotnet\sdk\8.0.100\Extensions\Microsoft.TestPlatform.TestHostRuntimeProvider.dll'.
TpTrace Information: 0 : 6836, 1, 2024/02/15, 08:10:44.593, 146818540720, vstest.console.dll, AssemblyResolver.OnResolve: Resolved assembly: Microsoft.TestPlatform.TestHostRuntimeProvider, from path: C:\Program Files\dotnet\sdk\8.0.100\Extensions\Microsoft.TestPlatform.TestHostRuntimeProvider.dll
TpTrace Verbose: 0 : 6836, 1, 2024/02/15, 08:10:44.593, 146818542501, vstest.console.dll, MetadataReaderExtensionsHelper: Discovering extensions inside assembly 'Microsoft.TestPlatform.TestHostRuntimeProvider, Version=15.0.0.0, Culture=neutral, PublicKeyToken=b03f5f7f11d50a3a' file path 'C:\Program Files\dotnet\sdk\8.0.100\Extensions\Microsoft.TestPlatform.TestHostRuntimeProvider.dll'
TpTrace Information: 0 : 6836, 1, 2024/02/15, 08:10:44.596, 146818572833, vstest.console.dll, GetTestExtensionFromType: Register extension with identifier data 'HostProvider://DefaultTestHost' and type 'Microsoft.VisualStudio.TestPlatform.CrossPlatEngine.Hosting.DefaultTestHostManager, Microsoft.TestPlatform.TestHostRuntimeProvider, Version=15.0.0.0, Culture=neutral, PublicKeyToken=b03f5f7f11d50a3a' inside file 'C:\Program Files\dotnet\sdk\8.0.100\Extensions\Microsoft.TestPlatform.TestHostRuntimeProvider.dll'
TpTrace Information: 0 : 6836, 1, 2024/02/15, 08:10:44.596, 146818576810, vstest.console.dll, GetTestExtensionFromType: Register extension with identifier data 'HostProvider://DotnetTestHost' and type 'Microsoft.VisualStudio.TestPlatform.CrossPlatEngine.Hosting.DotnetTestHostManager, Microsoft.TestPlatform.TestHostRuntimeProvider, Version=15.0.0.0, Culture=neutral, PublicKeyToken=b03f5f7f11d50a3a' inside file 'C:\Program Files\dotnet\sdk\8.0.100\Extensions\Microsoft.TestPlatform.TestHostRuntimeProvider.dll'
TpTrace Information: 0 : 6836, 1, 2024/02/15, 08:10:44.596, 146818578190, vstest.console.dll, AssemblyResolver.OnResolve: Microsoft.VisualStudio.TestPlatform.Extensions.Html.TestLogger: Resolving assembly.
TpTrace Information: 0 : 6836, 1, 2024/02/15, 08:10:44.596, 146818578920, vstest.console.dll, AssemblyResolver.OnResolve: Microsoft.VisualStudio.TestPlatform.Extensions.Html.TestLogger: Searching in: 'C:\Program Files\dotnet\sdk\8.0.100\Extensions'.
TpTrace Information: 0 : 6836, 1, 2024/02/15, 08:10:44.603, 146818645012, vstest.console.dll, AssemblyResolver.OnResolve: Microsoft.VisualStudio.TestPlatform.Extensions.Html.TestLogger: Loading assembly 'C:\Program Files\dotnet\sdk\8.0.100\Extensions\Microsoft.VisualStudio.TestPlatform.Extensions.Html.TestLogger.dll'.
TpTrace Information: 0 : 6836, 1, 2024/02/15, 08:10:44.611, 146818726491, vstest.console.dll, AssemblyResolver.OnResolve: Resolved assembly: Microsoft.VisualStudio.TestPlatform.Extensions.Html.TestLogger, from path: C:\Program Files\dotnet\sdk\8.0.100\Extensions\Microsoft.VisualStudio.TestPlatform.Extensions.Html.TestLogger.dll
TpTrace Verbose: 0 : 6836, 1, 2024/02/15, 08:10:44.611, 146818728675, vstest.console.dll, MetadataReaderExtensionsHelper: Discovering extensions inside assembly 'Microsoft.VisualStudio.TestPlatform.Extensions.Html.TestLogger, Version=15.0.0.0, Culture=neutral, PublicKeyToken=b03f5f7f11d50a3a' file path 'C:\Program Files\dotnet\sdk\8.0.100\Extensions\Microsoft.VisualStudio.TestPlatform.Extensions.Html.TestLogger.dll'
TpTrace Information: 0 : 6836, 1, 2024/02/15, 08:10:44.613, 146818748202, vstest.console.dll, AssemblyResolver.OnResolve: Microsoft.VisualStudio.TestPlatform.Extensions.Trx.TestLogger: Resolving assembly.
TpTrace Information: 0 : 6836, 1, 2024/02/15, 08:10:44.613, 146818749928, vstest.console.dll, AssemblyResolver.OnResolve: Microsoft.VisualStudio.TestPlatform.Extensions.Trx.TestLogger: Searching in: 'C:\Program Files\dotnet\sdk\8.0.100\Extensions'.
TpTrace Information: 0 : 6836, 1, 2024/02/15, 08:10:44.627, 146818886815, vstest.console.dll, AssemblyResolver.OnResolve: Microsoft.VisualStudio.TestPlatform.Extensions.Trx.TestLogger: Loading assembly 'C:\Program Files\dotnet\sdk\8.0.100\Extensions\Microsoft.VisualStudio.TestPlatform.Extensions.Trx.TestLogger.dll'.
TpTrace Information: 0 : 6836, 1, 2024/02/15, 08:10:44.635, 146818965927, vstest.console.dll, AssemblyResolver.OnResolve: Resolved assembly: Microsoft.VisualStudio.TestPlatform.Extensions.Trx.TestLogger, from path: C:\Program Files\dotnet\sdk\8.0.100\Extensions\Microsoft.VisualStudio.TestPlatform.Extensions.Trx.TestLogger.dll
TpTrace Verbose: 0 : 6836, 1, 2024/02/15, 08:10:44.635, 146818968614, vstest.console.dll, MetadataReaderExtensionsHelper: Discovering extensions inside assembly 'Microsoft.VisualStudio.TestPlatform.Extensions.Trx.TestLogger, Version=15.0.0.0, Culture=neutral, PublicKeyToken=b03f5f7f11d50a3a' file path 'C:\Program Files\dotnet\sdk\8.0.100\Extensions\Microsoft.VisualStudio.TestPlatform.Extensions.Trx.TestLogger.dll'
TpTrace Verbose: 0 : 6836, 1, 2024/02/15, 08:10:44.638, 146818999909, vstest.console.dll, TestPluginCache: Discovered the extensions using extension path ''.
TpTrace Verbose: 0 : 6836, 1, 2024/02/15, 08:10:44.639, 146819001566, vstest.console.dll, TestPluginCache: Discoverers are ''.
TpTrace Verbose: 0 : 6836, 1, 2024/02/15, 08:10:44.639, 146819002328, vstest.console.dll, TestPluginCache: Executors are ''.
TpTrace Verbose: 0 : 6836, 1, 2024/02/15, 08:10:44.639, 146819002938, vstest.console.dll, TestPluginCache: Executors2 are ''.
TpTrace Verbose: 0 : 6836, 1, 2024/02/15, 08:10:44.639, 146819003507, vstest.console.dll, TestPluginCache: Setting providers are ''.
TpTrace Verbose: 0 : 6836, 1, 2024/02/15, 08:10:44.639, 146819004049, vstest.console.dll, TestPluginCache: Loggers are ''.
TpTrace Verbose: 0 : 6836, 1, 2024/02/15, 08:10:44.639, 146819006819, vstest.console.dll, TestPluginCache: TestHosts are 'HostProvider://DefaultTestHost,HostProvider://DotnetTestHost'.
TpTrace Verbose: 0 : 6836, 1, 2024/02/15, 08:10:44.639, 146819007522, vstest.console.dll, TestPluginCache: DataCollectors are ''.
TpTrace Information: 0 : 6836, 1, 2024/02/15, 08:10:44.772, 146820333306, vstest.console.dll, RunTestsArgumentProcessor:Execute: Test run is starting.
TpTrace Verbose: 0 : 6836, 1, 2024/02/15, 08:10:44.772, 146820335250, vstest.console.dll, RunTestsArgumentProcessor:Execute: Queuing Test run.
TpTrace Information: 0 : 6836, 1, 2024/02/15, 08:10:44.773, 146820340595, vstest.console.dll, TestRequestManager.RunTests: run tests started.
TpTrace Information: 0 : 6836, 1, 2024/02/15, 08:10:44.776, 146820371262, vstest.console.dll, AssemblyMetadataProvider.GetFrameworkName: Determined framework:'.NETCoreApp,Version=v6.0' for source: 'C:\Users\simo7\OneDrive\Работен плот\QA Automation- Back-End Technologies\16.Testing-API-Controllers-Exercises\Homies.Tests\bin\Debug\net6.0\fine-code-coverage\build-output\Homies.Tests.dll'
TpTrace Information: 0 : 6836, 1, 2024/02/15, 08:10:44.776, 146820377164, vstest.console.dll, Determined framework for all sources: .NETCoreApp,Version=v6.0
TpTrace Verbose: 0 : 6836, 1, 2024/02/15, 08:10:44.777, 146820385966, vstest.console.dll, TestRequestManager.UpdateRunSettingsIfRequired: Default architecture: X64 IsDefaultTargetArchitecture: True, Current process architecture: X64 OperatingSystem: Windows.
TpTrace Information: 0 : 6836, 1, 2024/02/15, 08:10:44.781, 146820425250, vstest.console.dll, AssemblyMetadataProvider.GetArchitecture: Determined architecture:AnyCPU info for assembly: C:\Users\simo7\OneDrive\Работен плот\QA Automation- Back-End Technologies\16.Testing-API-Controllers-Exercises\Homies.Tests\bin\Debug\net6.0\fine-code-coverage\build-output\Homies.Tests.dll
TpTrace Information: 0 : 6836, 1, 2024/02/15, 08:10:44.781, 146820427267, vstest.console.dll, Determined platform for source 'C:\Users\simo7\OneDrive\Работен плот\QA Automation- Back-End Technologies\16.Testing-API-Controllers-Exercises\Homies.Tests\bin\Debug\net6.0\fine-code-coverage\build-output\Homies.Tests.dll' was AnyCPU and it will use the default plaform X64.
TpTrace Information: 0 : 6836, 1, 2024/02/15, 08:10:44.781, 146820428544, vstest.console.dll, None of the sources provided any runnable platform, using the default platform: X64
TpTrace Information: 0 : 6836, 1, 2024/02/15, 08:10:44.782, 146820431027, vstest.console.dll, Platform was updated to 'X64'.
TpTrace Information: 0 : 6836, 1, 2024/02/15, 08:10:44.816, 146820772961, vstest.console.dll, InferRunSettingsHelper.IsTestSettingsEnabled: Unable to navigate to RunSettings/MSTest. Current node: RunSettings
TpTrace Information: 0 : 6836, 1, 2024/02/15, 08:10:44.817, 146820786748, vstest.console.dll, AssemblyResolver.OnResolve: Microsoft.VisualStudio.TestPlatform.Fakes: Resolving assembly.
TpTrace Information: 0 : 6836, 1, 2024/02/15, 08:10:44.817, 146820788662, vstest.console.dll, AssemblyResolver.OnResolve: Microsoft.VisualStudio.TestPlatform.Fakes: Searching in: 'C:\Program Files\dotnet\sdk\8.0.100\Extensions'.
TpTrace Information: 0 : 6836, 1, 2024/02/15, 08:10:44.818, 146820791030, vstest.console.dll, AssemblyResolver.OnResolve: Microsoft.VisualStudio.TestPlatform.Fakes: Assembly path does not exist: 'C:\Program Files\dotnet\sdk\8.0.100\Extensions\Microsoft.VisualStudio.TestPlatform.Fakes.dll', returning.
TpTrace Information: 0 : 6836, 1, 2024/02/15, 08:10:44.818, 146820793051, vstest.console.dll, AssemblyResolver.OnResolve: Microsoft.VisualStudio.TestPlatform.Fakes: Assembly path does not exist: 'C:\Program Files\dotnet\sdk\8.0.100\Extensions\Microsoft.VisualStudio.TestPlatform.Fakes.exe', returning.
TpTrace Information: 0 : 6836, 1, 2024/02/15, 08:10:44.818, 146820794158, vstest.console.dll, AssemblyResolver.OnResolve: Microsoft.VisualStudio.TestPlatform.Fakes: Searching in: 'C:\Program Files\dotnet\sdk\8.0.100'.
TpTrace Information: 0 : 6836, 1, 2024/02/15, 08:10:44.818, 146820796386, vstest.console.dll, AssemblyResolver.OnResolve: Microsoft.VisualStudio.TestPlatform.Fakes: Assembly path does not exist: 'C:\Program Files\dotnet\sdk\8.0.100\Microsoft.VisualStudio.TestPlatform.Fakes.dll', returning.
TpTrace Information: 0 : 6836, 1, 2024/02/15, 08:10:44.818, 146820798607, vstest.console.dll, AssemblyResolver.OnResolve: Microsoft.VisualStudio.TestPlatform.Fakes: Assembly path does not exist: 'C:\Program Files\dotnet\sdk\8.0.100\Microsoft.VisualStudio.TestPlatform.Fakes.exe', returning.
TpTrace Information: 0 : 6836, 1, 2024/02/15, 08:10:44.818, 146820799632, vstest.console.dll, AssemblyResolver.OnResolve: Microsoft.VisualStudio.TestPlatform.Fakes: Failed to load assembly.
TpTrace Information: 0 : 6836, 1, 2024/02/15, 08:10:44.819, 146820806414, vstest.console.dll, Failed to load assembly Microsoft.VisualStudio.TestPlatform.Fakes, Version=17.0.0.0, Culture=neutral. Reason:System.IO.FileNotFoundException: Could not load file or assembly 'Microsoft.VisualStudio.TestPlatform.Fakes, Version=17.0.0.0, Culture=neutral, PublicKeyToken=null'. The system cannot find the file specified.
File name: 'Microsoft.VisualStudio.TestPlatform.Fakes, Version=17.0.0.0, Culture=neutral, PublicKeyToken=null'
   at System.Reflection.RuntimeAssembly.InternalLoad(AssemblyName assemblyName, StackCrawlMark& stackMark, AssemblyLoadContext assemblyLoadContext, RuntimeAssembly requestingAssembly, Boolean throwOnFileNotFound)
   at System.Reflection.Assembly.Load(AssemblyName assemblyRef)
   at Microsoft.VisualStudio.TestPlatform.Common.Utilities.FakesUtilities.LoadTestPlatformAssembly() in /_/src/Microsoft.TestPlatform.Common/Utilities/FakesUtilities.cs:line 272
TpTrace Verbose: 0 : 6836, 1, 2024/02/15, 08:10:44.870, 146821318860, vstest.console.dll, TestPluginCache.DiscoverTestExtensions: finding test extensions in assemblies ends with: TestLogger.dll TPluginInfo: Microsoft.VisualStudio.TestPlatform.Common.ExtensionFramework.Utilities.TestLoggerPluginInformation TExtension: Microsoft.VisualStudio.TestPlatform.ObjectModel.Client.ITestLogger
TpTrace Verbose: 0 : 6836, 1, 2024/02/15, 08:10:44.871, 146821321312, vstest.console.dll, TestPluginCache.GetExtensionPaths: Filtered extension paths: 
TpTrace Verbose: 0 : 6836, 1, 2024/02/15, 08:10:44.871, 146821322711, vstest.console.dll, TestPluginCache.GetExtensionPaths: Added default extension paths: C:\Program Files\dotnet\sdk\8.0.100\Extensions\Microsoft.Diagnostics.NETCore.Client.dll
C:\Program Files\dotnet\sdk\8.0.100\Extensions\Microsoft.TestPlatform.Extensions.BlameDataCollector.dll
C:\Program Files\dotnet\sdk\8.0.100\Extensions\Microsoft.TestPlatform.Extensions.EventLogCollector.dll
C:\Program Files\dotnet\sdk\8.0.100\Extensions\Microsoft.TestPlatform.TestHostRuntimeProvider.dll
C:\Program Files\dotnet\sdk\8.0.100\Extensions\Microsoft.VisualStudio.TestPlatform.Extensions.Html.TestLogger.dll
C:\Program Files\dotnet\sdk\8.0.100\Extensions\Microsoft.VisualStudio.TestPlatform.Extensions.Trx.TestLogger.dll
TpTrace Verbose: 0 : 6836, 1, 2024/02/15, 08:10:44.871, 146821324226, vstest.console.dll, TestPluginCache.GetExtensionPaths: Added unfilterableExtensionPaths: 
TpTrace Information: 0 : 6836, 1, 2024/02/15, 08:10:44.871, 146821328027, vstest.console.dll, AssemblyResolver.AddSearchDirectories: Adding more searchDirectories C:\Program Files\dotnet\sdk\8.0.100\Extensions,C:\Program Files\dotnet\sdk\8.0.100
TpTrace Verbose: 0 : 6836, 1, 2024/02/15, 08:10:44.871, 146821329448, vstest.console.dll, TestPluginCache.DiscoverTestExtensions: Discovering the extensions using extension path.
TpTrace Verbose: 0 : 6836, 1, 2024/02/15, 08:10:44.872, 146821330588, vstest.console.dll, TestPluginCache.GetExtensionPaths: Filtered extension paths: 
TpTrace Verbose: 0 : 6836, 1, 2024/02/15, 08:10:44.872, 146821331607, vstest.console.dll, TestPluginCache.GetExtensionPaths: Added default extension paths: C:\Program Files\dotnet\sdk\8.0.100\Extensions\Microsoft.Diagnostics.NETCore.Client.dll
C:\Program Files\dotnet\sdk\8.0.100\Extensions\Microsoft.TestPlatform.Extensions.BlameDataCollector.dll
C:\Program Files\dotnet\sdk\8.0.100\Extensions\Microsoft.TestPlatform.Extensions.EventLogCollector.dll
C:\Program Files\dotnet\sdk\8.0.100\Extensions\Microsoft.TestPlatform.TestHostRuntimeProvider.dll
C:\Program Files\dotnet\sdk\8.0.100\Extensions\Microsoft.VisualStudio.TestPlatform.Extensions.Html.TestLogger.dll
C:\Program Files\dotnet\sdk\8.0.100\Extensions\Microsoft.VisualStudio.TestPlatform.Extensions.Trx.TestLogger.dll
TpTrace Verbose: 0 : 6836, 1, 2024/02/15, 08:10:44.872, 146821332565, vstest.console.dll, TestPluginCache.GetExtensionPaths: Added unfilterableExtensionPaths: 
TpTrace Verbose: 0 : 6836, 1, 2024/02/15, 08:10:44.872, 146821333595, vstest.console.dll, TestPluginCache.DiscoverTestExtensions: Discovering the extensions using allExtensionPaths: C:\Program Files\dotnet\sdk\8.0.100\Extensions\Microsoft.Diagnostics.NETCore.Client.dll
C:\Program Files\dotnet\sdk\8.0.100\Extensions\Microsoft.TestPlatform.Extensions.BlameDataCollector.dll
C:\Program Files\dotnet\sdk\8.0.100\Extensions\Microsoft.TestPlatform.Extensions.EventLogCollector.dll
C:\Program Files\dotnet\sdk\8.0.100\Extensions\Microsoft.TestPlatform.TestHostRuntimeProvider.dll
C:\Program Files\dotnet\sdk\8.0.100\Extensions\Microsoft.VisualStudio.TestPlatform.Extensions.Html.TestLogger.dll
C:\Program Files\dotnet\sdk\8.0.100\Extensions\Microsoft.VisualStudio.TestPlatform.Extensions.Trx.TestLogger.dll
TpTrace Information: 0 : 6836, 1, 2024/02/15, 08:10:44.872, 146821335802, vstest.console.dll, AssemblyResolver.AddSearchDirectories: Adding more searchDirectories C:\Program Files\dotnet\sdk\8.0.100\Extensions,C:\Program Files\dotnet\sdk\8.0.100
TpTrace Information: 0 : 6836, 1, 2024/02/15, 08:10:44.872, 146821337115, vstest.console.dll, AssemblyResolver.AddSearchDirectories: Adding more searchDirectories C:\Program Files\dotnet\sdk\8.0.100\Extensions,C:\Program Files\dotnet\sdk\8.0.100
TpTrace Information: 0 : 6836, 1, 2024/02/15, 08:10:44.872, 146821338189, vstest.console.dll, AssemblyResolver.AddSearchDirectories: Adding more searchDirectories C:\Program Files\dotnet\sdk\8.0.100\Extensions,C:\Program Files\dotnet\sdk\8.0.100
TpTrace Information: 0 : 6836, 1, 2024/02/15, 08:10:44.872, 146821339206, vstest.console.dll, AssemblyResolver.AddSearchDirectories: Adding more searchDirectories C:\Program Files\dotnet\sdk\8.0.100\Extensions,C:\Program Files\dotnet\sdk\8.0.100
TpTrace Information: 0 : 6836, 1, 2024/02/15, 08:10:44.872, 146821340224, vstest.console.dll, AssemblyResolver.AddSearchDirectories: Adding more searchDirectories C:\Program Files\dotnet\sdk\8.0.100\Extensions,C:\Program Files\dotnet\sdk\8.0.100
TpTrace Information: 0 : 6836, 1, 2024/02/15, 08:10:44.873, 146821341237, vstest.console.dll, AssemblyResolver.AddSearchDirectories: Adding more searchDirectories C:\Program Files\dotnet\sdk\8.0.100\Extensions,C:\Program Files\dotnet\sdk\8.0.100
TpTrace Verbose: 0 : 6836, 1, 2024/02/15, 08:10:44.873, 146821343842, vstest.console.dll, MetadataReaderExtensionsHelper: Discovering extensions inside assembly 'Microsoft.Diagnostics.NETCore.Client, Version=0.2.8.21101, Culture=neutral, PublicKeyToken=31bf3856ad364e35' file path 'C:\Program Files\dotnet\sdk\8.0.100\Extensions\Microsoft.Diagnostics.NETCore.Client.dll'
TpTrace Information: 0 : 6836, 1, 2024/02/15, 08:10:44.874, 146821360084, vstest.console.dll, AssemblyResolver.OnResolve: Microsoft.Bcl.AsyncInterfaces: Resolving assembly.
TpTrace Information: 0 : 6836, 1, 2024/02/15, 08:10:44.875, 146821361681, vstest.console.dll, AssemblyResolver.OnResolve: Microsoft.Bcl.AsyncInterfaces: Resolved from cache.
TpTrace Verbose: 0 : 6836, 1, 2024/02/15, 08:10:44.875, 146821362718, vstest.console.dll, CurrentDomainAssemblyResolve: Resolving assembly 'Microsoft.Bcl.AsyncInterfaces'.
TpTrace Information: 0 : 6836, 1, 2024/02/15, 08:10:44.875, 146821364099, vstest.console.dll, AssemblyResolver.OnResolve: Microsoft.Bcl.AsyncInterfaces: Resolving assembly.
TpTrace Information: 0 : 6836, 1, 2024/02/15, 08:10:44.875, 146821365053, vstest.console.dll, AssemblyResolver.OnResolve: Microsoft.Bcl.AsyncInterfaces: Resolved from cache.
TpTrace Verbose: 0 : 6836, 1, 2024/02/15, 08:10:44.875, 146821365962, vstest.console.dll, CurrentDomainAssemblyResolve: Resolving assembly 'Microsoft.Bcl.AsyncInterfaces'.
TpTrace Verbose: 0 : 6836, 1, 2024/02/15, 08:10:44.875, 146821367190, vstest.console.dll, CurrentDomainAssemblyResolve: Failed to resolve assembly 'Microsoft.Bcl.AsyncInterfaces'.
TpTrace Verbose: 0 : 6836, 1, 2024/02/15, 08:10:44.875, 146821370126, vstest.console.dll, CurrentDomainAssemblyResolve: Failed to resolve assembly 'Microsoft.Bcl.AsyncInterfaces'.
TpTrace Warning: 0 : 6836, 1, 2024/02/15, 08:10:44.876, 146821378744, vstest.console.dll, TestPluginDiscoverer: Failed to get types from assembly 'Microsoft.Diagnostics.NETCore.Client, Version=0.2.8.21101, Culture=neutral, PublicKeyToken=31bf3856ad364e35'. Error: System.Reflection.ReflectionTypeLoadException: Unable to load one or more of the requested types.
Could not load file or assembly 'Microsoft.Bcl.AsyncInterfaces, Version=1.0.0.0, Culture=neutral, PublicKeyToken=cc7b13ffcd2ddd51'. The system cannot find the file specified.
   at System.Reflection.RuntimeModule.GetTypes(RuntimeModule module)
   at System.Reflection.RuntimeModule.GetTypes()
   at Microsoft.VisualStudio.TestPlatform.Common.ExtensionFramework.TestPluginDiscoverer.GetTestExtensionsFromAssembly[TPluginInfo,TExtension](Assembly assembly, Dictionary`2 pluginInfos, String filePath) in /_/src/Microsoft.TestPlatform.Common/ExtensionFramework/TestPluginDiscoverer.cs:line 158
System.IO.FileNotFoundException: Could not load file or assembly 'Microsoft.Bcl.AsyncInterfaces, Version=1.0.0.0, Culture=neutral, PublicKeyToken=cc7b13ffcd2ddd51'. The system cannot find the file specified.
File name: 'Microsoft.Bcl.AsyncInterfaces, Version=1.0.0.0, Culture=neutral, PublicKeyToken=cc7b13ffcd2ddd51'
 ---> System.IO.FileNotFoundException: Could not load file or assembly 'Microsoft.Bcl.AsyncInterfaces, Culture=neutral, PublicKeyToken=null'. The system cannot find the file specified.
File name: 'Microsoft.Bcl.AsyncInterfaces, Culture=neutral, PublicKeyToken=null'
   at System.Reflection.RuntimeAssembly.InternalLoad(AssemblyName assemblyName, StackCrawlMark& stackMark, AssemblyLoadContext assemblyLoadContext, RuntimeAssembly requestingAssembly, Boolean throwOnFileNotFound)
   at System.Reflection.Assembly.Load(AssemblyName assemblyRef)
   at Microsoft.VisualStudio.TestPlatform.Common.ExtensionFramework.TestPluginCache.CurrentDomainAssemblyResolve(Object sender, AssemblyResolveEventArgs args) in /_/src/Microsoft.TestPlatform.Common/ExtensionFramework/TestPluginCache.cs:line 513
   at System.Runtime.Loader.AssemblyLoadContext.GetFirstResolvedAssemblyFromResolvingEvent(AssemblyName assemblyName)
   at System.Runtime.Loader.AssemblyLoadContext.ResolveUsingEvent(AssemblyName assemblyName)
   at System.Runtime.Loader.AssemblyLoadContext.ResolveUsingResolvingEvent(IntPtr gchManagedAssemblyLoadContext, AssemblyName assemblyName)
TpTrace Warning: 0 : 6836, 1, 2024/02/15, 08:10:44.877, 146821383641, vstest.console.dll, LoaderExceptions: System.IO.FileNotFoundException: Could not load file or assembly 'Microsoft.Bcl.AsyncInterfaces, Version=1.0.0.0, Culture=neutral, PublicKeyToken=cc7b13ffcd2ddd51'. The system cannot find the file specified.
File name: 'Microsoft.Bcl.AsyncInterfaces, Version=1.0.0.0, Culture=neutral, PublicKeyToken=cc7b13ffcd2ddd51'
 ---> System.IO.FileNotFoundException: Could not load file or assembly 'Microsoft.Bcl.AsyncInterfaces, Culture=neutral, PublicKeyToken=null'. The system cannot find the file specified.
File name: 'Microsoft.Bcl.AsyncInterfaces, Culture=neutral, PublicKeyToken=null'
   at System.Reflection.RuntimeAssembly.InternalLoad(AssemblyName assemblyName, StackCrawlMark& stackMark, AssemblyLoadContext assemblyLoadContext, RuntimeAssembly requestingAssembly, Boolean throwOnFileNotFound)
   at System.Reflection.Assembly.Load(AssemblyName assemblyRef)
   at Microsoft.VisualStudio.TestPlatform.Common.ExtensionFramework.TestPluginCache.CurrentDomainAssemblyResolve(Object sender, AssemblyResolveEventArgs args) in /_/src/Microsoft.TestPlatform.Common/ExtensionFramework/TestPluginCache.cs:line 513
   at System.Runtime.Loader.AssemblyLoadContext.GetFirstResolvedAssemblyFromResolvingEvent(AssemblyName assemblyName)
   at System.Runtime.Loader.AssemblyLoadContext.ResolveUsingEvent(AssemblyName assemblyName)
   at System.Runtime.Loader.AssemblyLoadContext.ResolveUsingResolvingEvent(IntPtr gchManagedAssemblyLoadContext, AssemblyName assemblyName)
TpTrace Verbose: 0 : 6836, 1, 2024/02/15, 08:10:44.877, 146821385537, vstest.console.dll, MetadataReaderExtensionsHelper: Discovering extensions inside assembly 'Microsoft.TestPlatform.Extensions.BlameDataCollector, Version=15.0.0.0, Culture=neutral, PublicKeyToken=b03f5f7f11d50a3a' file path 'C:\Program Files\dotnet\sdk\8.0.100\Extensions\Microsoft.TestPlatform.Extensions.BlameDataCollector.dll'
TpTrace Information: 0 : 6836, 1, 2024/02/15, 08:10:44.879, 146821400495, vstest.console.dll, GetTestExtensionFromType: Register extension with identifier data 'logger://Microsoft/TestPlatform/Extensions/Blame/v1' and type 'Microsoft.TestPlatform.Extensions.BlameDataCollector.BlameLogger, Microsoft.TestPlatform.Extensions.BlameDataCollector, Version=15.0.0.0, Culture=neutral, PublicKeyToken=b03f5f7f11d50a3a' inside file 'C:\Program Files\dotnet\sdk\8.0.100\Extensions\Microsoft.TestPlatform.Extensions.BlameDataCollector.dll'
TpTrace Verbose: 0 : 6836, 1, 2024/02/15, 08:10:44.879, 146821402423, vstest.console.dll, MetadataReaderExtensionsHelper: Discovering extensions inside assembly 'Microsoft.TestPlatform.Extensions.EventLogCollector, Version=15.0.0.0, Culture=neutral, PublicKeyToken=b03f5f7f11d50a3a' file path 'C:\Program Files\dotnet\sdk\8.0.100\Extensions\Microsoft.TestPlatform.Extensions.EventLogCollector.dll'
TpTrace Verbose: 0 : 6836, 1, 2024/02/15, 08:10:44.880, 146821413659, vstest.console.dll, MetadataReaderExtensionsHelper: Discovering extensions inside assembly 'Microsoft.TestPlatform.TestHostRuntimeProvider, Version=15.0.0.0, Culture=neutral, PublicKeyToken=b03f5f7f11d50a3a' file path 'C:\Program Files\dotnet\sdk\8.0.100\Extensions\Microsoft.TestPlatform.TestHostRuntimeProvider.dll'
TpTrace Verbose: 0 : 6836, 1, 2024/02/15, 08:10:44.881, 146821424791, vstest.console.dll, MetadataReaderExtensionsHelper: Discovering extensions inside assembly 'Microsoft.VisualStudio.TestPlatform.Extensions.Html.TestLogger, Version=15.0.0.0, Culture=neutral, PublicKeyToken=b03f5f7f11d50a3a' file path 'C:\Program Files\dotnet\sdk\8.0.100\Extensions\Microsoft.VisualStudio.TestPlatform.Extensions.Html.TestLogger.dll'
TpTrace Information: 0 : 6836, 1, 2024/02/15, 08:10:44.883, 146821441716, vstest.console.dll, GetTestExtensionFromType: Register extension with identifier data 'logger://Microsoft/TestPlatform/HtmlLogger/v1' and type 'Microsoft.VisualStudio.TestPlatform.Extensions.HtmlLogger.HtmlLogger, Microsoft.VisualStudio.TestPlatform.Extensions.Html.TestLogger, Version=15.0.0.0, Culture=neutral, PublicKeyToken=b03f5f7f11d50a3a' inside file 'C:\Program Files\dotnet\sdk\8.0.100\Extensions\Microsoft.VisualStudio.TestPlatform.Extensions.Html.TestLogger.dll'
TpTrace Verbose: 0 : 6836, 1, 2024/02/15, 08:10:44.883, 146821443861, vstest.console.dll, MetadataReaderExtensionsHelper: Discovering extensions inside assembly 'Microsoft.VisualStudio.TestPlatform.Extensions.Trx.TestLogger, Version=15.0.0.0, Culture=neutral, PublicKeyToken=b03f5f7f11d50a3a' file path 'C:\Program Files\dotnet\sdk\8.0.100\Extensions\Microsoft.VisualStudio.TestPlatform.Extensions.Trx.TestLogger.dll'
TpTrace Information: 0 : 6836, 1, 2024/02/15, 08:10:44.884, 146821457656, vstest.console.dll, GetTestExtensionFromType: Register extension with identifier data 'logger://Microsoft/TestPlatform/TrxLogger/v1' and type 'Microsoft.VisualStudio.TestPlatform.Extensions.TrxLogger.TrxLogger, Microsoft.VisualStudio.TestPlatform.Extensions.Trx.TestLogger, Version=15.0.0.0, Culture=neutral, PublicKeyToken=b03f5f7f11d50a3a' inside file 'C:\Program Files\dotnet\sdk\8.0.100\Extensions\Microsoft.VisualStudio.TestPlatform.Extensions.Trx.TestLogger.dll'
TpTrace Verbose: 0 : 6836, 1, 2024/02/15, 08:10:44.884, 146821459715, vstest.console.dll, TestPluginCache: Discovered the extensions using extension path ''.
TpTrace Verbose: 0 : 6836, 1, 2024/02/15, 08:10:44.885, 146821460815, vstest.console.dll, TestPluginCache: Discoverers are ''.
TpTrace Verbose: 0 : 6836, 1, 2024/02/15, 08:10:44.885, 146821461769, vstest.console.dll, TestPluginCache: Executors are ''.
TpTrace Verbose: 0 : 6836, 1, 2024/02/15, 08:10:44.885, 146821462649, vstest.console.dll, TestPluginCache: Executors2 are ''.
TpTrace Verbose: 0 : 6836, 1, 2024/02/15, 08:10:44.885, 146821463518, vstest.console.dll, TestPluginCache: Setting providers are ''.
TpTrace Verbose: 0 : 6836, 1, 2024/02/15, 08:10:44.885, 146821466162, vstest.console.dll, TestPluginCache: Loggers are 'logger://Microsoft/TestPlatform/Extensions/Blame/v1,logger://Microsoft/TestPlatform/HtmlLogger/v1,logger://Microsoft/TestPlatform/TrxLogger/v1'.
TpTrace Verbose: 0 : 6836, 1, 2024/02/15, 08:10:44.885, 146821467833, vstest.console.dll, TestPluginCache: TestHosts are 'HostProvider://DefaultTestHost,HostProvider://DotnetTestHost'.
TpTrace Verbose: 0 : 6836, 1, 2024/02/15, 08:10:44.885, 146821468732, vstest.console.dll, TestPluginCache: DataCollectors are ''.
TpTrace Information: 0 : 6836, 1, 2024/02/15, 08:10:44.887, 146821485913, vstest.console.dll, TestPluginManager.CreateTestExtension: Attempting to load test extension: Microsoft.TestPlatform.Extensions.BlameDataCollector.BlameLogger
TpTrace Verbose: 0 : 6836, 1, 2024/02/15, 08:10:44.959, 146822200526, vstest.console.dll, TestEngine: Initializing Parallel Execution as MaxCpuCount is set to: 1
TpTrace Information: 0 : 6836, 1, 2024/02/15, 08:10:44.962, 146822231859, vstest.console.dll, TestPluginManager.CreateTestExtension: Attempting to load test extension: Microsoft.VisualStudio.TestPlatform.CrossPlatEngine.Hosting.DefaultTestHostManager
TpTrace Information: 0 : 6836, 1, 2024/02/15, 08:10:44.964, 146822255140, vstest.console.dll, TestPluginManager.CreateTestExtension: Attempting to load test extension: Microsoft.VisualStudio.TestPlatform.CrossPlatEngine.Hosting.DotnetTestHostManager
TpTrace Information: 0 : 6836, 1, 2024/02/15, 08:10:44.965, 146822268070, vstest.console.dll, InferRunSettingsHelper.IsTestSettingsEnabled: Unable to navigate to RunSettings/MSTest. Current node: RunSettings
TpTrace Verbose: 0 : 6836, 1, 2024/02/15, 08:10:44.967, 146822283684, vstest.console.dll, ParallelOperationManager.ClearSlots: Clearing all slots. Slots should accept more work: True
TpTrace Verbose: 0 : 6836, 1, 2024/02/15, 08:10:44.968, 146822297785, vstest.console.dll, ParallelOperationManager.SetOccupiedSlotCount: Setting slot counts AvailableSlotCount = 1, OccupiedSlotCount = 0.
TpTrace Verbose: 0 : 6836, 1, 2024/02/15, 08:10:44.969, 146822305251, vstest.console.dll, Occupied slots:

TpTrace Verbose: 0 : 6836, 1, 2024/02/15, 08:10:44.976, 146822372205, vstest.console.dll, TestEngine.GetExecutionManager: Chosen execution manager 'Microsoft.VisualStudio.TestPlatform.CrossPlatEngine.Client.Parallel.ParallelProxyExecutionManager, Microsoft.TestPlatform.CrossPlatEngine, Version=15.0.0.0, Culture=neutral, PublicKeyToken=b03f5f7f11d50a3a' ParallelLevel '1'.
TpTrace Verbose: 0 : 6836, 1, 2024/02/15, 08:10:44.976, 146822375131, vstest.console.dll, TestRunRequest.ExecuteAsync: Creating test run request.
TpTrace Verbose: 0 : 6836, 1, 2024/02/15, 08:10:44.977, 146822381084, vstest.console.dll, TestRunRequest.ExecuteAsync: Starting.
TpTrace Information: 0 : 6836, 1, 2024/02/15, 08:10:44.982, 146822433834, vstest.console.dll, TestRunRequest.ExecuteAsync: Starting run with settings:TestRunCriteria:
   KeepAlive=False,FrequencyOfRunStatsChangeEvent=10,RunStatsChangeEventTimeout=00:00:01.5000000,TestCaseFilter=,TestExecutorLauncher=
   Settingsxml=<RunSettings>
  <RunConfiguration>
    <ResultsDirectory>C:\Users\simo7\OneDrive\Работен плот\QA Automation- Back-End Technologies\16.Testing-API-Controllers-Exercises\Homies.Tests\bin\Debug\net6.0\fine-code-coverage\coverage-tool-output</ResultsDirectory>
    <TargetPlatform>X64</TargetPlatform>
    <TargetFrameworkVersion>.NETCoreApp,Version=v6.0</TargetFrameworkVersion>
    <DesignMode>False</DesignMode>
    <CollectSourceInformation>False</CollectSourceInformation>
  </RunConfiguration>
  <LoggerRunSettings>
    <Loggers>
      <Logger friendlyName="blame" enabled="True" />
      <Logger friendlyName="Console" uri="logger://microsoft/TestPlatform/ConsoleLogger/v1" assemblyQualifiedName="Microsoft.VisualStudio.TestPlatform.CommandLine.Internal.ConsoleLogger, vstest.console, Version=15.0.0.0, Culture=neutral, PublicKeyToken=b03f5f7f11d50a3a" codeBase="C:\Program Files\dotnet\sdk\8.0.100\vstest.console.dll" enabled="True" />
    </Loggers>
  </LoggerRunSettings>
  <DataCollectionRunSettings>
    <DataCollectors>
      <DataCollector friendlyName="blame" enabled="True">
        <Configuration>
          <ResultsDirectory>C:\Users\simo7\OneDrive\Работен плот\QA Automation- Back-End Technologies\16.Testing-API-Controllers-Exercises\Homies.Tests\bin\Debug\net6.0\fine-code-coverage\coverage-tool-output</ResultsDirectory>
        </Configuration>
      </DataCollector>
    </DataCollectors>
  </DataCollectionRunSettings>
</RunSettings>

TpTrace Verbose: 0 : 6836, 1, 2024/02/15, 08:10:44.982, 146822437269, vstest.console.dll, TestRunRequest.ExecuteAsync: Wait for the first run request is over.
TpTrace Verbose: 0 : 6836, 1, 2024/02/15, 08:10:44.983, 146822444013, vstest.console.dll, MulticastDelegateUtilities.SafeInvoke: TestRun.TestRunStart: Invoking callbacks was skipped because there are no subscribers.
TpTrace Verbose: 0 : 6836, 4, 2024/02/15, 08:10:44.983, 146822448983, vstest.console.dll, MulticastDelegateUtilities.SafeInvoke: InternalTestLoggerEvents.SendTestRunStart: Invoking callback 1/1 for Microsoft.VisualStudio.TestPlatform.CommandLine.Internal.ConsoleLogger., took 0 ms.
TpTrace Verbose: 0 : 6836, 1, 2024/02/15, 08:10:44.986, 146822471278, vstest.console.dll, ParallelProxyExecutionManager: Start execution. Total sources: 1
TpTrace Verbose: 0 : 6836, 1, 2024/02/15, 08:10:44.986, 146822479958, vstest.console.dll, ParallelOperationManager.StartWork: Starting adding 1 workloads.
TpTrace Verbose: 0 : 6836, 1, 2024/02/15, 08:10:44.987, 146822481687, vstest.console.dll, ParallelOperationManager.ClearSlots: Clearing all slots. Slots should accept more work: True
TpTrace Verbose: 0 : 6836, 1, 2024/02/15, 08:10:44.987, 146822483153, vstest.console.dll, ParallelOperationManager.SetOccupiedSlotCount: Setting slot counts AvailableSlotCount = 1, OccupiedSlotCount = 0.
TpTrace Verbose: 0 : 6836, 1, 2024/02/15, 08:10:44.987, 146822483978, vstest.console.dll, Occupied slots:

TpTrace Verbose: 0 : 6836, 1, 2024/02/15, 08:10:44.989, 146822503965, vstest.console.dll, TestRequestSender is acting as server.
TpTrace Verbose: 0 : 6836, 1, 2024/02/15, 08:10:45.000, 146822619029, vstest.console.dll, ParallelOperationManager.RunWorkInParallel: Adding 1 workload to slot, remaining workloads 0.
TpTrace Verbose: 0 : 6836, 1, 2024/02/15, 08:10:45.001, 146822620647, vstest.console.dll, ParallelOperationManager.SetOccupiedSlotCount: Setting slot counts AvailableSlotCount = 0, OccupiedSlotCount = 1.
TpTrace Verbose: 0 : 6836, 1, 2024/02/15, 08:10:45.001, 146822622675, vstest.console.dll, Occupied slots:
0: C:\Users\simo7\OneDrive\Работен плот\QA Automation- Back-End Technologies\16.Testing-API-Controllers-Exercises\Homies.Tests\bin\Debug\net6.0\fine-code-coverage\build-output\Homies.Tests.dll
TpTrace Verbose: 0 : 6836, 1, 2024/02/15, 08:10:45.003, 146822642881, vstest.console.dll, ParallelOperationManager.RunWorkInParallel: Started host in slot number 0 for work (source): C:\Users\simo7\OneDrive\Работен плот\QA Automation- Back-End Technologies\16.Testing-API-Controllers-Exercises\Homies.Tests\bin\Debug\net6.0\fine-code-coverage\build-output\Homies.Tests.dll.
TpTrace Verbose: 0 : 6836, 1, 2024/02/15, 08:10:45.004, 146822659895, vstest.console.dll, ParallelOperationManager.RunWorkInParallel: We started 1 work items, which is the max parallel level. Won't start more work.
TpTrace Verbose: 0 : 6836, 5, 2024/02/15, 08:10:45.005, 146822660853, vstest.console.dll, ParallelProxyExecutionManager.StartTestRunOnConcurrentManager: Initializing uninitialized client. Started clients: 0
TpTrace Verbose: 0 : 6836, 1, 2024/02/15, 08:10:45.005, 146822663024, vstest.console.dll, ParallelOperationManager.RunWorkInParallel: We started 1 work items in here, returning True.
TpTrace Verbose: 0 : 6836, 5, 2024/02/15, 08:10:45.005, 146822664070, vstest.console.dll, DataCollectionRequestSender.InitializeCommunication : Initialize communication. 
TpTrace Information: 0 : 6836, 1, 2024/02/15, 08:10:45.005, 146822664340, vstest.console.dll, TestRunRequest.ExecuteAsync: Started.
TpTrace Verbose: 0 : 6836, 1, 2024/02/15, 08:10:45.008, 146822690458, vstest.console.dll, TestRunRequest.WaitForCompletion: Waiting with timeout -1.
TpTrace Information: 0 : 6836, 5, 2024/02/15, 08:10:45.031, 146822929736, vstest.console.dll, Listening on Endpoint : 127.0.0.1:55314
TpTrace Verbose: 0 : 6836, 5, 2024/02/15, 08:10:45.044, 146823054156, vstest.console.dll, DotnetDataCollectionLauncher: Adding  --runtimeconfig "C:\Program Files\dotnet\sdk\8.0.100\datacollector.runtimeconfig.json" in args
TpTrace Verbose: 0 : 6836, 5, 2024/02/15, 08:10:45.044, 146823057731, vstest.console.dll, DotnetDataCollectionLauncher: Adding  --depsfile "C:\Program Files\dotnet\sdk\8.0.100\datacollector.deps.json" in args
TpTrace Verbose: 0 : 6836, 5, 2024/02/15, 08:10:45.045, 146823061594, vstest.console.dll, DotnetDataCollectionLauncher: Full path of dotnet.exe is C:\Program Files\dotnet\dotnet.exe
TpTrace Information: 0 : 6836, 5, 2024/02/15, 08:10:45.058, 146823194318, vstest.console.dll, ProxyDataCollectionManager.Initialize: Launched datacollector processId: 5500 port: 55314
TpTrace Information: 0 : 6836, 5, 2024/02/15, 08:10:45.058, 146823197095, vstest.console.dll, ProxyDataCollectionManager.Initialize: waiting for connection with timeout: 90 seconds
TpTrace Verbose: 0 : 6836, 5, 2024/02/15, 08:10:45.058, 146823199157, vstest.console.dll, DataCollectionRequestSender.WaitForRequestHandlerConnection : Waiting for connection with timeout: 90000
TpTrace Information: 0 : 6836, 10, 2024/02/15, 08:10:45.557, 146828188191, vstest.console.dll, Using the buffer size of 16384 bytes
TpTrace Information: 0 : 6836, 10, 2024/02/15, 08:10:45.558, 146828190472, vstest.console.dll, Accepted Client request and set the flag
TpTrace Verbose: 0 : 6836, 5, 2024/02/15, 08:10:45.558, 146828196293, vstest.console.dll, SocketCommunicationManager.WaitForClientConnection took: 499 ms, with 90000 ms timeout, and finished with True.
TpTrace Verbose: 0 : 6836, 5, 2024/02/15, 08:10:45.559, 146828205493, vstest.console.dll, ProxyDataCollectionManager.InvokeDataCollectionServiceAction: Starting.
TpTrace Information: 0 : 6836, 5, 2024/02/15, 08:10:45.569, 146828309040, vstest.console.dll, ProxyDataCollectionManager.BeforeTestRunStart: Get environment variable and port for datacollector processId: 5500 port: 55314
TpTrace Verbose: 0 : 6836, 5, 2024/02/15, 08:10:45.570, 146828312914, vstest.console.dll, DataCollectionRequestSender.SendBeforeTestRunStartAndGetResult: Send BeforeTestRunStart message with settingsXml <RunSettings><RunConfiguration><ResultsDirectory>C:\Users\simo7\OneDrive\Работен плот\QA Automation- Back-End Technologies\16.Testing-API-Controllers-Exercises\Homies.Tests\bin\Debug\net6.0\fine-code-coverage\coverage-tool-output</ResultsDirectory><TargetPlatform>X64</TargetPlatform><TargetFrameworkVersion>.NETCoreApp,Version=v6.0</TargetFrameworkVersion><DesignMode>False</DesignMode><CollectSourceInformation>False</CollectSourceInformation><TestAdaptersPaths>C:\Program Files\dotnet\sdk\8.0.100\Extensions</TestAdaptersPaths></RunConfiguration><LoggerRunSettings><Loggers><Logger friendlyName="blame" enabled="True" /><Logger friendlyName="Console" uri="logger://microsoft/TestPlatform/ConsoleLogger/v1" assemblyQualifiedName="Microsoft.VisualStudio.TestPlatform.CommandLine.Internal.ConsoleLogger, vstest.console, Version=15.0.0.0, Culture=neutral, PublicKeyToken=b03f5f7f11d50a3a" codeBase="C:\Program Files\dotnet\sdk\8.0.100\vstest.console.dll" enabled="True" /></Loggers></LoggerRunSettings><DataCollectionRunSettings><DataCollectors><DataCollector friendlyName="blame" enabled="True"><Configuration><ResultsDirectory>C:\Users\simo7\OneDrive\Работен плот\QA Automation- Back-End Technologies\16.Testing-API-Controllers-Exercises\Homies.Tests\bin\Debug\net6.0\fine-code-coverage\coverage-tool-output</ResultsDirectory></Configuration></DataCollector></DataCollectors></DataCollectionRunSettings></RunSettings> and sources System.Collections.Generic.List`1[System.String]: 
TpTrace Verbose: 0 : 6836, 5, 2024/02/15, 08:10:46.058, 146833196970, vstest.console.dll, DataCollectionRequestSender.SendBeforeTestRunStartAndGetResult: Received message: (DataCollection.SendMessage) -> {"MessageType":"DataCollection.SendMessage","Payload":{"FriendlyName":null,"Uri":null,"TestCaseId":"00000000-0000-0000-0000-000000000000","Message":"Logging DataCollector Diagnostics in file: C:\\Users\\simo7\\OneDrive\\Работен плот\\QA Automation- Back-End Technologies\\16.Testing-API-Controllers-Exercises\\Homies.Tests\\bin\\Debug\\net6.0\\fine-code-coverage\\coverage-tool-output\\diagnostics.datacollector.24-02-15_08-10-45_04381_5.log","Level":0}}
TpTrace Verbose: 0 : 6836, 5, 2024/02/15, 08:10:46.541, 146838021167, vstest.console.dll, DataCollectionRequestSender.SendBeforeTestRunStartAndGetResult: Received message: (DataCollection.BeforeTestRunStartResult) -> {"MessageType":"DataCollection.BeforeTestRunStartResult","Payload":{"EnvironmentVariables":{},"DataCollectionEventsPort":55316}}
TpTrace Information: 0 : 6836, 5, 2024/02/15, 08:10:46.554, 146838156022, vstest.console.dll, ProxyDataCollectionManager.BeforeTestRunStart: SendBeforeTestRunStartAndGetResult successful, env variable from datacollector:   and testhost port: 55316
TpTrace Information: 0 : 6836, 5, 2024/02/15, 08:10:46.554, 146838158266, vstest.console.dll, ProxyDataCollectionManager.InvokeDataCollectionServiceAction: Completed.
TpTrace Verbose: 0 : 6836, 5, 2024/02/15, 08:10:46.554, 146838159998, vstest.console.dll, ParallelProxyExecutionManager.StartTestRunOnConcurrentManager: Initializing test run. Started clients: 0
TpTrace Verbose: 0 : 6836, 5, 2024/02/15, 08:10:46.555, 146838162305, vstest.console.dll, ProxyExecutionManager: Test host is always Lazy initialize.
TpTrace Verbose: 0 : 6836, 5, 2024/02/15, 08:10:46.555, 146838167376, vstest.console.dll, TestRequestSender.InitializeCommunication: initialize communication. 
TpTrace Information: 0 : 6836, 5, 2024/02/15, 08:10:46.557, 146838180703, vstest.console.dll, SocketServer.Start: Listening on endpoint : 127.0.0.1:55317
TpTrace Verbose: 0 : 6836, 5, 2024/02/15, 08:10:46.560, 146838219535, vstest.console.dll, DotnetTestHostmanager.GetTestHostProcessStartInfo: Platform environment 'X64' target architecture 'X64' framework '.NETCoreApp,Version=v6.0' OS 'Windows'
TpTrace Verbose: 0 : 6836, 5, 2024/02/15, 08:10:46.561, 146838225624, vstest.console.dll, DotnetTestHostmanager: Adding  --runtimeconfig "C:\Users\simo7\OneDrive\Работен плот\QA Automation- Back-End Technologies\16.Testing-API-Controllers-Exercises\Homies.Tests\bin\Debug\net6.0\fine-code-coverage\build-output\Homies.Tests.runtimeconfig.json" in args
TpTrace Verbose: 0 : 6836, 5, 2024/02/15, 08:10:46.561, 146838229001, vstest.console.dll, DotnetTestHostmanager: Adding  --depsfile "C:\Users\simo7\OneDrive\Работен плот\QA Automation- Back-End Technologies\16.Testing-API-Controllers-Exercises\Homies.Tests\bin\Debug\net6.0\fine-code-coverage\build-output\Homies.Tests.deps.json" in args
TpTrace Verbose: 0 : 6836, 5, 2024/02/15, 08:10:46.562, 146838234505, vstest.console.dll, DotnetTestHostmanager.IsWinOnArm: Current PROCESSOR_ARCHITECTURE from environment variable 'AMD64'
TpTrace Verbose: 0 : 6836, 5, 2024/02/15, 08:10:46.562, 146838236610, vstest.console.dll, DotnetTestHostmanager.IsWinOnArm: Is Windows on ARM 'False'
TpTrace Verbose: 0 : 6836, 5, 2024/02/15, 08:10:46.562, 146838240189, vstest.console.dll, DotnetTestHostManager: testhost.exe found at path: C:\Users\simo7\OneDrive\Работен плот\QA Automation- Back-End Technologies\16.Testing-API-Controllers-Exercises\Homies.Tests\bin\Debug\net6.0\fine-code-coverage\build-output\testhost.exe
TpTrace Verbose: 0 : 6836, 5, 2024/02/15, 08:10:46.563, 146838242522, vstest.console.dll, DotnetTestHostmanager: Full path of host exe is C:\Users\simo7\OneDrive\Работен плот\QA Automation- Back-End Technologies\16.Testing-API-Controllers-Exercises\Homies.Tests\bin\Debug\net6.0\fine-code-coverage\build-output\testhost.exe
TpTrace Verbose: 0 : 6836, 5, 2024/02/15, 08:10:46.563, 146838246909, vstest.console.dll, DotnetTestHostmanager.LaunchTestHostAsync: Found 'VSTEST_WINAPPHOST_DOTNET_ROOT' in env variables, value 'C:\Program Files\dotnet', forwarding to 'DOTNET_ROOT'
TpTrace Verbose: 0 : 6836, 5, 2024/02/15, 08:10:46.564, 146838251189, vstest.console.dll, DotnetTestHostManager: Starting process 'C:\Users\simo7\OneDrive\Работен плот\QA Automation- Back-End Technologies\16.Testing-API-Controllers-Exercises\Homies.Tests\bin\Debug\net6.0\fine-code-coverage\build-output\testhost.exe' with command line ' --runtimeconfig "C:\Users\simo7\OneDrive\Работен плот\QA Automation- Back-End Technologies\16.Testing-API-Controllers-Exercises\Homies.Tests\bin\Debug\net6.0\fine-code-coverage\build-output\Homies.Tests.runtimeconfig.json" --depsfile "C:\Users\simo7\OneDrive\Работен плот\QA Automation- Back-End Technologies\16.Testing-API-Controllers-Exercises\Homies.Tests\bin\Debug\net6.0\fine-code-coverage\build-output\Homies.Tests.deps.json" --port 55317 --endpoint 127.0.0.1:055317 --role client --parentprocessid 6836 --diag "C:\Users\simo7\OneDrive\Работен плот\QA Automation- Back-End Technologies\16.Testing-API-Controllers-Exercises\Homies.Tests\bin\Debug\net6.0\fine-code-coverage\coverage-tool-output\diagnostics.host.24-02-15_08-10-46_56010_5.log" --tracelevel 4 --datacollectionport 55316 --telemetryoptedin false'
TpTrace Verbose: 0 : 6836, 5, 2024/02/15, 08:10:46.602, 146838634366, vstest.console.dll, MulticastDelegateUtilities.SafeInvoke: HostProviderEvents.OnHostLaunched: Invoking callback 1/2 for Microsoft.VisualStudio.TestPlatform.CrossPlatEngine.Client.ProxyExecutionManagerWithDataCollection., took 1 ms.
TpTrace Verbose: 0 : 6836, 5, 2024/02/15, 08:10:46.603, 146838640893, vstest.console.dll, Test Runtime launched
TpTrace Verbose: 0 : 6836, 5, 2024/02/15, 08:10:46.603, 146838643130, vstest.console.dll, MulticastDelegateUtilities.SafeInvoke: HostProviderEvents.OnHostLaunched: Invoking callback 2/2 for Microsoft.VisualStudio.TestPlatform.CrossPlatEngine.Client.ProxyOperationManager., took 0 ms.
TpTrace Verbose: 0 : 6836, 5, 2024/02/15, 08:10:46.603, 146838649371, vstest.console.dll, TestRequestSender.WaitForRequestHandlerConnection: waiting for connection with timeout: 90000.
TpTrace Verbose: 0 : 6836, 5, 2024/02/15, 08:10:47.626, 146848877274, vstest.console.dll, TestRequestSender.WaitForRequestHandlerConnection: waiting took 1022 ms, with timeout 90000 ms, and result 0, which is success.
TpTrace Verbose: 0 : 6836, 10, 2024/02/15, 08:10:47.626, 146848877361, vstest.console.dll, MulticastDelegateUtilities.SafeInvoke: SocketServer: ClientConnected: Invoking callback 1/1 for Microsoft.VisualStudio.TestPlatform.CommunicationUtilities.TestRequestSender., took 0 ms.
TpTrace Verbose: 0 : 6836, 10, 2024/02/15, 08:10:47.627, 146848881666, vstest.console.dll, SocketServer.OnClientConnected: Client connected for endPoint: 127.0.0.1:55317, starting MessageLoopAsync:
TpTrace Verbose: 0 : 6836, 10, 2024/02/15, 08:10:47.628, 146848890585, vstest.console.dll, TcpClientExtensions.MessageLoopAsync: Polling on remoteEndPoint: 127.0.0.1:55318 localEndPoint: 127.0.0.1:55317
TpTrace Verbose: 0 : 6836, 5, 2024/02/15, 08:10:47.629, 146848901193, vstest.console.dll, TestRequestSender.CheckVersionWithTestHost: Sending check version message: {"MessageType":"ProtocolVersion","Payload":7}
TpTrace Verbose: 0 : 6836, 10, 2024/02/15, 08:10:47.911, 146851726924, vstest.console.dll, TcpClientExtensions.MessageLoopAsync: NotifyDataAvailable remoteEndPoint: 127.0.0.1:55318 localEndPoint: 127.0.0.1:55317
TpTrace Verbose: 0 : 6836, 10, 2024/02/15, 08:10:47.912, 146851731153, vstest.console.dll, TestRequestSender.CheckVersionWithTestHost: onMessageReceived received message: (ProtocolVersion) -> {"MessageType":"ProtocolVersion","Payload":7}
TpTrace Verbose: 0 : 6836, 10, 2024/02/15, 08:10:47.913, 146851745626, vstest.console.dll, MulticastDelegateUtilities.SafeInvoke: LengthPrefixCommunicationChannel: MessageReceived: Invoking callback 1/1 for Microsoft.VisualStudio.TestPlatform.CommunicationUtilities.TestRequestSender+<>c__DisplayClass29_0., took 1 ms.
TpTrace Verbose: 0 : 6836, 5, 2024/02/15, 08:10:47.913, 146851746871, vstest.console.dll, TestPluginCache.GetExtensionPaths: Filtered extension paths: 
TpTrace Verbose: 0 : 6836, 10, 2024/02/15, 08:10:47.913, 146851747798, vstest.console.dll, TcpClientExtensions.MessageLoopAsync: Polling on remoteEndPoint: 127.0.0.1:55318 localEndPoint: 127.0.0.1:55317
TpTrace Verbose: 0 : 6836, 5, 2024/02/15, 08:10:47.913, 146851748646, vstest.console.dll, TestPluginCache.GetExtensionPaths: Added default extension paths: C:\Program Files\dotnet\sdk\8.0.100\Extensions\Microsoft.Diagnostics.NETCore.Client.dll
C:\Program Files\dotnet\sdk\8.0.100\Extensions\Microsoft.TestPlatform.Extensions.BlameDataCollector.dll
C:\Program Files\dotnet\sdk\8.0.100\Extensions\Microsoft.TestPlatform.Extensions.EventLogCollector.dll
C:\Program Files\dotnet\sdk\8.0.100\Extensions\Microsoft.TestPlatform.TestHostRuntimeProvider.dll
C:\Program Files\dotnet\sdk\8.0.100\Extensions\Microsoft.VisualStudio.TestPlatform.Extensions.Html.TestLogger.dll
C:\Program Files\dotnet\sdk\8.0.100\Extensions\Microsoft.VisualStudio.TestPlatform.Extensions.Trx.TestLogger.dll
TpTrace Verbose: 0 : 6836, 5, 2024/02/15, 08:10:47.913, 146851750234, vstest.console.dll, TestPluginCache.GetExtensionPaths: Added unfilterableExtensionPaths: 
TpTrace Verbose: 0 : 6836, 5, 2024/02/15, 08:10:47.921, 146851820376, vstest.console.dll, TestRequestSender.InitializeExecution: Sending initialize execution with message: {"Version":7,"MessageType":"TestExecution.Initialize","Payload":["C:\\Users\\simo7\\OneDrive\\Работен плот\\QA Automation- Back-End Technologies\\16.Testing-API-Controllers-Exercises\\Homies.Tests\\bin\\Debug\\net6.0\\fine-code-coverage\\build-output\\NUnit3.TestAdapter.dll"]}
TpTrace Verbose: 0 : 6836, 5, 2024/02/15, 08:10:47.921, 146851823843, vstest.console.dll, ParallelProxyExecutionManager.StartTestRunOnConcurrentManager: Execution starting. Started clients: 1
TpTrace Verbose: 0 : 6836, 5, 2024/02/15, 08:10:47.921, 146851829118, vstest.console.dll, TestRunRequest:SendTestRunMessage: Starting.
TpTrace Verbose: 0 : 6836, 5, 2024/02/15, 08:10:47.922, 146851832781, vstest.console.dll, MulticastDelegateUtilities.SafeInvoke: TestRun.LogMessages: Invoking callback 1/1 for Microsoft.VisualStudio.TestPlatform.CommandLine.TestRunResultAggregator., took 0 ms.
TpTrace Information: 0 : 6836, 5, 2024/02/15, 08:10:47.922, 146851834047, vstest.console.dll, TestRunRequest:SendTestRunMessage: Completed.
TpTrace Verbose: 0 : 6836, 4, 2024/02/15, 08:10:47.922, 146851836548, vstest.console.dll, MulticastDelegateUtilities.SafeInvoke: InternalTestLoggerEvents.SendTestRunMessage: Invoking callback 1/1 for Microsoft.VisualStudio.TestPlatform.CommandLine.Internal.ConsoleLogger., took 0 ms.
TpTrace Warning: 0 : 6836, 5, 2024/02/15, 08:10:47.923, 146851842783, vstest.console.dll, InferRunSettingsHelper.MakeRunsettingsCompatible: Removing the following settings: TargetPlatform from RunSettings file. To use those settings please move to latest version of Microsoft.NET.Test.Sdk
TpTrace Verbose: 0 : 6836, 10, 2024/02/15, 08:10:47.925, 146851865883, vstest.console.dll, TcpClientExtensions.MessageLoopAsync: NotifyDataAvailable remoteEndPoint: 127.0.0.1:55318 localEndPoint: 127.0.0.1:55317
TpTrace Verbose: 0 : 6836, 10, 2024/02/15, 08:10:47.926, 146851873531, vstest.console.dll, TestRequestSender.OnExecutionMessageReceived: Received message: {"Version":7,"MessageType":"TestSession.Message","Payload":{"MessageLevel":0,"Message":"Logging TestHost Diagnostics in file: C:\\Users\\simo7\\OneDrive\\Работен плот\\QA Automation- Back-End Technologies\\16.Testing-API-Controllers-Exercises\\Homies.Tests\\bin\\Debug\\net6.0\\fine-code-coverage\\coverage-tool-output\\diagnostics.host.24-02-15_08-10-46_56010_5.log"}}
TpTrace Verbose: 0 : 6836, 10, 2024/02/15, 08:10:47.932, 146851934795, vstest.console.dll, TestRunRequest:SendTestRunMessage: Starting.
TpTrace Verbose: 0 : 6836, 10, 2024/02/15, 08:10:47.932, 146851937327, vstest.console.dll, MulticastDelegateUtilities.SafeInvoke: TestRun.LogMessages: Invoking callback 1/1 for Microsoft.VisualStudio.TestPlatform.CommandLine.TestRunResultAggregator., took 0 ms.
TpTrace Verbose: 0 : 6836, 4, 2024/02/15, 08:10:47.932, 146851937482, vstest.console.dll, MulticastDelegateUtilities.SafeInvoke: InternalTestLoggerEvents.SendTestRunMessage: Invoking callback 1/1 for Microsoft.VisualStudio.TestPlatform.CommandLine.Internal.ConsoleLogger., took 0 ms.
TpTrace Information: 0 : 6836, 10, 2024/02/15, 08:10:47.932, 146851938397, vstest.console.dll, TestRunRequest:SendTestRunMessage: Completed.
TpTrace Verbose: 0 : 6836, 10, 2024/02/15, 08:10:47.933, 146851940692, vstest.console.dll, MulticastDelegateUtilities.SafeInvoke: LengthPrefixCommunicationChannel: MessageReceived: Invoking callback 1/1 for Microsoft.VisualStudio.TestPlatform.CommunicationUtilities.TestRequestSender+<>c__DisplayClass34_0., took 7 ms.
TpTrace Verbose: 0 : 6836, 10, 2024/02/15, 08:10:47.933, 146851941600, vstest.console.dll, TcpClientExtensions.MessageLoopAsync: Polling on remoteEndPoint: 127.0.0.1:55318 localEndPoint: 127.0.0.1:55317
TpTrace Verbose: 0 : 6836, 5, 2024/02/15, 08:10:47.949, 146852104289, vstest.console.dll, TestRequestSender.StartTestRun: Sending test run with message: {"Version":7,"MessageType":"TestExecution.StartWithSources","Payload":{"AdapterSourceMap":{"_none_":["C:\\Users\\simo7\\OneDrive\\Работен плот\\QA Automation- Back-End Technologies\\16.Testing-API-Controllers-Exercises\\Homies.Tests\\bin\\Debug\\net6.0\\fine-code-coverage\\build-output\\Homies.Tests.dll"]},"RunSettings":"<RunSettings>\r\n  <RunConfiguration>\r\n    <ResultsDirectory>C:\\Users\\simo7\\OneDrive\\Работен плот\\QA Automation- Back-End Technologies\\16.Testing-API-Controllers-Exercises\\Homies.Tests\\bin\\Debug\\net6.0\\fine-code-coverage\\coverage-tool-output</ResultsDirectory>\r\n    <TargetFrameworkVersion>.NETCoreApp,Version=v6.0</TargetFrameworkVersion>\r\n    <DesignMode>False</DesignMode>\r\n    <CollectSourceInformation>False</CollectSourceInformation>\r\n  </RunConfiguration>\r\n  <LoggerRunSettings>\r\n    <Loggers>\r\n      <Logger friendlyName=\"blame\" enabled=\"True\" />\r\n      <Logger friendlyName=\"Console\" uri=\"logger://microsoft/TestPlatform/ConsoleLogger/v1\" assemblyQualifiedName=\"Microsoft.VisualStudio.TestPlatform.CommandLine.Internal.ConsoleLogger, vstest.console, Version=15.0.0.0, Culture=neutral, PublicKeyToken=b03f5f7f11d50a3a\" codeBase=\"C:\\Program Files\\dotnet\\sdk\\8.0.100\\vstest.console.dll\" enabled=\"True\" />\r\n    </Loggers>\r\n  </LoggerRunSettings>\r\n  <DataCollectionRunSettings>\r\n    <DataCollectors>\r\n      <DataCollector friendlyName=\"blame\" enabled=\"True\">\r\n        <Configuration>\r\n          <ResultsDirectory>C:\\Users\\simo7\\OneDrive\\Работен плот\\QA Automation- Back-End Technologies\\16.Testing-API-Controllers-Exercises\\Homies.Tests\\bin\\Debug\\net6.0\\fine-code-coverage\\coverage-tool-output</ResultsDirectory>\r\n        </Configuration>\r\n      </DataCollector>\r\n    </DataCollectors>\r\n  </DataCollectionRunSettings>\r\n</RunSettings>","TestExecutionContext":{"FrequencyOfRunStatsChangeEvent":10,"RunStatsChangeEventTimeout":"00:00:01.5000000","InIsolation":false,"KeepAlive":false,"AreTestCaseLevelEventsRequired":false,"IsDebug":false,"TestCaseFilter":null,"FilterOptions":null},"Package":null}}
TpTrace Verbose: 0 : 6836, 5, 2024/02/15, 08:10:47.949, 146852107418, vstest.console.dll, ParallelProxyExecutionManager.StartTestRunOnConcurrentManager: Execution started. Started clients: 1
TpTrace Verbose: 0 : 6836, 10, 2024/02/15, 08:10:48.520, 146857812552, vstest.console.dll, TcpClientExtensions.MessageLoopAsync: NotifyDataAvailable remoteEndPoint: 127.0.0.1:55318 localEndPoint: 127.0.0.1:55317
TpTrace Verbose: 0 : 6836, 10, 2024/02/15, 08:10:48.520, 146857814728, vstest.console.dll, TestRequestSender.OnExecutionMessageReceived: Received message: {"Version":7,"MessageType":"TestSession.Message","Payload":{"MessageLevel":0,"Message":"NUnit Adapter 4.4.0.0: Test execution started"}}
TpTrace Verbose: 0 : 6836, 10, 2024/02/15, 08:10:48.520, 146857817809, vstest.console.dll, TestRunRequest:SendTestRunMessage: Starting.
TpTrace Verbose: 0 : 6836, 10, 2024/02/15, 08:10:48.520, 146857819071, vstest.console.dll, MulticastDelegateUtilities.SafeInvoke: TestRun.LogMessages: Invoking callback 1/1 for Microsoft.VisualStudio.TestPlatform.CommandLine.TestRunResultAggregator., took 0 ms.
TpTrace Information: 0 : 6836, 10, 2024/02/15, 08:10:48.521, 146857820418, vstest.console.dll, TestRunRequest:SendTestRunMessage: Completed.
TpTrace Verbose: 0 : 6836, 10, 2024/02/15, 08:10:48.521, 146857821279, vstest.console.dll, MulticastDelegateUtilities.SafeInvoke: LengthPrefixCommunicationChannel: MessageReceived: Invoking callback 1/1 for Microsoft.VisualStudio.TestPlatform.CommunicationUtilities.TestRequestSender+<>c__DisplayClass34_0., took 0 ms.
TpTrace Verbose: 0 : 6836, 10, 2024/02/15, 08:10:48.521, 146857822120, vstest.console.dll, TcpClientExtensions.MessageLoopAsync: Polling on remoteEndPoint: 127.0.0.1:55318 localEndPoint: 127.0.0.1:55317
TpTrace Verbose: 0 : 6836, 4, 2024/02/15, 08:10:48.520, 146857819259, vstest.console.dll, MulticastDelegateUtilities.SafeInvoke: InternalTestLoggerEvents.SendTestRunMessage: Invoking callback 1/1 for Microsoft.VisualStudio.TestPlatform.CommandLine.Internal.ConsoleLogger., took 0 ms.
TpTrace Verbose: 0 : 6836, 10, 2024/02/15, 08:10:48.587, 146858480482, vstest.console.dll, TcpClientExtensions.MessageLoopAsync: NotifyDataAvailable remoteEndPoint: 127.0.0.1:55318 localEndPoint: 127.0.0.1:55317
TpTrace Verbose: 0 : 6836, 10, 2024/02/15, 08:10:48.587, 146858482479, vstest.console.dll, TestRequestSender.OnExecutionMessageReceived: Received message: {"Version":7,"MessageType":"TestSession.Message","Payload":{"MessageLevel":0,"Message":"Running all tests in C:\\Users\\simo7\\OneDrive\\Работен плот\\QA Automation- Back-End Technologies\\16.Testing-API-Controllers-Exercises\\Homies.Tests\\bin\\Debug\\net6.0\\fine-code-coverage\\build-output\\Homies.Tests.dll"}}
TpTrace Verbose: 0 : 6836, 10, 2024/02/15, 08:10:48.587, 146858484209, vstest.console.dll, TestRunRequest:SendTestRunMessage: Starting.
TpTrace Verbose: 0 : 6836, 10, 2024/02/15, 08:10:48.587, 146858485304, vstest.console.dll, MulticastDelegateUtilities.SafeInvoke: TestRun.LogMessages: Invoking callback 1/1 for Microsoft.VisualStudio.TestPlatform.CommandLine.TestRunResultAggregator., took 0 ms.
TpTrace Verbose: 0 : 6836, 4, 2024/02/15, 08:10:48.587, 146858485560, vstest.console.dll, MulticastDelegateUtilities.SafeInvoke: InternalTestLoggerEvents.SendTestRunMessage: Invoking callback 1/1 for Microsoft.VisualStudio.TestPlatform.CommandLine.Internal.ConsoleLogger., took 0 ms.
TpTrace Information: 0 : 6836, 10, 2024/02/15, 08:10:48.587, 146858486223, vstest.console.dll, TestRunRequest:SendTestRunMessage: Completed.
TpTrace Verbose: 0 : 6836, 10, 2024/02/15, 08:10:48.587, 146858487520, vstest.console.dll, MulticastDelegateUtilities.SafeInvoke: LengthPrefixCommunicationChannel: MessageReceived: Invoking callback 1/1 for Microsoft.VisualStudio.TestPlatform.CommunicationUtilities.TestRequestSender+<>c__DisplayClass34_0., took 0 ms.
TpTrace Verbose: 0 : 6836, 10, 2024/02/15, 08:10:48.587, 146858487990, vstest.console.dll, TcpClientExtensions.MessageLoopAsync: Polling on remoteEndPoint: 127.0.0.1:55318 localEndPoint: 127.0.0.1:55317
TpTrace Verbose: 0 : 6836, 10, 2024/02/15, 08:10:48.861, 146861223752, vstest.console.dll, TcpClientExtensions.MessageLoopAsync: NotifyDataAvailable remoteEndPoint: 127.0.0.1:55318 localEndPoint: 127.0.0.1:55317
TpTrace Verbose: 0 : 6836, 10, 2024/02/15, 08:10:48.861, 146861225676, vstest.console.dll, TestRequestSender.OnExecutionMessageReceived: Received message: {"Version":7,"MessageType":"TestSession.Message","Payload":{"MessageLevel":0,"Message":"   NUnit3TestExecutor discovered 23 of 23 NUnit test cases using Current Discovery mode, Non-Explicit run"}}
TpTrace Verbose: 0 : 6836, 10, 2024/02/15, 08:10:48.861, 146861227422, vstest.console.dll, TestRunRequest:SendTestRunMessage: Starting.
TpTrace Verbose: 0 : 6836, 10, 2024/02/15, 08:10:48.861, 146861228595, vstest.console.dll, MulticastDelegateUtilities.SafeInvoke: TestRun.LogMessages: Invoking callback 1/1 for Microsoft.VisualStudio.TestPlatform.CommandLine.TestRunResultAggregator., took 0 ms.
TpTrace Verbose: 0 : 6836, 4, 2024/02/15, 08:10:48.861, 146861228869, vstest.console.dll, MulticastDelegateUtilities.SafeInvoke: InternalTestLoggerEvents.SendTestRunMessage: Invoking callback 1/1 for Microsoft.VisualStudio.TestPlatform.CommandLine.Internal.ConsoleLogger., took 0 ms.
TpTrace Information: 0 : 6836, 10, 2024/02/15, 08:10:48.861, 146861229340, vstest.console.dll, TestRunRequest:SendTestRunMessage: Completed.
TpTrace Verbose: 0 : 6836, 10, 2024/02/15, 08:10:48.862, 146861231061, vstest.console.dll, MulticastDelegateUtilities.SafeInvoke: LengthPrefixCommunicationChannel: MessageReceived: Invoking callback 1/1 for Microsoft.VisualStudio.TestPlatform.CommunicationUtilities.TestRequestSender+<>c__DisplayClass34_0., took 0 ms.
TpTrace Verbose: 0 : 6836, 10, 2024/02/15, 08:10:48.862, 146861231751, vstest.console.dll, TcpClientExtensions.MessageLoopAsync: Polling on remoteEndPoint: 127.0.0.1:55318 localEndPoint: 127.0.0.1:55317
TpTrace Verbose: 0 : 6836, 10, 2024/02/15, 08:10:49.697, 146869581437, vstest.console.dll, TcpClientExtensions.MessageLoopAsync: NotifyDataAvailable remoteEndPoint: 127.0.0.1:55318 localEndPoint: 127.0.0.1:55317
TpTrace Verbose: 0 : 6836, 10, 2024/02/15, 08:10:49.700, 146869611222, vstest.console.dll, TestRequestSender.OnExecutionMessageReceived: Received message: {"Version":7,"MessageType":"TestExecution.StatsChange","Payload":{"NewTestResults":[{"TestCase":{"Id":"80fac018-cb1c-e952-8ae6-cd15e1afe268","FullyQualifiedName":"Homies.Tests.EventControllerTests.Add_ReturnsViewResult","DisplayName":"Add_ReturnsViewResult","ExecutorUri":"executor://NUnit3TestExecutor","Source":"C:\\Users\\simo7\\OneDrive\\Работен плот\\QA Automation- Back-End Technologies\\16.Testing-API-Controllers-Exercises\\Homies.Tests\\bin\\Debug\\net6.0\\fine-code-coverage\\build-output\\Homies.Tests.dll","CodeFilePath":null,"LineNumber":0,"Properties":[{"Key":{"Id":"NUnit.Seed","Label":"Seed","Category":"","Description":"","Attributes":0,"ValueType":"System.String"},"Value":"1459063530"}]},"Attachments":[],"Outcome":1,"ErrorMessage":null,"ErrorStackTrace":null,"DisplayName":"Add_ReturnsViewResult","Messages":[],"ComputerName":"SIMEON-PC","Duration":"00:00:00.1647200","StartTime":"2024-02-15T06:10:48.9085557+00:00","EndTime":"2024-02-15T06:10:49.0731188+00:00","Properties":[{"Key":{"Id":"NUnit.Seed","Label":"Seed","Category":"","Description":"","Attributes":0,"ValueType":"System.String"},"Value":"1459063530"}]},{"TestCase":{"Id":"f59404ff-4e5c-ceca-418c-9352b66b0d22","FullyQualifiedName":"Homies.Tests.EventControllerTests.Join_UserAlreadyJoined_ReturnsRedirectToActionResult","DisplayName":"Join_UserAlreadyJoined_ReturnsRedirectToActionResult","ExecutorUri":"executor://NUnit3TestExecutor","Source":"C:\\Users\\simo7\\OneDrive\\Работен плот\\QA Automation- Back-End Technologies\\16.Testing-API-Controllers-Exercises\\Homies.Tests\\bin\\Debug\\net6.0\\fine-code-coverage\\build-output\\Homies.Tests.dll","CodeFilePath":null,"LineNumber":0,"Properties":[{"Key":{"Id":"NUnit.Seed","Label":"Seed","Category":"","Description":"","Attributes":0,"ValueType":"System.String"},"Value":"1172864972"}]},"Attachments":[],"Outcome":1,"ErrorMessage":null,"ErrorStackTrace":null,"DisplayName":"Join_UserAlreadyJoined_ReturnsRedirectToActionResult","Messages":[],"ComputerName":"SIMEON-PC","Duration":"00:00:00.0018490","StartTime":"2024-02-15T06:10:49.0766303+00:00","EndTime":"2024-02-15T06:10:49.0784793+00:00","Properties":[{"Key":{"Id":"NUnit.Seed","Label":"Seed","Category":"","Description":"","Attributes":0,"ValueType":"System.String"},"Value":"1172864972"}]},{"TestCase":{"Id":"97d7154c-aa21-ea38-29f1-bf4ad80bd0f2","FullyQualifiedName":"Homies.Tests.EventControllerTests.Join_UserNotJoined_ReturnsRedirectToActionResult","DisplayName":"Join_UserNotJoined_ReturnsRedirectToActionResult","ExecutorUri":"executor://NUnit3TestExecutor","Source":"C:\\Users\\simo7\\OneDrive\\Работен плот\\QA Automation- Back-End Technologies\\16.Testing-API-Controllers-Exercises\\Homies.Tests\\bin\\Debug\\net6.0\\fine-code-coverage\\build-output\\Homies.Tests.dll","CodeFilePath":null,"LineNumber":0,"Properties":[{"Key":{"Id":"NUnit.Seed","Label":"Seed","Category":"","Description":"","Attributes":0,"ValueType":"System.String"},"Value":"178651747"}]},"Attachments":[],"Outcome":1,"ErrorMessage":null,"ErrorStackTrace":null,"DisplayName":"Join_UserNotJoined_ReturnsRedirectToActionResult","Messages":[],"ComputerName":"SIMEON-PC","Duration":"00:00:00.0005730","StartTime":"2024-02-15T06:10:49.078527+00:00","EndTime":"2024-02-15T06:10:49.0791+00:00","Properties":[{"Key":{"Id":"NUnit.Seed","Label":"Seed","Category":"","Description":"","Attributes":0,"ValueType":"System.String"},"Value":"178651747"}]}],"TestRunStatistics":{"ExecutedTests":3,"Stats":{"Passed":3}},"ActiveTests":[{"Id":"ebd91602-ad94-2c23-e38f-cb0b1361d3e8","FullyQualifiedName":"Homies.Tests.EventServiceTests.AddEventAsync_ShouldAddEvent_WhenValidEventModelAndUserId","DisplayName":"AddEventAsync_ShouldAddEvent_WhenValidEventModelAndUserId","ExecutorUri":"executor://NUnit3TestExecutor","Source":"C:\\Users\\simo7\\OneDrive\\Работен плот\\QA Automation- Back-End Technologies\\16.Testing-API-Controllers-Exercises\\Homies.Tests\\bin\\Debug\\net6.0\\fine-code-coverage\\build-output\\Homies.Tests.dll","CodeFilePath":null,"LineNumber":0,"Properties":[{"Key":{"Id":"NUnit.Seed","Label":"Seed","Category":"","Description":"","Attributes":0,"ValueType":"System.String"},"Value":"2074656755"}]}]}}
TpTrace Verbose: 0 : 6836, 10, 2024/02/15, 08:10:49.786, 146870471898, vstest.console.dll, TestRunRequest:SendTestRunStatsChange: Starting.
TpTrace Verbose: 0 : 6836, 10, 2024/02/15, 08:10:49.786, 146870474980, vstest.console.dll, InProgress is AddEventAsync_ShouldAddEvent_WhenValidEventModelAndUserId
TpTrace Verbose: 0 : 6836, 10, 2024/02/15, 08:10:49.786, 146870478743, vstest.console.dll, MulticastDelegateUtilities.SafeInvoke: TestRun.RunStatsChanged: Invoking callbacks was skipped because there are no subscribers.
TpTrace Information: 0 : 6836, 10, 2024/02/15, 08:10:49.787, 146870480695, vstest.console.dll, TestRunRequest:SendTestRunStatsChange: Completed.
TpTrace Verbose: 0 : 6836, 10, 2024/02/15, 08:10:49.787, 146870481931, vstest.console.dll, MulticastDelegateUtilities.SafeInvoke: LengthPrefixCommunicationChannel: MessageReceived: Invoking callback 1/1 for Microsoft.VisualStudio.TestPlatform.CommunicationUtilities.TestRequestSender+<>c__DisplayClass34_0., took 87 ms.
TpTrace Verbose: 0 : 6836, 10, 2024/02/15, 08:10:49.787, 146870482745, vstest.console.dll, TcpClientExtensions.MessageLoopAsync: Polling on remoteEndPoint: 127.0.0.1:55318 localEndPoint: 127.0.0.1:55317
TpTrace Verbose: 0 : 6836, 4, 2024/02/15, 08:10:49.790, 146870516726, vstest.console.dll, MulticastDelegateUtilities.SafeInvoke: InternalTestLoggerEvents.SendTestResult: Invoking callback 1/1 for Microsoft.VisualStudio.TestPlatform.CommandLine.Internal.ConsoleLogger., took 3 ms.
TpTrace Verbose: 0 : 6836, 4, 2024/02/15, 08:10:49.791, 146870525040, vstest.console.dll, MulticastDelegateUtilities.SafeInvoke: InternalTestLoggerEvents.SendTestResult: Invoking callback 1/1 for Microsoft.VisualStudio.TestPlatform.CommandLine.Internal.ConsoleLogger., took 0 ms.
TpTrace Verbose: 0 : 6836, 4, 2024/02/15, 08:10:49.791, 146870526798, vstest.console.dll, MulticastDelegateUtilities.SafeInvoke: InternalTestLoggerEvents.SendTestResult: Invoking callback 1/1 for Microsoft.VisualStudio.TestPlatform.CommandLine.Internal.ConsoleLogger., took 0 ms.
TpTrace Verbose: 0 : 6836, 10, 2024/02/15, 08:10:50.798, 146880600062, vstest.console.dll, TcpClientExtensions.MessageLoopAsync: Polling on remoteEndPoint: 127.0.0.1:55318 localEndPoint: 127.0.0.1:55317
TpTrace Verbose: 0 : 6836, 10, 2024/02/15, 08:10:51.199, 146884603977, vstest.console.dll, TcpClientExtensions.MessageLoopAsync: NotifyDataAvailable remoteEndPoint: 127.0.0.1:55318 localEndPoint: 127.0.0.1:55317
TpTrace Verbose: 0 : 6836, 10, 2024/02/15, 08:10:51.199, 146884606855, vstest.console.dll, TestRequestSender.OnExecutionMessageReceived: Received message: {"Version":7,"MessageType":"TestExecution.StatsChange","Payload":{"NewTestResults":[{"TestCase":{"Id":"ebd91602-ad94-2c23-e38f-cb0b1361d3e8","FullyQualifiedName":"Homies.Tests.EventServiceTests.AddEventAsync_ShouldAddEvent_WhenValidEventModelAndUserId","DisplayName":"AddEventAsync_ShouldAddEvent_WhenValidEventModelAndUserId","ExecutorUri":"executor://NUnit3TestExecutor","Source":"C:\\Users\\simo7\\OneDrive\\Работен плот\\QA Automation- Back-End Technologies\\16.Testing-API-Controllers-Exercises\\Homies.Tests\\bin\\Debug\\net6.0\\fine-code-coverage\\build-output\\Homies.Tests.dll","CodeFilePath":null,"LineNumber":0,"Properties":[{"Key":{"Id":"NUnit.Seed","Label":"Seed","Category":"","Description":"","Attributes":0,"ValueType":"System.String"},"Value":"2074656755"}]},"Attachments":[],"Outcome":1,"ErrorMessage":null,"ErrorStackTrace":null,"DisplayName":"AddEventAsync_ShouldAddEvent_WhenValidEventModelAndUserId","Messages":[],"ComputerName":"SIMEON-PC","Duration":"00:00:02.0392640","StartTime":"2024-02-15T06:10:49.083408+00:00","EndTime":"2024-02-15T06:10:51.1226716+00:00","Properties":[{"Key":{"Id":"NUnit.Seed","Label":"Seed","Category":"","Description":"","Attributes":0,"ValueType":"System.String"},"Value":"2074656755"}]}],"TestRunStatistics":{"ExecutedTests":4,"Stats":{"Passed":4}},"ActiveTests":[{"Id":"e41f9841-c7c7-3c9d-85a8-e95b848df854","FullyQualifiedName":"Homies.Tests.EventServiceTests.GetAllEventsAsync_ShouldReturnAllEvents","DisplayName":"GetAllEventsAsync_ShouldReturnAllEvents","ExecutorUri":"executor://NUnit3TestExecutor","Source":"C:\\Users\\simo7\\OneDrive\\Работен плот\\QA Automation- Back-End Technologies\\16.Testing-API-Controllers-Exercises\\Homies.Tests\\bin\\Debug\\net6.0\\fine-code-coverage\\build-output\\Homies.Tests.dll","CodeFilePath":null,"LineNumber":0,"Properties":[{"Key":{"Id":"NUnit.Seed","Label":"Seed","Category":"","Description":"","Attributes":0,"ValueType":"System.String"},"Value":"2013230593"}]}]}}
TpTrace Verbose: 0 : 6836, 10, 2024/02/15, 08:10:51.201, 146884629916, vstest.console.dll, TestRunRequest:SendTestRunStatsChange: Starting.
TpTrace Verbose: 0 : 6836, 10, 2024/02/15, 08:10:51.202, 146884631444, vstest.console.dll, InProgress is GetAllEventsAsync_ShouldReturnAllEvents
TpTrace Verbose: 0 : 6836, 10, 2024/02/15, 08:10:51.202, 146884632826, vstest.console.dll, MulticastDelegateUtilities.SafeInvoke: TestRun.RunStatsChanged: Invoking callbacks was skipped because there are no subscribers.
TpTrace Information: 0 : 6836, 10, 2024/02/15, 08:10:51.202, 146884633605, vstest.console.dll, TestRunRequest:SendTestRunStatsChange: Completed.
TpTrace Verbose: 0 : 6836, 4, 2024/02/15, 08:10:51.202, 146884634381, vstest.console.dll, MulticastDelegateUtilities.SafeInvoke: InternalTestLoggerEvents.SendTestResult: Invoking callback 1/1 for Microsoft.VisualStudio.TestPlatform.CommandLine.Internal.ConsoleLogger., took 0 ms.
TpTrace Verbose: 0 : 6836, 10, 2024/02/15, 08:10:51.202, 146884634361, vstest.console.dll, MulticastDelegateUtilities.SafeInvoke: LengthPrefixCommunicationChannel: MessageReceived: Invoking callback 1/1 for Microsoft.VisualStudio.TestPlatform.CommunicationUtilities.TestRequestSender+<>c__DisplayClass34_0., took 2 ms.
TpTrace Verbose: 0 : 6836, 10, 2024/02/15, 08:10:51.202, 146884636013, vstest.console.dll, TcpClientExtensions.MessageLoopAsync: Polling on remoteEndPoint: 127.0.0.1:55318 localEndPoint: 127.0.0.1:55317
TpTrace Verbose: 0 : 6836, 10, 2024/02/15, 08:10:51.870, 146891316737, vstest.console.dll, TcpClientExtensions.MessageLoopAsync: NotifyDataAvailable remoteEndPoint: 127.0.0.1:55318 localEndPoint: 127.0.0.1:55317
TpTrace Verbose: 0 : 6836, 10, 2024/02/15, 08:10:51.871, 146891321689, vstest.console.dll, TestRequestSender.OnExecutionMessageReceived: Received message: {"Version":7,"MessageType":"TestExecution.StatsChange","Payload":{"NewTestResults":[{"TestCase":{"Id":"e41f9841-c7c7-3c9d-85a8-e95b848df854","FullyQualifiedName":"Homies.Tests.EventServiceTests.GetAllEventsAsync_ShouldReturnAllEvents","DisplayName":"GetAllEventsAsync_ShouldReturnAllEvents","ExecutorUri":"executor://NUnit3TestExecutor","Source":"C:\\Users\\simo7\\OneDrive\\Работен плот\\QA Automation- Back-End Technologies\\16.Testing-API-Controllers-Exercises\\Homies.Tests\\bin\\Debug\\net6.0\\fine-code-coverage\\build-output\\Homies.Tests.dll","CodeFilePath":null,"LineNumber":0,"Properties":[{"Key":{"Id":"NUnit.Seed","Label":"Seed","Category":"","Description":"","Attributes":0,"ValueType":"System.String"},"Value":"2013230593"}]},"Attachments":[],"Outcome":1,"ErrorMessage":null,"ErrorStackTrace":null,"DisplayName":"GetAllEventsAsync_ShouldReturnAllEvents","Messages":[],"ComputerName":"SIMEON-PC","Duration":"00:00:00.1239050","StartTime":"2024-02-15T06:10:51.1227496+00:00","EndTime":"2024-02-15T06:10:51.2466543+00:00","Properties":[{"Key":{"Id":"NUnit.Seed","Label":"Seed","Category":"","Description":"","Attributes":0,"ValueType":"System.String"},"Value":"2013230593"}]},{"TestCase":{"Id":"ff657f2f-2511-e5b6-5ebf-69a8661fe98a","FullyQualifiedName":"Homies.Tests.EventServiceTests.GetAllTypesAsync_ShouldReturnAllTypes","DisplayName":"GetAllTypesAsync_ShouldReturnAllTypes","ExecutorUri":"executor://NUnit3TestExecutor","Source":"C:\\Users\\simo7\\OneDrive\\Работен плот\\QA Automation- Back-End Technologies\\16.Testing-API-Controllers-Exercises\\Homies.Tests\\bin\\Debug\\net6.0\\fine-code-coverage\\build-output\\Homies.Tests.dll","CodeFilePath":null,"LineNumber":0,"Properties":[{"Key":{"Id":"NUnit.Seed","Label":"Seed","Category":"","Description":"","Attributes":0,"ValueType":"System.String"},"Value":"1235514213"}]},"Attachments":[],"Outcome":1,"ErrorMessage":null,"ErrorStackTrace":null,"DisplayName":"GetAllTypesAsync_ShouldReturnAllTypes","Messages":[],"ComputerName":"SIMEON-PC","Duration":"00:00:00.0592850","StartTime":"2024-02-15T06:10:51.2467683+00:00","EndTime":"2024-02-15T06:10:51.3060524+00:00","Properties":[{"Key":{"Id":"NUnit.Seed","Label":"Seed","Category":"","Description":"","Attributes":0,"ValueType":"System.String"},"Value":"1235514213"}]},{"TestCase":{"Id":"5fbe628a-06eb-f0bc-6d43-86c44a861d75","FullyQualifiedName":"Homies.Tests.EventServiceTests.GetEventDetailAsync_ShouldReturnAllEventDetails","DisplayName":"GetEventDetailAsync_ShouldReturnAllEventDetails","ExecutorUri":"executor://NUnit3TestExecutor","Source":"C:\\Users\\simo7\\OneDrive\\Работен плот\\QA Automation- Back-End Technologies\\16.Testing-API-Controllers-Exercises\\Homies.Tests\\bin\\Debug\\net6.0\\fine-code-coverage\\build-output\\Homies.Tests.dll","CodeFilePath":null,"LineNumber":0,"Properties":[{"Key":{"Id":"NUnit.Seed","Label":"Seed","Category":"","Description":"","Attributes":0,"ValueType":"System.String"},"Value":"1673534583"}]},"Attachments":[],"Outcome":1,"ErrorMessage":null,"ErrorStackTrace":null,"DisplayName":"GetEventDetailAsync_ShouldReturnAllEventDetails","Messages":[],"ComputerName":"SIMEON-PC","Duration":"00:00:00.0405010","StartTime":"2024-02-15T06:10:51.3061628+00:00","EndTime":"2024-02-15T06:10:51.3466634+00:00","Properties":[{"Key":{"Id":"NUnit.Seed","Label":"Seed","Category":"","Description":"","Attributes":0,"ValueType":"System.String"},"Value":"1673534583"}]},{"TestCase":{"Id":"0d6b2654-679e-5f9a-39b6-85933f3b35ee","FullyQualifiedName":"Homies.Tests.EventServiceTests.GetEventForEditAsync_ShouldGetEvent_IfPresentInTheDatabase","DisplayName":"GetEventForEditAsync_ShouldGetEvent_IfPresentInTheDatabase","ExecutorUri":"executor://NUnit3TestExecutor","Source":"C:\\Users\\simo7\\OneDrive\\Работен плот\\QA Automation- Back-End Technologies\\16.Testing-API-Controllers-Exercises\\Homies.Tests\\bin\\Debug\\net6.0\\fine-code-coverage\\build-output\\Homies.Tests.dll","CodeFilePath":null,"LineNumber":0,"Properties":[{"Key":{"Id":"NUnit.Seed","Label":"Seed","Category":"","Description":"","Attributes":0,"ValueType":"System.String"},"Value":"1507398416"}]},"Attachments":[],"Outcome":1,"ErrorMessage":null,"ErrorStackTrace":null,"DisplayName":"GetEventForEditAsync_ShouldGetEvent_IfPresentInTheDatabase","Messages":[],"ComputerName":"SIMEON-PC","Duration":"00:00:00.0520290","StartTime":"2024-02-15T06:10:51.348155+00:00","EndTime":"2024-02-15T06:10:51.4001836+00:00","Properties":[{"Key":{"Id":"NUnit.Seed","Label":"Seed","Category":"","Description":"","Attributes":0,"ValueType":"System.String"},"Value":"1507398416"}]},{"TestCase":{"Id":"39ef173c-af9f-f3f7-5071-42666608da4c","FullyQualifiedName":"Homies.Tests.EventServiceTests.GetEventForEditAsync_ShouldReturnNull_IfEventIsNotFound","DisplayName":"GetEventForEditAsync_ShouldReturnNull_IfEventIsNotFound","ExecutorUri":"executor://NUnit3TestExecutor","Source":"C:\\Users\\simo7\\OneDrive\\Работен плот\\QA Automation- Back-End Technologies\\16.Testing-API-Controllers-Exercises\\Homies.Tests\\bin\\Debug\\net6.0\\fine-code-coverage\\build-output\\Homies.Tests.dll","CodeFilePath":null,"LineNumber":0,"Properties":[{"Key":{"Id":"NUnit.Seed","Label":"Seed","Category":"","Description":"","Attributes":0,"ValueType":"System.String"},"Value":"227124764"}]},"Attachments":[],"Outcome":1,"ErrorMessage":null,"ErrorStackTrace":null,"DisplayName":"GetEventForEditAsync_ShouldReturnNull_IfEventIsNotFound","Messages":[],"ComputerName":"SIMEON-PC","Duration":"00:00:00.0086900","StartTime":"2024-02-15T06:10:51.4028257+00:00","EndTime":"2024-02-15T06:10:51.4115168+00:00","Properties":[{"Key":{"Id":"NUnit.Seed","Label":"Seed","Category":"","Description":"","Attributes":0,"ValueType":"System.String"},"Value":"227124764"}]},{"TestCase":{"Id":"92a04586-c514-9d61-48d9-cff8bb3e530c","FullyQualifiedName":"Homies.Tests.EventServiceTests.GetEventOrganizerIdAsync_ShouldReturnNull_IfEventIsNotExisting","DisplayName":"GetEventOrganizerIdAsync_ShouldReturnNull_IfEventIsNotExisting","ExecutorUri":"executor://NUnit3TestExecutor","Source":"C:\\Users\\simo7\\OneDrive\\Работен плот\\QA Automation- Back-End Technologies\\16.Testing-API-Controllers-Exercises\\Homies.Tests\\bin\\Debug\\net6.0\\fine-code-coverage\\build-output\\Homies.Tests.dll","CodeFilePath":null,"LineNumber":0,"Properties":[{"Key":{"Id":"NUnit.Seed","Label":"Seed","Category":"","Description":"","Attributes":0,"ValueType":"System.String"},"Value":"1481256948"}]},"Attachments":[],"Outcome":1,"ErrorMessage":null,"ErrorStackTrace":null,"DisplayName":"GetEventOrganizerIdAsync_ShouldReturnNull_IfEventIsNotExisting","Messages":[],"ComputerName":"SIMEON-PC","Duration":"00:00:00.0154220","StartTime":"2024-02-15T06:10:51.4115762+00:00","EndTime":"2024-02-15T06:10:51.4269978+00:00","Properties":[{"Key":{"Id":"NUnit.Seed","Label":"Seed","Category":"","Description":"","Attributes":0,"ValueType":"System.String"},"Value":"1481256948"}]},{"TestCase":{"Id":"7074b3b8-f8d9-604d-d14a-8089dae5c787","FullyQualifiedName":"Homies.Tests.EventServiceTests.GetEventOrganizerIdAsync_ShouldReturnOrganizerId_IfExisting","DisplayName":"GetEventOrganizerIdAsync_ShouldReturnOrganizerId_IfExisting","ExecutorUri":"executor://NUnit3TestExecutor","Source":"C:\\Users\\simo7\\OneDrive\\Работен плот\\QA Automation- Back-End Technologies\\16.Testing-API-Controllers-Exercises\\Homies.Tests\\bin\\Debug\\net6.0\\fine-code-coverage\\build-output\\Homies.Tests.dll","CodeFilePath":null,"LineNumber":0,"Properties":[{"Key":{"Id":"NUnit.Seed","Label":"Seed","Category":"","Description":"","Attributes":0,"ValueType":"System.String"},"Value":"352768426"}]},"Attachments":[],"Outcome":1,"ErrorMessage":null,"ErrorStackTrace":null,"DisplayName":"GetEventOrganizerIdAsync_ShouldReturnOrganizerId_IfExisting","Messages":[],"ComputerName":"SIMEON-PC","Duration":"00:00:00.0036410","StartTime":"2024-02-15T06:10:51.4276773+00:00","EndTime":"2024-02-15T06:10:51.4313184+00:00","Properties":[{"Key":{"Id":"NUnit.Seed","Label":"Seed","Category":"","Description":"","Attributes":0,"ValueType":"System.String"},"Value":"352768426"}]},{"TestCase":{"Id":"24f6cd8a-4d38-f65f-faf5-789a8973ee11","FullyQualifiedName":"Homies.Tests.EventServiceTests.GetUserJoinedEventsAsync_ShouldReturnAllJoinedUsers","DisplayName":"GetUserJoinedEventsAsync_ShouldReturnAllJoinedUsers","ExecutorUri":"executor://NUnit3TestExecutor","Source":"C:\\Users\\simo7\\OneDrive\\Работен плот\\QA Automation- Back-End Technologies\\16.Testing-API-Controllers-Exercises\\Homies.Tests\\bin\\Debug\\net6.0\\fine-code-coverage\\build-output\\Homies.Tests.dll","CodeFilePath":null,"LineNumber":0,"Properties":[{"Key":{"Id":"NUnit.Seed","Label":"Seed","Category":"","Description":"","Attributes":0,"ValueType":"System.String"},"Value":"1328132185"}]},"Attachments":[],"Outcome":1,"ErrorMessage":null,"ErrorStackTrace":null,"DisplayName":"GetUserJoinedEventsAsync_ShouldReturnAllJoinedUsers","Messages":[],"ComputerName":"SIMEON-PC","Duration":"00:00:00.2841780","StartTime":"2024-02-15T06:10:51.431373+00:00","EndTime":"2024-02-15T06:10:51.7155507+00:00","Properties":[{"Key":{"Id":"NUnit.Seed","Label":"Seed","Category":"","Description":"","Attributes":0,"ValueType":"System.String"},"Value":"1328132185"}]},{"TestCase":{"Id":"f8a651c6-b900-d52c-e3eb-7207a5c58004","FullyQualifiedName":"Homies.Tests.EventServiceTests.IsUserJoinedEventAsync_ShouldReturnFalse_IfEventDoesNotExist","DisplayName":"IsUserJoinedEventAsync_ShouldReturnFalse_IfEventDoesNotExist","ExecutorUri":"executor://NUnit3TestExecutor","Source":"C:\\Users\\simo7\\OneDrive\\Работен плот\\QA Automation- Back-End Technologies\\16.Testing-API-Controllers-Exercises\\Homies.Tests\\bin\\Debug\\net6.0\\fine-code-coverage\\build-output\\Homies.Tests.dll","CodeFilePath":null,"LineNumber":0,"Properties":[{"Key":{"Id":"NUnit.Seed","Label":"Seed","Category":"","Description":"","Attributes":0,"ValueType":"System.String"},"Value":"954282464"}]},"Attachments":[],"Outcome":1,"ErrorMessage":null,"ErrorStackTrace":null,"DisplayName":"IsUserJoinedEventAsync_ShouldReturnFalse_IfEventDoesNotExist","Messages":[],"ComputerName":"SIMEON-PC","Duration":"00:00:00.0659769","StartTime":"2024-02-15T06:10:51.7712138+00:00","EndTime":"2024-02-15T06:10:51.8371921+00:00","Properties":[{"Key":{"Id":"NUnit.Seed","Label":"Seed","Category":"","Description":"","Attributes":0,"ValueType":"System.String"},"Value":"954282464"}]}],"TestRunStatistics":{"ExecutedTests":13,"Stats":{"Passed":13}},"ActiveTests":[{"Id":"b6306f9e-4a9a-3213-4ddc-691a1f0bb4b7","FullyQualifiedName":"Homies.Tests.EventServiceTests.IsUserJoinedEventAsync_ShouldReturnFalse_IfUserDoesNotExisting","DisplayName":"IsUserJoinedEventAsync_ShouldReturnFalse_IfUserDoesNotExisting","ExecutorUri":"executor://NUnit3TestExecutor","Source":"C:\\Users\\simo7\\OneDrive\\Работен плот\\QA Automation- Back-End Technologies\\16.Testing-API-Controllers-Exercises\\Homies.Tests\\bin\\Debug\\net6.0\\fine-code-coverage\\build-output\\Homies.Tests.dll","CodeFilePath":null,"LineNumber":0,"Properties":[{"Key":{"Id":"NUnit.Seed","Label":"Seed","Category":"","Description":"","Attributes":0,"ValueType":"System.String"},"Value":"2115556882"}]}]}}
TpTrace Verbose: 0 : 6836, 10, 2024/02/15, 08:10:51.875, 146891369523, vstest.console.dll, TestRunRequest:SendTestRunStatsChange: Starting.
TpTrace Verbose: 0 : 6836, 10, 2024/02/15, 08:10:51.876, 146891371181, vstest.console.dll, InProgress is IsUserJoinedEventAsync_ShouldReturnFalse_IfUserDoesNotExisting
TpTrace Verbose: 0 : 6836, 10, 2024/02/15, 08:10:51.876, 146891372967, vstest.console.dll, MulticastDelegateUtilities.SafeInvoke: TestRun.RunStatsChanged: Invoking callbacks was skipped because there are no subscribers.
TpTrace Information: 0 : 6836, 10, 2024/02/15, 08:10:51.876, 146891373701, vstest.console.dll, TestRunRequest:SendTestRunStatsChange: Completed.
TpTrace Verbose: 0 : 6836, 10, 2024/02/15, 08:10:51.876, 146891374368, vstest.console.dll, MulticastDelegateUtilities.SafeInvoke: LengthPrefixCommunicationChannel: MessageReceived: Invoking callback 1/1 for Microsoft.VisualStudio.TestPlatform.CommunicationUtilities.TestRequestSender+<>c__DisplayClass34_0., took 5 ms.
TpTrace Verbose: 0 : 6836, 4, 2024/02/15, 08:10:51.876, 146891374411, vstest.console.dll, MulticastDelegateUtilities.SafeInvoke: InternalTestLoggerEvents.SendTestResult: Invoking callback 1/1 for Microsoft.VisualStudio.TestPlatform.CommandLine.Internal.ConsoleLogger., took 0 ms.
TpTrace Verbose: 0 : 6836, 10, 2024/02/15, 08:10:51.876, 146891375116, vstest.console.dll, TcpClientExtensions.MessageLoopAsync: Polling on remoteEndPoint: 127.0.0.1:55318 localEndPoint: 127.0.0.1:55317
TpTrace Verbose: 0 : 6836, 4, 2024/02/15, 08:10:51.876, 146891376368, vstest.console.dll, MulticastDelegateUtilities.SafeInvoke: InternalTestLoggerEvents.SendTestResult: Invoking callback 1/1 for Microsoft.VisualStudio.TestPlatform.CommandLine.Internal.ConsoleLogger., took 0 ms.
TpTrace Verbose: 0 : 6836, 4, 2024/02/15, 08:10:51.876, 146891377463, vstest.console.dll, MulticastDelegateUtilities.SafeInvoke: InternalTestLoggerEvents.SendTestResult: Invoking callback 1/1 for Microsoft.VisualStudio.TestPlatform.CommandLine.Internal.ConsoleLogger., took 0 ms.
TpTrace Verbose: 0 : 6836, 4, 2024/02/15, 08:10:51.876, 146891378542, vstest.console.dll, MulticastDelegateUtilities.SafeInvoke: InternalTestLoggerEvents.SendTestResult: Invoking callback 1/1 for Microsoft.VisualStudio.TestPlatform.CommandLine.Internal.ConsoleLogger., took 0 ms.
TpTrace Verbose: 0 : 6836, 4, 2024/02/15, 08:10:51.876, 146891379873, vstest.console.dll, MulticastDelegateUtilities.SafeInvoke: InternalTestLoggerEvents.SendTestResult: Invoking callback 1/1 for Microsoft.VisualStudio.TestPlatform.CommandLine.Internal.ConsoleLogger., took 0 ms.
TpTrace Verbose: 0 : 6836, 4, 2024/02/15, 08:10:51.877, 146891380959, vstest.console.dll, MulticastDelegateUtilities.SafeInvoke: InternalTestLoggerEvents.SendTestResult: Invoking callback 1/1 for Microsoft.VisualStudio.TestPlatform.CommandLine.Internal.ConsoleLogger., took 0 ms.
TpTrace Verbose: 0 : 6836, 4, 2024/02/15, 08:10:51.877, 146891382055, vstest.console.dll, MulticastDelegateUtilities.SafeInvoke: InternalTestLoggerEvents.SendTestResult: Invoking callback 1/1 for Microsoft.VisualStudio.TestPlatform.CommandLine.Internal.ConsoleLogger., took 0 ms.
TpTrace Verbose: 0 : 6836, 4, 2024/02/15, 08:10:51.877, 146891383133, vstest.console.dll, MulticastDelegateUtilities.SafeInvoke: InternalTestLoggerEvents.SendTestResult: Invoking callback 1/1 for Microsoft.VisualStudio.TestPlatform.CommandLine.Internal.ConsoleLogger., took 0 ms.
TpTrace Verbose: 0 : 6836, 4, 2024/02/15, 08:10:51.877, 146891384126, vstest.console.dll, MulticastDelegateUtilities.SafeInvoke: InternalTestLoggerEvents.SendTestResult: Invoking callback 1/1 for Microsoft.VisualStudio.TestPlatform.CommandLine.Internal.ConsoleLogger., took 0 ms.
TpTrace Verbose: 0 : 6836, 10, 2024/02/15, 08:10:52.088, 146893494083, vstest.console.dll, TcpClientExtensions.MessageLoopAsync: NotifyDataAvailable remoteEndPoint: 127.0.0.1:55318 localEndPoint: 127.0.0.1:55317
TpTrace Verbose: 0 : 6836, 10, 2024/02/15, 08:10:52.088, 146893498311, vstest.console.dll, TestRequestSender.OnExecutionMessageReceived: Received message: {"Version":7,"MessageType":"TestExecution.StatsChange","Payload":{"NewTestResults":[{"TestCase":{"Id":"b6306f9e-4a9a-3213-4ddc-691a1f0bb4b7","FullyQualifiedName":"Homies.Tests.EventServiceTests.IsUserJoinedEventAsync_ShouldReturnFalse_IfUserDoesNotExisting","DisplayName":"IsUserJoinedEventAsync_ShouldReturnFalse_IfUserDoesNotExisting","ExecutorUri":"executor://NUnit3TestExecutor","Source":"C:\\Users\\simo7\\OneDrive\\Работен плот\\QA Automation- Back-End Technologies\\16.Testing-API-Controllers-Exercises\\Homies.Tests\\bin\\Debug\\net6.0\\fine-code-coverage\\build-output\\Homies.Tests.dll","CodeFilePath":null,"LineNumber":0,"Properties":[{"Key":{"Id":"NUnit.Seed","Label":"Seed","Category":"","Description":"","Attributes":0,"ValueType":"System.String"},"Value":"2115556882"}]},"Attachments":[],"Outcome":1,"ErrorMessage":null,"ErrorStackTrace":null,"DisplayName":"IsUserJoinedEventAsync_ShouldReturnFalse_IfUserDoesNotExisting","Messages":[],"ComputerName":"SIMEON-PC","Duration":"00:00:00.0237580","StartTime":"2024-02-15T06:10:51.8790597+00:00","EndTime":"2024-02-15T06:10:51.9028179+00:00","Properties":[{"Key":{"Id":"NUnit.Seed","Label":"Seed","Category":"","Description":"","Attributes":0,"ValueType":"System.String"},"Value":"2115556882"}]},{"TestCase":{"Id":"4c00d0e5-e876-1ed1-6f39-20a97362494f","FullyQualifiedName":"Homies.Tests.EventServiceTests.IsUserJoinedEventAsync_ShouldReturnTrue_UserIsInTheEvent","DisplayName":"IsUserJoinedEventAsync_ShouldReturnTrue_UserIsInTheEvent","ExecutorUri":"executor://NUnit3TestExecutor","Source":"C:\\Users\\simo7\\OneDrive\\Работен плот\\QA Automation- Back-End Technologies\\16.Testing-API-Controllers-Exercises\\Homies.Tests\\bin\\Debug\\net6.0\\fine-code-coverage\\build-output\\Homies.Tests.dll","CodeFilePath":null,"LineNumber":0,"Properties":[{"Key":{"Id":"NUnit.Seed","Label":"Seed","Category":"","Description":"","Attributes":0,"ValueType":"System.String"},"Value":"1119321088"}]},"Attachments":[],"Outcome":1,"ErrorMessage":null,"ErrorStackTrace":null,"DisplayName":"IsUserJoinedEventAsync_ShouldReturnTrue_UserIsInTheEvent","Messages":[],"ComputerName":"SIMEON-PC","Duration":"00:00:00.0483009","StartTime":"2024-02-15T06:10:51.9329585+00:00","EndTime":"2024-02-15T06:10:51.9812602+00:00","Properties":[{"Key":{"Id":"NUnit.Seed","Label":"Seed","Category":"","Description":"","Attributes":0,"ValueType":"System.String"},"Value":"1119321088"}]},{"TestCase":{"Id":"f12c95de-959e-c1c2-57a6-7a21c2f13d95","FullyQualifiedName":"Homies.Tests.EventServiceTests.JoinEventAsync_ShouldReturnFalse_IfEventDoesNotExist","DisplayName":"JoinEventAsync_ShouldReturnFalse_IfEventDoesNotExist","ExecutorUri":"executor://NUnit3TestExecutor","Source":"C:\\Users\\simo7\\OneDrive\\Работен плот\\QA Automation- Back-End Technologies\\16.Testing-API-Controllers-Exercises\\Homies.Tests\\bin\\Debug\\net6.0\\fine-code-coverage\\build-output\\Homies.Tests.dll","CodeFilePath":null,"LineNumber":0,"Properties":[{"Key":{"Id":"NUnit.Seed","Label":"Seed","Category":"","Description":"","Attributes":0,"ValueType":"System.String"},"Value":"1482435346"}]},"Attachments":[],"Outcome":1,"ErrorMessage":null,"ErrorStackTrace":null,"DisplayName":"JoinEventAsync_ShouldReturnFalse_IfEventDoesNotExist","Messages":[],"ComputerName":"SIMEON-PC","Duration":"00:00:00.0231490","StartTime":"2024-02-15T06:10:51.9868209+00:00","EndTime":"2024-02-15T06:10:52.0099698+00:00","Properties":[{"Key":{"Id":"NUnit.Seed","Label":"Seed","Category":"","Description":"","Attributes":0,"ValueType":"System.String"},"Value":"1482435346"}]},{"TestCase":{"Id":"732144aa-f08f-e9da-393a-f421cc808a7e","FullyQualifiedName":"Homies.Tests.EventServiceTests.JoinEventAsync_ShouldReturnFalse_IfUserIsAlreadyPartOfTheEvent","DisplayName":"JoinEventAsync_ShouldReturnFalse_IfUserIsAlreadyPartOfTheEvent","ExecutorUri":"executor://NUnit3TestExecutor","Source":"C:\\Users\\simo7\\OneDrive\\Работен плот\\QA Automation- Back-End Technologies\\16.Testing-API-Controllers-Exercises\\Homies.Tests\\bin\\Debug\\net6.0\\fine-code-coverage\\build-output\\Homies.Tests.dll","CodeFilePath":null,"LineNumber":0,"Properties":[{"Key":{"Id":"NUnit.Seed","Label":"Seed","Category":"","Description":"","Attributes":0,"ValueType":"System.String"},"Value":"1046383298"}]},"Attachments":[],"Outcome":1,"ErrorMessage":null,"ErrorStackTrace":null,"DisplayName":"JoinEventAsync_ShouldReturnFalse_IfUserIsAlreadyPartOfTheEvent","Messages":[],"ComputerName":"SIMEON-PC","Duration":"00:00:00.0048719","StartTime":"2024-02-15T06:10:52.0101574+00:00","EndTime":"2024-02-15T06:10:52.0150295+00:00","Properties":[{"Key":{"Id":"NUnit.Seed","Label":"Seed","Category":"","Description":"","Attributes":0,"ValueType":"System.String"},"Value":"1046383298"}]},{"TestCase":{"Id":"d883ce6f-98a5-909a-95f0-394241caf7fe","FullyQualifiedName":"Homies.Tests.EventServiceTests.JoinEventAsync_ShouldReturnTrue_IfTheUserIsAddedToTheEvent","DisplayName":"JoinEventAsync_ShouldReturnTrue_IfTheUserIsAddedToTheEvent","ExecutorUri":"executor://NUnit3TestExecutor","Source":"C:\\Users\\simo7\\OneDrive\\Работен плот\\QA Automation- Back-End Technologies\\16.Testing-API-Controllers-Exercises\\Homies.Tests\\bin\\Debug\\net6.0\\fine-code-coverage\\build-output\\Homies.Tests.dll","CodeFilePath":null,"LineNumber":0,"Properties":[{"Key":{"Id":"NUnit.Seed","Label":"Seed","Category":"","Description":"","Attributes":0,"ValueType":"System.String"},"Value":"767615021"}]},"Attachments":[],"Outcome":1,"ErrorMessage":null,"ErrorStackTrace":null,"DisplayName":"JoinEventAsync_ShouldReturnTrue_IfTheUserIsAddedToTheEvent","Messages":[],"ComputerName":"SIMEON-PC","Duration":"00:00:00.0042960","StartTime":"2024-02-15T06:10:52.0151144+00:00","EndTime":"2024-02-15T06:10:52.0194106+00:00","Properties":[{"Key":{"Id":"NUnit.Seed","Label":"Seed","Category":"","Description":"","Attributes":0,"ValueType":"System.String"},"Value":"767615021"}]},{"TestCase":{"Id":"dbc26ccf-8cf3-ce02-b23f-0b4eace8428d","FullyQualifiedName":"Homies.Tests.EventServiceTests.LeaveEventAsync_ShouldReturnFalse_IfWeTryToLeaveAnEventWeAreNotPartOf","DisplayName":"LeaveEventAsync_ShouldReturnFalse_IfWeTryToLeaveAnEventWeAreNotPartOf","ExecutorUri":"executor://NUnit3TestExecutor","Source":"C:\\Users\\simo7\\OneDrive\\Работен плот\\QA Automation- Back-End Technologies\\16.Testing-API-Controllers-Exercises\\Homies.Tests\\bin\\Debug\\net6.0\\fine-code-coverage\\build-output\\Homies.Tests.dll","CodeFilePath":null,"LineNumber":0,"Properties":[{"Key":{"Id":"NUnit.Seed","Label":"Seed","Category":"","Description":"","Attributes":0,"ValueType":"System.String"},"Value":"469875926"}]},"Attachments":[],"Outcome":1,"ErrorMessage":null,"ErrorStackTrace":null,"DisplayName":"LeaveEventAsync_ShouldReturnFalse_IfWeTryToLeaveAnEventWeAreNotPartOf","Messages":[],"ComputerName":"SIMEON-PC","Duration":"00:00:00.0168409","StartTime":"2024-02-15T06:10:52.0194708+00:00","EndTime":"2024-02-15T06:10:52.0363123+00:00","Properties":[{"Key":{"Id":"NUnit.Seed","Label":"Seed","Category":"","Description":"","Attributes":0,"ValueType":"System.String"},"Value":"469875926"}]},{"TestCase":{"Id":"aac9e1eb-a397-1206-7c20-5403e9b7b0a1","FullyQualifiedName":"Homies.Tests.EventServiceTests.LeaveEventAsync_ShouldReturnTrue_IfWeLeaveTheEvent","DisplayName":"LeaveEventAsync_ShouldReturnTrue_IfWeLeaveTheEvent","ExecutorUri":"executor://NUnit3TestExecutor","Source":"C:\\Users\\simo7\\OneDrive\\Работен плот\\QA Automation- Back-End Technologies\\16.Testing-API-Controllers-Exercises\\Homies.Tests\\bin\\Debug\\net6.0\\fine-code-coverage\\build-output\\Homies.Tests.dll","CodeFilePath":null,"LineNumber":0,"Properties":[{"Key":{"Id":"NUnit.Seed","Label":"Seed","Category":"","Description":"","Attributes":0,"ValueType":"System.String"},"Value":"1844457639"}]},"Attachments":[],"Outcome":1,"ErrorMessage":null,"ErrorStackTrace":null,"DisplayName":"LeaveEventAsync_ShouldReturnTrue_IfWeLeaveTheEvent","Messages":[],"ComputerName":"SIMEON-PC","Duration":"00:00:00.0324240","StartTime":"2024-02-15T06:10:52.0363889+00:00","EndTime":"2024-02-15T06:10:52.0688127+00:00","Properties":[{"Key":{"Id":"NUnit.Seed","Label":"Seed","Category":"","Description":"","Attributes":0,"ValueType":"System.String"},"Value":"1844457639"}]},{"TestCase":{"Id":"c067fa32-ce76-e305-9680-376564f7b46e","FullyQualifiedName":"Homies.Tests.EventServiceTests.UpdateEventAsync_ShouldReturnFalse_IfEventDoesNotExist","DisplayName":"UpdateEventAsync_ShouldReturnFalse_IfEventDoesNotExist","ExecutorUri":"executor://NUnit3TestExecutor","Source":"C:\\Users\\simo7\\OneDrive\\Работен плот\\QA Automation- Back-End Technologies\\16.Testing-API-Controllers-Exercises\\Homies.Tests\\bin\\Debug\\net6.0\\fine-code-coverage\\build-output\\Homies.Tests.dll","CodeFilePath":null,"LineNumber":0,"Properties":[{"Key":{"Id":"NUnit.Seed","Label":"Seed","Category":"","Description":"","Attributes":0,"ValueType":"System.String"},"Value":"507111532"}]},"Attachments":[],"Outcome":1,"ErrorMessage":null,"ErrorStackTrace":null,"DisplayName":"UpdateEventAsync_ShouldReturnFalse_IfEventDoesNotExist","Messages":[],"ComputerName":"SIMEON-PC","Duration":"00:00:00.0080900","StartTime":"2024-02-15T06:10:52.0688945+00:00","EndTime":"2024-02-15T06:10:52.076984+00:00","Properties":[{"Key":{"Id":"NUnit.Seed","Label":"Seed","Category":"","Description":"","Attributes":0,"ValueType":"System.String"},"Value":"507111532"}]},{"TestCase":{"Id":"a84962b7-bc97-6e37-2118-d07105b699ac","FullyQualifiedName":"Homies.Tests.EventServiceTests.UpdateEventAsync_ShouldReturnFalse_IfTheOrganizerOfTheEventIsDifferent","DisplayName":"UpdateEventAsync_ShouldReturnFalse_IfTheOrganizerOfTheEventIsDifferent","ExecutorUri":"executor://NUnit3TestExecutor","Source":"C:\\Users\\simo7\\OneDrive\\Работен плот\\QA Automation- Back-End Technologies\\16.Testing-API-Controllers-Exercises\\Homies.Tests\\bin\\Debug\\net6.0\\fine-code-coverage\\build-output\\Homies.Tests.dll","CodeFilePath":null,"LineNumber":0,"Properties":[{"Key":{"Id":"NUnit.Seed","Label":"Seed","Category":"","Description":"","Attributes":0,"ValueType":"System.String"},"Value":"1413701170"}]},"Attachments":[],"Outcome":1,"ErrorMessage":null,"ErrorStackTrace":null,"DisplayName":"UpdateEventAsync_ShouldReturnFalse_IfTheOrganizerOfTheEventIsDifferent","Messages":[],"ComputerName":"SIMEON-PC","Duration":"00:00:00.0056600","StartTime":"2024-02-15T06:10:52.0781255+00:00","EndTime":"2024-02-15T06:10:52.0837855+00:00","Properties":[{"Key":{"Id":"NUnit.Seed","Label":"Seed","Category":"","Description":"","Attributes":0,"ValueType":"System.String"},"Value":"1413701170"}]}],"TestRunStatistics":{"ExecutedTests":22,"Stats":{"Passed":22}},"ActiveTests":[{"Id":"f8704e94-5c5b-31bc-fb5d-9b159a3c60bd","FullyQualifiedName":"Homies.Tests.EventServiceTests.UpdateEventAsync_ShouldReturnTrue_IfWeUpdateTheEventSuccessfully","DisplayName":"UpdateEventAsync_ShouldReturnTrue_IfWeUpdateTheEventSuccessfully","ExecutorUri":"executor://NUnit3TestExecutor","Source":"C:\\Users\\simo7\\OneDrive\\Работен плот\\QA Automation- Back-End Technologies\\16.Testing-API-Controllers-Exercises\\Homies.Tests\\bin\\Debug\\net6.0\\fine-code-coverage\\build-output\\Homies.Tests.dll","CodeFilePath":null,"LineNumber":0,"Properties":[{"Key":{"Id":"NUnit.Seed","Label":"Seed","Category":"","Description":"","Attributes":0,"ValueType":"System.String"},"Value":"114048565"}]}]}}
TpTrace Verbose: 0 : 6836, 10, 2024/02/15, 08:10:52.095, 146893567738, vstest.console.dll, TestRunRequest:SendTestRunStatsChange: Starting.
TpTrace Verbose: 0 : 6836, 10, 2024/02/15, 08:10:52.095, 146893569411, vstest.console.dll, InProgress is UpdateEventAsync_ShouldReturnTrue_IfWeUpdateTheEventSuccessfully
TpTrace Verbose: 0 : 6836, 10, 2024/02/15, 08:10:52.096, 146893571085, vstest.console.dll, MulticastDelegateUtilities.SafeInvoke: TestRun.RunStatsChanged: Invoking callbacks was skipped because there are no subscribers.
TpTrace Information: 0 : 6836, 10, 2024/02/15, 08:10:52.096, 146893571926, vstest.console.dll, TestRunRequest:SendTestRunStatsChange: Completed.
TpTrace Verbose: 0 : 6836, 4, 2024/02/15, 08:10:52.096, 146893571987, vstest.console.dll, MulticastDelegateUtilities.SafeInvoke: InternalTestLoggerEvents.SendTestResult: Invoking callback 1/1 for Microsoft.VisualStudio.TestPlatform.CommandLine.Internal.ConsoleLogger., took 0 ms.
TpTrace Verbose: 0 : 6836, 10, 2024/02/15, 08:10:52.096, 146893572881, vstest.console.dll, MulticastDelegateUtilities.SafeInvoke: LengthPrefixCommunicationChannel: MessageReceived: Invoking callback 1/1 for Microsoft.VisualStudio.TestPlatform.CommunicationUtilities.TestRequestSender+<>c__DisplayClass34_0., took 7 ms.
TpTrace Verbose: 0 : 6836, 4, 2024/02/15, 08:10:52.096, 146893574193, vstest.console.dll, MulticastDelegateUtilities.SafeInvoke: InternalTestLoggerEvents.SendTestResult: Invoking callback 1/1 for Microsoft.VisualStudio.TestPlatform.CommandLine.Internal.ConsoleLogger., took 0 ms.
TpTrace Verbose: 0 : 6836, 10, 2024/02/15, 08:10:52.096, 146893574329, vstest.console.dll, TcpClientExtensions.MessageLoopAsync: Polling on remoteEndPoint: 127.0.0.1:55318 localEndPoint: 127.0.0.1:55317
TpTrace Verbose: 0 : 6836, 4, 2024/02/15, 08:10:52.096, 146893575432, vstest.console.dll, MulticastDelegateUtilities.SafeInvoke: InternalTestLoggerEvents.SendTestResult: Invoking callback 1/1 for Microsoft.VisualStudio.TestPlatform.CommandLine.Internal.ConsoleLogger., took 0 ms.
TpTrace Verbose: 0 : 6836, 4, 2024/02/15, 08:10:52.096, 146893576740, vstest.console.dll, MulticastDelegateUtilities.SafeInvoke: InternalTestLoggerEvents.SendTestResult: Invoking callback 1/1 for Microsoft.VisualStudio.TestPlatform.CommandLine.Internal.ConsoleLogger., took 0 ms.
TpTrace Verbose: 0 : 6836, 4, 2024/02/15, 08:10:52.096, 146893577874, vstest.console.dll, MulticastDelegateUtilities.SafeInvoke: InternalTestLoggerEvents.SendTestResult: Invoking callback 1/1 for Microsoft.VisualStudio.TestPlatform.CommandLine.Internal.ConsoleLogger., took 0 ms.
TpTrace Verbose: 0 : 6836, 4, 2024/02/15, 08:10:52.096, 146893578841, vstest.console.dll, MulticastDelegateUtilities.SafeInvoke: InternalTestLoggerEvents.SendTestResult: Invoking callback 1/1 for Microsoft.VisualStudio.TestPlatform.CommandLine.Internal.ConsoleLogger., took 0 ms.
TpTrace Verbose: 0 : 6836, 4, 2024/02/15, 08:10:52.097, 146893580539, vstest.console.dll, MulticastDelegateUtilities.SafeInvoke: InternalTestLoggerEvents.SendTestResult: Invoking callback 1/1 for Microsoft.VisualStudio.TestPlatform.CommandLine.Internal.ConsoleLogger., took 0 ms.
TpTrace Verbose: 0 : 6836, 4, 2024/02/15, 08:10:52.097, 146893581805, vstest.console.dll, MulticastDelegateUtilities.SafeInvoke: InternalTestLoggerEvents.SendTestResult: Invoking callback 1/1 for Microsoft.VisualStudio.TestPlatform.CommandLine.Internal.ConsoleLogger., took 0 ms.
TpTrace Verbose: 0 : 6836, 4, 2024/02/15, 08:10:52.097, 146893582845, vstest.console.dll, MulticastDelegateUtilities.SafeInvoke: InternalTestLoggerEvents.SendTestResult: Invoking callback 1/1 for Microsoft.VisualStudio.TestPlatform.CommandLine.Internal.ConsoleLogger., took 0 ms.
TpTrace Verbose: 0 : 6836, 10, 2024/02/15, 08:10:52.126, 146893876975, vstest.console.dll, TcpClientExtensions.MessageLoopAsync: NotifyDataAvailable remoteEndPoint: 127.0.0.1:55318 localEndPoint: 127.0.0.1:55317
TpTrace Verbose: 0 : 6836, 10, 2024/02/15, 08:10:52.126, 146893878956, vstest.console.dll, TestRequestSender.OnExecutionMessageReceived: Received message: {"Version":7,"MessageType":"TestSession.Message","Payload":{"MessageLevel":0,"Message":"NUnit Adapter 4.4.0.0: Test execution complete"}}
TpTrace Verbose: 0 : 6836, 10, 2024/02/15, 08:10:52.127, 146893881238, vstest.console.dll, TestRunRequest:SendTestRunMessage: Starting.
TpTrace Verbose: 0 : 6836, 10, 2024/02/15, 08:10:52.127, 146893882690, vstest.console.dll, MulticastDelegateUtilities.SafeInvoke: TestRun.LogMessages: Invoking callback 1/1 for Microsoft.VisualStudio.TestPlatform.CommandLine.TestRunResultAggregator., took 0 ms.
TpTrace Verbose: 0 : 6836, 4, 2024/02/15, 08:10:52.127, 146893882690, vstest.console.dll, MulticastDelegateUtilities.SafeInvoke: InternalTestLoggerEvents.SendTestRunMessage: Invoking callback 1/1 for Microsoft.VisualStudio.TestPlatform.CommandLine.Internal.ConsoleLogger., took 0 ms.
TpTrace Information: 0 : 6836, 10, 2024/02/15, 08:10:52.127, 146893883519, vstest.console.dll, TestRunRequest:SendTestRunMessage: Completed.
TpTrace Verbose: 0 : 6836, 10, 2024/02/15, 08:10:52.127, 146893884824, vstest.console.dll, MulticastDelegateUtilities.SafeInvoke: LengthPrefixCommunicationChannel: MessageReceived: Invoking callback 1/1 for Microsoft.VisualStudio.TestPlatform.CommunicationUtilities.TestRequestSender+<>c__DisplayClass34_0., took 0 ms.
TpTrace Verbose: 0 : 6836, 10, 2024/02/15, 08:10:52.127, 146893885490, vstest.console.dll, TcpClientExtensions.MessageLoopAsync: Polling on remoteEndPoint: 127.0.0.1:55318 localEndPoint: 127.0.0.1:55317
TpTrace Verbose: 0 : 6836, 10, 2024/02/15, 08:10:52.187, 146894483165, vstest.console.dll, TcpClientExtensions.MessageLoopAsync: NotifyDataAvailable remoteEndPoint: 127.0.0.1:55318 localEndPoint: 127.0.0.1:55317
TpTrace Verbose: 0 : 6836, 10, 2024/02/15, 08:10:52.187, 146894485196, vstest.console.dll, TestRequestSender.OnExecutionMessageReceived: Received message: {"Version":7,"MessageType":"TestExecution.Completed","Payload":{"TestRunCompleteArgs":{"TestRunStatistics":{"ExecutedTests":23,"Stats":{"Passed":23}},"IsCanceled":false,"IsAborted":false,"Error":null,"AttachmentSets":[],"InvokedDataCollectors":[],"ElapsedTimeInRunningTests":"00:00:03.8778995","Metrics":{},"DiscoveredExtensions":{"TestDiscoverers":["NUnit.VisualStudio.TestAdapter.NUnit3TestDiscoverer, NUnit3.TestAdapter, Version=4.4.0.0, Culture=neutral, PublicKeyToken=4cb40d35494691ac"],"TestExecutors":["executor://NUnit3TestExecutor"],"TestExecutors2":[],"TestSettingsProviders":[]}},"LastRunTests":{"NewTestResults":[{"TestCase":{"Id":"f8704e94-5c5b-31bc-fb5d-9b159a3c60bd","FullyQualifiedName":"Homies.Tests.EventServiceTests.UpdateEventAsync_ShouldReturnTrue_IfWeUpdateTheEventSuccessfully","DisplayName":"UpdateEventAsync_ShouldReturnTrue_IfWeUpdateTheEventSuccessfully","ExecutorUri":"executor://NUnit3TestExecutor","Source":"C:\\Users\\simo7\\OneDrive\\Работен плот\\QA Automation- Back-End Technologies\\16.Testing-API-Controllers-Exercises\\Homies.Tests\\bin\\Debug\\net6.0\\fine-code-coverage\\build-output\\Homies.Tests.dll","CodeFilePath":null,"LineNumber":0,"Properties":[{"Key":{"Id":"NUnit.Seed","Label":"Seed","Category":"","Description":"","Attributes":0,"ValueType":"System.String"},"Value":"114048565"}]},"Attachments":[],"Outcome":1,"ErrorMessage":null,"ErrorStackTrace":null,"DisplayName":"UpdateEventAsync_ShouldReturnTrue_IfWeUpdateTheEventSuccessfully","Messages":[],"ComputerName":"SIMEON-PC","Duration":"00:00:00.0296210","StartTime":"2024-02-15T06:10:52.0838547+00:00","EndTime":"2024-02-15T06:10:52.113475+00:00","Properties":[{"Key":{"Id":"NUnit.Seed","Label":"Seed","Category":"","Description":"","Attributes":0,"ValueType":"System.String"},"Value":"114048565"}]}],"TestRunStatistics":{"ExecutedTests":23,"Stats":{"Passed":23}},"ActiveTests":[]},"RunAttachments":[],"ExecutorUris":["executor://nunit3testexecutor/"]}}
TpTrace Verbose: 0 : 6836, 10, 2024/02/15, 08:10:52.187, 146894486937, vstest.console.dll, TestRequestSender.EndSession: Sending end session.
TpTrace Verbose: 0 : 6836, 10, 2024/02/15, 08:10:52.187, 146894489966, vstest.console.dll, ProxyOperationManager.Close: waiting for test host to exit for 100 ms
TpTrace Verbose: 0 : 6836, 11, 2024/02/15, 08:10:52.228, 146894894352, vstest.console.dll, TestHostManagerCallbacks.ctor: Experimental forwarding output is disabled.
TpTrace Warning: 0 : 6836, 11, 2024/02/15, 08:10:52.228, 146894895984, vstest.console.dll, TestHostManagerCallbacks.ErrorReceivedCallback Test host standard error line: 
TpTrace Verbose: 0 : 6836, 11, 2024/02/15, 08:10:52.262, 146895231677, vstest.console.dll, TestHostProvider.ExitCallBack: Host exited starting callback.
TpTrace Information: 0 : 6836, 11, 2024/02/15, 08:10:52.262, 146895234114, vstest.console.dll, TestHostManagerCallbacks.ExitCallBack: Testhost processId: 1964 exited with exitcode: 0 error: ''
TpTrace Verbose: 0 : 6836, 11, 2024/02/15, 08:10:52.262, 146895235092, vstest.console.dll, DotnetTestHostManager.OnHostExited: invoking OnHostExited callback
TpTrace Verbose: 0 : 6836, 11, 2024/02/15, 08:10:52.262, 146895236258, vstest.console.dll, CrossPlatEngine.TestHostManagerHostExited: calling on client process exit callback.
TpTrace Information: 0 : 6836, 11, 2024/02/15, 08:10:52.262, 146895237476, vstest.console.dll, TestRequestSender.OnClientProcessExit: Test host process exited. Standard error: 
TpTrace Information: 0 : 6836, 10, 2024/02/15, 08:10:52.262, 146895238015, vstest.console.dll, SocketServer.Stop: Stop server endPoint: 127.0.0.1:55317
TpTrace Information: 0 : 6836, 10, 2024/02/15, 08:10:52.262, 146895238826, vstest.console.dll, SocketServer.Stop: Cancellation requested. Stopping message loop.
TpTrace Information: 0 : 6836, 11, 2024/02/15, 08:10:52.262, 146895238478, vstest.console.dll, SocketServer.Stop: Stop server endPoint: 127.0.0.1:55317
TpTrace Information: 0 : 6836, 11, 2024/02/15, 08:10:52.262, 146895240206, vstest.console.dll, SocketServer.Stop: Cancellation requested. Stopping message loop.
TpTrace Information: 0 : 6836, 10, 2024/02/15, 08:10:52.263, 146895241058, vstest.console.dll, Closing the connection
TpTrace Verbose: 0 : 6836, 11, 2024/02/15, 08:10:52.263, 146895241050, vstest.console.dll, MulticastDelegateUtilities.SafeInvoke: HostProviderEvents.OnHostExited: Invoking callback 1/1 for Microsoft.VisualStudio.TestPlatform.CrossPlatEngine.Client.ProxyOperationManager., took 0 ms.
TpTrace Verbose: 0 : 6836, 10, 2024/02/15, 08:10:52.263, 146895244904, vstest.console.dll, ProxyDataCollectionManager.InvokeDataCollectionServiceAction: Starting.
TpTrace Information: 0 : 6836, 10, 2024/02/15, 08:10:52.263, 146895245678, vstest.console.dll, ProxyDataCollectionManager.AfterTestRunEnd: Get attachment set and invoked data collectors processId: 5500 port: 55314
TpTrace Verbose: 0 : 6836, 10, 2024/02/15, 08:10:52.263, 146895246561, vstest.console.dll, DataCollectionRequestSender.SendAfterTestRunStartAndGetResult: Send AfterTestRunEnd message with isCancelled: False
TpTrace Verbose: 0 : 6836, 10, 2024/02/15, 08:10:52.279, 146895401224, vstest.console.dll, DataCollectionRequestSender.SendAfterTestRunStartAndGetResult: Received message: (DataCollection.AfterTestRunEndResult) -> {"MessageType":"DataCollection.AfterTestRunEndResult","Payload":{"AttachmentSets":[],"InvokedDataCollectors":[{"Uri":"datacollector://Microsoft/TestPlatform/Extensions/Blame/v1","FriendlyName":"Blame","AssemblyQualifiedName":"Microsoft.TestPlatform.Extensions.BlameDataCollector.BlameCollector, Microsoft.TestPlatform.Extensions.BlameDataCollector, Version=15.0.0.0, Culture=neutral, PublicKeyToken=b03f5f7f11d50a3a","FilePath":"C:\\Program Files\\dotnet\\sdk\\8.0.100\\Extensions\\Microsoft.TestPlatform.Extensions.BlameDataCollector.dll","HasAttachmentProcessor":false}],"Metrics":{}}}
TpTrace Information: 0 : 6836, 10, 2024/02/15, 08:10:52.289, 146895501625, vstest.console.dll, ProxyDataCollectionManager.InvokeDataCollectionServiceAction: Completed.
TpTrace Warning: 0 : 6836, 7, 2024/02/15, 08:10:52.299, 146895606681, vstest.console.dll, DataCollectionLauncher.ErrorReceivedCallback datacollector standard error line: 
TpTrace Information: 0 : 6836, 7, 2024/02/15, 08:10:52.330, 146895910669, vstest.console.dll, DataCollectionLauncher.ExitCallBack: Data collector exited with exitcode: 0 error: ''
TpTrace Verbose: 0 : 6836, 10, 2024/02/15, 08:10:52.385, 146896466651, vstest.console.dll, TestRunRequest:SendTestRunStatsChange: Starting.
TpTrace Verbose: 0 : 6836, 10, 2024/02/15, 08:10:52.385, 146896468453, vstest.console.dll, MulticastDelegateUtilities.SafeInvoke: TestRun.RunStatsChanged: Invoking callbacks was skipped because there are no subscribers.
TpTrace Information: 0 : 6836, 10, 2024/02/15, 08:10:52.385, 146896469283, vstest.console.dll, TestRunRequest:SendTestRunStatsChange: Completed.
TpTrace Verbose: 0 : 6836, 4, 2024/02/15, 08:10:52.385, 146896469581, vstest.console.dll, MulticastDelegateUtilities.SafeInvoke: InternalTestLoggerEvents.SendTestResult: Invoking callback 1/1 for Microsoft.VisualStudio.TestPlatform.CommandLine.Internal.ConsoleLogger., took 0 ms.
TpTrace Verbose: 0 : 6836, 10, 2024/02/15, 08:10:52.386, 146896474708, vstest.console.dll, ParallelProxyExecutionManager: HandlePartialRunComplete: Total workloads = 1, Total started clients = 1 Total completed clients = 1, Run complete = True, Run canceled: False.
TpTrace Verbose: 0 : 6836, 10, 2024/02/15, 08:10:52.386, 146896475274, vstest.console.dll, ParallelProxyExecutionManager: HandlePartialRunComplete: All runs completed stopping all managers.
TpTrace Verbose: 0 : 6836, 10, 2024/02/15, 08:10:52.386, 146896475739, vstest.console.dll, ParallelOperationManager.StopAllManagers: Stopping all managers.
TpTrace Verbose: 0 : 6836, 10, 2024/02/15, 08:10:52.386, 146896476153, vstest.console.dll, ParallelOperationManager.ClearSlots: Clearing all slots. Slots should accept more work: False
TpTrace Verbose: 0 : 6836, 10, 2024/02/15, 08:10:52.386, 146896476847, vstest.console.dll, ParallelOperationManager.SetOccupiedSlotCount: Setting slot counts AvailableSlotCount = 1, OccupiedSlotCount = 0.
TpTrace Verbose: 0 : 6836, 10, 2024/02/15, 08:10:52.386, 146896478641, vstest.console.dll, Occupied slots:

TpTrace Verbose: 0 : 6836, 4, 2024/02/15, 08:10:52.402, 146896632556, vstest.console.dll, MulticastDelegateUtilities.SafeInvoke: InternalTestLoggerEvents.SendTestRunComplete: Invoking callback 1/2 for Microsoft.TestPlatform.Extensions.BlameDataCollector.BlameLogger., took 0 ms.
TpTrace Verbose: 0 : 6836, 4, 2024/02/15, 08:10:52.413, 146896747722, vstest.console.dll, MulticastDelegateUtilities.SafeInvoke: InternalTestLoggerEvents.SendTestRunComplete: Invoking callback 2/2 for Microsoft.VisualStudio.TestPlatform.CommandLine.Internal.ConsoleLogger., took 11 ms.
TpTrace Verbose: 0 : 6836, 10, 2024/02/15, 08:10:52.414, 146896752540, vstest.console.dll, TestRunRequest:TestRunComplete: Starting. IsAborted:False IsCanceled:False.
TpTrace Verbose: 0 : 6836, 10, 2024/02/15, 08:10:52.414, 146896755564, vstest.console.dll, ParallelOperationManager.DoActionOnAllManagers: Calling an action on all managers.
TpTrace Verbose: 0 : 6836, 10, 2024/02/15, 08:10:52.433, 146896948230, vstest.console.dll, TestLoggerManager.HandleTestRunComplete: Ignoring as the object is disposed.
TpTrace Verbose: 0 : 6836, 10, 2024/02/15, 08:10:52.434, 146896952645, vstest.console.dll, MulticastDelegateUtilities.SafeInvoke: TestRun.TestRunComplete: Invoking callback 1/2 for Microsoft.VisualStudio.TestPlatform.CommandLine.TestRunResultAggregator., took 0 ms.
TpTrace Verbose: 0 : 6836, 10, 2024/02/15, 08:10:52.434, 146896955171, vstest.console.dll, MulticastDelegateUtilities.SafeInvoke: TestRun.TestRunComplete: Invoking callback 2/2 for Microsoft.VisualStudio.TestPlatform.CommandLine.Processors.RunTestsArgumentExecutor+TestRunRequestEventsRegistrar., took 0 ms.
TpTrace Information: 0 : 6836, 10, 2024/02/15, 08:10:52.434, 146896957262, vstest.console.dll, TestRunRequest:TestRunComplete: Completed.
TpTrace Verbose: 0 : 6836, 1, 2024/02/15, 08:10:52.434, 146896957414, vstest.console.dll, TestRunRequest.Dispose: Starting.
TpTrace Verbose: 0 : 6836, 10, 2024/02/15, 08:10:52.434, 146896958298, vstest.console.dll, TestRequestSender.SetOperationComplete: Setting operation complete.
TpTrace Information: 0 : 6836, 1, 2024/02/15, 08:10:52.434, 146896959142, vstest.console.dll, TestRunRequest.Dispose: Completed.
TpTrace Information: 0 : 6836, 10, 2024/02/15, 08:10:52.434, 146896959751, vstest.console.dll, SocketServer.Stop: Stop server endPoint: 127.0.0.1:55317
TpTrace Information: 0 : 6836, 1, 2024/02/15, 08:10:52.435, 146896960677, vstest.console.dll, TestRequestManager.RunTests: run tests completed.
TpTrace Information: 0 : 6836, 10, 2024/02/15, 08:10:52.435, 146896961116, vstest.console.dll, SocketServer.Stop: Cancellation requested. Stopping message loop.
TpTrace Verbose: 0 : 6836, 10, 2024/02/15, 08:10:52.435, 146896962357, vstest.console.dll, MulticastDelegateUtilities.SafeInvoke: LengthPrefixCommunicationChannel: MessageReceived: Invoking callback 1/1 for Microsoft.VisualStudio.TestPlatform.CommunicationUtilities.TestRequestSender+<>c__DisplayClass34_0., took 247 ms.
TpTrace Information: 0 : 6836, 1, 2024/02/15, 08:10:52.435, 146896962650, vstest.console.dll, RunTestsArgumentProcessor:Execute: Test run is completed.
TpTrace Information: 0 : 6836, 10, 2024/02/15, 08:10:52.435, 146896963589, vstest.console.dll, SocketServer.PrivateStop: Stopping server endPoint: 127.0.0.1:55317 error: 
TpTrace Verbose: 0 : 6836, 1, 2024/02/15, 08:10:52.435, 146896966789, vstest.console.dll, Executor.Execute: Exiting with exit code of 0
TpTrace Verbose: 0 : 6836, 10, 2024/02/15, 08:10:52.436, 146896971650, vstest.console.dll, LengthPrefixCommunicationChannel.Dispose: Dispose reader and writer.
TpTrace Information: 0 : 6836, 10, 2024/02/15, 08:10:52.436, 146896973162, vstest.console.dll, SocketServer.Stop: Raise disconnected event endPoint: 127.0.0.1:55317 error: 
