TpTrace Verbose: 0 : 13200, 1, 2024/02/14, 00:29:51.798, 6728497504774, vstest.console.dll, Version: 17.8.0-release-23523-03 Current process architecture: X64
TpTrace Verbose: 0 : 13200, 1, 2024/02/14, 00:29:51.803, 6728497551821, vstest.console.dll, Runtime location: C:\Program Files\dotnet\shared\Microsoft.NETCore.App\8.0.0
TpTrace Verbose: 0 : 13200, 1, 2024/02/14, 00:29:51.806, 6728497585101, vstest.console.dll, ArtifactProcessingPostProcessModeProcessorExecutor.Initialize: ArtifactProcessingMode.Collect
TpTrace Verbose: 0 : 13200, 1, 2024/02/14, 00:29:51.806, 6728497587764, vstest.console.dll, TestSessionCorrelationIdProcessorModeProcessorExecutor.Initialize: TestSessionCorrelationId '10832_3f9baa6f-2779-4783-96d4-d5b574513a4e'
TpTrace Information: 0 : 13200, 1, 2024/02/14, 00:29:51.816, 6728497678043, vstest.console.dll, FilePatternParser: The given file C:\Users\simo7\OneDrive\Работен плот\QA Automation- Back-End Technologies\17.CodeCoverage-Lab\MyArrayExample\MyArrayExample.Tests\bin\Debug\net8.0\fine-code-coverage\build-output\MyArrayExample.Tests.dll is a full path.
TpTrace Verbose: 0 : 13200, 1, 2024/02/14, 00:29:51.822, 6728497745679, vstest.console.dll, TestPluginCache.DiscoverTestExtensions: finding test extensions in assemblies ends with: RuntimeProvider.dll TPluginInfo: Microsoft.VisualStudio.TestPlatform.Common.ExtensionFramework.Utilities.TestRuntimePluginInformation TExtension: Microsoft.VisualStudio.TestPlatform.ObjectModel.Host.ITestRuntimeProvider
TpTrace Verbose: 0 : 13200, 1, 2024/02/14, 00:29:51.823, 6728497750127, vstest.console.dll, TestPluginCache.GetExtensionPaths: Filtered extension paths: 
TpTrace Verbose: 0 : 13200, 1, 2024/02/14, 00:29:51.823, 6728497751220, vstest.console.dll, TestPluginCache.GetExtensionPaths: Added default extension paths: C:\Program Files\dotnet\sdk\8.0.100\Extensions\Microsoft.Diagnostics.NETCore.Client.dll
C:\Program Files\dotnet\sdk\8.0.100\Extensions\Microsoft.TestPlatform.Extensions.BlameDataCollector.dll
C:\Program Files\dotnet\sdk\8.0.100\Extensions\Microsoft.TestPlatform.Extensions.EventLogCollector.dll
C:\Program Files\dotnet\sdk\8.0.100\Extensions\Microsoft.TestPlatform.TestHostRuntimeProvider.dll
C:\Program Files\dotnet\sdk\8.0.100\Extensions\Microsoft.VisualStudio.TestPlatform.Extensions.Html.TestLogger.dll
C:\Program Files\dotnet\sdk\8.0.100\Extensions\Microsoft.VisualStudio.TestPlatform.Extensions.Trx.TestLogger.dll
TpTrace Verbose: 0 : 13200, 1, 2024/02/14, 00:29:51.823, 6728497752537, vstest.console.dll, TestPluginCache.GetExtensionPaths: Added unfilterableExtensionPaths: 
TpTrace Information: 0 : 13200, 1, 2024/02/14, 00:29:51.824, 6728497760986, vstest.console.dll, AssemblyResolver.ctor: Creating AssemblyResolver with searchDirectories C:\Program Files\dotnet\sdk\8.0.100\Extensions,C:\Program Files\dotnet\sdk\8.0.100
TpTrace Verbose: 0 : 13200, 1, 2024/02/14, 00:29:51.826, 6728497780053, vstest.console.dll, TestPluginCache.DiscoverTestExtensions: Discovering the extensions using extension path.
TpTrace Verbose: 0 : 13200, 1, 2024/02/14, 00:29:51.826, 6728497783047, vstest.console.dll, TestPluginCache.GetExtensionPaths: Filtered extension paths: 
TpTrace Verbose: 0 : 13200, 1, 2024/02/14, 00:29:51.826, 6728497784017, vstest.console.dll, TestPluginCache.GetExtensionPaths: Added default extension paths: C:\Program Files\dotnet\sdk\8.0.100\Extensions\Microsoft.Diagnostics.NETCore.Client.dll
C:\Program Files\dotnet\sdk\8.0.100\Extensions\Microsoft.TestPlatform.Extensions.BlameDataCollector.dll
C:\Program Files\dotnet\sdk\8.0.100\Extensions\Microsoft.TestPlatform.Extensions.EventLogCollector.dll
C:\Program Files\dotnet\sdk\8.0.100\Extensions\Microsoft.TestPlatform.TestHostRuntimeProvider.dll
C:\Program Files\dotnet\sdk\8.0.100\Extensions\Microsoft.VisualStudio.TestPlatform.Extensions.Html.TestLogger.dll
C:\Program Files\dotnet\sdk\8.0.100\Extensions\Microsoft.VisualStudio.TestPlatform.Extensions.Trx.TestLogger.dll
TpTrace Verbose: 0 : 13200, 1, 2024/02/14, 00:29:51.826, 6728497786667, vstest.console.dll, TestPluginCache.GetExtensionPaths: Added unfilterableExtensionPaths: 
TpTrace Verbose: 0 : 13200, 1, 2024/02/14, 00:29:51.827, 6728497790239, vstest.console.dll, TestPluginCache.DiscoverTestExtensions: Discovering the extensions using allExtensionPaths: C:\Program Files\dotnet\sdk\8.0.100\Extensions\Microsoft.Diagnostics.NETCore.Client.dll
C:\Program Files\dotnet\sdk\8.0.100\Extensions\Microsoft.TestPlatform.Extensions.BlameDataCollector.dll
C:\Program Files\dotnet\sdk\8.0.100\Extensions\Microsoft.TestPlatform.Extensions.EventLogCollector.dll
C:\Program Files\dotnet\sdk\8.0.100\Extensions\Microsoft.TestPlatform.TestHostRuntimeProvider.dll
C:\Program Files\dotnet\sdk\8.0.100\Extensions\Microsoft.VisualStudio.TestPlatform.Extensions.Html.TestLogger.dll
C:\Program Files\dotnet\sdk\8.0.100\Extensions\Microsoft.VisualStudio.TestPlatform.Extensions.Trx.TestLogger.dll
TpTrace Information: 0 : 13200, 1, 2024/02/14, 00:29:51.827, 6728497792523, vstest.console.dll, AssemblyResolver.AddSearchDirectories: Adding more searchDirectories C:\Program Files\dotnet\sdk\8.0.100\Extensions,C:\Program Files\dotnet\sdk\8.0.100
TpTrace Information: 0 : 13200, 1, 2024/02/14, 00:29:51.827, 6728497793431, vstest.console.dll, AssemblyResolver.AddSearchDirectories: Adding more searchDirectories C:\Program Files\dotnet\sdk\8.0.100\Extensions,C:\Program Files\dotnet\sdk\8.0.100
TpTrace Information: 0 : 13200, 1, 2024/02/14, 00:29:51.827, 6728497794067, vstest.console.dll, AssemblyResolver.AddSearchDirectories: Adding more searchDirectories C:\Program Files\dotnet\sdk\8.0.100\Extensions,C:\Program Files\dotnet\sdk\8.0.100
TpTrace Information: 0 : 13200, 1, 2024/02/14, 00:29:51.827, 6728497795030, vstest.console.dll, AssemblyResolver.AddSearchDirectories: Adding more searchDirectories C:\Program Files\dotnet\sdk\8.0.100\Extensions,C:\Program Files\dotnet\sdk\8.0.100
TpTrace Information: 0 : 13200, 1, 2024/02/14, 00:29:51.827, 6728497795714, vstest.console.dll, AssemblyResolver.AddSearchDirectories: Adding more searchDirectories C:\Program Files\dotnet\sdk\8.0.100\Extensions,C:\Program Files\dotnet\sdk\8.0.100
TpTrace Information: 0 : 13200, 1, 2024/02/14, 00:29:51.827, 6728497796324, vstest.console.dll, AssemblyResolver.AddSearchDirectories: Adding more searchDirectories C:\Program Files\dotnet\sdk\8.0.100\Extensions,C:\Program Files\dotnet\sdk\8.0.100
TpTrace Information: 0 : 13200, 1, 2024/02/14, 00:29:51.828, 6728497803695, vstest.console.dll, AssemblyResolver.OnResolve: Microsoft.Diagnostics.NETCore.Client: Resolving assembly.
TpTrace Information: 0 : 13200, 1, 2024/02/14, 00:29:51.828, 6728497804975, vstest.console.dll, AssemblyResolver.OnResolve: Microsoft.Diagnostics.NETCore.Client: Searching in: 'C:\Program Files\dotnet\sdk\8.0.100\Extensions'.
TpTrace Information: 0 : 13200, 1, 2024/02/14, 00:29:51.837, 6728497897432, vstest.console.dll, AssemblyResolver.OnResolve: Microsoft.Diagnostics.NETCore.Client: Loading assembly 'C:\Program Files\dotnet\sdk\8.0.100\Extensions\Microsoft.Diagnostics.NETCore.Client.dll'.
TpTrace Information: 0 : 13200, 1, 2024/02/14, 00:29:51.839, 6728497908532, vstest.console.dll, AssemblyResolver.OnResolve: Resolved assembly: Microsoft.Diagnostics.NETCore.Client, from path: C:\Program Files\dotnet\sdk\8.0.100\Extensions\Microsoft.Diagnostics.NETCore.Client.dll
TpTrace Verbose: 0 : 13200, 1, 2024/02/14, 00:29:51.846, 6728497981034, vstest.console.dll, MetadataReaderExtensionsHelper: Discovering extensions inside assembly 'Microsoft.Diagnostics.NETCore.Client, Version=0.2.8.21101, Culture=neutral, PublicKeyToken=31bf3856ad364e35' file path 'C:\Program Files\dotnet\sdk\8.0.100\Extensions\Microsoft.Diagnostics.NETCore.Client.dll'
TpTrace Information: 0 : 13200, 1, 2024/02/14, 00:29:51.851, 6728498035747, vstest.console.dll, AssemblyResolver.OnResolve: Microsoft.Bcl.AsyncInterfaces: Resolving assembly.
TpTrace Information: 0 : 13200, 1, 2024/02/14, 00:29:51.851, 6728498037102, vstest.console.dll, AssemblyResolver.OnResolve: Microsoft.Bcl.AsyncInterfaces: Searching in: 'C:\Program Files\dotnet\sdk\8.0.100\Extensions'.
TpTrace Information: 0 : 13200, 1, 2024/02/14, 00:29:51.852, 6728498038571, vstest.console.dll, AssemblyResolver.OnResolve: Microsoft.Bcl.AsyncInterfaces: Assembly path does not exist: 'C:\Program Files\dotnet\sdk\8.0.100\Extensions\Microsoft.Bcl.AsyncInterfaces.dll', returning.
TpTrace Information: 0 : 13200, 1, 2024/02/14, 00:29:51.852, 6728498040701, vstest.console.dll, AssemblyResolver.OnResolve: Microsoft.Bcl.AsyncInterfaces: Assembly path does not exist: 'C:\Program Files\dotnet\sdk\8.0.100\Extensions\Microsoft.Bcl.AsyncInterfaces.exe', returning.
TpTrace Information: 0 : 13200, 1, 2024/02/14, 00:29:51.852, 6728498041320, vstest.console.dll, AssemblyResolver.OnResolve: Microsoft.Bcl.AsyncInterfaces: Searching in: 'C:\Program Files\dotnet\sdk\8.0.100'.
TpTrace Information: 0 : 13200, 1, 2024/02/14, 00:29:51.852, 6728498042686, vstest.console.dll, AssemblyResolver.OnResolve: Microsoft.Bcl.AsyncInterfaces: Assembly path does not exist: 'C:\Program Files\dotnet\sdk\8.0.100\Microsoft.Bcl.AsyncInterfaces.dll', returning.
TpTrace Information: 0 : 13200, 1, 2024/02/14, 00:29:51.852, 6728498043927, vstest.console.dll, AssemblyResolver.OnResolve: Microsoft.Bcl.AsyncInterfaces: Assembly path does not exist: 'C:\Program Files\dotnet\sdk\8.0.100\Microsoft.Bcl.AsyncInterfaces.exe', returning.
TpTrace Information: 0 : 13200, 1, 2024/02/14, 00:29:51.852, 6728498044495, vstest.console.dll, AssemblyResolver.OnResolve: Microsoft.Bcl.AsyncInterfaces: Failed to load assembly.
TpTrace Verbose: 0 : 13200, 1, 2024/02/14, 00:29:51.852, 6728498045137, vstest.console.dll, CurrentDomainAssemblyResolve: Resolving assembly 'Microsoft.Bcl.AsyncInterfaces'.
TpTrace Information: 0 : 13200, 1, 2024/02/14, 00:29:51.852, 6728498046125, vstest.console.dll, AssemblyResolver.OnResolve: Microsoft.Bcl.AsyncInterfaces: Resolving assembly.
TpTrace Information: 0 : 13200, 1, 2024/02/14, 00:29:51.852, 6728498046838, vstest.console.dll, AssemblyResolver.OnResolve: Microsoft.Bcl.AsyncInterfaces: Resolved from cache.
TpTrace Verbose: 0 : 13200, 1, 2024/02/14, 00:29:51.852, 6728498047470, vstest.console.dll, CurrentDomainAssemblyResolve: Resolving assembly 'Microsoft.Bcl.AsyncInterfaces'.
TpTrace Verbose: 0 : 13200, 1, 2024/02/14, 00:29:51.853, 6728498048119, vstest.console.dll, CurrentDomainAssemblyResolve: Failed to resolve assembly 'Microsoft.Bcl.AsyncInterfaces'.
TpTrace Verbose: 0 : 13200, 1, 2024/02/14, 00:29:51.854, 6728498063847, vstest.console.dll, CurrentDomainAssemblyResolve: Failed to resolve assembly 'Microsoft.Bcl.AsyncInterfaces'.
TpTrace Warning: 0 : 13200, 1, 2024/02/14, 00:29:51.875, 6728498268415, vstest.console.dll, TestPluginDiscoverer: Failed to get types from assembly 'Microsoft.Diagnostics.NETCore.Client, Version=0.2.8.21101, Culture=neutral, PublicKeyToken=31bf3856ad364e35'. Error: System.Reflection.ReflectionTypeLoadException: Unable to load one or more of the requested types.
Could not load file or assembly 'Microsoft.Bcl.AsyncInterfaces, Version=1.0.0.0, Culture=neutral, PublicKeyToken=cc7b13ffcd2ddd51'. The system cannot find the file specified.
   at System.Reflection.RuntimeModule.GetTypes(RuntimeModule module)
   at System.Reflection.RuntimeModule.GetTypes()
   at Microsoft.VisualStudio.TestPlatform.Common.ExtensionFramework.TestPluginDiscoverer.GetTestExtensionsFromAssembly[TPluginInfo,TExtension](Assembly assembly, Dictionary`2 pluginInfos, String filePath) in /_/src/Microsoft.TestPlatform.Common/ExtensionFramework/TestPluginDiscoverer.cs:line 158
System.IO.FileNotFoundException: Could not load file or assembly 'Microsoft.Bcl.AsyncInterfaces, Version=1.0.0.0, Culture=neutral, PublicKeyToken=cc7b13ffcd2ddd51'. The system cannot find the file specified.
File name: 'Microsoft.Bcl.AsyncInterfaces, Version=1.0.0.0, Culture=neutral, PublicKeyToken=cc7b13ffcd2ddd51'
 ---> System.IO.FileNotFoundException: Could not load file or assembly 'Microsoft.Bcl.AsyncInterfaces, Culture=neutral, PublicKeyToken=null'. The system cannot find the file specified.
File name: 'Microsoft.Bcl.AsyncInterfaces, Culture=neutral, PublicKeyToken=null'
   at System.Reflection.RuntimeAssembly.InternalLoad(AssemblyName assemblyName, StackCrawlMark& stackMark, AssemblyLoadContext assemblyLoadContext, RuntimeAssembly requestingAssembly, Boolean throwOnFileNotFound)
   at System.Reflection.Assembly.Load(AssemblyName assemblyRef)
   at Microsoft.VisualStudio.TestPlatform.Common.ExtensionFramework.TestPluginCache.CurrentDomainAssemblyResolve(Object sender, AssemblyResolveEventArgs args) in /_/src/Microsoft.TestPlatform.Common/ExtensionFramework/TestPluginCache.cs:line 513
   at System.Runtime.Loader.AssemblyLoadContext.GetFirstResolvedAssemblyFromResolvingEvent(AssemblyName assemblyName)
   at System.Runtime.Loader.AssemblyLoadContext.ResolveUsingEvent(AssemblyName assemblyName)
   at System.Runtime.Loader.AssemblyLoadContext.ResolveUsingResolvingEvent(IntPtr gchManagedAssemblyLoadContext, AssemblyName assemblyName)
TpTrace Warning: 0 : 13200, 1, 2024/02/14, 00:29:51.876, 6728498279001, vstest.console.dll, LoaderExceptions: System.IO.FileNotFoundException: Could not load file or assembly 'Microsoft.Bcl.AsyncInterfaces, Version=1.0.0.0, Culture=neutral, PublicKeyToken=cc7b13ffcd2ddd51'. The system cannot find the file specified.
File name: 'Microsoft.Bcl.AsyncInterfaces, Version=1.0.0.0, Culture=neutral, PublicKeyToken=cc7b13ffcd2ddd51'
 ---> System.IO.FileNotFoundException: Could not load file or assembly 'Microsoft.Bcl.AsyncInterfaces, Culture=neutral, PublicKeyToken=null'. The system cannot find the file specified.
File name: 'Microsoft.Bcl.AsyncInterfaces, Culture=neutral, PublicKeyToken=null'
   at System.Reflection.RuntimeAssembly.InternalLoad(AssemblyName assemblyName, StackCrawlMark& stackMark, AssemblyLoadContext assemblyLoadContext, RuntimeAssembly requestingAssembly, Boolean throwOnFileNotFound)
   at System.Reflection.Assembly.Load(AssemblyName assemblyRef)
   at Microsoft.VisualStudio.TestPlatform.Common.ExtensionFramework.TestPluginCache.CurrentDomainAssemblyResolve(Object sender, AssemblyResolveEventArgs args) in /_/src/Microsoft.TestPlatform.Common/ExtensionFramework/TestPluginCache.cs:line 513
   at System.Runtime.Loader.AssemblyLoadContext.GetFirstResolvedAssemblyFromResolvingEvent(AssemblyName assemblyName)
   at System.Runtime.Loader.AssemblyLoadContext.ResolveUsingEvent(AssemblyName assemblyName)
   at System.Runtime.Loader.AssemblyLoadContext.ResolveUsingResolvingEvent(IntPtr gchManagedAssemblyLoadContext, AssemblyName assemblyName)
TpTrace Information: 0 : 13200, 1, 2024/02/14, 00:29:51.876, 6728498287370, vstest.console.dll, AssemblyResolver.OnResolve: Microsoft.TestPlatform.Extensions.BlameDataCollector: Resolving assembly.
TpTrace Information: 0 : 13200, 1, 2024/02/14, 00:29:51.877, 6728498289027, vstest.console.dll, AssemblyResolver.OnResolve: Microsoft.TestPlatform.Extensions.BlameDataCollector: Searching in: 'C:\Program Files\dotnet\sdk\8.0.100\Extensions'.
TpTrace Information: 0 : 13200, 1, 2024/02/14, 00:29:51.877, 6728498297795, vstest.console.dll, AssemblyResolver.OnResolve: Microsoft.TestPlatform.Extensions.BlameDataCollector: Loading assembly 'C:\Program Files\dotnet\sdk\8.0.100\Extensions\Microsoft.TestPlatform.Extensions.BlameDataCollector.dll'.
TpTrace Information: 0 : 13200, 1, 2024/02/14, 00:29:51.879, 6728498308415, vstest.console.dll, AssemblyResolver.OnResolve: Resolved assembly: Microsoft.TestPlatform.Extensions.BlameDataCollector, from path: C:\Program Files\dotnet\sdk\8.0.100\Extensions\Microsoft.TestPlatform.Extensions.BlameDataCollector.dll
TpTrace Verbose: 0 : 13200, 1, 2024/02/14, 00:29:51.879, 6728498310605, vstest.console.dll, MetadataReaderExtensionsHelper: Discovering extensions inside assembly 'Microsoft.TestPlatform.Extensions.BlameDataCollector, Version=15.0.0.0, Culture=neutral, PublicKeyToken=b03f5f7f11d50a3a' file path 'C:\Program Files\dotnet\sdk\8.0.100\Extensions\Microsoft.TestPlatform.Extensions.BlameDataCollector.dll'
TpTrace Information: 0 : 13200, 1, 2024/02/14, 00:29:51.881, 6728498333869, vstest.console.dll, AssemblyResolver.OnResolve: Microsoft.TestPlatform.Extensions.EventLogCollector: Resolving assembly.
TpTrace Information: 0 : 13200, 1, 2024/02/14, 00:29:51.881, 6728498336097, vstest.console.dll, AssemblyResolver.OnResolve: Microsoft.TestPlatform.Extensions.EventLogCollector: Searching in: 'C:\Program Files\dotnet\sdk\8.0.100\Extensions'.
TpTrace Information: 0 : 13200, 1, 2024/02/14, 00:29:51.882, 6728498344509, vstest.console.dll, AssemblyResolver.OnResolve: Microsoft.TestPlatform.Extensions.EventLogCollector: Loading assembly 'C:\Program Files\dotnet\sdk\8.0.100\Extensions\Microsoft.TestPlatform.Extensions.EventLogCollector.dll'.
TpTrace Information: 0 : 13200, 1, 2024/02/14, 00:29:51.883, 6728498352333, vstest.console.dll, AssemblyResolver.OnResolve: Resolved assembly: Microsoft.TestPlatform.Extensions.EventLogCollector, from path: C:\Program Files\dotnet\sdk\8.0.100\Extensions\Microsoft.TestPlatform.Extensions.EventLogCollector.dll
TpTrace Verbose: 0 : 13200, 1, 2024/02/14, 00:29:51.883, 6728498353511, vstest.console.dll, MetadataReaderExtensionsHelper: Discovering extensions inside assembly 'Microsoft.TestPlatform.Extensions.EventLogCollector, Version=15.0.0.0, Culture=neutral, PublicKeyToken=b03f5f7f11d50a3a' file path 'C:\Program Files\dotnet\sdk\8.0.100\Extensions\Microsoft.TestPlatform.Extensions.EventLogCollector.dll'
TpTrace Information: 0 : 13200, 1, 2024/02/14, 00:29:51.887, 6728498394367, vstest.console.dll, AssemblyResolver.OnResolve: Microsoft.TestPlatform.TestHostRuntimeProvider: Resolving assembly.
TpTrace Information: 0 : 13200, 1, 2024/02/14, 00:29:51.887, 6728498396359, vstest.console.dll, AssemblyResolver.OnResolve: Microsoft.TestPlatform.TestHostRuntimeProvider: Searching in: 'C:\Program Files\dotnet\sdk\8.0.100\Extensions'.
TpTrace Information: 0 : 13200, 1, 2024/02/14, 00:29:51.888, 6728498406361, vstest.console.dll, AssemblyResolver.OnResolve: Microsoft.TestPlatform.TestHostRuntimeProvider: Loading assembly 'C:\Program Files\dotnet\sdk\8.0.100\Extensions\Microsoft.TestPlatform.TestHostRuntimeProvider.dll'.
TpTrace Information: 0 : 13200, 1, 2024/02/14, 00:29:51.889, 6728498414917, vstest.console.dll, AssemblyResolver.OnResolve: Resolved assembly: Microsoft.TestPlatform.TestHostRuntimeProvider, from path: C:\Program Files\dotnet\sdk\8.0.100\Extensions\Microsoft.TestPlatform.TestHostRuntimeProvider.dll
TpTrace Verbose: 0 : 13200, 1, 2024/02/14, 00:29:51.889, 6728498416619, vstest.console.dll, MetadataReaderExtensionsHelper: Discovering extensions inside assembly 'Microsoft.TestPlatform.TestHostRuntimeProvider, Version=15.0.0.0, Culture=neutral, PublicKeyToken=b03f5f7f11d50a3a' file path 'C:\Program Files\dotnet\sdk\8.0.100\Extensions\Microsoft.TestPlatform.TestHostRuntimeProvider.dll'
TpTrace Information: 0 : 13200, 1, 2024/02/14, 00:29:51.892, 6728498440292, vstest.console.dll, GetTestExtensionFromType: Register extension with identifier data 'HostProvider://DefaultTestHost' and type 'Microsoft.VisualStudio.TestPlatform.CrossPlatEngine.Hosting.DefaultTestHostManager, Microsoft.TestPlatform.TestHostRuntimeProvider, Version=15.0.0.0, Culture=neutral, PublicKeyToken=b03f5f7f11d50a3a' inside file 'C:\Program Files\dotnet\sdk\8.0.100\Extensions\Microsoft.TestPlatform.TestHostRuntimeProvider.dll'
TpTrace Information: 0 : 13200, 1, 2024/02/14, 00:29:51.892, 6728498444151, vstest.console.dll, GetTestExtensionFromType: Register extension with identifier data 'HostProvider://DotnetTestHost' and type 'Microsoft.VisualStudio.TestPlatform.CrossPlatEngine.Hosting.DotnetTestHostManager, Microsoft.TestPlatform.TestHostRuntimeProvider, Version=15.0.0.0, Culture=neutral, PublicKeyToken=b03f5f7f11d50a3a' inside file 'C:\Program Files\dotnet\sdk\8.0.100\Extensions\Microsoft.TestPlatform.TestHostRuntimeProvider.dll'
TpTrace Information: 0 : 13200, 1, 2024/02/14, 00:29:51.892, 6728498445418, vstest.console.dll, AssemblyResolver.OnResolve: Microsoft.VisualStudio.TestPlatform.Extensions.Html.TestLogger: Resolving assembly.
TpTrace Information: 0 : 13200, 1, 2024/02/14, 00:29:51.892, 6728498446148, vstest.console.dll, AssemblyResolver.OnResolve: Microsoft.VisualStudio.TestPlatform.Extensions.Html.TestLogger: Searching in: 'C:\Program Files\dotnet\sdk\8.0.100\Extensions'.
TpTrace Information: 0 : 13200, 1, 2024/02/14, 00:29:51.893, 6728498456107, vstest.console.dll, AssemblyResolver.OnResolve: Microsoft.VisualStudio.TestPlatform.Extensions.Html.TestLogger: Loading assembly 'C:\Program Files\dotnet\sdk\8.0.100\Extensions\Microsoft.VisualStudio.TestPlatform.Extensions.Html.TestLogger.dll'.
TpTrace Information: 0 : 13200, 1, 2024/02/14, 00:29:51.894, 6728498464974, vstest.console.dll, AssemblyResolver.OnResolve: Resolved assembly: Microsoft.VisualStudio.TestPlatform.Extensions.Html.TestLogger, from path: C:\Program Files\dotnet\sdk\8.0.100\Extensions\Microsoft.VisualStudio.TestPlatform.Extensions.Html.TestLogger.dll
TpTrace Verbose: 0 : 13200, 1, 2024/02/14, 00:29:51.894, 6728498466268, vstest.console.dll, MetadataReaderExtensionsHelper: Discovering extensions inside assembly 'Microsoft.VisualStudio.TestPlatform.Extensions.Html.TestLogger, Version=15.0.0.0, Culture=neutral, PublicKeyToken=b03f5f7f11d50a3a' file path 'C:\Program Files\dotnet\sdk\8.0.100\Extensions\Microsoft.VisualStudio.TestPlatform.Extensions.Html.TestLogger.dll'
TpTrace Information: 0 : 13200, 1, 2024/02/14, 00:29:51.896, 6728498481302, vstest.console.dll, AssemblyResolver.OnResolve: Microsoft.VisualStudio.TestPlatform.Extensions.Trx.TestLogger: Resolving assembly.
TpTrace Information: 0 : 13200, 1, 2024/02/14, 00:29:51.896, 6728498482596, vstest.console.dll, AssemblyResolver.OnResolve: Microsoft.VisualStudio.TestPlatform.Extensions.Trx.TestLogger: Searching in: 'C:\Program Files\dotnet\sdk\8.0.100\Extensions'.
TpTrace Information: 0 : 13200, 1, 2024/02/14, 00:29:51.897, 6728498491532, vstest.console.dll, AssemblyResolver.OnResolve: Microsoft.VisualStudio.TestPlatform.Extensions.Trx.TestLogger: Loading assembly 'C:\Program Files\dotnet\sdk\8.0.100\Extensions\Microsoft.VisualStudio.TestPlatform.Extensions.Trx.TestLogger.dll'.
TpTrace Information: 0 : 13200, 1, 2024/02/14, 00:29:51.898, 6728498502025, vstest.console.dll, AssemblyResolver.OnResolve: Resolved assembly: Microsoft.VisualStudio.TestPlatform.Extensions.Trx.TestLogger, from path: C:\Program Files\dotnet\sdk\8.0.100\Extensions\Microsoft.VisualStudio.TestPlatform.Extensions.Trx.TestLogger.dll
TpTrace Verbose: 0 : 13200, 1, 2024/02/14, 00:29:51.898, 6728498503509, vstest.console.dll, MetadataReaderExtensionsHelper: Discovering extensions inside assembly 'Microsoft.VisualStudio.TestPlatform.Extensions.Trx.TestLogger, Version=15.0.0.0, Culture=neutral, PublicKeyToken=b03f5f7f11d50a3a' file path 'C:\Program Files\dotnet\sdk\8.0.100\Extensions\Microsoft.VisualStudio.TestPlatform.Extensions.Trx.TestLogger.dll'
TpTrace Verbose: 0 : 13200, 1, 2024/02/14, 00:29:51.900, 6728498520392, vstest.console.dll, TestPluginCache: Discovered the extensions using extension path ''.
TpTrace Verbose: 0 : 13200, 1, 2024/02/14, 00:29:51.900, 6728498521773, vstest.console.dll, TestPluginCache: Discoverers are ''.
TpTrace Verbose: 0 : 13200, 1, 2024/02/14, 00:29:51.900, 6728498522316, vstest.console.dll, TestPluginCache: Executors are ''.
TpTrace Verbose: 0 : 13200, 1, 2024/02/14, 00:29:51.900, 6728498522821, vstest.console.dll, TestPluginCache: Executors2 are ''.
TpTrace Verbose: 0 : 13200, 1, 2024/02/14, 00:29:51.900, 6728498523318, vstest.console.dll, TestPluginCache: Setting providers are ''.
TpTrace Verbose: 0 : 13200, 1, 2024/02/14, 00:29:51.900, 6728498523810, vstest.console.dll, TestPluginCache: Loggers are ''.
TpTrace Verbose: 0 : 13200, 1, 2024/02/14, 00:29:51.900, 6728498526152, vstest.console.dll, TestPluginCache: TestHosts are 'HostProvider://DefaultTestHost,HostProvider://DotnetTestHost'.
TpTrace Verbose: 0 : 13200, 1, 2024/02/14, 00:29:51.900, 6728498526840, vstest.console.dll, TestPluginCache: DataCollectors are ''.
TpTrace Information: 0 : 13200, 1, 2024/02/14, 00:29:51.924, 6728498758772, vstest.console.dll, RunTestsArgumentProcessor:Execute: Test run is starting.
TpTrace Verbose: 0 : 13200, 1, 2024/02/14, 00:29:51.924, 6728498760525, vstest.console.dll, RunTestsArgumentProcessor:Execute: Queuing Test run.
TpTrace Information: 0 : 13200, 1, 2024/02/14, 00:29:51.924, 6728498764882, vstest.console.dll, TestRequestManager.RunTests: run tests started.
TpTrace Information: 0 : 13200, 1, 2024/02/14, 00:29:51.926, 6728498786185, vstest.console.dll, AssemblyMetadataProvider.GetFrameworkName: Determined framework:'.NETCoreApp,Version=v8.0' for source: 'C:\Users\simo7\OneDrive\Работен плот\QA Automation- Back-End Technologies\17.CodeCoverage-Lab\MyArrayExample\MyArrayExample.Tests\bin\Debug\net8.0\fine-code-coverage\build-output\MyArrayExample.Tests.dll'
TpTrace Information: 0 : 13200, 1, 2024/02/14, 00:29:51.927, 6728498790355, vstest.console.dll, Determined framework for all sources: .NETCoreApp,Version=v8.0
TpTrace Verbose: 0 : 13200, 1, 2024/02/14, 00:29:51.927, 6728498795120, vstest.console.dll, TestRequestManager.UpdateRunSettingsIfRequired: Default architecture: X64 IsDefaultTargetArchitecture: True, Current process architecture: X64 OperatingSystem: Windows.
TpTrace Information: 0 : 13200, 1, 2024/02/14, 00:29:51.929, 6728498817636, vstest.console.dll, AssemblyMetadataProvider.GetArchitecture: Determined architecture:AnyCPU info for assembly: C:\Users\simo7\OneDrive\Работен плот\QA Automation- Back-End Technologies\17.CodeCoverage-Lab\MyArrayExample\MyArrayExample.Tests\bin\Debug\net8.0\fine-code-coverage\build-output\MyArrayExample.Tests.dll
TpTrace Information: 0 : 13200, 1, 2024/02/14, 00:29:51.930, 6728498818902, vstest.console.dll, Determined platform for source 'C:\Users\simo7\OneDrive\Работен плот\QA Automation- Back-End Technologies\17.CodeCoverage-Lab\MyArrayExample\MyArrayExample.Tests\bin\Debug\net8.0\fine-code-coverage\build-output\MyArrayExample.Tests.dll' was AnyCPU and it will use the default plaform X64.
TpTrace Information: 0 : 13200, 1, 2024/02/14, 00:29:51.930, 6728498819486, vstest.console.dll, None of the sources provided any runnable platform, using the default platform: X64
TpTrace Information: 0 : 13200, 1, 2024/02/14, 00:29:51.930, 6728498821018, vstest.console.dll, Platform was updated to 'X64'.
TpTrace Information: 0 : 13200, 1, 2024/02/14, 00:29:51.933, 6728498857666, vstest.console.dll, InferRunSettingsHelper.IsTestSettingsEnabled: Unable to navigate to RunSettings/MSTest. Current node: RunSettings
TpTrace Information: 0 : 13200, 1, 2024/02/14, 00:29:51.934, 6728498867031, vstest.console.dll, AssemblyResolver.OnResolve: Microsoft.VisualStudio.TestPlatform.Fakes: Resolving assembly.
TpTrace Information: 0 : 13200, 1, 2024/02/14, 00:29:51.935, 6728498869564, vstest.console.dll, AssemblyResolver.OnResolve: Microsoft.VisualStudio.TestPlatform.Fakes: Searching in: 'C:\Program Files\dotnet\sdk\8.0.100\Extensions'.
TpTrace Information: 0 : 13200, 1, 2024/02/14, 00:29:51.935, 6728498873338, vstest.console.dll, AssemblyResolver.OnResolve: Microsoft.VisualStudio.TestPlatform.Fakes: Assembly path does not exist: 'C:\Program Files\dotnet\sdk\8.0.100\Extensions\Microsoft.VisualStudio.TestPlatform.Fakes.dll', returning.
TpTrace Information: 0 : 13200, 1, 2024/02/14, 00:29:51.935, 6728498874788, vstest.console.dll, AssemblyResolver.OnResolve: Microsoft.VisualStudio.TestPlatform.Fakes: Assembly path does not exist: 'C:\Program Files\dotnet\sdk\8.0.100\Extensions\Microsoft.VisualStudio.TestPlatform.Fakes.exe', returning.
TpTrace Information: 0 : 13200, 1, 2024/02/14, 00:29:51.935, 6728498875620, vstest.console.dll, AssemblyResolver.OnResolve: Microsoft.VisualStudio.TestPlatform.Fakes: Searching in: 'C:\Program Files\dotnet\sdk\8.0.100'.
TpTrace Information: 0 : 13200, 1, 2024/02/14, 00:29:51.935, 6728498876923, vstest.console.dll, AssemblyResolver.OnResolve: Microsoft.VisualStudio.TestPlatform.Fakes: Assembly path does not exist: 'C:\Program Files\dotnet\sdk\8.0.100\Microsoft.VisualStudio.TestPlatform.Fakes.dll', returning.
TpTrace Information: 0 : 13200, 1, 2024/02/14, 00:29:51.936, 6728498878496, vstest.console.dll, AssemblyResolver.OnResolve: Microsoft.VisualStudio.TestPlatform.Fakes: Assembly path does not exist: 'C:\Program Files\dotnet\sdk\8.0.100\Microsoft.VisualStudio.TestPlatform.Fakes.exe', returning.
TpTrace Information: 0 : 13200, 1, 2024/02/14, 00:29:51.936, 6728498879577, vstest.console.dll, AssemblyResolver.OnResolve: Microsoft.VisualStudio.TestPlatform.Fakes: Failed to load assembly.
TpTrace Information: 0 : 13200, 1, 2024/02/14, 00:29:51.936, 6728498886475, vstest.console.dll, Failed to load assembly Microsoft.VisualStudio.TestPlatform.Fakes, Version=17.0.0.0, Culture=neutral. Reason:System.IO.FileNotFoundException: Could not load file or assembly 'Microsoft.VisualStudio.TestPlatform.Fakes, Version=17.0.0.0, Culture=neutral, PublicKeyToken=null'. The system cannot find the file specified.
File name: 'Microsoft.VisualStudio.TestPlatform.Fakes, Version=17.0.0.0, Culture=neutral, PublicKeyToken=null'
   at System.Reflection.RuntimeAssembly.InternalLoad(AssemblyName assemblyName, StackCrawlMark& stackMark, AssemblyLoadContext assemblyLoadContext, RuntimeAssembly requestingAssembly, Boolean throwOnFileNotFound)
   at System.Reflection.Assembly.Load(AssemblyName assemblyRef)
   at Microsoft.VisualStudio.TestPlatform.Common.Utilities.FakesUtilities.LoadTestPlatformAssembly() in /_/src/Microsoft.TestPlatform.Common/Utilities/FakesUtilities.cs:line 272
TpTrace Verbose: 0 : 13200, 1, 2024/02/14, 00:29:51.942, 6728498943856, vstest.console.dll, TestPluginCache.DiscoverTestExtensions: finding test extensions in assemblies ends with: TestLogger.dll TPluginInfo: Microsoft.VisualStudio.TestPlatform.Common.ExtensionFramework.Utilities.TestLoggerPluginInformation TExtension: Microsoft.VisualStudio.TestPlatform.ObjectModel.Client.ITestLogger
TpTrace Verbose: 0 : 13200, 1, 2024/02/14, 00:29:51.942, 6728498946854, vstest.console.dll, TestPluginCache.GetExtensionPaths: Filtered extension paths: 
TpTrace Verbose: 0 : 13200, 1, 2024/02/14, 00:29:51.943, 6728498948279, vstest.console.dll, TestPluginCache.GetExtensionPaths: Added default extension paths: C:\Program Files\dotnet\sdk\8.0.100\Extensions\Microsoft.Diagnostics.NETCore.Client.dll
C:\Program Files\dotnet\sdk\8.0.100\Extensions\Microsoft.TestPlatform.Extensions.BlameDataCollector.dll
C:\Program Files\dotnet\sdk\8.0.100\Extensions\Microsoft.TestPlatform.Extensions.EventLogCollector.dll
C:\Program Files\dotnet\sdk\8.0.100\Extensions\Microsoft.TestPlatform.TestHostRuntimeProvider.dll
C:\Program Files\dotnet\sdk\8.0.100\Extensions\Microsoft.VisualStudio.TestPlatform.Extensions.Html.TestLogger.dll
C:\Program Files\dotnet\sdk\8.0.100\Extensions\Microsoft.VisualStudio.TestPlatform.Extensions.Trx.TestLogger.dll
TpTrace Verbose: 0 : 13200, 1, 2024/02/14, 00:29:51.943, 6728498949061, vstest.console.dll, TestPluginCache.GetExtensionPaths: Added unfilterableExtensionPaths: 
TpTrace Information: 0 : 13200, 1, 2024/02/14, 00:29:51.943, 6728498951270, vstest.console.dll, AssemblyResolver.AddSearchDirectories: Adding more searchDirectories C:\Program Files\dotnet\sdk\8.0.100\Extensions,C:\Program Files\dotnet\sdk\8.0.100
TpTrace Verbose: 0 : 13200, 1, 2024/02/14, 00:29:51.943, 6728498952040, vstest.console.dll, TestPluginCache.DiscoverTestExtensions: Discovering the extensions using extension path.
TpTrace Verbose: 0 : 13200, 1, 2024/02/14, 00:29:51.943, 6728498952679, vstest.console.dll, TestPluginCache.GetExtensionPaths: Filtered extension paths: 
TpTrace Verbose: 0 : 13200, 1, 2024/02/14, 00:29:51.943, 6728498953232, vstest.console.dll, TestPluginCache.GetExtensionPaths: Added default extension paths: C:\Program Files\dotnet\sdk\8.0.100\Extensions\Microsoft.Diagnostics.NETCore.Client.dll
C:\Program Files\dotnet\sdk\8.0.100\Extensions\Microsoft.TestPlatform.Extensions.BlameDataCollector.dll
C:\Program Files\dotnet\sdk\8.0.100\Extensions\Microsoft.TestPlatform.Extensions.EventLogCollector.dll
C:\Program Files\dotnet\sdk\8.0.100\Extensions\Microsoft.TestPlatform.TestHostRuntimeProvider.dll
C:\Program Files\dotnet\sdk\8.0.100\Extensions\Microsoft.VisualStudio.TestPlatform.Extensions.Html.TestLogger.dll
C:\Program Files\dotnet\sdk\8.0.100\Extensions\Microsoft.VisualStudio.TestPlatform.Extensions.Trx.TestLogger.dll
TpTrace Verbose: 0 : 13200, 1, 2024/02/14, 00:29:51.943, 6728498954604, vstest.console.dll, TestPluginCache.GetExtensionPaths: Added unfilterableExtensionPaths: 
TpTrace Verbose: 0 : 13200, 1, 2024/02/14, 00:29:51.943, 6728498955255, vstest.console.dll, TestPluginCache.DiscoverTestExtensions: Discovering the extensions using allExtensionPaths: C:\Program Files\dotnet\sdk\8.0.100\Extensions\Microsoft.Diagnostics.NETCore.Client.dll
C:\Program Files\dotnet\sdk\8.0.100\Extensions\Microsoft.TestPlatform.Extensions.BlameDataCollector.dll
C:\Program Files\dotnet\sdk\8.0.100\Extensions\Microsoft.TestPlatform.Extensions.EventLogCollector.dll
C:\Program Files\dotnet\sdk\8.0.100\Extensions\Microsoft.TestPlatform.TestHostRuntimeProvider.dll
C:\Program Files\dotnet\sdk\8.0.100\Extensions\Microsoft.VisualStudio.TestPlatform.Extensions.Html.TestLogger.dll
C:\Program Files\dotnet\sdk\8.0.100\Extensions\Microsoft.VisualStudio.TestPlatform.Extensions.Trx.TestLogger.dll
TpTrace Information: 0 : 13200, 1, 2024/02/14, 00:29:51.943, 6728498956071, vstest.console.dll, AssemblyResolver.AddSearchDirectories: Adding more searchDirectories C:\Program Files\dotnet\sdk\8.0.100\Extensions,C:\Program Files\dotnet\sdk\8.0.100
TpTrace Information: 0 : 13200, 1, 2024/02/14, 00:29:51.943, 6728498956711, vstest.console.dll, AssemblyResolver.AddSearchDirectories: Adding more searchDirectories C:\Program Files\dotnet\sdk\8.0.100\Extensions,C:\Program Files\dotnet\sdk\8.0.100
TpTrace Information: 0 : 13200, 1, 2024/02/14, 00:29:51.943, 6728498957474, vstest.console.dll, AssemblyResolver.AddSearchDirectories: Adding more searchDirectories C:\Program Files\dotnet\sdk\8.0.100\Extensions,C:\Program Files\dotnet\sdk\8.0.100
TpTrace Information: 0 : 13200, 1, 2024/02/14, 00:29:51.944, 6728498958129, vstest.console.dll, AssemblyResolver.AddSearchDirectories: Adding more searchDirectories C:\Program Files\dotnet\sdk\8.0.100\Extensions,C:\Program Files\dotnet\sdk\8.0.100
TpTrace Information: 0 : 13200, 1, 2024/02/14, 00:29:51.944, 6728498958742, vstest.console.dll, AssemblyResolver.AddSearchDirectories: Adding more searchDirectories C:\Program Files\dotnet\sdk\8.0.100\Extensions,C:\Program Files\dotnet\sdk\8.0.100
TpTrace Information: 0 : 13200, 1, 2024/02/14, 00:29:51.944, 6728498959363, vstest.console.dll, AssemblyResolver.AddSearchDirectories: Adding more searchDirectories C:\Program Files\dotnet\sdk\8.0.100\Extensions,C:\Program Files\dotnet\sdk\8.0.100
TpTrace Verbose: 0 : 13200, 1, 2024/02/14, 00:29:51.944, 6728498960985, vstest.console.dll, MetadataReaderExtensionsHelper: Discovering extensions inside assembly 'Microsoft.Diagnostics.NETCore.Client, Version=0.2.8.21101, Culture=neutral, PublicKeyToken=31bf3856ad364e35' file path 'C:\Program Files\dotnet\sdk\8.0.100\Extensions\Microsoft.Diagnostics.NETCore.Client.dll'
TpTrace Information: 0 : 13200, 1, 2024/02/14, 00:29:51.945, 6728498971277, vstest.console.dll, AssemblyResolver.OnResolve: Microsoft.Bcl.AsyncInterfaces: Resolving assembly.
TpTrace Information: 0 : 13200, 1, 2024/02/14, 00:29:51.945, 6728498972343, vstest.console.dll, AssemblyResolver.OnResolve: Microsoft.Bcl.AsyncInterfaces: Resolved from cache.
TpTrace Verbose: 0 : 13200, 1, 2024/02/14, 00:29:51.945, 6728498972898, vstest.console.dll, CurrentDomainAssemblyResolve: Resolving assembly 'Microsoft.Bcl.AsyncInterfaces'.
TpTrace Information: 0 : 13200, 1, 2024/02/14, 00:29:51.945, 6728498973697, vstest.console.dll, AssemblyResolver.OnResolve: Microsoft.Bcl.AsyncInterfaces: Resolving assembly.
TpTrace Information: 0 : 13200, 1, 2024/02/14, 00:29:51.945, 6728498974269, vstest.console.dll, AssemblyResolver.OnResolve: Microsoft.Bcl.AsyncInterfaces: Resolved from cache.
TpTrace Verbose: 0 : 13200, 1, 2024/02/14, 00:29:51.945, 6728498974801, vstest.console.dll, CurrentDomainAssemblyResolve: Resolving assembly 'Microsoft.Bcl.AsyncInterfaces'.
TpTrace Verbose: 0 : 13200, 1, 2024/02/14, 00:29:51.945, 6728498975319, vstest.console.dll, CurrentDomainAssemblyResolve: Failed to resolve assembly 'Microsoft.Bcl.AsyncInterfaces'.
TpTrace Verbose: 0 : 13200, 1, 2024/02/14, 00:29:51.945, 6728498977283, vstest.console.dll, CurrentDomainAssemblyResolve: Failed to resolve assembly 'Microsoft.Bcl.AsyncInterfaces'.
TpTrace Warning: 0 : 13200, 1, 2024/02/14, 00:29:51.946, 6728498984394, vstest.console.dll, TestPluginDiscoverer: Failed to get types from assembly 'Microsoft.Diagnostics.NETCore.Client, Version=0.2.8.21101, Culture=neutral, PublicKeyToken=31bf3856ad364e35'. Error: System.Reflection.ReflectionTypeLoadException: Unable to load one or more of the requested types.
Could not load file or assembly 'Microsoft.Bcl.AsyncInterfaces, Version=1.0.0.0, Culture=neutral, PublicKeyToken=cc7b13ffcd2ddd51'. The system cannot find the file specified.
   at System.Reflection.RuntimeModule.GetTypes(RuntimeModule module)
   at System.Reflection.RuntimeModule.GetTypes()
   at Microsoft.VisualStudio.TestPlatform.Common.ExtensionFramework.TestPluginDiscoverer.GetTestExtensionsFromAssembly[TPluginInfo,TExtension](Assembly assembly, Dictionary`2 pluginInfos, String filePath) in /_/src/Microsoft.TestPlatform.Common/ExtensionFramework/TestPluginDiscoverer.cs:line 158
System.IO.FileNotFoundException: Could not load file or assembly 'Microsoft.Bcl.AsyncInterfaces, Version=1.0.0.0, Culture=neutral, PublicKeyToken=cc7b13ffcd2ddd51'. The system cannot find the file specified.
File name: 'Microsoft.Bcl.AsyncInterfaces, Version=1.0.0.0, Culture=neutral, PublicKeyToken=cc7b13ffcd2ddd51'
 ---> System.IO.FileNotFoundException: Could not load file or assembly 'Microsoft.Bcl.AsyncInterfaces, Culture=neutral, PublicKeyToken=null'. The system cannot find the file specified.
File name: 'Microsoft.Bcl.AsyncInterfaces, Culture=neutral, PublicKeyToken=null'
   at System.Reflection.RuntimeAssembly.InternalLoad(AssemblyName assemblyName, StackCrawlMark& stackMark, AssemblyLoadContext assemblyLoadContext, RuntimeAssembly requestingAssembly, Boolean throwOnFileNotFound)
   at System.Reflection.Assembly.Load(AssemblyName assemblyRef)
   at Microsoft.VisualStudio.TestPlatform.Common.ExtensionFramework.TestPluginCache.CurrentDomainAssemblyResolve(Object sender, AssemblyResolveEventArgs args) in /_/src/Microsoft.TestPlatform.Common/ExtensionFramework/TestPluginCache.cs:line 513
   at System.Runtime.Loader.AssemblyLoadContext.GetFirstResolvedAssemblyFromResolvingEvent(AssemblyName assemblyName)
   at System.Runtime.Loader.AssemblyLoadContext.ResolveUsingEvent(AssemblyName assemblyName)
   at System.Runtime.Loader.AssemblyLoadContext.ResolveUsingResolvingEvent(IntPtr gchManagedAssemblyLoadContext, AssemblyName assemblyName)
TpTrace Warning: 0 : 13200, 1, 2024/02/14, 00:29:51.946, 6728498987756, vstest.console.dll, LoaderExceptions: System.IO.FileNotFoundException: Could not load file or assembly 'Microsoft.Bcl.AsyncInterfaces, Version=1.0.0.0, Culture=neutral, PublicKeyToken=cc7b13ffcd2ddd51'. The system cannot find the file specified.
File name: 'Microsoft.Bcl.AsyncInterfaces, Version=1.0.0.0, Culture=neutral, PublicKeyToken=cc7b13ffcd2ddd51'
 ---> System.IO.FileNotFoundException: Could not load file or assembly 'Microsoft.Bcl.AsyncInterfaces, Culture=neutral, PublicKeyToken=null'. The system cannot find the file specified.
File name: 'Microsoft.Bcl.AsyncInterfaces, Culture=neutral, PublicKeyToken=null'
   at System.Reflection.RuntimeAssembly.InternalLoad(AssemblyName assemblyName, StackCrawlMark& stackMark, AssemblyLoadContext assemblyLoadContext, RuntimeAssembly requestingAssembly, Boolean throwOnFileNotFound)
   at System.Reflection.Assembly.Load(AssemblyName assemblyRef)
   at Microsoft.VisualStudio.TestPlatform.Common.ExtensionFramework.TestPluginCache.CurrentDomainAssemblyResolve(Object sender, AssemblyResolveEventArgs args) in /_/src/Microsoft.TestPlatform.Common/ExtensionFramework/TestPluginCache.cs:line 513
   at System.Runtime.Loader.AssemblyLoadContext.GetFirstResolvedAssemblyFromResolvingEvent(AssemblyName assemblyName)
   at System.Runtime.Loader.AssemblyLoadContext.ResolveUsingEvent(AssemblyName assemblyName)
   at System.Runtime.Loader.AssemblyLoadContext.ResolveUsingResolvingEvent(IntPtr gchManagedAssemblyLoadContext, AssemblyName assemblyName)
TpTrace Verbose: 0 : 13200, 1, 2024/02/14, 00:29:51.947, 6728498989367, vstest.console.dll, MetadataReaderExtensionsHelper: Discovering extensions inside assembly 'Microsoft.TestPlatform.Extensions.BlameDataCollector, Version=15.0.0.0, Culture=neutral, PublicKeyToken=b03f5f7f11d50a3a' file path 'C:\Program Files\dotnet\sdk\8.0.100\Extensions\Microsoft.TestPlatform.Extensions.BlameDataCollector.dll'
TpTrace Information: 0 : 13200, 1, 2024/02/14, 00:29:51.948, 6728499001155, vstest.console.dll, GetTestExtensionFromType: Register extension with identifier data 'logger://Microsoft/TestPlatform/Extensions/Blame/v1' and type 'Microsoft.TestPlatform.Extensions.BlameDataCollector.BlameLogger, Microsoft.TestPlatform.Extensions.BlameDataCollector, Version=15.0.0.0, Culture=neutral, PublicKeyToken=b03f5f7f11d50a3a' inside file 'C:\Program Files\dotnet\sdk\8.0.100\Extensions\Microsoft.TestPlatform.Extensions.BlameDataCollector.dll'
TpTrace Verbose: 0 : 13200, 1, 2024/02/14, 00:29:51.948, 6728499002582, vstest.console.dll, MetadataReaderExtensionsHelper: Discovering extensions inside assembly 'Microsoft.TestPlatform.Extensions.EventLogCollector, Version=15.0.0.0, Culture=neutral, PublicKeyToken=b03f5f7f11d50a3a' file path 'C:\Program Files\dotnet\sdk\8.0.100\Extensions\Microsoft.TestPlatform.Extensions.EventLogCollector.dll'
TpTrace Verbose: 0 : 13200, 1, 2024/02/14, 00:29:51.949, 6728499010988, vstest.console.dll, MetadataReaderExtensionsHelper: Discovering extensions inside assembly 'Microsoft.TestPlatform.TestHostRuntimeProvider, Version=15.0.0.0, Culture=neutral, PublicKeyToken=b03f5f7f11d50a3a' file path 'C:\Program Files\dotnet\sdk\8.0.100\Extensions\Microsoft.TestPlatform.TestHostRuntimeProvider.dll'
TpTrace Verbose: 0 : 13200, 1, 2024/02/14, 00:29:51.950, 6728499018404, vstest.console.dll, MetadataReaderExtensionsHelper: Discovering extensions inside assembly 'Microsoft.VisualStudio.TestPlatform.Extensions.Html.TestLogger, Version=15.0.0.0, Culture=neutral, PublicKeyToken=b03f5f7f11d50a3a' file path 'C:\Program Files\dotnet\sdk\8.0.100\Extensions\Microsoft.VisualStudio.TestPlatform.Extensions.Html.TestLogger.dll'
TpTrace Information: 0 : 13200, 1, 2024/02/14, 00:29:51.951, 6728499035581, vstest.console.dll, GetTestExtensionFromType: Register extension with identifier data 'logger://Microsoft/TestPlatform/HtmlLogger/v1' and type 'Microsoft.VisualStudio.TestPlatform.Extensions.HtmlLogger.HtmlLogger, Microsoft.VisualStudio.TestPlatform.Extensions.Html.TestLogger, Version=15.0.0.0, Culture=neutral, PublicKeyToken=b03f5f7f11d50a3a' inside file 'C:\Program Files\dotnet\sdk\8.0.100\Extensions\Microsoft.VisualStudio.TestPlatform.Extensions.Html.TestLogger.dll'
TpTrace Verbose: 0 : 13200, 1, 2024/02/14, 00:29:51.952, 6728499038049, vstest.console.dll, MetadataReaderExtensionsHelper: Discovering extensions inside assembly 'Microsoft.VisualStudio.TestPlatform.Extensions.Trx.TestLogger, Version=15.0.0.0, Culture=neutral, PublicKeyToken=b03f5f7f11d50a3a' file path 'C:\Program Files\dotnet\sdk\8.0.100\Extensions\Microsoft.VisualStudio.TestPlatform.Extensions.Trx.TestLogger.dll'
TpTrace Information: 0 : 13200, 1, 2024/02/14, 00:29:51.953, 6728499049247, vstest.console.dll, GetTestExtensionFromType: Register extension with identifier data 'logger://Microsoft/TestPlatform/TrxLogger/v1' and type 'Microsoft.VisualStudio.TestPlatform.Extensions.TrxLogger.TrxLogger, Microsoft.VisualStudio.TestPlatform.Extensions.Trx.TestLogger, Version=15.0.0.0, Culture=neutral, PublicKeyToken=b03f5f7f11d50a3a' inside file 'C:\Program Files\dotnet\sdk\8.0.100\Extensions\Microsoft.VisualStudio.TestPlatform.Extensions.Trx.TestLogger.dll'
TpTrace Verbose: 0 : 13200, 1, 2024/02/14, 00:29:51.953, 6728499050950, vstest.console.dll, TestPluginCache: Discovered the extensions using extension path ''.
TpTrace Verbose: 0 : 13200, 1, 2024/02/14, 00:29:51.953, 6728499051538, vstest.console.dll, TestPluginCache: Discoverers are ''.
TpTrace Verbose: 0 : 13200, 1, 2024/02/14, 00:29:51.953, 6728499052047, vstest.console.dll, TestPluginCache: Executors are ''.
TpTrace Verbose: 0 : 13200, 1, 2024/02/14, 00:29:51.953, 6728499052616, vstest.console.dll, TestPluginCache: Executors2 are ''.
TpTrace Verbose: 0 : 13200, 1, 2024/02/14, 00:29:51.953, 6728499053160, vstest.console.dll, TestPluginCache: Setting providers are ''.
TpTrace Verbose: 0 : 13200, 1, 2024/02/14, 00:29:51.953, 6728499054339, vstest.console.dll, TestPluginCache: Loggers are 'logger://Microsoft/TestPlatform/Extensions/Blame/v1,logger://Microsoft/TestPlatform/HtmlLogger/v1,logger://Microsoft/TestPlatform/TrxLogger/v1'.
TpTrace Verbose: 0 : 13200, 1, 2024/02/14, 00:29:51.953, 6728499055130, vstest.console.dll, TestPluginCache: TestHosts are 'HostProvider://DefaultTestHost,HostProvider://DotnetTestHost'.
TpTrace Verbose: 0 : 13200, 1, 2024/02/14, 00:29:51.953, 6728499055664, vstest.console.dll, TestPluginCache: DataCollectors are ''.
TpTrace Information: 0 : 13200, 1, 2024/02/14, 00:29:51.955, 6728499068603, vstest.console.dll, TestPluginManager.CreateTestExtension: Attempting to load test extension: Microsoft.TestPlatform.Extensions.BlameDataCollector.BlameLogger
TpTrace Verbose: 0 : 13200, 1, 2024/02/14, 00:29:51.972, 6728499238159, vstest.console.dll, TestEngine: Initializing Parallel Execution as MaxCpuCount is set to: 1
TpTrace Information: 0 : 13200, 1, 2024/02/14, 00:29:51.974, 6728499267587, vstest.console.dll, TestPluginManager.CreateTestExtension: Attempting to load test extension: Microsoft.VisualStudio.TestPlatform.CrossPlatEngine.Hosting.DefaultTestHostManager
TpTrace Information: 0 : 13200, 1, 2024/02/14, 00:29:51.976, 6728499279307, vstest.console.dll, TestPluginManager.CreateTestExtension: Attempting to load test extension: Microsoft.VisualStudio.TestPlatform.CrossPlatEngine.Hosting.DotnetTestHostManager
TpTrace Information: 0 : 13200, 1, 2024/02/14, 00:29:51.977, 6728499292601, vstest.console.dll, InferRunSettingsHelper.IsTestSettingsEnabled: Unable to navigate to RunSettings/MSTest. Current node: RunSettings
TpTrace Verbose: 0 : 13200, 1, 2024/02/14, 00:29:51.979, 6728499309376, vstest.console.dll, ParallelOperationManager.ClearSlots: Clearing all slots. Slots should accept more work: True
TpTrace Verbose: 0 : 13200, 1, 2024/02/14, 00:29:51.981, 6728499328843, vstest.console.dll, ParallelOperationManager.SetOccupiedSlotCount: Setting slot counts AvailableSlotCount = 1, OccupiedSlotCount = 0.
TpTrace Verbose: 0 : 13200, 1, 2024/02/14, 00:29:51.981, 6728499335704, vstest.console.dll, Occupied slots:

TpTrace Verbose: 0 : 13200, 1, 2024/02/14, 00:29:51.988, 6728499405030, vstest.console.dll, TestEngine.GetExecutionManager: Chosen execution manager 'Microsoft.VisualStudio.TestPlatform.CrossPlatEngine.Client.Parallel.ParallelProxyExecutionManager, Microsoft.TestPlatform.CrossPlatEngine, Version=15.0.0.0, Culture=neutral, PublicKeyToken=b03f5f7f11d50a3a' ParallelLevel '1'.
TpTrace Verbose: 0 : 13200, 1, 2024/02/14, 00:29:51.989, 6728499408347, vstest.console.dll, TestRunRequest.ExecuteAsync: Creating test run request.
TpTrace Verbose: 0 : 13200, 1, 2024/02/14, 00:29:51.989, 6728499412748, vstest.console.dll, TestRunRequest.ExecuteAsync: Starting.
TpTrace Information: 0 : 13200, 1, 2024/02/14, 00:29:51.994, 6728499459498, vstest.console.dll, TestRunRequest.ExecuteAsync: Starting run with settings:TestRunCriteria:
   KeepAlive=False,FrequencyOfRunStatsChangeEvent=10,RunStatsChangeEventTimeout=00:00:01.5000000,TestCaseFilter=,TestExecutorLauncher=
   Settingsxml=<RunSettings>
  <RunConfiguration>
    <ResultsDirectory>C:\Users\simo7\OneDrive\Работен плот\QA Automation- Back-End Technologies\17.CodeCoverage-Lab\MyArrayExample\MyArrayExample.Tests\bin\Debug\net8.0\fine-code-coverage\coverage-tool-output</ResultsDirectory>
    <TargetPlatform>X64</TargetPlatform>
    <TargetFrameworkVersion>.NETCoreApp,Version=v8.0</TargetFrameworkVersion>
    <DesignMode>False</DesignMode>
    <CollectSourceInformation>False</CollectSourceInformation>
  </RunConfiguration>
  <LoggerRunSettings>
    <Loggers>
      <Logger friendlyName="blame" enabled="True" />
      <Logger friendlyName="Console" uri="logger://microsoft/TestPlatform/ConsoleLogger/v1" assemblyQualifiedName="Microsoft.VisualStudio.TestPlatform.CommandLine.Internal.ConsoleLogger, vstest.console, Version=15.0.0.0, Culture=neutral, PublicKeyToken=b03f5f7f11d50a3a" codeBase="C:\Program Files\dotnet\sdk\8.0.100\vstest.console.dll" enabled="True" />
    </Loggers>
  </LoggerRunSettings>
  <DataCollectionRunSettings>
    <DataCollectors>
      <DataCollector friendlyName="blame" enabled="True">
        <Configuration>
          <ResultsDirectory>C:\Users\simo7\OneDrive\Работен плот\QA Automation- Back-End Technologies\17.CodeCoverage-Lab\MyArrayExample\MyArrayExample.Tests\bin\Debug\net8.0\fine-code-coverage\coverage-tool-output</ResultsDirectory>
        </Configuration>
      </DataCollector>
    </DataCollectors>
  </DataCollectionRunSettings>
</RunSettings>

TpTrace Verbose: 0 : 13200, 1, 2024/02/14, 00:29:51.994, 6728499461017, vstest.console.dll, TestRunRequest.ExecuteAsync: Wait for the first run request is over.
TpTrace Verbose: 0 : 13200, 1, 2024/02/14, 00:29:51.994, 6728499466362, vstest.console.dll, MulticastDelegateUtilities.SafeInvoke: TestRun.TestRunStart: Invoking callbacks was skipped because there are no subscribers.
TpTrace Verbose: 0 : 13200, 4, 2024/02/14, 00:29:51.995, 6728499469718, vstest.console.dll, MulticastDelegateUtilities.SafeInvoke: InternalTestLoggerEvents.SendTestRunStart: Invoking callback 1/1 for Microsoft.VisualStudio.TestPlatform.CommandLine.Internal.ConsoleLogger., took 0 ms.
TpTrace Verbose: 0 : 13200, 1, 2024/02/14, 00:29:51.997, 6728499493175, vstest.console.dll, ParallelProxyExecutionManager: Start execution. Total sources: 1
TpTrace Verbose: 0 : 13200, 1, 2024/02/14, 00:29:51.998, 6728499500462, vstest.console.dll, ParallelOperationManager.StartWork: Starting adding 1 workloads.
TpTrace Verbose: 0 : 13200, 1, 2024/02/14, 00:29:51.998, 6728499502180, vstest.console.dll, ParallelOperationManager.ClearSlots: Clearing all slots. Slots should accept more work: True
TpTrace Verbose: 0 : 13200, 1, 2024/02/14, 00:29:51.998, 6728499504042, vstest.console.dll, ParallelOperationManager.SetOccupiedSlotCount: Setting slot counts AvailableSlotCount = 1, OccupiedSlotCount = 0.
TpTrace Verbose: 0 : 13200, 1, 2024/02/14, 00:29:51.998, 6728499505200, vstest.console.dll, Occupied slots:

TpTrace Verbose: 0 : 13200, 1, 2024/02/14, 00:29:52.000, 6728499526060, vstest.console.dll, TestRequestSender is acting as server.
TpTrace Verbose: 0 : 13200, 1, 2024/02/14, 00:29:52.002, 6728499541255, vstest.console.dll, ParallelOperationManager.RunWorkInParallel: Adding 1 workload to slot, remaining workloads 0.
TpTrace Verbose: 0 : 13200, 1, 2024/02/14, 00:29:52.002, 6728499542843, vstest.console.dll, ParallelOperationManager.SetOccupiedSlotCount: Setting slot counts AvailableSlotCount = 0, OccupiedSlotCount = 1.
TpTrace Verbose: 0 : 13200, 1, 2024/02/14, 00:29:52.002, 6728499545722, vstest.console.dll, Occupied slots:
0: C:\Users\simo7\OneDrive\Работен плот\QA Automation- Back-End Technologies\17.CodeCoverage-Lab\MyArrayExample\MyArrayExample.Tests\bin\Debug\net8.0\fine-code-coverage\build-output\MyArrayExample.Tests.dll
TpTrace Verbose: 0 : 13200, 1, 2024/02/14, 00:29:52.004, 6728499561553, vstest.console.dll, ParallelOperationManager.RunWorkInParallel: Started host in slot number 0 for work (source): C:\Users\simo7\OneDrive\Работен плот\QA Automation- Back-End Technologies\17.CodeCoverage-Lab\MyArrayExample\MyArrayExample.Tests\bin\Debug\net8.0\fine-code-coverage\build-output\MyArrayExample.Tests.dll.
TpTrace Verbose: 0 : 13200, 1, 2024/02/14, 00:29:52.005, 6728499576333, vstest.console.dll, ParallelOperationManager.RunWorkInParallel: We started 1 work items, which is the max parallel level. Won't start more work.
TpTrace Verbose: 0 : 13200, 1, 2024/02/14, 00:29:52.006, 6728499578302, vstest.console.dll, ParallelOperationManager.RunWorkInParallel: We started 1 work items in here, returning True.
TpTrace Information: 0 : 13200, 1, 2024/02/14, 00:29:52.006, 6728499579494, vstest.console.dll, TestRunRequest.ExecuteAsync: Started.
TpTrace Verbose: 0 : 13200, 5, 2024/02/14, 00:29:52.006, 6728499583222, vstest.console.dll, ParallelProxyExecutionManager.StartTestRunOnConcurrentManager: Initializing uninitialized client. Started clients: 0
TpTrace Verbose: 0 : 13200, 5, 2024/02/14, 00:29:52.006, 6728499586264, vstest.console.dll, DataCollectionRequestSender.InitializeCommunication : Initialize communication. 
TpTrace Verbose: 0 : 13200, 1, 2024/02/14, 00:29:52.007, 6728499594397, vstest.console.dll, TestRunRequest.WaitForCompletion: Waiting with timeout -1.
TpTrace Information: 0 : 13200, 5, 2024/02/14, 00:29:52.043, 6728499955659, vstest.console.dll, Listening on Endpoint : 127.0.0.1:63608
TpTrace Verbose: 0 : 13200, 5, 2024/02/14, 00:29:52.057, 6728500097682, vstest.console.dll, DotnetDataCollectionLauncher: Adding  --runtimeconfig "C:\Program Files\dotnet\sdk\8.0.100\datacollector.runtimeconfig.json" in args
TpTrace Verbose: 0 : 13200, 5, 2024/02/14, 00:29:52.058, 6728500100242, vstest.console.dll, DotnetDataCollectionLauncher: Adding  --depsfile "C:\Program Files\dotnet\sdk\8.0.100\datacollector.deps.json" in args
TpTrace Verbose: 0 : 13200, 5, 2024/02/14, 00:29:52.058, 6728500103872, vstest.console.dll, DotnetDataCollectionLauncher: Full path of dotnet.exe is C:\Program Files\dotnet\dotnet.exe
TpTrace Information: 0 : 13200, 5, 2024/02/14, 00:29:52.071, 6728500234330, vstest.console.dll, ProxyDataCollectionManager.Initialize: Launched datacollector processId: 6700 port: 63608
TpTrace Information: 0 : 13200, 5, 2024/02/14, 00:29:52.071, 6728500236835, vstest.console.dll, ProxyDataCollectionManager.Initialize: waiting for connection with timeout: 90 seconds
TpTrace Verbose: 0 : 13200, 5, 2024/02/14, 00:29:52.072, 6728500238258, vstest.console.dll, DataCollectionRequestSender.WaitForRequestHandlerConnection : Waiting for connection with timeout: 90000
TpTrace Verbose: 0 : 13200, 5, 2024/02/14, 00:29:52.526, 6728504783571, vstest.console.dll, SocketCommunicationManager.WaitForClientConnection took: 454 ms, with 90000 ms timeout, and finished with True.
TpTrace Information: 0 : 13200, 11, 2024/02/14, 00:29:52.526, 6728504783482, vstest.console.dll, Using the buffer size of 16384 bytes
TpTrace Verbose: 0 : 13200, 5, 2024/02/14, 00:29:52.526, 6728504786952, vstest.console.dll, ProxyDataCollectionManager.InvokeDataCollectionServiceAction: Starting.
TpTrace Information: 0 : 13200, 11, 2024/02/14, 00:29:52.526, 6728504787299, vstest.console.dll, Accepted Client request and set the flag
TpTrace Information: 0 : 13200, 5, 2024/02/14, 00:29:52.527, 6728504789045, vstest.console.dll, ProxyDataCollectionManager.BeforeTestRunStart: Get environment variable and port for datacollector processId: 6700 port: 63608
TpTrace Verbose: 0 : 13200, 5, 2024/02/14, 00:29:52.527, 6728504791472, vstest.console.dll, DataCollectionRequestSender.SendBeforeTestRunStartAndGetResult: Send BeforeTestRunStart message with settingsXml <RunSettings><RunConfiguration><ResultsDirectory>C:\Users\simo7\OneDrive\Работен плот\QA Automation- Back-End Technologies\17.CodeCoverage-Lab\MyArrayExample\MyArrayExample.Tests\bin\Debug\net8.0\fine-code-coverage\coverage-tool-output</ResultsDirectory><TargetPlatform>X64</TargetPlatform><TargetFrameworkVersion>.NETCoreApp,Version=v8.0</TargetFrameworkVersion><DesignMode>False</DesignMode><CollectSourceInformation>False</CollectSourceInformation><TestAdaptersPaths>C:\Program Files\dotnet\sdk\8.0.100\Extensions</TestAdaptersPaths></RunConfiguration><LoggerRunSettings><Loggers><Logger friendlyName="blame" enabled="True" /><Logger friendlyName="Console" uri="logger://microsoft/TestPlatform/ConsoleLogger/v1" assemblyQualifiedName="Microsoft.VisualStudio.TestPlatform.CommandLine.Internal.ConsoleLogger, vstest.console, Version=15.0.0.0, Culture=neutral, PublicKeyToken=b03f5f7f11d50a3a" codeBase="C:\Program Files\dotnet\sdk\8.0.100\vstest.console.dll" enabled="True" /></Loggers></LoggerRunSettings><DataCollectionRunSettings><DataCollectors><DataCollector friendlyName="blame" enabled="True"><Configuration><ResultsDirectory>C:\Users\simo7\OneDrive\Работен плот\QA Automation- Back-End Technologies\17.CodeCoverage-Lab\MyArrayExample\MyArrayExample.Tests\bin\Debug\net8.0\fine-code-coverage\coverage-tool-output</ResultsDirectory></Configuration></DataCollector></DataCollectors></DataCollectionRunSettings></RunSettings> and sources System.Collections.Generic.List`1[System.String]: 
TpTrace Verbose: 0 : 13200, 5, 2024/02/14, 00:29:52.642, 6728505944392, vstest.console.dll, DataCollectionRequestSender.SendBeforeTestRunStartAndGetResult: Received message: (DataCollection.SendMessage) -> {"MessageType":"DataCollection.SendMessage","Payload":{"FriendlyName":null,"Uri":null,"TestCaseId":"00000000-0000-0000-0000-000000000000","Message":"Logging DataCollector Diagnostics in file: C:\\Users\\simo7\\OneDrive\\Работен плот\\QA Automation- Back-End Technologies\\17.CodeCoverage-Lab\\MyArrayExample\\MyArrayExample.Tests\\bin\\Debug\\net8.0\\fine-code-coverage\\coverage-tool-output\\diagnostics.datacollector.24-02-14_00-29-52_05749_5.log","Level":0}}
TpTrace Verbose: 0 : 13200, 5, 2024/02/14, 00:29:52.784, 6728507367236, vstest.console.dll, DataCollectionRequestSender.SendBeforeTestRunStartAndGetResult: Received message: (DataCollection.BeforeTestRunStartResult) -> {"MessageType":"DataCollection.BeforeTestRunStartResult","Payload":{"EnvironmentVariables":{},"DataCollectionEventsPort":63610}}
TpTrace Information: 0 : 13200, 5, 2024/02/14, 00:29:52.790, 6728507427951, vstest.console.dll, ProxyDataCollectionManager.BeforeTestRunStart: SendBeforeTestRunStartAndGetResult successful, env variable from datacollector:   and testhost port: 63610
TpTrace Information: 0 : 13200, 5, 2024/02/14, 00:29:52.791, 6728507429953, vstest.console.dll, ProxyDataCollectionManager.InvokeDataCollectionServiceAction: Completed.
TpTrace Verbose: 0 : 13200, 5, 2024/02/14, 00:29:52.791, 6728507431390, vstest.console.dll, ParallelProxyExecutionManager.StartTestRunOnConcurrentManager: Initializing test run. Started clients: 0
TpTrace Verbose: 0 : 13200, 5, 2024/02/14, 00:29:52.791, 6728507433264, vstest.console.dll, ProxyExecutionManager: Test host is always Lazy initialize.
TpTrace Verbose: 0 : 13200, 5, 2024/02/14, 00:29:52.791, 6728507436346, vstest.console.dll, TestRequestSender.InitializeCommunication: initialize communication. 
TpTrace Information: 0 : 13200, 5, 2024/02/14, 00:29:52.792, 6728507445984, vstest.console.dll, SocketServer.Start: Listening on endpoint : 127.0.0.1:63611
TpTrace Verbose: 0 : 13200, 5, 2024/02/14, 00:29:52.793, 6728507457155, vstest.console.dll, DotnetTestHostmanager.GetTestHostProcessStartInfo: Platform environment 'X64' target architecture 'X64' framework '.NETCoreApp,Version=v8.0' OS 'Windows'
TpTrace Verbose: 0 : 13200, 5, 2024/02/14, 00:29:52.794, 6728507460954, vstest.console.dll, DotnetTestHostmanager: Adding  --runtimeconfig "C:\Users\simo7\OneDrive\Работен плот\QA Automation- Back-End Technologies\17.CodeCoverage-Lab\MyArrayExample\MyArrayExample.Tests\bin\Debug\net8.0\fine-code-coverage\build-output\MyArrayExample.Tests.runtimeconfig.json" in args
TpTrace Verbose: 0 : 13200, 5, 2024/02/14, 00:29:52.794, 6728507463022, vstest.console.dll, DotnetTestHostmanager: Adding  --depsfile "C:\Users\simo7\OneDrive\Работен плот\QA Automation- Back-End Technologies\17.CodeCoverage-Lab\MyArrayExample\MyArrayExample.Tests\bin\Debug\net8.0\fine-code-coverage\build-output\MyArrayExample.Tests.deps.json" in args
TpTrace Verbose: 0 : 13200, 5, 2024/02/14, 00:29:52.794, 6728507466867, vstest.console.dll, DotnetTestHostmanager.IsWinOnArm: Current PROCESSOR_ARCHITECTURE from environment variable 'AMD64'
TpTrace Verbose: 0 : 13200, 5, 2024/02/14, 00:29:52.795, 6728507467987, vstest.console.dll, DotnetTestHostmanager.IsWinOnArm: Is Windows on ARM 'False'
TpTrace Verbose: 0 : 13200, 5, 2024/02/14, 00:29:52.795, 6728507469675, vstest.console.dll, DotnetTestHostManager: testhost.exe found at path: C:\Users\simo7\OneDrive\Работен плот\QA Automation- Back-End Technologies\17.CodeCoverage-Lab\MyArrayExample\MyArrayExample.Tests\bin\Debug\net8.0\fine-code-coverage\build-output\testhost.exe
TpTrace Verbose: 0 : 13200, 5, 2024/02/14, 00:29:52.795, 6728507470770, vstest.console.dll, DotnetTestHostmanager: Full path of host exe is C:\Users\simo7\OneDrive\Работен плот\QA Automation- Back-End Technologies\17.CodeCoverage-Lab\MyArrayExample\MyArrayExample.Tests\bin\Debug\net8.0\fine-code-coverage\build-output\testhost.exe
TpTrace Verbose: 0 : 13200, 5, 2024/02/14, 00:29:52.795, 6728507472921, vstest.console.dll, DotnetTestHostmanager.LaunchTestHostAsync: Found 'VSTEST_WINAPPHOST_DOTNET_ROOT' in env variables, value 'C:\Program Files\dotnet', forwarding to 'DOTNET_ROOT'
TpTrace Verbose: 0 : 13200, 5, 2024/02/14, 00:29:52.795, 6728507475622, vstest.console.dll, DotnetTestHostManager: Starting process 'C:\Users\simo7\OneDrive\Работен плот\QA Automation- Back-End Technologies\17.CodeCoverage-Lab\MyArrayExample\MyArrayExample.Tests\bin\Debug\net8.0\fine-code-coverage\build-output\testhost.exe' with command line ' --runtimeconfig "C:\Users\simo7\OneDrive\Работен плот\QA Automation- Back-End Technologies\17.CodeCoverage-Lab\MyArrayExample\MyArrayExample.Tests\bin\Debug\net8.0\fine-code-coverage\build-output\MyArrayExample.Tests.runtimeconfig.json" --depsfile "C:\Users\simo7\OneDrive\Работен плот\QA Automation- Back-End Technologies\17.CodeCoverage-Lab\MyArrayExample\MyArrayExample.Tests\bin\Debug\net8.0\fine-code-coverage\build-output\MyArrayExample.Tests.deps.json" --port 63611 --endpoint 127.0.0.1:063611 --role client --parentprocessid 13200 --diag "C:\Users\simo7\OneDrive\Работен плот\QA Automation- Back-End Technologies\17.CodeCoverage-Lab\MyArrayExample\MyArrayExample.Tests\bin\Debug\net8.0\fine-code-coverage\coverage-tool-output\diagnostics.host.24-02-14_00-29-52_79340_5.log" --tracelevel 4 --datacollectionport 63610 --telemetryoptedin false'
TpTrace Verbose: 0 : 13200, 5, 2024/02/14, 00:29:52.804, 6728507562857, vstest.console.dll, MulticastDelegateUtilities.SafeInvoke: HostProviderEvents.OnHostLaunched: Invoking callback 1/2 for Microsoft.VisualStudio.TestPlatform.CrossPlatEngine.Client.ProxyExecutionManagerWithDataCollection., took 1 ms.
TpTrace Verbose: 0 : 13200, 5, 2024/02/14, 00:29:52.805, 6728507568530, vstest.console.dll, Test Runtime launched
TpTrace Verbose: 0 : 13200, 5, 2024/02/14, 00:29:52.805, 6728507570575, vstest.console.dll, MulticastDelegateUtilities.SafeInvoke: HostProviderEvents.OnHostLaunched: Invoking callback 2/2 for Microsoft.VisualStudio.TestPlatform.CrossPlatEngine.Client.ProxyOperationManager., took 0 ms.
TpTrace Verbose: 0 : 13200, 5, 2024/02/14, 00:29:52.805, 6728507574510, vstest.console.dll, TestRequestSender.WaitForRequestHandlerConnection: waiting for connection with timeout: 90000.
TpTrace Verbose: 0 : 13200, 5, 2024/02/14, 00:29:53.144, 6728510962311, vstest.console.dll, TestRequestSender.WaitForRequestHandlerConnection: waiting took 338 ms, with timeout 90000 ms, and result 0, which is success.
TpTrace Verbose: 0 : 13200, 7, 2024/02/14, 00:29:53.144, 6728510962135, vstest.console.dll, MulticastDelegateUtilities.SafeInvoke: SocketServer: ClientConnected: Invoking callback 1/1 for Microsoft.VisualStudio.TestPlatform.CommunicationUtilities.TestRequestSender., took 0 ms.
TpTrace Verbose: 0 : 13200, 7, 2024/02/14, 00:29:53.144, 6728510966077, vstest.console.dll, SocketServer.OnClientConnected: Client connected for endPoint: 127.0.0.1:63611, starting MessageLoopAsync:
TpTrace Verbose: 0 : 13200, 12, 2024/02/14, 00:29:53.146, 6728510978563, vstest.console.dll, TcpClientExtensions.MessageLoopAsync: Polling on remoteEndPoint: 127.0.0.1:63612 localEndPoint: 127.0.0.1:63611
TpTrace Verbose: 0 : 13200, 5, 2024/02/14, 00:29:53.146, 6728510987701, vstest.console.dll, TestRequestSender.CheckVersionWithTestHost: Sending check version message: {"MessageType":"ProtocolVersion","Payload":7}
TpTrace Verbose: 0 : 13200, 12, 2024/02/14, 00:29:53.488, 6728514405135, vstest.console.dll, TcpClientExtensions.MessageLoopAsync: NotifyDataAvailable remoteEndPoint: 127.0.0.1:63612 localEndPoint: 127.0.0.1:63611
TpTrace Verbose: 0 : 13200, 12, 2024/02/14, 00:29:53.489, 6728514410298, vstest.console.dll, TestRequestSender.CheckVersionWithTestHost: onMessageReceived received message: (ProtocolVersion) -> {"MessageType":"ProtocolVersion","Payload":7}
TpTrace Verbose: 0 : 13200, 12, 2024/02/14, 00:29:53.490, 6728514425823, vstest.console.dll, MulticastDelegateUtilities.SafeInvoke: LengthPrefixCommunicationChannel: MessageReceived: Invoking callback 1/1 for Microsoft.VisualStudio.TestPlatform.CommunicationUtilities.TestRequestSender+<>c__DisplayClass29_0., took 1 ms.
TpTrace Verbose: 0 : 13200, 12, 2024/02/14, 00:29:53.491, 6728514428616, vstest.console.dll, TcpClientExtensions.MessageLoopAsync: Polling on remoteEndPoint: 127.0.0.1:63612 localEndPoint: 127.0.0.1:63611
TpTrace Verbose: 0 : 13200, 5, 2024/02/14, 00:29:53.490, 6728514426960, vstest.console.dll, TestPluginCache.GetExtensionPaths: Filtered extension paths: 
TpTrace Verbose: 0 : 13200, 5, 2024/02/14, 00:29:53.491, 6728514430992, vstest.console.dll, TestPluginCache.GetExtensionPaths: Added default extension paths: C:\Program Files\dotnet\sdk\8.0.100\Extensions\Microsoft.Diagnostics.NETCore.Client.dll
C:\Program Files\dotnet\sdk\8.0.100\Extensions\Microsoft.TestPlatform.Extensions.BlameDataCollector.dll
C:\Program Files\dotnet\sdk\8.0.100\Extensions\Microsoft.TestPlatform.Extensions.EventLogCollector.dll
C:\Program Files\dotnet\sdk\8.0.100\Extensions\Microsoft.TestPlatform.TestHostRuntimeProvider.dll
C:\Program Files\dotnet\sdk\8.0.100\Extensions\Microsoft.VisualStudio.TestPlatform.Extensions.Html.TestLogger.dll
C:\Program Files\dotnet\sdk\8.0.100\Extensions\Microsoft.VisualStudio.TestPlatform.Extensions.Trx.TestLogger.dll
TpTrace Verbose: 0 : 13200, 5, 2024/02/14, 00:29:53.491, 6728514432272, vstest.console.dll, TestPluginCache.GetExtensionPaths: Added unfilterableExtensionPaths: 
TpTrace Verbose: 0 : 13200, 5, 2024/02/14, 00:29:53.503, 6728514549770, vstest.console.dll, TestRequestSender.InitializeExecution: Sending initialize execution with message: {"Version":7,"MessageType":"TestExecution.Initialize","Payload":["C:\\Users\\simo7\\OneDrive\\Работен плот\\QA Automation- Back-End Technologies\\17.CodeCoverage-Lab\\MyArrayExample\\MyArrayExample.Tests\\bin\\Debug\\net8.0\\fine-code-coverage\\build-output\\NUnit3.TestAdapter.dll"]}
TpTrace Verbose: 0 : 13200, 5, 2024/02/14, 00:29:53.503, 6728514554652, vstest.console.dll, ParallelProxyExecutionManager.StartTestRunOnConcurrentManager: Execution starting. Started clients: 1
TpTrace Verbose: 0 : 13200, 5, 2024/02/14, 00:29:53.504, 6728514562049, vstest.console.dll, TestRunRequest:SendTestRunMessage: Starting.
TpTrace Verbose: 0 : 13200, 5, 2024/02/14, 00:29:53.504, 6728514566384, vstest.console.dll, MulticastDelegateUtilities.SafeInvoke: TestRun.LogMessages: Invoking callback 1/1 for Microsoft.VisualStudio.TestPlatform.CommandLine.TestRunResultAggregator., took 0 ms.
TpTrace Information: 0 : 13200, 5, 2024/02/14, 00:29:53.504, 6728514567791, vstest.console.dll, TestRunRequest:SendTestRunMessage: Completed.
TpTrace Verbose: 0 : 13200, 4, 2024/02/14, 00:29:53.505, 6728514570379, vstest.console.dll, MulticastDelegateUtilities.SafeInvoke: InternalTestLoggerEvents.SendTestRunMessage: Invoking callback 1/1 for Microsoft.VisualStudio.TestPlatform.CommandLine.Internal.ConsoleLogger., took 0 ms.
TpTrace Warning: 0 : 13200, 5, 2024/02/14, 00:29:53.505, 6728514577402, vstest.console.dll, InferRunSettingsHelper.MakeRunsettingsCompatible: Removing the following settings: TargetPlatform from RunSettings file. To use those settings please move to latest version of Microsoft.NET.Test.Sdk
TpTrace Verbose: 0 : 13200, 12, 2024/02/14, 00:29:53.520, 6728514723828, vstest.console.dll, TcpClientExtensions.MessageLoopAsync: NotifyDataAvailable remoteEndPoint: 127.0.0.1:63612 localEndPoint: 127.0.0.1:63611
TpTrace Verbose: 0 : 13200, 12, 2024/02/14, 00:29:53.521, 6728514730336, vstest.console.dll, TestRequestSender.OnExecutionMessageReceived: Received message: {"Version":7,"MessageType":"TestSession.Message","Payload":{"MessageLevel":0,"Message":"Logging TestHost Diagnostics in file: C:\\Users\\simo7\\OneDrive\\Работен плот\\QA Automation- Back-End Technologies\\17.CodeCoverage-Lab\\MyArrayExample\\MyArrayExample.Tests\\bin\\Debug\\net8.0\\fine-code-coverage\\coverage-tool-output\\diagnostics.host.24-02-14_00-29-52_79340_5.log"}}
TpTrace Verbose: 0 : 13200, 12, 2024/02/14, 00:29:53.526, 6728514786918, vstest.console.dll, TestRunRequest:SendTestRunMessage: Starting.
TpTrace Verbose: 0 : 13200, 5, 2024/02/14, 00:29:53.526, 6728514787682, vstest.console.dll, TestRequestSender.StartTestRun: Sending test run with message: {"Version":7,"MessageType":"TestExecution.StartWithSources","Payload":{"AdapterSourceMap":{"_none_":["C:\\Users\\simo7\\OneDrive\\Работен плот\\QA Automation- Back-End Technologies\\17.CodeCoverage-Lab\\MyArrayExample\\MyArrayExample.Tests\\bin\\Debug\\net8.0\\fine-code-coverage\\build-output\\MyArrayExample.Tests.dll"]},"RunSettings":"<RunSettings>\r\n  <RunConfiguration>\r\n    <ResultsDirectory>C:\\Users\\simo7\\OneDrive\\Работен плот\\QA Automation- Back-End Technologies\\17.CodeCoverage-Lab\\MyArrayExample\\MyArrayExample.Tests\\bin\\Debug\\net8.0\\fine-code-coverage\\coverage-tool-output</ResultsDirectory>\r\n    <TargetFrameworkVersion>.NETCoreApp,Version=v8.0</TargetFrameworkVersion>\r\n    <DesignMode>False</DesignMode>\r\n    <CollectSourceInformation>False</CollectSourceInformation>\r\n  </RunConfiguration>\r\n  <LoggerRunSettings>\r\n    <Loggers>\r\n      <Logger friendlyName=\"blame\" enabled=\"True\" />\r\n      <Logger friendlyName=\"Console\" uri=\"logger://microsoft/TestPlatform/ConsoleLogger/v1\" assemblyQualifiedName=\"Microsoft.VisualStudio.TestPlatform.CommandLine.Internal.ConsoleLogger, vstest.console, Version=15.0.0.0, Culture=neutral, PublicKeyToken=b03f5f7f11d50a3a\" codeBase=\"C:\\Program Files\\dotnet\\sdk\\8.0.100\\vstest.console.dll\" enabled=\"True\" />\r\n    </Loggers>\r\n  </LoggerRunSettings>\r\n  <DataCollectionRunSettings>\r\n    <DataCollectors>\r\n      <DataCollector friendlyName=\"blame\" enabled=\"True\">\r\n        <Configuration>\r\n          <ResultsDirectory>C:\\Users\\simo7\\OneDrive\\Работен плот\\QA Automation- Back-End Technologies\\17.CodeCoverage-Lab\\MyArrayExample\\MyArrayExample.Tests\\bin\\Debug\\net8.0\\fine-code-coverage\\coverage-tool-output</ResultsDirectory>\r\n        </Configuration>\r\n      </DataCollector>\r\n    </DataCollectors>\r\n  </DataCollectionRunSettings>\r\n</RunSettings>","TestExecutionContext":{"FrequencyOfRunStatsChangeEvent":10,"RunStatsChangeEventTimeout":"00:00:01.5000000","InIsolation":false,"KeepAlive":false,"AreTestCaseLevelEventsRequired":false,"IsDebug":false,"TestCaseFilter":null,"FilterOptions":null},"Package":null}}
TpTrace Verbose: 0 : 13200, 12, 2024/02/14, 00:29:53.527, 6728514789950, vstest.console.dll, MulticastDelegateUtilities.SafeInvoke: TestRun.LogMessages: Invoking callback 1/1 for Microsoft.VisualStudio.TestPlatform.CommandLine.TestRunResultAggregator., took 0 ms.
TpTrace Verbose: 0 : 13200, 4, 2024/02/14, 00:29:53.527, 6728514790831, vstest.console.dll, MulticastDelegateUtilities.SafeInvoke: InternalTestLoggerEvents.SendTestRunMessage: Invoking callback 1/1 for Microsoft.VisualStudio.TestPlatform.CommandLine.Internal.ConsoleLogger., took 0 ms.
TpTrace Verbose: 0 : 13200, 5, 2024/02/14, 00:29:53.527, 6728514791602, vstest.console.dll, ParallelProxyExecutionManager.StartTestRunOnConcurrentManager: Execution started. Started clients: 1
TpTrace Information: 0 : 13200, 12, 2024/02/14, 00:29:53.527, 6728514791147, vstest.console.dll, TestRunRequest:SendTestRunMessage: Completed.
TpTrace Verbose: 0 : 13200, 12, 2024/02/14, 00:29:53.527, 6728514794320, vstest.console.dll, MulticastDelegateUtilities.SafeInvoke: LengthPrefixCommunicationChannel: MessageReceived: Invoking callback 1/1 for Microsoft.VisualStudio.TestPlatform.CommunicationUtilities.TestRequestSender+<>c__DisplayClass34_0., took 6 ms.
TpTrace Verbose: 0 : 13200, 12, 2024/02/14, 00:29:53.527, 6728514795861, vstest.console.dll, TcpClientExtensions.MessageLoopAsync: Polling on remoteEndPoint: 127.0.0.1:63612 localEndPoint: 127.0.0.1:63611
TpTrace Verbose: 0 : 13200, 12, 2024/02/14, 00:29:53.871, 6728518228912, vstest.console.dll, TcpClientExtensions.MessageLoopAsync: NotifyDataAvailable remoteEndPoint: 127.0.0.1:63612 localEndPoint: 127.0.0.1:63611
TpTrace Verbose: 0 : 13200, 12, 2024/02/14, 00:29:53.871, 6728518232080, vstest.console.dll, TestRequestSender.OnExecutionMessageReceived: Received message: {"Version":7,"MessageType":"TestSession.Message","Payload":{"MessageLevel":0,"Message":"NUnit Adapter 4.2.0.0: Test execution started"}}
TpTrace Verbose: 0 : 13200, 12, 2024/02/14, 00:29:53.871, 6728518235110, vstest.console.dll, TestRunRequest:SendTestRunMessage: Starting.
TpTrace Verbose: 0 : 13200, 12, 2024/02/14, 00:29:53.871, 6728518236612, vstest.console.dll, MulticastDelegateUtilities.SafeInvoke: TestRun.LogMessages: Invoking callback 1/1 for Microsoft.VisualStudio.TestPlatform.CommandLine.TestRunResultAggregator., took 0 ms.
TpTrace Verbose: 0 : 13200, 4, 2024/02/14, 00:29:53.871, 6728518236773, vstest.console.dll, MulticastDelegateUtilities.SafeInvoke: InternalTestLoggerEvents.SendTestRunMessage: Invoking callback 1/1 for Microsoft.VisualStudio.TestPlatform.CommandLine.Internal.ConsoleLogger., took 0 ms.
TpTrace Information: 0 : 13200, 12, 2024/02/14, 00:29:53.871, 6728518237732, vstest.console.dll, TestRunRequest:SendTestRunMessage: Completed.
TpTrace Verbose: 0 : 13200, 12, 2024/02/14, 00:29:53.872, 6728518239395, vstest.console.dll, MulticastDelegateUtilities.SafeInvoke: LengthPrefixCommunicationChannel: MessageReceived: Invoking callback 1/1 for Microsoft.VisualStudio.TestPlatform.CommunicationUtilities.TestRequestSender+<>c__DisplayClass34_0., took 0 ms.
TpTrace Verbose: 0 : 13200, 12, 2024/02/14, 00:29:53.872, 6728518240115, vstest.console.dll, TcpClientExtensions.MessageLoopAsync: Polling on remoteEndPoint: 127.0.0.1:63612 localEndPoint: 127.0.0.1:63611
TpTrace Verbose: 0 : 13200, 12, 2024/02/14, 00:29:53.928, 6728518805947, vstest.console.dll, TcpClientExtensions.MessageLoopAsync: NotifyDataAvailable remoteEndPoint: 127.0.0.1:63612 localEndPoint: 127.0.0.1:63611
TpTrace Verbose: 0 : 13200, 12, 2024/02/14, 00:29:53.929, 6728518811075, vstest.console.dll, TestRequestSender.OnExecutionMessageReceived: Received message: {"Version":7,"MessageType":"TestSession.Message","Payload":{"MessageLevel":0,"Message":"Running all tests in C:\\Users\\simo7\\OneDrive\\Работен плот\\QA Automation- Back-End Technologies\\17.CodeCoverage-Lab\\MyArrayExample\\MyArrayExample.Tests\\bin\\Debug\\net8.0\\fine-code-coverage\\build-output\\MyArrayExample.Tests.dll"}}
TpTrace Verbose: 0 : 13200, 12, 2024/02/14, 00:29:53.929, 6728518815254, vstest.console.dll, TestRunRequest:SendTestRunMessage: Starting.
TpTrace Verbose: 0 : 13200, 12, 2024/02/14, 00:29:53.929, 6728518817488, vstest.console.dll, MulticastDelegateUtilities.SafeInvoke: TestRun.LogMessages: Invoking callback 1/1 for Microsoft.VisualStudio.TestPlatform.CommandLine.TestRunResultAggregator., took 0 ms.
TpTrace Information: 0 : 13200, 12, 2024/02/14, 00:29:53.930, 6728518818675, vstest.console.dll, TestRunRequest:SendTestRunMessage: Completed.
TpTrace Verbose: 0 : 13200, 12, 2024/02/14, 00:29:53.930, 6728518820358, vstest.console.dll, MulticastDelegateUtilities.SafeInvoke: LengthPrefixCommunicationChannel: MessageReceived: Invoking callback 1/1 for Microsoft.VisualStudio.TestPlatform.CommunicationUtilities.TestRequestSender+<>c__DisplayClass34_0., took 0 ms.
TpTrace Verbose: 0 : 13200, 12, 2024/02/14, 00:29:53.930, 6728518821632, vstest.console.dll, TcpClientExtensions.MessageLoopAsync: Polling on remoteEndPoint: 127.0.0.1:63612 localEndPoint: 127.0.0.1:63611
TpTrace Verbose: 0 : 13200, 4, 2024/02/14, 00:29:53.930, 6728518823824, vstest.console.dll, MulticastDelegateUtilities.SafeInvoke: InternalTestLoggerEvents.SendTestRunMessage: Invoking callback 1/1 for Microsoft.VisualStudio.TestPlatform.CommandLine.Internal.ConsoleLogger., took 0 ms.
TpTrace Verbose: 0 : 13200, 12, 2024/02/14, 00:29:54.147, 6728520994384, vstest.console.dll, TcpClientExtensions.MessageLoopAsync: NotifyDataAvailable remoteEndPoint: 127.0.0.1:63612 localEndPoint: 127.0.0.1:63611
TpTrace Verbose: 0 : 13200, 12, 2024/02/14, 00:29:54.147, 6728520997422, vstest.console.dll, TestRequestSender.OnExecutionMessageReceived: Received message: {"Version":7,"MessageType":"TestSession.Message","Payload":{"MessageLevel":0,"Message":"   NUnit3TestExecutor discovered 5 of 5 NUnit test cases using Current Discovery mode, Non-Explicit run"}}
TpTrace Verbose: 0 : 13200, 12, 2024/02/14, 00:29:54.148, 6728520999469, vstest.console.dll, TestRunRequest:SendTestRunMessage: Starting.
TpTrace Verbose: 0 : 13200, 12, 2024/02/14, 00:29:54.148, 6728521001111, vstest.console.dll, MulticastDelegateUtilities.SafeInvoke: TestRun.LogMessages: Invoking callback 1/1 for Microsoft.VisualStudio.TestPlatform.CommandLine.TestRunResultAggregator., took 0 ms.
TpTrace Information: 0 : 13200, 12, 2024/02/14, 00:29:54.148, 6728521002000, vstest.console.dll, TestRunRequest:SendTestRunMessage: Completed.
TpTrace Verbose: 0 : 13200, 4, 2024/02/14, 00:29:54.148, 6728521002353, vstest.console.dll, MulticastDelegateUtilities.SafeInvoke: InternalTestLoggerEvents.SendTestRunMessage: Invoking callback 1/1 for Microsoft.VisualStudio.TestPlatform.CommandLine.Internal.ConsoleLogger., took 0 ms.
TpTrace Verbose: 0 : 13200, 12, 2024/02/14, 00:29:54.148, 6728521002895, vstest.console.dll, MulticastDelegateUtilities.SafeInvoke: LengthPrefixCommunicationChannel: MessageReceived: Invoking callback 1/1 for Microsoft.VisualStudio.TestPlatform.CommunicationUtilities.TestRequestSender+<>c__DisplayClass34_0., took 0 ms.
TpTrace Verbose: 0 : 13200, 12, 2024/02/14, 00:29:54.148, 6728521005733, vstest.console.dll, TcpClientExtensions.MessageLoopAsync: Polling on remoteEndPoint: 127.0.0.1:63612 localEndPoint: 127.0.0.1:63611
