TpTrace Verbose: 0 : 7036, 1, 2024/02/19, 13:45:22.316, 2584290636743, vstest.console.dll, Version: 17.8.0-release-23523-03 Current process architecture: X64
TpTrace Verbose: 0 : 7036, 1, 2024/02/19, 13:45:22.344, 2584290908987, vstest.console.dll, Runtime location: C:\Program Files\dotnet\shared\Microsoft.NETCore.App\8.0.0
TpTrace Verbose: 0 : 7036, 1, 2024/02/19, 13:45:22.375, 2584291223901, vstest.console.dll, ArtifactProcessingPostProcessModeProcessorExecutor.Initialize: ArtifactProcessingMode.Collect
TpTrace Verbose: 0 : 7036, 1, 2024/02/19, 13:45:22.375, 2584291227318, vstest.console.dll, TestSessionCorrelationIdProcessorModeProcessorExecutor.Initialize: TestSessionCorrelationId '7292_dd86951c-1358-483a-90c2-72a6809750ea'
TpTrace Information: 0 : 7036, 1, 2024/02/19, 13:45:22.393, 2584291406416, vstest.console.dll, FilePatternParser: The given file C:\Users\simo7\OneDrive\Работен плот\QA Automation- Back-End Technologies\18.Mutation-Testing-Lab\StrykerDemo\CalculatorTests\bin\Debug\net6.0\fine-code-coverage\build-output\CalculatorTests.dll is a full path.
TpTrace Verbose: 0 : 7036, 1, 2024/02/19, 13:45:22.677, 2584294244243, vstest.console.dll, TestPluginCache.DiscoverTestExtensions: finding test extensions in assemblies ends with: RuntimeProvider.dll TPluginInfo: Microsoft.VisualStudio.TestPlatform.Common.ExtensionFramework.Utilities.TestRuntimePluginInformation TExtension: Microsoft.VisualStudio.TestPlatform.ObjectModel.Host.ITestRuntimeProvider
TpTrace Verbose: 0 : 7036, 1, 2024/02/19, 13:45:22.678, 2584294254498, vstest.console.dll, TestPluginCache.GetExtensionPaths: Filtered extension paths: 
TpTrace Verbose: 0 : 7036, 1, 2024/02/19, 13:45:22.678, 2584294257424, vstest.console.dll, TestPluginCache.GetExtensionPaths: Added default extension paths: C:\Program Files\dotnet\sdk\8.0.100\Extensions\Microsoft.Diagnostics.NETCore.Client.dll
C:\Program Files\dotnet\sdk\8.0.100\Extensions\Microsoft.TestPlatform.Extensions.BlameDataCollector.dll
C:\Program Files\dotnet\sdk\8.0.100\Extensions\Microsoft.TestPlatform.Extensions.EventLogCollector.dll
C:\Program Files\dotnet\sdk\8.0.100\Extensions\Microsoft.TestPlatform.TestHostRuntimeProvider.dll
C:\Program Files\dotnet\sdk\8.0.100\Extensions\Microsoft.VisualStudio.TestPlatform.Extensions.Html.TestLogger.dll
C:\Program Files\dotnet\sdk\8.0.100\Extensions\Microsoft.VisualStudio.TestPlatform.Extensions.Trx.TestLogger.dll
TpTrace Verbose: 0 : 7036, 1, 2024/02/19, 13:45:22.679, 2584294259163, vstest.console.dll, TestPluginCache.GetExtensionPaths: Added unfilterableExtensionPaths: 
TpTrace Information: 0 : 7036, 1, 2024/02/19, 13:45:22.685, 2584294326512, vstest.console.dll, AssemblyResolver.ctor: Creating AssemblyResolver with searchDirectories C:\Program Files\dotnet\sdk\8.0.100\Extensions,C:\Program Files\dotnet\sdk\8.0.100
TpTrace Verbose: 0 : 7036, 1, 2024/02/19, 13:45:22.689, 2584294362602, vstest.console.dll, TestPluginCache.DiscoverTestExtensions: Discovering the extensions using extension path.
TpTrace Verbose: 0 : 7036, 1, 2024/02/19, 13:45:22.689, 2584294366723, vstest.console.dll, TestPluginCache.GetExtensionPaths: Filtered extension paths: 
TpTrace Verbose: 0 : 7036, 1, 2024/02/19, 13:45:22.689, 2584294368459, vstest.console.dll, TestPluginCache.GetExtensionPaths: Added default extension paths: C:\Program Files\dotnet\sdk\8.0.100\Extensions\Microsoft.Diagnostics.NETCore.Client.dll
C:\Program Files\dotnet\sdk\8.0.100\Extensions\Microsoft.TestPlatform.Extensions.BlameDataCollector.dll
C:\Program Files\dotnet\sdk\8.0.100\Extensions\Microsoft.TestPlatform.Extensions.EventLogCollector.dll
C:\Program Files\dotnet\sdk\8.0.100\Extensions\Microsoft.TestPlatform.TestHostRuntimeProvider.dll
C:\Program Files\dotnet\sdk\8.0.100\Extensions\Microsoft.VisualStudio.TestPlatform.Extensions.Html.TestLogger.dll
C:\Program Files\dotnet\sdk\8.0.100\Extensions\Microsoft.VisualStudio.TestPlatform.Extensions.Trx.TestLogger.dll
TpTrace Verbose: 0 : 7036, 1, 2024/02/19, 13:45:22.690, 2584294370103, vstest.console.dll, TestPluginCache.GetExtensionPaths: Added unfilterableExtensionPaths: 
TpTrace Verbose: 0 : 7036, 1, 2024/02/19, 13:45:22.690, 2584294373407, vstest.console.dll, TestPluginCache.DiscoverTestExtensions: Discovering the extensions using allExtensionPaths: C:\Program Files\dotnet\sdk\8.0.100\Extensions\Microsoft.Diagnostics.NETCore.Client.dll
C:\Program Files\dotnet\sdk\8.0.100\Extensions\Microsoft.TestPlatform.Extensions.BlameDataCollector.dll
C:\Program Files\dotnet\sdk\8.0.100\Extensions\Microsoft.TestPlatform.Extensions.EventLogCollector.dll
C:\Program Files\dotnet\sdk\8.0.100\Extensions\Microsoft.TestPlatform.TestHostRuntimeProvider.dll
C:\Program Files\dotnet\sdk\8.0.100\Extensions\Microsoft.VisualStudio.TestPlatform.Extensions.Html.TestLogger.dll
C:\Program Files\dotnet\sdk\8.0.100\Extensions\Microsoft.VisualStudio.TestPlatform.Extensions.Trx.TestLogger.dll
TpTrace Information: 0 : 7036, 1, 2024/02/19, 13:45:22.690, 2584294376753, vstest.console.dll, AssemblyResolver.AddSearchDirectories: Adding more searchDirectories C:\Program Files\dotnet\sdk\8.0.100\Extensions,C:\Program Files\dotnet\sdk\8.0.100
TpTrace Information: 0 : 7036, 1, 2024/02/19, 13:45:22.690, 2584294378676, vstest.console.dll, AssemblyResolver.AddSearchDirectories: Adding more searchDirectories C:\Program Files\dotnet\sdk\8.0.100\Extensions,C:\Program Files\dotnet\sdk\8.0.100
TpTrace Information: 0 : 7036, 1, 2024/02/19, 13:45:22.691, 2584294380199, vstest.console.dll, AssemblyResolver.AddSearchDirectories: Adding more searchDirectories C:\Program Files\dotnet\sdk\8.0.100\Extensions,C:\Program Files\dotnet\sdk\8.0.100
TpTrace Information: 0 : 7036, 1, 2024/02/19, 13:45:22.691, 2584294381534, vstest.console.dll, AssemblyResolver.AddSearchDirectories: Adding more searchDirectories C:\Program Files\dotnet\sdk\8.0.100\Extensions,C:\Program Files\dotnet\sdk\8.0.100
TpTrace Information: 0 : 7036, 1, 2024/02/19, 13:45:22.691, 2584294382911, vstest.console.dll, AssemblyResolver.AddSearchDirectories: Adding more searchDirectories C:\Program Files\dotnet\sdk\8.0.100\Extensions,C:\Program Files\dotnet\sdk\8.0.100
TpTrace Information: 0 : 7036, 1, 2024/02/19, 13:45:22.691, 2584294384531, vstest.console.dll, AssemblyResolver.AddSearchDirectories: Adding more searchDirectories C:\Program Files\dotnet\sdk\8.0.100\Extensions,C:\Program Files\dotnet\sdk\8.0.100
TpTrace Information: 0 : 7036, 1, 2024/02/19, 13:45:22.692, 2584294396934, vstest.console.dll, AssemblyResolver.OnResolve: Microsoft.Diagnostics.NETCore.Client: Resolving assembly.
TpTrace Information: 0 : 7036, 1, 2024/02/19, 13:45:22.693, 2584294399716, vstest.console.dll, AssemblyResolver.OnResolve: Microsoft.Diagnostics.NETCore.Client: Searching in: 'C:\Program Files\dotnet\sdk\8.0.100\Extensions'.
TpTrace Information: 0 : 7036, 1, 2024/02/19, 13:45:22.751, 2584294987408, vstest.console.dll, AssemblyResolver.OnResolve: Microsoft.Diagnostics.NETCore.Client: Loading assembly 'C:\Program Files\dotnet\sdk\8.0.100\Extensions\Microsoft.Diagnostics.NETCore.Client.dll'.
TpTrace Information: 0 : 7036, 1, 2024/02/19, 13:45:22.815, 2584295628051, vstest.console.dll, AssemblyResolver.OnResolve: Resolved assembly: Microsoft.Diagnostics.NETCore.Client, from path: C:\Program Files\dotnet\sdk\8.0.100\Extensions\Microsoft.Diagnostics.NETCore.Client.dll
TpTrace Verbose: 0 : 7036, 1, 2024/02/19, 13:45:22.822, 2584295690349, vstest.console.dll, MetadataReaderExtensionsHelper: Discovering extensions inside assembly 'Microsoft.Diagnostics.NETCore.Client, Version=0.2.8.21101, Culture=neutral, PublicKeyToken=31bf3856ad364e35' file path 'C:\Program Files\dotnet\sdk\8.0.100\Extensions\Microsoft.Diagnostics.NETCore.Client.dll'
TpTrace Information: 0 : 7036, 1, 2024/02/19, 13:45:22.830, 2584295776719, vstest.console.dll, AssemblyResolver.OnResolve: Microsoft.Bcl.AsyncInterfaces: Resolving assembly.
TpTrace Information: 0 : 7036, 1, 2024/02/19, 13:45:22.830, 2584295778793, vstest.console.dll, AssemblyResolver.OnResolve: Microsoft.Bcl.AsyncInterfaces: Searching in: 'C:\Program Files\dotnet\sdk\8.0.100\Extensions'.
TpTrace Information: 0 : 7036, 1, 2024/02/19, 13:45:22.831, 2584295781016, vstest.console.dll, AssemblyResolver.OnResolve: Microsoft.Bcl.AsyncInterfaces: Assembly path does not exist: 'C:\Program Files\dotnet\sdk\8.0.100\Extensions\Microsoft.Bcl.AsyncInterfaces.dll', returning.
TpTrace Information: 0 : 7036, 1, 2024/02/19, 13:45:22.831, 2584295783908, vstest.console.dll, AssemblyResolver.OnResolve: Microsoft.Bcl.AsyncInterfaces: Assembly path does not exist: 'C:\Program Files\dotnet\sdk\8.0.100\Extensions\Microsoft.Bcl.AsyncInterfaces.exe', returning.
TpTrace Information: 0 : 7036, 1, 2024/02/19, 13:45:22.831, 2584295785024, vstest.console.dll, AssemblyResolver.OnResolve: Microsoft.Bcl.AsyncInterfaces: Searching in: 'C:\Program Files\dotnet\sdk\8.0.100'.
TpTrace Information: 0 : 7036, 1, 2024/02/19, 13:45:22.831, 2584295786853, vstest.console.dll, AssemblyResolver.OnResolve: Microsoft.Bcl.AsyncInterfaces: Assembly path does not exist: 'C:\Program Files\dotnet\sdk\8.0.100\Microsoft.Bcl.AsyncInterfaces.dll', returning.
TpTrace Information: 0 : 7036, 1, 2024/02/19, 13:45:22.831, 2584295788631, vstest.console.dll, AssemblyResolver.OnResolve: Microsoft.Bcl.AsyncInterfaces: Assembly path does not exist: 'C:\Program Files\dotnet\sdk\8.0.100\Microsoft.Bcl.AsyncInterfaces.exe', returning.
TpTrace Information: 0 : 7036, 1, 2024/02/19, 13:45:22.832, 2584295789769, vstest.console.dll, AssemblyResolver.OnResolve: Microsoft.Bcl.AsyncInterfaces: Failed to load assembly.
TpTrace Verbose: 0 : 7036, 1, 2024/02/19, 13:45:22.832, 2584295791013, vstest.console.dll, CurrentDomainAssemblyResolve: Resolving assembly 'Microsoft.Bcl.AsyncInterfaces'.
TpTrace Information: 0 : 7036, 1, 2024/02/19, 13:45:22.832, 2584295793229, vstest.console.dll, AssemblyResolver.OnResolve: Microsoft.Bcl.AsyncInterfaces: Resolving assembly.
TpTrace Information: 0 : 7036, 1, 2024/02/19, 13:45:22.832, 2584295795016, vstest.console.dll, AssemblyResolver.OnResolve: Microsoft.Bcl.AsyncInterfaces: Resolved from cache.
TpTrace Verbose: 0 : 7036, 1, 2024/02/19, 13:45:22.832, 2584295796160, vstest.console.dll, CurrentDomainAssemblyResolve: Resolving assembly 'Microsoft.Bcl.AsyncInterfaces'.
TpTrace Verbose: 0 : 7036, 1, 2024/02/19, 13:45:22.832, 2584295797266, vstest.console.dll, CurrentDomainAssemblyResolve: Failed to resolve assembly 'Microsoft.Bcl.AsyncInterfaces'.
TpTrace Verbose: 0 : 7036, 1, 2024/02/19, 13:45:22.882, 2584296292860, vstest.console.dll, CurrentDomainAssemblyResolve: Failed to resolve assembly 'Microsoft.Bcl.AsyncInterfaces'.
TpTrace Warning: 0 : 7036, 1, 2024/02/19, 13:45:23.082, 2584298289859, vstest.console.dll, TestPluginDiscoverer: Failed to get types from assembly 'Microsoft.Diagnostics.NETCore.Client, Version=0.2.8.21101, Culture=neutral, PublicKeyToken=31bf3856ad364e35'. Error: System.Reflection.ReflectionTypeLoadException: Unable to load one or more of the requested types.
Could not load file or assembly 'Microsoft.Bcl.AsyncInterfaces, Version=1.0.0.0, Culture=neutral, PublicKeyToken=cc7b13ffcd2ddd51'. The system cannot find the file specified.
   at System.Reflection.RuntimeModule.GetTypes(RuntimeModule module)
   at System.Reflection.RuntimeModule.GetTypes()
   at Microsoft.VisualStudio.TestPlatform.Common.ExtensionFramework.TestPluginDiscoverer.GetTestExtensionsFromAssembly[TPluginInfo,TExtension](Assembly assembly, Dictionary`2 pluginInfos, String filePath) in /_/src/Microsoft.TestPlatform.Common/ExtensionFramework/TestPluginDiscoverer.cs:line 158
System.IO.FileNotFoundException: Could not load file or assembly 'Microsoft.Bcl.AsyncInterfaces, Version=1.0.0.0, Culture=neutral, PublicKeyToken=cc7b13ffcd2ddd51'. The system cannot find the file specified.
File name: 'Microsoft.Bcl.AsyncInterfaces, Version=1.0.0.0, Culture=neutral, PublicKeyToken=cc7b13ffcd2ddd51'
 ---> System.IO.FileNotFoundException: Could not load file or assembly 'Microsoft.Bcl.AsyncInterfaces, Culture=neutral, PublicKeyToken=null'. The system cannot find the file specified.
File name: 'Microsoft.Bcl.AsyncInterfaces, Culture=neutral, PublicKeyToken=null'
   at System.Reflection.RuntimeAssembly.InternalLoad(AssemblyName assemblyName, StackCrawlMark& stackMark, AssemblyLoadContext assemblyLoadContext, RuntimeAssembly requestingAssembly, Boolean throwOnFileNotFound)
   at System.Reflection.Assembly.Load(AssemblyName assemblyRef)
   at Microsoft.VisualStudio.TestPlatform.Common.ExtensionFramework.TestPluginCache.CurrentDomainAssemblyResolve(Object sender, AssemblyResolveEventArgs args) in /_/src/Microsoft.TestPlatform.Common/ExtensionFramework/TestPluginCache.cs:line 513
   at System.Runtime.Loader.AssemblyLoadContext.GetFirstResolvedAssemblyFromResolvingEvent(AssemblyName assemblyName)
   at System.Runtime.Loader.AssemblyLoadContext.ResolveUsingEvent(AssemblyName assemblyName)
   at System.Runtime.Loader.AssemblyLoadContext.ResolveUsingResolvingEvent(IntPtr gchManagedAssemblyLoadContext, AssemblyName assemblyName)
TpTrace Warning: 0 : 7036, 1, 2024/02/19, 13:45:23.083, 2584298300548, vstest.console.dll, LoaderExceptions: System.IO.FileNotFoundException: Could not load file or assembly 'Microsoft.Bcl.AsyncInterfaces, Version=1.0.0.0, Culture=neutral, PublicKeyToken=cc7b13ffcd2ddd51'. The system cannot find the file specified.
File name: 'Microsoft.Bcl.AsyncInterfaces, Version=1.0.0.0, Culture=neutral, PublicKeyToken=cc7b13ffcd2ddd51'
 ---> System.IO.FileNotFoundException: Could not load file or assembly 'Microsoft.Bcl.AsyncInterfaces, Culture=neutral, PublicKeyToken=null'. The system cannot find the file specified.
File name: 'Microsoft.Bcl.AsyncInterfaces, Culture=neutral, PublicKeyToken=null'
   at System.Reflection.RuntimeAssembly.InternalLoad(AssemblyName assemblyName, StackCrawlMark& stackMark, AssemblyLoadContext assemblyLoadContext, RuntimeAssembly requestingAssembly, Boolean throwOnFileNotFound)
   at System.Reflection.Assembly.Load(AssemblyName assemblyRef)
   at Microsoft.VisualStudio.TestPlatform.Common.ExtensionFramework.TestPluginCache.CurrentDomainAssemblyResolve(Object sender, AssemblyResolveEventArgs args) in /_/src/Microsoft.TestPlatform.Common/ExtensionFramework/TestPluginCache.cs:line 513
   at System.Runtime.Loader.AssemblyLoadContext.GetFirstResolvedAssemblyFromResolvingEvent(AssemblyName assemblyName)
   at System.Runtime.Loader.AssemblyLoadContext.ResolveUsingEvent(AssemblyName assemblyName)
   at System.Runtime.Loader.AssemblyLoadContext.ResolveUsingResolvingEvent(IntPtr gchManagedAssemblyLoadContext, AssemblyName assemblyName)
TpTrace Information: 0 : 7036, 1, 2024/02/19, 13:45:23.083, 2584298304783, vstest.console.dll, AssemblyResolver.OnResolve: Microsoft.TestPlatform.Extensions.BlameDataCollector: Resolving assembly.
TpTrace Information: 0 : 7036, 1, 2024/02/19, 13:45:23.083, 2584298306320, vstest.console.dll, AssemblyResolver.OnResolve: Microsoft.TestPlatform.Extensions.BlameDataCollector: Searching in: 'C:\Program Files\dotnet\sdk\8.0.100\Extensions'.
TpTrace Information: 0 : 7036, 1, 2024/02/19, 13:45:23.100, 2584298476474, vstest.console.dll, AssemblyResolver.OnResolve: Microsoft.TestPlatform.Extensions.BlameDataCollector: Loading assembly 'C:\Program Files\dotnet\sdk\8.0.100\Extensions\Microsoft.TestPlatform.Extensions.BlameDataCollector.dll'.
TpTrace Information: 0 : 7036, 1, 2024/02/19, 13:45:23.123, 2584298700450, vstest.console.dll, AssemblyResolver.OnResolve: Resolved assembly: Microsoft.TestPlatform.Extensions.BlameDataCollector, from path: C:\Program Files\dotnet\sdk\8.0.100\Extensions\Microsoft.TestPlatform.Extensions.BlameDataCollector.dll
TpTrace Verbose: 0 : 7036, 1, 2024/02/19, 13:45:23.123, 2584298703682, vstest.console.dll, MetadataReaderExtensionsHelper: Discovering extensions inside assembly 'Microsoft.TestPlatform.Extensions.BlameDataCollector, Version=15.0.0.0, Culture=neutral, PublicKeyToken=b03f5f7f11d50a3a' file path 'C:\Program Files\dotnet\sdk\8.0.100\Extensions\Microsoft.TestPlatform.Extensions.BlameDataCollector.dll'
TpTrace Information: 0 : 7036, 1, 2024/02/19, 13:45:23.136, 2584298836172, vstest.console.dll, AssemblyResolver.OnResolve: Microsoft.TestPlatform.Extensions.EventLogCollector: Resolving assembly.
TpTrace Information: 0 : 7036, 1, 2024/02/19, 13:45:23.136, 2584298838340, vstest.console.dll, AssemblyResolver.OnResolve: Microsoft.TestPlatform.Extensions.EventLogCollector: Searching in: 'C:\Program Files\dotnet\sdk\8.0.100\Extensions'.
TpTrace Information: 0 : 7036, 1, 2024/02/19, 13:45:23.151, 2584298984503, vstest.console.dll, AssemblyResolver.OnResolve: Microsoft.TestPlatform.Extensions.EventLogCollector: Loading assembly 'C:\Program Files\dotnet\sdk\8.0.100\Extensions\Microsoft.TestPlatform.Extensions.EventLogCollector.dll'.
TpTrace Information: 0 : 7036, 1, 2024/02/19, 13:45:23.152, 2584298997716, vstest.console.dll, AssemblyResolver.OnResolve: Resolved assembly: Microsoft.TestPlatform.Extensions.EventLogCollector, from path: C:\Program Files\dotnet\sdk\8.0.100\Extensions\Microsoft.TestPlatform.Extensions.EventLogCollector.dll
TpTrace Verbose: 0 : 7036, 1, 2024/02/19, 13:45:23.153, 2584299000296, vstest.console.dll, MetadataReaderExtensionsHelper: Discovering extensions inside assembly 'Microsoft.TestPlatform.Extensions.EventLogCollector, Version=15.0.0.0, Culture=neutral, PublicKeyToken=b03f5f7f11d50a3a' file path 'C:\Program Files\dotnet\sdk\8.0.100\Extensions\Microsoft.TestPlatform.Extensions.EventLogCollector.dll'
TpTrace Information: 0 : 7036, 1, 2024/02/19, 13:45:23.211, 2584299584296, vstest.console.dll, AssemblyResolver.OnResolve: Microsoft.TestPlatform.TestHostRuntimeProvider: Resolving assembly.
TpTrace Information: 0 : 7036, 1, 2024/02/19, 13:45:23.211, 2584299585973, vstest.console.dll, AssemblyResolver.OnResolve: Microsoft.TestPlatform.TestHostRuntimeProvider: Searching in: 'C:\Program Files\dotnet\sdk\8.0.100\Extensions'.
TpTrace Information: 0 : 7036, 1, 2024/02/19, 13:45:23.223, 2584299706945, vstest.console.dll, AssemblyResolver.OnResolve: Microsoft.TestPlatform.TestHostRuntimeProvider: Loading assembly 'C:\Program Files\dotnet\sdk\8.0.100\Extensions\Microsoft.TestPlatform.TestHostRuntimeProvider.dll'.
TpTrace Information: 0 : 7036, 1, 2024/02/19, 13:45:23.248, 2584299955063, vstest.console.dll, AssemblyResolver.OnResolve: Resolved assembly: Microsoft.TestPlatform.TestHostRuntimeProvider, from path: C:\Program Files\dotnet\sdk\8.0.100\Extensions\Microsoft.TestPlatform.TestHostRuntimeProvider.dll
TpTrace Verbose: 0 : 7036, 1, 2024/02/19, 13:45:23.248, 2584299958152, vstest.console.dll, MetadataReaderExtensionsHelper: Discovering extensions inside assembly 'Microsoft.TestPlatform.TestHostRuntimeProvider, Version=15.0.0.0, Culture=neutral, PublicKeyToken=b03f5f7f11d50a3a' file path 'C:\Program Files\dotnet\sdk\8.0.100\Extensions\Microsoft.TestPlatform.TestHostRuntimeProvider.dll'
TpTrace Information: 0 : 7036, 1, 2024/02/19, 13:45:23.267, 2584300144515, vstest.console.dll, GetTestExtensionFromType: Register extension with identifier data 'HostProvider://DefaultTestHost' and type 'Microsoft.VisualStudio.TestPlatform.CrossPlatEngine.Hosting.DefaultTestHostManager, Microsoft.TestPlatform.TestHostRuntimeProvider, Version=15.0.0.0, Culture=neutral, PublicKeyToken=b03f5f7f11d50a3a' inside file 'C:\Program Files\dotnet\sdk\8.0.100\Extensions\Microsoft.TestPlatform.TestHostRuntimeProvider.dll'
TpTrace Information: 0 : 7036, 1, 2024/02/19, 13:45:23.268, 2584300152206, vstest.console.dll, GetTestExtensionFromType: Register extension with identifier data 'HostProvider://DotnetTestHost' and type 'Microsoft.VisualStudio.TestPlatform.CrossPlatEngine.Hosting.DotnetTestHostManager, Microsoft.TestPlatform.TestHostRuntimeProvider, Version=15.0.0.0, Culture=neutral, PublicKeyToken=b03f5f7f11d50a3a' inside file 'C:\Program Files\dotnet\sdk\8.0.100\Extensions\Microsoft.TestPlatform.TestHostRuntimeProvider.dll'
TpTrace Information: 0 : 7036, 1, 2024/02/19, 13:45:23.268, 2584300154987, vstest.console.dll, AssemblyResolver.OnResolve: Microsoft.VisualStudio.TestPlatform.Extensions.Html.TestLogger: Resolving assembly.
TpTrace Information: 0 : 7036, 1, 2024/02/19, 13:45:23.268, 2584300156608, vstest.console.dll, AssemblyResolver.OnResolve: Microsoft.VisualStudio.TestPlatform.Extensions.Html.TestLogger: Searching in: 'C:\Program Files\dotnet\sdk\8.0.100\Extensions'.
TpTrace Information: 0 : 7036, 1, 2024/02/19, 13:45:23.294, 2584300415583, vstest.console.dll, AssemblyResolver.OnResolve: Microsoft.VisualStudio.TestPlatform.Extensions.Html.TestLogger: Loading assembly 'C:\Program Files\dotnet\sdk\8.0.100\Extensions\Microsoft.VisualStudio.TestPlatform.Extensions.Html.TestLogger.dll'.
TpTrace Information: 0 : 7036, 1, 2024/02/19, 13:45:23.302, 2584300497411, vstest.console.dll, AssemblyResolver.OnResolve: Resolved assembly: Microsoft.VisualStudio.TestPlatform.Extensions.Html.TestLogger, from path: C:\Program Files\dotnet\sdk\8.0.100\Extensions\Microsoft.VisualStudio.TestPlatform.Extensions.Html.TestLogger.dll
TpTrace Verbose: 0 : 7036, 1, 2024/02/19, 13:45:23.303, 2584300500239, vstest.console.dll, MetadataReaderExtensionsHelper: Discovering extensions inside assembly 'Microsoft.VisualStudio.TestPlatform.Extensions.Html.TestLogger, Version=15.0.0.0, Culture=neutral, PublicKeyToken=b03f5f7f11d50a3a' file path 'C:\Program Files\dotnet\sdk\8.0.100\Extensions\Microsoft.VisualStudio.TestPlatform.Extensions.Html.TestLogger.dll'
TpTrace Information: 0 : 7036, 1, 2024/02/19, 13:45:23.305, 2584300523842, vstest.console.dll, AssemblyResolver.OnResolve: Microsoft.VisualStudio.TestPlatform.Extensions.Trx.TestLogger: Resolving assembly.
TpTrace Information: 0 : 7036, 1, 2024/02/19, 13:45:23.305, 2584300526108, vstest.console.dll, AssemblyResolver.OnResolve: Microsoft.VisualStudio.TestPlatform.Extensions.Trx.TestLogger: Searching in: 'C:\Program Files\dotnet\sdk\8.0.100\Extensions'.
TpTrace Information: 0 : 7036, 1, 2024/02/19, 13:45:23.342, 2584300893423, vstest.console.dll, AssemblyResolver.OnResolve: Microsoft.VisualStudio.TestPlatform.Extensions.Trx.TestLogger: Loading assembly 'C:\Program Files\dotnet\sdk\8.0.100\Extensions\Microsoft.VisualStudio.TestPlatform.Extensions.Trx.TestLogger.dll'.
TpTrace Information: 0 : 7036, 1, 2024/02/19, 13:45:23.360, 2584301069254, vstest.console.dll, AssemblyResolver.OnResolve: Resolved assembly: Microsoft.VisualStudio.TestPlatform.Extensions.Trx.TestLogger, from path: C:\Program Files\dotnet\sdk\8.0.100\Extensions\Microsoft.VisualStudio.TestPlatform.Extensions.Trx.TestLogger.dll
TpTrace Verbose: 0 : 7036, 1, 2024/02/19, 13:45:23.360, 2584301072272, vstest.console.dll, MetadataReaderExtensionsHelper: Discovering extensions inside assembly 'Microsoft.VisualStudio.TestPlatform.Extensions.Trx.TestLogger, Version=15.0.0.0, Culture=neutral, PublicKeyToken=b03f5f7f11d50a3a' file path 'C:\Program Files\dotnet\sdk\8.0.100\Extensions\Microsoft.VisualStudio.TestPlatform.Extensions.Trx.TestLogger.dll'
TpTrace Verbose: 0 : 7036, 1, 2024/02/19, 13:45:23.363, 2584301101071, vstest.console.dll, TestPluginCache: Discovered the extensions using extension path ''.
TpTrace Verbose: 0 : 7036, 1, 2024/02/19, 13:45:23.363, 2584301102829, vstest.console.dll, TestPluginCache: Discoverers are ''.
TpTrace Verbose: 0 : 7036, 1, 2024/02/19, 13:45:23.363, 2584301103819, vstest.console.dll, TestPluginCache: Executors are ''.
TpTrace Verbose: 0 : 7036, 1, 2024/02/19, 13:45:23.363, 2584301104525, vstest.console.dll, TestPluginCache: Executors2 are ''.
TpTrace Verbose: 0 : 7036, 1, 2024/02/19, 13:45:23.363, 2584301105151, vstest.console.dll, TestPluginCache: Setting providers are ''.
TpTrace Verbose: 0 : 7036, 1, 2024/02/19, 13:45:23.363, 2584301105756, vstest.console.dll, TestPluginCache: Loggers are ''.
TpTrace Verbose: 0 : 7036, 1, 2024/02/19, 13:45:23.363, 2584301108621, vstest.console.dll, TestPluginCache: TestHosts are 'HostProvider://DefaultTestHost,HostProvider://DotnetTestHost'.
TpTrace Verbose: 0 : 7036, 1, 2024/02/19, 13:45:23.364, 2584301109498, vstest.console.dll, TestPluginCache: DataCollectors are ''.
TpTrace Information: 0 : 7036, 1, 2024/02/19, 13:45:23.434, 2584301814982, vstest.console.dll, RunTestsArgumentProcessor:Execute: Test run is starting.
TpTrace Verbose: 0 : 7036, 1, 2024/02/19, 13:45:23.434, 2584301817350, vstest.console.dll, RunTestsArgumentProcessor:Execute: Queuing Test run.
TpTrace Information: 0 : 7036, 1, 2024/02/19, 13:45:23.435, 2584301823031, vstest.console.dll, TestRequestManager.RunTests: run tests started.
TpTrace Information: 0 : 7036, 1, 2024/02/19, 13:45:23.438, 2584301849657, vstest.console.dll, AssemblyMetadataProvider.GetFrameworkName: Determined framework:'.NETCoreApp,Version=v6.0' for source: 'C:\Users\simo7\OneDrive\Работен плот\QA Automation- Back-End Technologies\18.Mutation-Testing-Lab\StrykerDemo\CalculatorTests\bin\Debug\net6.0\fine-code-coverage\build-output\CalculatorTests.dll'
TpTrace Information: 0 : 7036, 1, 2024/02/19, 13:45:23.438, 2584301854149, vstest.console.dll, Determined framework for all sources: .NETCoreApp,Version=v6.0
TpTrace Verbose: 0 : 7036, 1, 2024/02/19, 13:45:23.439, 2584301862908, vstest.console.dll, TestRequestManager.UpdateRunSettingsIfRequired: Default architecture: X64 IsDefaultTargetArchitecture: True, Current process architecture: X64 OperatingSystem: Windows.
TpTrace Information: 0 : 7036, 1, 2024/02/19, 13:45:23.444, 2584301910944, vstest.console.dll, AssemblyMetadataProvider.GetArchitecture: Determined architecture:AnyCPU info for assembly: C:\Users\simo7\OneDrive\Работен плот\QA Automation- Back-End Technologies\18.Mutation-Testing-Lab\StrykerDemo\CalculatorTests\bin\Debug\net6.0\fine-code-coverage\build-output\CalculatorTests.dll
TpTrace Information: 0 : 7036, 1, 2024/02/19, 13:45:23.444, 2584301913199, vstest.console.dll, Determined platform for source 'C:\Users\simo7\OneDrive\Работен плот\QA Automation- Back-End Technologies\18.Mutation-Testing-Lab\StrykerDemo\CalculatorTests\bin\Debug\net6.0\fine-code-coverage\build-output\CalculatorTests.dll' was AnyCPU and it will use the default plaform X64.
TpTrace Information: 0 : 7036, 1, 2024/02/19, 13:45:23.444, 2584301914638, vstest.console.dll, None of the sources provided any runnable platform, using the default platform: X64
TpTrace Information: 0 : 7036, 1, 2024/02/19, 13:45:23.444, 2584301917746, vstest.console.dll, Platform was updated to 'X64'.
TpTrace Information: 0 : 7036, 1, 2024/02/19, 13:45:23.453, 2584302004204, vstest.console.dll, InferRunSettingsHelper.IsTestSettingsEnabled: Unable to navigate to RunSettings/MSTest. Current node: RunSettings
TpTrace Information: 0 : 7036, 1, 2024/02/19, 13:45:23.455, 2584302020991, vstest.console.dll, AssemblyResolver.OnResolve: Microsoft.VisualStudio.TestPlatform.Fakes: Resolving assembly.
TpTrace Information: 0 : 7036, 1, 2024/02/19, 13:45:23.455, 2584302023163, vstest.console.dll, AssemblyResolver.OnResolve: Microsoft.VisualStudio.TestPlatform.Fakes: Searching in: 'C:\Program Files\dotnet\sdk\8.0.100\Extensions'.
TpTrace Information: 0 : 7036, 1, 2024/02/19, 13:45:23.455, 2584302025761, vstest.console.dll, AssemblyResolver.OnResolve: Microsoft.VisualStudio.TestPlatform.Fakes: Assembly path does not exist: 'C:\Program Files\dotnet\sdk\8.0.100\Extensions\Microsoft.VisualStudio.TestPlatform.Fakes.dll', returning.
TpTrace Information: 0 : 7036, 1, 2024/02/19, 13:45:23.455, 2584302028130, vstest.console.dll, AssemblyResolver.OnResolve: Microsoft.VisualStudio.TestPlatform.Fakes: Assembly path does not exist: 'C:\Program Files\dotnet\sdk\8.0.100\Extensions\Microsoft.VisualStudio.TestPlatform.Fakes.exe', returning.
TpTrace Information: 0 : 7036, 1, 2024/02/19, 13:45:23.456, 2584302029419, vstest.console.dll, AssemblyResolver.OnResolve: Microsoft.VisualStudio.TestPlatform.Fakes: Searching in: 'C:\Program Files\dotnet\sdk\8.0.100'.
TpTrace Information: 0 : 7036, 1, 2024/02/19, 13:45:23.456, 2584302031761, vstest.console.dll, AssemblyResolver.OnResolve: Microsoft.VisualStudio.TestPlatform.Fakes: Assembly path does not exist: 'C:\Program Files\dotnet\sdk\8.0.100\Microsoft.VisualStudio.TestPlatform.Fakes.dll', returning.
TpTrace Information: 0 : 7036, 1, 2024/02/19, 13:45:23.456, 2584302033969, vstest.console.dll, AssemblyResolver.OnResolve: Microsoft.VisualStudio.TestPlatform.Fakes: Assembly path does not exist: 'C:\Program Files\dotnet\sdk\8.0.100\Microsoft.VisualStudio.TestPlatform.Fakes.exe', returning.
TpTrace Information: 0 : 7036, 1, 2024/02/19, 13:45:23.456, 2584302035175, vstest.console.dll, AssemblyResolver.OnResolve: Microsoft.VisualStudio.TestPlatform.Fakes: Failed to load assembly.
TpTrace Information: 0 : 7036, 1, 2024/02/19, 13:45:23.457, 2584302041944, vstest.console.dll, Failed to load assembly Microsoft.VisualStudio.TestPlatform.Fakes, Version=17.0.0.0, Culture=neutral. Reason:System.IO.FileNotFoundException: Could not load file or assembly 'Microsoft.VisualStudio.TestPlatform.Fakes, Version=17.0.0.0, Culture=neutral, PublicKeyToken=null'. The system cannot find the file specified.
File name: 'Microsoft.VisualStudio.TestPlatform.Fakes, Version=17.0.0.0, Culture=neutral, PublicKeyToken=null'
   at System.Reflection.RuntimeAssembly.InternalLoad(AssemblyName assemblyName, StackCrawlMark& stackMark, AssemblyLoadContext assemblyLoadContext, RuntimeAssembly requestingAssembly, Boolean throwOnFileNotFound)
   at System.Reflection.Assembly.Load(AssemblyName assemblyRef)
   at Microsoft.VisualStudio.TestPlatform.Common.Utilities.FakesUtilities.LoadTestPlatformAssembly() in /_/src/Microsoft.TestPlatform.Common/Utilities/FakesUtilities.cs:line 272
TpTrace Verbose: 0 : 7036, 1, 2024/02/19, 13:45:23.466, 2584302129176, vstest.console.dll, TestPluginCache.DiscoverTestExtensions: finding test extensions in assemblies ends with: TestLogger.dll TPluginInfo: Microsoft.VisualStudio.TestPlatform.Common.ExtensionFramework.Utilities.TestLoggerPluginInformation TExtension: Microsoft.VisualStudio.TestPlatform.ObjectModel.Client.ITestLogger
TpTrace Verbose: 0 : 7036, 1, 2024/02/19, 13:45:23.466, 2584302132300, vstest.console.dll, TestPluginCache.GetExtensionPaths: Filtered extension paths: 
TpTrace Verbose: 0 : 7036, 1, 2024/02/19, 13:45:23.466, 2584302134051, vstest.console.dll, TestPluginCache.GetExtensionPaths: Added default extension paths: C:\Program Files\dotnet\sdk\8.0.100\Extensions\Microsoft.Diagnostics.NETCore.Client.dll
C:\Program Files\dotnet\sdk\8.0.100\Extensions\Microsoft.TestPlatform.Extensions.BlameDataCollector.dll
C:\Program Files\dotnet\sdk\8.0.100\Extensions\Microsoft.TestPlatform.Extensions.EventLogCollector.dll
C:\Program Files\dotnet\sdk\8.0.100\Extensions\Microsoft.TestPlatform.TestHostRuntimeProvider.dll
C:\Program Files\dotnet\sdk\8.0.100\Extensions\Microsoft.VisualStudio.TestPlatform.Extensions.Html.TestLogger.dll
C:\Program Files\dotnet\sdk\8.0.100\Extensions\Microsoft.VisualStudio.TestPlatform.Extensions.Trx.TestLogger.dll
TpTrace Verbose: 0 : 7036, 1, 2024/02/19, 13:45:23.469, 2584302159264, vstest.console.dll, TestPluginCache.GetExtensionPaths: Added unfilterableExtensionPaths: 
TpTrace Information: 0 : 7036, 1, 2024/02/19, 13:45:23.469, 2584302164031, vstest.console.dll, AssemblyResolver.AddSearchDirectories: Adding more searchDirectories C:\Program Files\dotnet\sdk\8.0.100\Extensions,C:\Program Files\dotnet\sdk\8.0.100
TpTrace Verbose: 0 : 7036, 1, 2024/02/19, 13:45:23.469, 2584302165804, vstest.console.dll, TestPluginCache.DiscoverTestExtensions: Discovering the extensions using extension path.
TpTrace Verbose: 0 : 7036, 1, 2024/02/19, 13:45:23.469, 2584302167312, vstest.console.dll, TestPluginCache.GetExtensionPaths: Filtered extension paths: 
TpTrace Verbose: 0 : 7036, 1, 2024/02/19, 13:45:23.469, 2584302168712, vstest.console.dll, TestPluginCache.GetExtensionPaths: Added default extension paths: C:\Program Files\dotnet\sdk\8.0.100\Extensions\Microsoft.Diagnostics.NETCore.Client.dll
C:\Program Files\dotnet\sdk\8.0.100\Extensions\Microsoft.TestPlatform.Extensions.BlameDataCollector.dll
C:\Program Files\dotnet\sdk\8.0.100\Extensions\Microsoft.TestPlatform.Extensions.EventLogCollector.dll
C:\Program Files\dotnet\sdk\8.0.100\Extensions\Microsoft.TestPlatform.TestHostRuntimeProvider.dll
C:\Program Files\dotnet\sdk\8.0.100\Extensions\Microsoft.VisualStudio.TestPlatform.Extensions.Html.TestLogger.dll
C:\Program Files\dotnet\sdk\8.0.100\Extensions\Microsoft.VisualStudio.TestPlatform.Extensions.Trx.TestLogger.dll
TpTrace Verbose: 0 : 7036, 1, 2024/02/19, 13:45:23.470, 2584302170023, vstest.console.dll, TestPluginCache.GetExtensionPaths: Added unfilterableExtensionPaths: 
TpTrace Verbose: 0 : 7036, 1, 2024/02/19, 13:45:23.470, 2584302172536, vstest.console.dll, TestPluginCache.DiscoverTestExtensions: Discovering the extensions using allExtensionPaths: C:\Program Files\dotnet\sdk\8.0.100\Extensions\Microsoft.Diagnostics.NETCore.Client.dll
C:\Program Files\dotnet\sdk\8.0.100\Extensions\Microsoft.TestPlatform.Extensions.BlameDataCollector.dll
C:\Program Files\dotnet\sdk\8.0.100\Extensions\Microsoft.TestPlatform.Extensions.EventLogCollector.dll
C:\Program Files\dotnet\sdk\8.0.100\Extensions\Microsoft.TestPlatform.TestHostRuntimeProvider.dll
C:\Program Files\dotnet\sdk\8.0.100\Extensions\Microsoft.VisualStudio.TestPlatform.Extensions.Html.TestLogger.dll
C:\Program Files\dotnet\sdk\8.0.100\Extensions\Microsoft.VisualStudio.TestPlatform.Extensions.Trx.TestLogger.dll
TpTrace Information: 0 : 7036, 1, 2024/02/19, 13:45:23.470, 2584302174814, vstest.console.dll, AssemblyResolver.AddSearchDirectories: Adding more searchDirectories C:\Program Files\dotnet\sdk\8.0.100\Extensions,C:\Program Files\dotnet\sdk\8.0.100
TpTrace Information: 0 : 7036, 1, 2024/02/19, 13:45:23.470, 2584302176465, vstest.console.dll, AssemblyResolver.AddSearchDirectories: Adding more searchDirectories C:\Program Files\dotnet\sdk\8.0.100\Extensions,C:\Program Files\dotnet\sdk\8.0.100
TpTrace Information: 0 : 7036, 1, 2024/02/19, 13:45:23.470, 2584302178068, vstest.console.dll, AssemblyResolver.AddSearchDirectories: Adding more searchDirectories C:\Program Files\dotnet\sdk\8.0.100\Extensions,C:\Program Files\dotnet\sdk\8.0.100
TpTrace Information: 0 : 7036, 1, 2024/02/19, 13:45:23.471, 2584302179554, vstest.console.dll, AssemblyResolver.AddSearchDirectories: Adding more searchDirectories C:\Program Files\dotnet\sdk\8.0.100\Extensions,C:\Program Files\dotnet\sdk\8.0.100
TpTrace Information: 0 : 7036, 1, 2024/02/19, 13:45:23.471, 2584302180971, vstest.console.dll, AssemblyResolver.AddSearchDirectories: Adding more searchDirectories C:\Program Files\dotnet\sdk\8.0.100\Extensions,C:\Program Files\dotnet\sdk\8.0.100
TpTrace Information: 0 : 7036, 1, 2024/02/19, 13:45:23.471, 2584302182452, vstest.console.dll, AssemblyResolver.AddSearchDirectories: Adding more searchDirectories C:\Program Files\dotnet\sdk\8.0.100\Extensions,C:\Program Files\dotnet\sdk\8.0.100
TpTrace Verbose: 0 : 7036, 1, 2024/02/19, 13:45:23.471, 2584302185538, vstest.console.dll, MetadataReaderExtensionsHelper: Discovering extensions inside assembly 'Microsoft.Diagnostics.NETCore.Client, Version=0.2.8.21101, Culture=neutral, PublicKeyToken=31bf3856ad364e35' file path 'C:\Program Files\dotnet\sdk\8.0.100\Extensions\Microsoft.Diagnostics.NETCore.Client.dll'
TpTrace Information: 0 : 7036, 1, 2024/02/19, 13:45:23.473, 2584302201035, vstest.console.dll, AssemblyResolver.OnResolve: Microsoft.Bcl.AsyncInterfaces: Resolving assembly.
TpTrace Information: 0 : 7036, 1, 2024/02/19, 13:45:23.473, 2584302203021, vstest.console.dll, AssemblyResolver.OnResolve: Microsoft.Bcl.AsyncInterfaces: Resolved from cache.
TpTrace Verbose: 0 : 7036, 1, 2024/02/19, 13:45:23.473, 2584302204433, vstest.console.dll, CurrentDomainAssemblyResolve: Resolving assembly 'Microsoft.Bcl.AsyncInterfaces'.
TpTrace Information: 0 : 7036, 1, 2024/02/19, 13:45:23.473, 2584302206234, vstest.console.dll, AssemblyResolver.OnResolve: Microsoft.Bcl.AsyncInterfaces: Resolving assembly.
TpTrace Information: 0 : 7036, 1, 2024/02/19, 13:45:23.473, 2584302207477, vstest.console.dll, AssemblyResolver.OnResolve: Microsoft.Bcl.AsyncInterfaces: Resolved from cache.
TpTrace Verbose: 0 : 7036, 1, 2024/02/19, 13:45:23.473, 2584302208735, vstest.console.dll, CurrentDomainAssemblyResolve: Resolving assembly 'Microsoft.Bcl.AsyncInterfaces'.
TpTrace Verbose: 0 : 7036, 1, 2024/02/19, 13:45:23.474, 2584302209933, vstest.console.dll, CurrentDomainAssemblyResolve: Failed to resolve assembly 'Microsoft.Bcl.AsyncInterfaces'.
TpTrace Verbose: 0 : 7036, 1, 2024/02/19, 13:45:23.474, 2584302213237, vstest.console.dll, CurrentDomainAssemblyResolve: Failed to resolve assembly 'Microsoft.Bcl.AsyncInterfaces'.
TpTrace Warning: 0 : 7036, 1, 2024/02/19, 13:45:23.475, 2584302223654, vstest.console.dll, TestPluginDiscoverer: Failed to get types from assembly 'Microsoft.Diagnostics.NETCore.Client, Version=0.2.8.21101, Culture=neutral, PublicKeyToken=31bf3856ad364e35'. Error: System.Reflection.ReflectionTypeLoadException: Unable to load one or more of the requested types.
Could not load file or assembly 'Microsoft.Bcl.AsyncInterfaces, Version=1.0.0.0, Culture=neutral, PublicKeyToken=cc7b13ffcd2ddd51'. The system cannot find the file specified.
   at System.Reflection.RuntimeModule.GetTypes(RuntimeModule module)
   at System.Reflection.RuntimeModule.GetTypes()
   at Microsoft.VisualStudio.TestPlatform.Common.ExtensionFramework.TestPluginDiscoverer.GetTestExtensionsFromAssembly[TPluginInfo,TExtension](Assembly assembly, Dictionary`2 pluginInfos, String filePath) in /_/src/Microsoft.TestPlatform.Common/ExtensionFramework/TestPluginDiscoverer.cs:line 158
System.IO.FileNotFoundException: Could not load file or assembly 'Microsoft.Bcl.AsyncInterfaces, Version=1.0.0.0, Culture=neutral, PublicKeyToken=cc7b13ffcd2ddd51'. The system cannot find the file specified.
File name: 'Microsoft.Bcl.AsyncInterfaces, Version=1.0.0.0, Culture=neutral, PublicKeyToken=cc7b13ffcd2ddd51'
 ---> System.IO.FileNotFoundException: Could not load file or assembly 'Microsoft.Bcl.AsyncInterfaces, Culture=neutral, PublicKeyToken=null'. The system cannot find the file specified.
File name: 'Microsoft.Bcl.AsyncInterfaces, Culture=neutral, PublicKeyToken=null'
   at System.Reflection.RuntimeAssembly.InternalLoad(AssemblyName assemblyName, StackCrawlMark& stackMark, AssemblyLoadContext assemblyLoadContext, RuntimeAssembly requestingAssembly, Boolean throwOnFileNotFound)
   at System.Reflection.Assembly.Load(AssemblyName assemblyRef)
   at Microsoft.VisualStudio.TestPlatform.Common.ExtensionFramework.TestPluginCache.CurrentDomainAssemblyResolve(Object sender, AssemblyResolveEventArgs args) in /_/src/Microsoft.TestPlatform.Common/ExtensionFramework/TestPluginCache.cs:line 513
   at System.Runtime.Loader.AssemblyLoadContext.GetFirstResolvedAssemblyFromResolvingEvent(AssemblyName assemblyName)
   at System.Runtime.Loader.AssemblyLoadContext.ResolveUsingEvent(AssemblyName assemblyName)
   at System.Runtime.Loader.AssemblyLoadContext.ResolveUsingResolvingEvent(IntPtr gchManagedAssemblyLoadContext, AssemblyName assemblyName)
TpTrace Warning: 0 : 7036, 1, 2024/02/19, 13:45:23.476, 2584302228872, vstest.console.dll, LoaderExceptions: System.IO.FileNotFoundException: Could not load file or assembly 'Microsoft.Bcl.AsyncInterfaces, Version=1.0.0.0, Culture=neutral, PublicKeyToken=cc7b13ffcd2ddd51'. The system cannot find the file specified.
File name: 'Microsoft.Bcl.AsyncInterfaces, Version=1.0.0.0, Culture=neutral, PublicKeyToken=cc7b13ffcd2ddd51'
 ---> System.IO.FileNotFoundException: Could not load file or assembly 'Microsoft.Bcl.AsyncInterfaces, Culture=neutral, PublicKeyToken=null'. The system cannot find the file specified.
File name: 'Microsoft.Bcl.AsyncInterfaces, Culture=neutral, PublicKeyToken=null'
   at System.Reflection.RuntimeAssembly.InternalLoad(AssemblyName assemblyName, StackCrawlMark& stackMark, AssemblyLoadContext assemblyLoadContext, RuntimeAssembly requestingAssembly, Boolean throwOnFileNotFound)
   at System.Reflection.Assembly.Load(AssemblyName assemblyRef)
   at Microsoft.VisualStudio.TestPlatform.Common.ExtensionFramework.TestPluginCache.CurrentDomainAssemblyResolve(Object sender, AssemblyResolveEventArgs args) in /_/src/Microsoft.TestPlatform.Common/ExtensionFramework/TestPluginCache.cs:line 513
   at System.Runtime.Loader.AssemblyLoadContext.GetFirstResolvedAssemblyFromResolvingEvent(AssemblyName assemblyName)
   at System.Runtime.Loader.AssemblyLoadContext.ResolveUsingEvent(AssemblyName assemblyName)
   at System.Runtime.Loader.AssemblyLoadContext.ResolveUsingResolvingEvent(IntPtr gchManagedAssemblyLoadContext, AssemblyName assemblyName)
TpTrace Verbose: 0 : 7036, 1, 2024/02/19, 13:45:23.476, 2584302231513, vstest.console.dll, MetadataReaderExtensionsHelper: Discovering extensions inside assembly 'Microsoft.TestPlatform.Extensions.BlameDataCollector, Version=15.0.0.0, Culture=neutral, PublicKeyToken=b03f5f7f11d50a3a' file path 'C:\Program Files\dotnet\sdk\8.0.100\Extensions\Microsoft.TestPlatform.Extensions.BlameDataCollector.dll'
TpTrace Information: 0 : 7036, 1, 2024/02/19, 13:45:23.477, 2584302247185, vstest.console.dll, GetTestExtensionFromType: Register extension with identifier data 'logger://Microsoft/TestPlatform/Extensions/Blame/v1' and type 'Microsoft.TestPlatform.Extensions.BlameDataCollector.BlameLogger, Microsoft.TestPlatform.Extensions.BlameDataCollector, Version=15.0.0.0, Culture=neutral, PublicKeyToken=b03f5f7f11d50a3a' inside file 'C:\Program Files\dotnet\sdk\8.0.100\Extensions\Microsoft.TestPlatform.Extensions.BlameDataCollector.dll'
TpTrace Verbose: 0 : 7036, 1, 2024/02/19, 13:45:23.478, 2584302249724, vstest.console.dll, MetadataReaderExtensionsHelper: Discovering extensions inside assembly 'Microsoft.TestPlatform.Extensions.EventLogCollector, Version=15.0.0.0, Culture=neutral, PublicKeyToken=b03f5f7f11d50a3a' file path 'C:\Program Files\dotnet\sdk\8.0.100\Extensions\Microsoft.TestPlatform.Extensions.EventLogCollector.dll'
TpTrace Verbose: 0 : 7036, 1, 2024/02/19, 13:45:23.479, 2584302262010, vstest.console.dll, MetadataReaderExtensionsHelper: Discovering extensions inside assembly 'Microsoft.TestPlatform.TestHostRuntimeProvider, Version=15.0.0.0, Culture=neutral, PublicKeyToken=b03f5f7f11d50a3a' file path 'C:\Program Files\dotnet\sdk\8.0.100\Extensions\Microsoft.TestPlatform.TestHostRuntimeProvider.dll'
TpTrace Verbose: 0 : 7036, 1, 2024/02/19, 13:45:23.480, 2584302274625, vstest.console.dll, MetadataReaderExtensionsHelper: Discovering extensions inside assembly 'Microsoft.VisualStudio.TestPlatform.Extensions.Html.TestLogger, Version=15.0.0.0, Culture=neutral, PublicKeyToken=b03f5f7f11d50a3a' file path 'C:\Program Files\dotnet\sdk\8.0.100\Extensions\Microsoft.VisualStudio.TestPlatform.Extensions.Html.TestLogger.dll'
TpTrace Information: 0 : 7036, 1, 2024/02/19, 13:45:23.482, 2584302294023, vstest.console.dll, GetTestExtensionFromType: Register extension with identifier data 'logger://Microsoft/TestPlatform/HtmlLogger/v1' and type 'Microsoft.VisualStudio.TestPlatform.Extensions.HtmlLogger.HtmlLogger, Microsoft.VisualStudio.TestPlatform.Extensions.Html.TestLogger, Version=15.0.0.0, Culture=neutral, PublicKeyToken=b03f5f7f11d50a3a' inside file 'C:\Program Files\dotnet\sdk\8.0.100\Extensions\Microsoft.VisualStudio.TestPlatform.Extensions.Html.TestLogger.dll'
TpTrace Verbose: 0 : 7036, 1, 2024/02/19, 13:45:23.482, 2584302296740, vstest.console.dll, MetadataReaderExtensionsHelper: Discovering extensions inside assembly 'Microsoft.VisualStudio.TestPlatform.Extensions.Trx.TestLogger, Version=15.0.0.0, Culture=neutral, PublicKeyToken=b03f5f7f11d50a3a' file path 'C:\Program Files\dotnet\sdk\8.0.100\Extensions\Microsoft.VisualStudio.TestPlatform.Extensions.Trx.TestLogger.dll'
TpTrace Information: 0 : 7036, 1, 2024/02/19, 13:45:23.484, 2584302311110, vstest.console.dll, GetTestExtensionFromType: Register extension with identifier data 'logger://Microsoft/TestPlatform/TrxLogger/v1' and type 'Microsoft.VisualStudio.TestPlatform.Extensions.TrxLogger.TrxLogger, Microsoft.VisualStudio.TestPlatform.Extensions.Trx.TestLogger, Version=15.0.0.0, Culture=neutral, PublicKeyToken=b03f5f7f11d50a3a' inside file 'C:\Program Files\dotnet\sdk\8.0.100\Extensions\Microsoft.VisualStudio.TestPlatform.Extensions.Trx.TestLogger.dll'
TpTrace Verbose: 0 : 7036, 1, 2024/02/19, 13:45:23.484, 2584302313938, vstest.console.dll, TestPluginCache: Discovered the extensions using extension path ''.
TpTrace Verbose: 0 : 7036, 1, 2024/02/19, 13:45:23.484, 2584302315536, vstest.console.dll, TestPluginCache: Discoverers are ''.
TpTrace Verbose: 0 : 7036, 1, 2024/02/19, 13:45:23.484, 2584302316868, vstest.console.dll, TestPluginCache: Executors are ''.
TpTrace Verbose: 0 : 7036, 1, 2024/02/19, 13:45:23.484, 2584302318055, vstest.console.dll, TestPluginCache: Executors2 are ''.
TpTrace Verbose: 0 : 7036, 1, 2024/02/19, 13:45:23.485, 2584302319304, vstest.console.dll, TestPluginCache: Setting providers are ''.
TpTrace Verbose: 0 : 7036, 1, 2024/02/19, 13:45:23.485, 2584302321909, vstest.console.dll, TestPluginCache: Loggers are 'logger://Microsoft/TestPlatform/Extensions/Blame/v1,logger://Microsoft/TestPlatform/HtmlLogger/v1,logger://Microsoft/TestPlatform/TrxLogger/v1'.
TpTrace Verbose: 0 : 7036, 1, 2024/02/19, 13:45:23.485, 2584302323764, vstest.console.dll, TestPluginCache: TestHosts are 'HostProvider://DefaultTestHost,HostProvider://DotnetTestHost'.
TpTrace Verbose: 0 : 7036, 1, 2024/02/19, 13:45:23.485, 2584302324939, vstest.console.dll, TestPluginCache: DataCollectors are ''.
TpTrace Information: 0 : 7036, 1, 2024/02/19, 13:45:23.487, 2584302347018, vstest.console.dll, TestPluginManager.CreateTestExtension: Attempting to load test extension: Microsoft.TestPlatform.Extensions.BlameDataCollector.BlameLogger
TpTrace Verbose: 0 : 7036, 1, 2024/02/19, 13:45:23.575, 2584303228299, vstest.console.dll, TestEngine: Initializing Parallel Execution as MaxCpuCount is set to: 1
TpTrace Information: 0 : 7036, 1, 2024/02/19, 13:45:23.578, 2584303251118, vstest.console.dll, TestPluginManager.CreateTestExtension: Attempting to load test extension: Microsoft.VisualStudio.TestPlatform.CrossPlatEngine.Hosting.DefaultTestHostManager
TpTrace Information: 0 : 7036, 1, 2024/02/19, 13:45:23.580, 2584303270198, vstest.console.dll, TestPluginManager.CreateTestExtension: Attempting to load test extension: Microsoft.VisualStudio.TestPlatform.CrossPlatEngine.Hosting.DotnetTestHostManager
TpTrace Information: 0 : 7036, 1, 2024/02/19, 13:45:23.581, 2584303284991, vstest.console.dll, InferRunSettingsHelper.IsTestSettingsEnabled: Unable to navigate to RunSettings/MSTest. Current node: RunSettings
TpTrace Verbose: 0 : 7036, 1, 2024/02/19, 13:45:23.582, 2584303298631, vstest.console.dll, ParallelOperationManager.ClearSlots: Clearing all slots. Slots should accept more work: True
TpTrace Verbose: 0 : 7036, 1, 2024/02/19, 13:45:23.584, 2584303312222, vstest.console.dll, ParallelOperationManager.SetOccupiedSlotCount: Setting slot counts AvailableSlotCount = 1, OccupiedSlotCount = 0.
TpTrace Verbose: 0 : 7036, 1, 2024/02/19, 13:45:23.585, 2584303319978, vstest.console.dll, Occupied slots:

TpTrace Verbose: 0 : 7036, 1, 2024/02/19, 13:45:23.590, 2584303372331, vstest.console.dll, TestEngine.GetExecutionManager: Chosen execution manager 'Microsoft.VisualStudio.TestPlatform.CrossPlatEngine.Client.Parallel.ParallelProxyExecutionManager, Microsoft.TestPlatform.CrossPlatEngine, Version=15.0.0.0, Culture=neutral, PublicKeyToken=b03f5f7f11d50a3a' ParallelLevel '1'.
TpTrace Verbose: 0 : 7036, 1, 2024/02/19, 13:45:23.590, 2584303374960, vstest.console.dll, TestRunRequest.ExecuteAsync: Creating test run request.
TpTrace Verbose: 0 : 7036, 1, 2024/02/19, 13:45:23.590, 2584303378638, vstest.console.dll, TestRunRequest.ExecuteAsync: Starting.
TpTrace Information: 0 : 7036, 1, 2024/02/19, 13:45:23.594, 2584303409111, vstest.console.dll, TestRunRequest.ExecuteAsync: Starting run with settings:TestRunCriteria:
   KeepAlive=False,FrequencyOfRunStatsChangeEvent=10,RunStatsChangeEventTimeout=00:00:01.5000000,TestCaseFilter=,TestExecutorLauncher=
   Settingsxml=<RunSettings>
  <RunConfiguration>
    <ResultsDirectory>C:\Users\simo7\OneDrive\Работен плот\QA Automation- Back-End Technologies\18.Mutation-Testing-Lab\StrykerDemo\CalculatorTests\bin\Debug\net6.0\fine-code-coverage\coverage-tool-output</ResultsDirectory>
    <TargetPlatform>X64</TargetPlatform>
    <TargetFrameworkVersion>.NETCoreApp,Version=v6.0</TargetFrameworkVersion>
    <DesignMode>False</DesignMode>
    <CollectSourceInformation>False</CollectSourceInformation>
  </RunConfiguration>
  <LoggerRunSettings>
    <Loggers>
      <Logger friendlyName="blame" enabled="True" />
      <Logger friendlyName="Console" uri="logger://microsoft/TestPlatform/ConsoleLogger/v1" assemblyQualifiedName="Microsoft.VisualStudio.TestPlatform.CommandLine.Internal.ConsoleLogger, vstest.console, Version=15.0.0.0, Culture=neutral, PublicKeyToken=b03f5f7f11d50a3a" codeBase="C:\Program Files\dotnet\sdk\8.0.100\vstest.console.dll" enabled="True" />
    </Loggers>
  </LoggerRunSettings>
  <DataCollectionRunSettings>
    <DataCollectors>
      <DataCollector friendlyName="blame" enabled="True">
        <Configuration>
          <ResultsDirectory>C:\Users\simo7\OneDrive\Работен плот\QA Automation- Back-End Technologies\18.Mutation-Testing-Lab\StrykerDemo\CalculatorTests\bin\Debug\net6.0\fine-code-coverage\coverage-tool-output</ResultsDirectory>
        </Configuration>
      </DataCollector>
    </DataCollectors>
  </DataCollectionRunSettings>
</RunSettings>

TpTrace Verbose: 0 : 7036, 1, 2024/02/19, 13:45:23.594, 2584303411161, vstest.console.dll, TestRunRequest.ExecuteAsync: Wait for the first run request is over.
TpTrace Verbose: 0 : 7036, 1, 2024/02/19, 13:45:23.594, 2584303417798, vstest.console.dll, MulticastDelegateUtilities.SafeInvoke: TestRun.TestRunStart: Invoking callbacks was skipped because there are no subscribers.
TpTrace Verbose: 0 : 7036, 4, 2024/02/19, 13:45:23.595, 2584303421370, vstest.console.dll, MulticastDelegateUtilities.SafeInvoke: InternalTestLoggerEvents.SendTestRunStart: Invoking callback 1/1 for Microsoft.VisualStudio.TestPlatform.CommandLine.Internal.ConsoleLogger., took 0 ms.
TpTrace Verbose: 0 : 7036, 1, 2024/02/19, 13:45:23.597, 2584303446996, vstest.console.dll, ParallelProxyExecutionManager: Start execution. Total sources: 1
TpTrace Verbose: 0 : 7036, 1, 2024/02/19, 13:45:23.598, 2584303452984, vstest.console.dll, ParallelOperationManager.StartWork: Starting adding 1 workloads.
TpTrace Verbose: 0 : 7036, 1, 2024/02/19, 13:45:23.598, 2584303454713, vstest.console.dll, ParallelOperationManager.ClearSlots: Clearing all slots. Slots should accept more work: True
TpTrace Verbose: 0 : 7036, 1, 2024/02/19, 13:45:23.598, 2584303456263, vstest.console.dll, ParallelOperationManager.SetOccupiedSlotCount: Setting slot counts AvailableSlotCount = 1, OccupiedSlotCount = 0.
TpTrace Verbose: 0 : 7036, 1, 2024/02/19, 13:45:23.598, 2584303457310, vstest.console.dll, Occupied slots:

TpTrace Verbose: 0 : 7036, 1, 2024/02/19, 13:45:23.600, 2584303477997, vstest.console.dll, TestRequestSender is acting as server.
TpTrace Verbose: 0 : 7036, 1, 2024/02/19, 13:45:23.603, 2584303500015, vstest.console.dll, ParallelOperationManager.RunWorkInParallel: Adding 1 workload to slot, remaining workloads 0.
TpTrace Verbose: 0 : 7036, 1, 2024/02/19, 13:45:23.603, 2584303502475, vstest.console.dll, ParallelOperationManager.SetOccupiedSlotCount: Setting slot counts AvailableSlotCount = 0, OccupiedSlotCount = 1.
TpTrace Verbose: 0 : 7036, 1, 2024/02/19, 13:45:23.603, 2584303507021, vstest.console.dll, Occupied slots:
0: C:\Users\simo7\OneDrive\Работен плот\QA Automation- Back-End Technologies\18.Mutation-Testing-Lab\StrykerDemo\CalculatorTests\bin\Debug\net6.0\fine-code-coverage\build-output\CalculatorTests.dll
TpTrace Verbose: 0 : 7036, 1, 2024/02/19, 13:45:23.606, 2584303531390, vstest.console.dll, ParallelOperationManager.RunWorkInParallel: Started host in slot number 0 for work (source): C:\Users\simo7\OneDrive\Работен плот\QA Automation- Back-End Technologies\18.Mutation-Testing-Lab\StrykerDemo\CalculatorTests\bin\Debug\net6.0\fine-code-coverage\build-output\CalculatorTests.dll.
TpTrace Verbose: 0 : 7036, 1, 2024/02/19, 13:45:23.607, 2584303543963, vstest.console.dll, ParallelOperationManager.RunWorkInParallel: We started 1 work items, which is the max parallel level. Won't start more work.
TpTrace Verbose: 0 : 7036, 1, 2024/02/19, 13:45:23.607, 2584303546101, vstest.console.dll, ParallelOperationManager.RunWorkInParallel: We started 1 work items in here, returning True.
TpTrace Verbose: 0 : 7036, 5, 2024/02/19, 13:45:23.607, 2584303547916, vstest.console.dll, ParallelProxyExecutionManager.StartTestRunOnConcurrentManager: Initializing uninitialized client. Started clients: 0
TpTrace Information: 0 : 7036, 1, 2024/02/19, 13:45:23.607, 2584303547928, vstest.console.dll, TestRunRequest.ExecuteAsync: Started.
TpTrace Verbose: 0 : 7036, 5, 2024/02/19, 13:45:23.608, 2584303551520, vstest.console.dll, DataCollectionRequestSender.InitializeCommunication : Initialize communication. 
TpTrace Verbose: 0 : 7036, 1, 2024/02/19, 13:45:23.609, 2584303560938, vstest.console.dll, TestRunRequest.WaitForCompletion: Waiting with timeout -1.
TpTrace Information: 0 : 7036, 5, 2024/02/19, 13:45:23.628, 2584303751750, vstest.console.dll, Listening on Endpoint : 127.0.0.1:49555
TpTrace Verbose: 0 : 7036, 5, 2024/02/19, 13:45:23.637, 2584303840179, vstest.console.dll, DotnetDataCollectionLauncher: Adding  --runtimeconfig "C:\Program Files\dotnet\sdk\8.0.100\datacollector.runtimeconfig.json" in args
TpTrace Verbose: 0 : 7036, 5, 2024/02/19, 13:45:23.637, 2584303842914, vstest.console.dll, DotnetDataCollectionLauncher: Adding  --depsfile "C:\Program Files\dotnet\sdk\8.0.100\datacollector.deps.json" in args
TpTrace Verbose: 0 : 7036, 5, 2024/02/19, 13:45:23.637, 2584303846025, vstest.console.dll, DotnetDataCollectionLauncher: Full path of dotnet.exe is C:\Program Files\dotnet\dotnet.exe
TpTrace Information: 0 : 7036, 5, 2024/02/19, 13:45:23.652, 2584303989200, vstest.console.dll, ProxyDataCollectionManager.Initialize: Launched datacollector processId: 4016 port: 49555
TpTrace Information: 0 : 7036, 5, 2024/02/19, 13:45:23.652, 2584303991960, vstest.console.dll, ProxyDataCollectionManager.Initialize: waiting for connection with timeout: 90 seconds
TpTrace Verbose: 0 : 7036, 5, 2024/02/19, 13:45:23.652, 2584303993639, vstest.console.dll, DataCollectionRequestSender.WaitForRequestHandlerConnection : Waiting for connection with timeout: 90000
TpTrace Verbose: 0 : 7036, 5, 2024/02/19, 13:45:23.985, 2584307324749, vstest.console.dll, SocketCommunicationManager.WaitForClientConnection took: 332 ms, with 90000 ms timeout, and finished with True.
TpTrace Information: 0 : 7036, 10, 2024/02/19, 13:45:23.985, 2584307324611, vstest.console.dll, Using the buffer size of 16384 bytes
TpTrace Verbose: 0 : 7036, 5, 2024/02/19, 13:45:23.985, 2584307327688, vstest.console.dll, ProxyDataCollectionManager.InvokeDataCollectionServiceAction: Starting.
TpTrace Information: 0 : 7036, 10, 2024/02/19, 13:45:23.985, 2584307328154, vstest.console.dll, Accepted Client request and set the flag
TpTrace Information: 0 : 7036, 5, 2024/02/19, 13:45:23.986, 2584307329890, vstest.console.dll, ProxyDataCollectionManager.BeforeTestRunStart: Get environment variable and port for datacollector processId: 4016 port: 49555
TpTrace Verbose: 0 : 7036, 5, 2024/02/19, 13:45:23.986, 2584307332439, vstest.console.dll, DataCollectionRequestSender.SendBeforeTestRunStartAndGetResult: Send BeforeTestRunStart message with settingsXml <RunSettings><RunConfiguration><ResultsDirectory>C:\Users\simo7\OneDrive\Работен плот\QA Automation- Back-End Technologies\18.Mutation-Testing-Lab\StrykerDemo\CalculatorTests\bin\Debug\net6.0\fine-code-coverage\coverage-tool-output</ResultsDirectory><TargetPlatform>X64</TargetPlatform><TargetFrameworkVersion>.NETCoreApp,Version=v6.0</TargetFrameworkVersion><DesignMode>False</DesignMode><CollectSourceInformation>False</CollectSourceInformation><TestAdaptersPaths>C:\Program Files\dotnet\sdk\8.0.100\Extensions</TestAdaptersPaths></RunConfiguration><LoggerRunSettings><Loggers><Logger friendlyName="blame" enabled="True" /><Logger friendlyName="Console" uri="logger://microsoft/TestPlatform/ConsoleLogger/v1" assemblyQualifiedName="Microsoft.VisualStudio.TestPlatform.CommandLine.Internal.ConsoleLogger, vstest.console, Version=15.0.0.0, Culture=neutral, PublicKeyToken=b03f5f7f11d50a3a" codeBase="C:\Program Files\dotnet\sdk\8.0.100\vstest.console.dll" enabled="True" /></Loggers></LoggerRunSettings><DataCollectionRunSettings><DataCollectors><DataCollector friendlyName="blame" enabled="True"><Configuration><ResultsDirectory>C:\Users\simo7\OneDrive\Работен плот\QA Automation- Back-End Technologies\18.Mutation-Testing-Lab\StrykerDemo\CalculatorTests\bin\Debug\net6.0\fine-code-coverage\coverage-tool-output</ResultsDirectory></Configuration></DataCollector></DataCollectors></DataCollectionRunSettings></RunSettings> and sources System.Collections.Generic.List`1[System.String]: 
TpTrace Verbose: 0 : 7036, 5, 2024/02/19, 13:45:24.124, 2584308710909, vstest.console.dll, DataCollectionRequestSender.SendBeforeTestRunStartAndGetResult: Received message: (DataCollection.SendMessage) -> {"MessageType":"DataCollection.SendMessage","Payload":{"FriendlyName":null,"Uri":null,"TestCaseId":"00000000-0000-0000-0000-000000000000","Message":"Logging DataCollector Diagnostics in file: C:\\Users\\simo7\\OneDrive\\Работен плот\\QA Automation- Back-End Technologies\\18.Mutation-Testing-Lab\\StrykerDemo\\CalculatorTests\\bin\\Debug\\net6.0\\fine-code-coverage\\coverage-tool-output\\diagnostics.datacollector.24-02-19_13-45-23_63667_5.log","Level":0}}
TpTrace Verbose: 0 : 7036, 5, 2024/02/19, 13:45:24.333, 2584310803044, vstest.console.dll, DataCollectionRequestSender.SendBeforeTestRunStartAndGetResult: Received message: (DataCollection.BeforeTestRunStartResult) -> {"MessageType":"DataCollection.BeforeTestRunStartResult","Payload":{"EnvironmentVariables":{},"DataCollectionEventsPort":49557}}
TpTrace Information: 0 : 7036, 5, 2024/02/19, 13:45:24.339, 2584310862811, vstest.console.dll, ProxyDataCollectionManager.BeforeTestRunStart: SendBeforeTestRunStartAndGetResult successful, env variable from datacollector:   and testhost port: 49557
TpTrace Information: 0 : 7036, 5, 2024/02/19, 13:45:24.339, 2584310864632, vstest.console.dll, ProxyDataCollectionManager.InvokeDataCollectionServiceAction: Completed.
TpTrace Verbose: 0 : 7036, 5, 2024/02/19, 13:45:24.339, 2584310865324, vstest.console.dll, ParallelProxyExecutionManager.StartTestRunOnConcurrentManager: Initializing test run. Started clients: 0
TpTrace Verbose: 0 : 7036, 5, 2024/02/19, 13:45:24.339, 2584310866734, vstest.console.dll, ProxyExecutionManager: Test host is always Lazy initialize.
TpTrace Verbose: 0 : 7036, 5, 2024/02/19, 13:45:24.340, 2584310869628, vstest.console.dll, TestRequestSender.InitializeCommunication: initialize communication. 
TpTrace Information: 0 : 7036, 5, 2024/02/19, 13:45:24.340, 2584310877784, vstest.console.dll, SocketServer.Start: Listening on endpoint : 127.0.0.1:49558
TpTrace Verbose: 0 : 7036, 5, 2024/02/19, 13:45:24.341, 2584310887732, vstest.console.dll, DotnetTestHostmanager.GetTestHostProcessStartInfo: Platform environment 'X64' target architecture 'X64' framework '.NETCoreApp,Version=v6.0' OS 'Windows'
TpTrace Verbose: 0 : 7036, 5, 2024/02/19, 13:45:24.342, 2584310890858, vstest.console.dll, DotnetTestHostmanager: Adding  --runtimeconfig "C:\Users\simo7\OneDrive\Работен плот\QA Automation- Back-End Technologies\18.Mutation-Testing-Lab\StrykerDemo\CalculatorTests\bin\Debug\net6.0\fine-code-coverage\build-output\CalculatorTests.runtimeconfig.json" in args
TpTrace Verbose: 0 : 7036, 5, 2024/02/19, 13:45:24.342, 2584310892554, vstest.console.dll, DotnetTestHostmanager: Adding  --depsfile "C:\Users\simo7\OneDrive\Работен плот\QA Automation- Back-End Technologies\18.Mutation-Testing-Lab\StrykerDemo\CalculatorTests\bin\Debug\net6.0\fine-code-coverage\build-output\CalculatorTests.deps.json" in args
TpTrace Verbose: 0 : 7036, 5, 2024/02/19, 13:45:24.342, 2584310895708, vstest.console.dll, DotnetTestHostmanager.IsWinOnArm: Current PROCESSOR_ARCHITECTURE from environment variable 'AMD64'
TpTrace Verbose: 0 : 7036, 5, 2024/02/19, 13:45:24.342, 2584310896633, vstest.console.dll, DotnetTestHostmanager.IsWinOnArm: Is Windows on ARM 'False'
TpTrace Verbose: 0 : 7036, 5, 2024/02/19, 13:45:24.342, 2584310898110, vstest.console.dll, DotnetTestHostManager: testhost.exe found at path: C:\Users\simo7\OneDrive\Работен плот\QA Automation- Back-End Technologies\18.Mutation-Testing-Lab\StrykerDemo\CalculatorTests\bin\Debug\net6.0\fine-code-coverage\build-output\testhost.exe
TpTrace Verbose: 0 : 7036, 5, 2024/02/19, 13:45:24.343, 2584310898863, vstest.console.dll, DotnetTestHostmanager: Full path of host exe is C:\Users\simo7\OneDrive\Работен плот\QA Automation- Back-End Technologies\18.Mutation-Testing-Lab\StrykerDemo\CalculatorTests\bin\Debug\net6.0\fine-code-coverage\build-output\testhost.exe
TpTrace Verbose: 0 : 7036, 5, 2024/02/19, 13:45:24.343, 2584310900980, vstest.console.dll, DotnetTestHostmanager.LaunchTestHostAsync: Found 'VSTEST_WINAPPHOST_DOTNET_ROOT' in env variables, value 'C:\Program Files\dotnet', forwarding to 'DOTNET_ROOT'
TpTrace Verbose: 0 : 7036, 5, 2024/02/19, 13:45:24.343, 2584310902988, vstest.console.dll, DotnetTestHostManager: Starting process 'C:\Users\simo7\OneDrive\Работен плот\QA Automation- Back-End Technologies\18.Mutation-Testing-Lab\StrykerDemo\CalculatorTests\bin\Debug\net6.0\fine-code-coverage\build-output\testhost.exe' with command line ' --runtimeconfig "C:\Users\simo7\OneDrive\Работен плот\QA Automation- Back-End Technologies\18.Mutation-Testing-Lab\StrykerDemo\CalculatorTests\bin\Debug\net6.0\fine-code-coverage\build-output\CalculatorTests.runtimeconfig.json" --depsfile "C:\Users\simo7\OneDrive\Работен плот\QA Automation- Back-End Technologies\18.Mutation-Testing-Lab\StrykerDemo\CalculatorTests\bin\Debug\net6.0\fine-code-coverage\build-output\CalculatorTests.deps.json" --port 49558 --endpoint 127.0.0.1:049558 --role client --parentprocessid 7036 --diag "C:\Users\simo7\OneDrive\Работен плот\QA Automation- Back-End Technologies\18.Mutation-Testing-Lab\StrykerDemo\CalculatorTests\bin\Debug\net6.0\fine-code-coverage\coverage-tool-output\diagnostics.host.24-02-19_13-45-24_34143_5.log" --tracelevel 4 --datacollectionport 49557 --telemetryoptedin false'
TpTrace Verbose: 0 : 7036, 5, 2024/02/19, 13:45:24.354, 2584311015308, vstest.console.dll, MulticastDelegateUtilities.SafeInvoke: HostProviderEvents.OnHostLaunched: Invoking callback 1/2 for Microsoft.VisualStudio.TestPlatform.CrossPlatEngine.Client.ProxyExecutionManagerWithDataCollection., took 1 ms.
TpTrace Verbose: 0 : 7036, 5, 2024/02/19, 13:45:24.355, 2584311021162, vstest.console.dll, Test Runtime launched
TpTrace Verbose: 0 : 7036, 5, 2024/02/19, 13:45:24.355, 2584311023348, vstest.console.dll, MulticastDelegateUtilities.SafeInvoke: HostProviderEvents.OnHostLaunched: Invoking callback 2/2 for Microsoft.VisualStudio.TestPlatform.CrossPlatEngine.Client.ProxyOperationManager., took 0 ms.
TpTrace Verbose: 0 : 7036, 5, 2024/02/19, 13:45:24.370, 2584311175539, vstest.console.dll, TestRequestSender.WaitForRequestHandlerConnection: waiting for connection with timeout: 90000.
TpTrace Verbose: 0 : 7036, 12, 2024/02/19, 13:45:24.936, 2584316832255, vstest.console.dll, MulticastDelegateUtilities.SafeInvoke: SocketServer: ClientConnected: Invoking callback 1/1 for Microsoft.VisualStudio.TestPlatform.CommunicationUtilities.TestRequestSender., took 0 ms.
TpTrace Verbose: 0 : 7036, 5, 2024/02/19, 13:45:24.936, 2584316832254, vstest.console.dll, TestRequestSender.WaitForRequestHandlerConnection: waiting took 565 ms, with timeout 90000 ms, and result 0, which is success.
TpTrace Verbose: 0 : 7036, 12, 2024/02/19, 13:45:24.936, 2584316834088, vstest.console.dll, SocketServer.OnClientConnected: Client connected for endPoint: 127.0.0.1:49558, starting MessageLoopAsync:
TpTrace Verbose: 0 : 7036, 12, 2024/02/19, 13:45:24.937, 2584316843832, vstest.console.dll, TcpClientExtensions.MessageLoopAsync: Polling on remoteEndPoint: 127.0.0.1:49559 localEndPoint: 127.0.0.1:49558
TpTrace Verbose: 0 : 7036, 5, 2024/02/19, 13:45:24.938, 2584316853203, vstest.console.dll, TestRequestSender.CheckVersionWithTestHost: Sending check version message: {"MessageType":"ProtocolVersion","Payload":7}
TpTrace Verbose: 0 : 7036, 12, 2024/02/19, 13:45:25.261, 2584320087310, vstest.console.dll, TcpClientExtensions.MessageLoopAsync: NotifyDataAvailable remoteEndPoint: 127.0.0.1:49559 localEndPoint: 127.0.0.1:49558
TpTrace Verbose: 0 : 7036, 12, 2024/02/19, 13:45:25.262, 2584320090585, vstest.console.dll, TestRequestSender.CheckVersionWithTestHost: onMessageReceived received message: (ProtocolVersion) -> {"MessageType":"ProtocolVersion","Payload":7}
TpTrace Verbose: 0 : 7036, 12, 2024/02/19, 13:45:25.263, 2584320103150, vstest.console.dll, MulticastDelegateUtilities.SafeInvoke: LengthPrefixCommunicationChannel: MessageReceived: Invoking callback 1/1 for Microsoft.VisualStudio.TestPlatform.CommunicationUtilities.TestRequestSender+<>c__DisplayClass29_0., took 1 ms.
TpTrace Verbose: 0 : 7036, 5, 2024/02/19, 13:45:25.263, 2584320104628, vstest.console.dll, TestPluginCache.GetExtensionPaths: Filtered extension paths: 
TpTrace Verbose: 0 : 7036, 12, 2024/02/19, 13:45:25.263, 2584320106101, vstest.console.dll, TcpClientExtensions.MessageLoopAsync: Polling on remoteEndPoint: 127.0.0.1:49559 localEndPoint: 127.0.0.1:49558
TpTrace Verbose: 0 : 7036, 5, 2024/02/19, 13:45:25.263, 2584320107382, vstest.console.dll, TestPluginCache.GetExtensionPaths: Added default extension paths: C:\Program Files\dotnet\sdk\8.0.100\Extensions\Microsoft.Diagnostics.NETCore.Client.dll
C:\Program Files\dotnet\sdk\8.0.100\Extensions\Microsoft.TestPlatform.Extensions.BlameDataCollector.dll
C:\Program Files\dotnet\sdk\8.0.100\Extensions\Microsoft.TestPlatform.Extensions.EventLogCollector.dll
C:\Program Files\dotnet\sdk\8.0.100\Extensions\Microsoft.TestPlatform.TestHostRuntimeProvider.dll
C:\Program Files\dotnet\sdk\8.0.100\Extensions\Microsoft.VisualStudio.TestPlatform.Extensions.Html.TestLogger.dll
C:\Program Files\dotnet\sdk\8.0.100\Extensions\Microsoft.VisualStudio.TestPlatform.Extensions.Trx.TestLogger.dll
TpTrace Verbose: 0 : 7036, 5, 2024/02/19, 13:45:25.264, 2584320109275, vstest.console.dll, TestPluginCache.GetExtensionPaths: Added unfilterableExtensionPaths: 
TpTrace Verbose: 0 : 7036, 5, 2024/02/19, 13:45:25.270, 2584320169624, vstest.console.dll, TestRequestSender.InitializeExecution: Sending initialize execution with message: {"Version":7,"MessageType":"TestExecution.Initialize","Payload":["C:\\Users\\simo7\\OneDrive\\Работен плот\\QA Automation- Back-End Technologies\\18.Mutation-Testing-Lab\\StrykerDemo\\CalculatorTests\\bin\\Debug\\net6.0\\fine-code-coverage\\build-output\\NUnit3.TestAdapter.dll"]}
TpTrace Verbose: 0 : 7036, 5, 2024/02/19, 13:45:25.270, 2584320173005, vstest.console.dll, ParallelProxyExecutionManager.StartTestRunOnConcurrentManager: Execution starting. Started clients: 1
TpTrace Verbose: 0 : 7036, 5, 2024/02/19, 13:45:25.270, 2584320178667, vstest.console.dll, TestRunRequest:SendTestRunMessage: Starting.
TpTrace Verbose: 0 : 7036, 5, 2024/02/19, 13:45:25.271, 2584320182373, vstest.console.dll, MulticastDelegateUtilities.SafeInvoke: TestRun.LogMessages: Invoking callback 1/1 for Microsoft.VisualStudio.TestPlatform.CommandLine.TestRunResultAggregator., took 0 ms.
TpTrace Information: 0 : 7036, 5, 2024/02/19, 13:45:25.271, 2584320183548, vstest.console.dll, TestRunRequest:SendTestRunMessage: Completed.
TpTrace Verbose: 0 : 7036, 4, 2024/02/19, 13:45:25.271, 2584320185943, vstest.console.dll, MulticastDelegateUtilities.SafeInvoke: InternalTestLoggerEvents.SendTestRunMessage: Invoking callback 1/1 for Microsoft.VisualStudio.TestPlatform.CommandLine.Internal.ConsoleLogger., took 0 ms.
TpTrace Warning: 0 : 7036, 5, 2024/02/19, 13:45:25.272, 2584320191867, vstest.console.dll, InferRunSettingsHelper.MakeRunsettingsCompatible: Removing the following settings: TargetPlatform from RunSettings file. To use those settings please move to latest version of Microsoft.NET.Test.Sdk
TpTrace Verbose: 0 : 7036, 12, 2024/02/19, 13:45:25.277, 2584320245834, vstest.console.dll, TcpClientExtensions.MessageLoopAsync: NotifyDataAvailable remoteEndPoint: 127.0.0.1:49559 localEndPoint: 127.0.0.1:49558
TpTrace Verbose: 0 : 7036, 12, 2024/02/19, 13:45:25.278, 2584320253795, vstest.console.dll, TestRequestSender.OnExecutionMessageReceived: Received message: {"Version":7,"MessageType":"TestSession.Message","Payload":{"MessageLevel":0,"Message":"Logging TestHost Diagnostics in file: C:\\Users\\simo7\\OneDrive\\Работен плот\\QA Automation- Back-End Technologies\\18.Mutation-Testing-Lab\\StrykerDemo\\CalculatorTests\\bin\\Debug\\net6.0\\fine-code-coverage\\coverage-tool-output\\diagnostics.host.24-02-19_13-45-24_34143_5.log"}}
TpTrace Verbose: 0 : 7036, 5, 2024/02/19, 13:45:25.288, 2584320353104, vstest.console.dll, TestRequestSender.StartTestRun: Sending test run with message: {"Version":7,"MessageType":"TestExecution.StartWithSources","Payload":{"AdapterSourceMap":{"_none_":["C:\\Users\\simo7\\OneDrive\\Работен плот\\QA Automation- Back-End Technologies\\18.Mutation-Testing-Lab\\StrykerDemo\\CalculatorTests\\bin\\Debug\\net6.0\\fine-code-coverage\\build-output\\CalculatorTests.dll"]},"RunSettings":"<RunSettings>\r\n  <RunConfiguration>\r\n    <ResultsDirectory>C:\\Users\\simo7\\OneDrive\\Работен плот\\QA Automation- Back-End Technologies\\18.Mutation-Testing-Lab\\StrykerDemo\\CalculatorTests\\bin\\Debug\\net6.0\\fine-code-coverage\\coverage-tool-output</ResultsDirectory>\r\n    <TargetFrameworkVersion>.NETCoreApp,Version=v6.0</TargetFrameworkVersion>\r\n    <DesignMode>False</DesignMode>\r\n    <CollectSourceInformation>False</CollectSourceInformation>\r\n  </RunConfiguration>\r\n  <LoggerRunSettings>\r\n    <Loggers>\r\n      <Logger friendlyName=\"blame\" enabled=\"True\" />\r\n      <Logger friendlyName=\"Console\" uri=\"logger://microsoft/TestPlatform/ConsoleLogger/v1\" assemblyQualifiedName=\"Microsoft.VisualStudio.TestPlatform.CommandLine.Internal.ConsoleLogger, vstest.console, Version=15.0.0.0, Culture=neutral, PublicKeyToken=b03f5f7f11d50a3a\" codeBase=\"C:\\Program Files\\dotnet\\sdk\\8.0.100\\vstest.console.dll\" enabled=\"True\" />\r\n    </Loggers>\r\n  </LoggerRunSettings>\r\n  <DataCollectionRunSettings>\r\n    <DataCollectors>\r\n      <DataCollector friendlyName=\"blame\" enabled=\"True\">\r\n        <Configuration>\r\n          <ResultsDirectory>C:\\Users\\simo7\\OneDrive\\Работен плот\\QA Automation- Back-End Technologies\\18.Mutation-Testing-Lab\\StrykerDemo\\CalculatorTests\\bin\\Debug\\net6.0\\fine-code-coverage\\coverage-tool-output</ResultsDirectory>\r\n        </Configuration>\r\n      </DataCollector>\r\n    </DataCollectors>\r\n  </DataCollectionRunSettings>\r\n</RunSettings>","TestExecutionContext":{"FrequencyOfRunStatsChangeEvent":10,"RunStatsChangeEventTimeout":"00:00:01.5000000","InIsolation":false,"KeepAlive":false,"AreTestCaseLevelEventsRequired":false,"IsDebug":false,"TestCaseFilter":null,"FilterOptions":null},"Package":null}}
TpTrace Verbose: 0 : 7036, 5, 2024/02/19, 13:45:25.288, 2584320356106, vstest.console.dll, ParallelProxyExecutionManager.StartTestRunOnConcurrentManager: Execution started. Started clients: 1
TpTrace Verbose: 0 : 7036, 12, 2024/02/19, 13:45:25.291, 2584320383880, vstest.console.dll, TestRunRequest:SendTestRunMessage: Starting.
TpTrace Verbose: 0 : 7036, 12, 2024/02/19, 13:45:25.291, 2584320386657, vstest.console.dll, MulticastDelegateUtilities.SafeInvoke: TestRun.LogMessages: Invoking callback 1/1 for Microsoft.VisualStudio.TestPlatform.CommandLine.TestRunResultAggregator., took 0 ms.
TpTrace Verbose: 0 : 7036, 4, 2024/02/19, 13:45:25.291, 2584320386797, vstest.console.dll, MulticastDelegateUtilities.SafeInvoke: InternalTestLoggerEvents.SendTestRunMessage: Invoking callback 1/1 for Microsoft.VisualStudio.TestPlatform.CommandLine.Internal.ConsoleLogger., took 0 ms.
TpTrace Information: 0 : 7036, 12, 2024/02/19, 13:45:25.291, 2584320387887, vstest.console.dll, TestRunRequest:SendTestRunMessage: Completed.
TpTrace Verbose: 0 : 7036, 12, 2024/02/19, 13:45:25.292, 2584320389916, vstest.console.dll, MulticastDelegateUtilities.SafeInvoke: LengthPrefixCommunicationChannel: MessageReceived: Invoking callback 1/1 for Microsoft.VisualStudio.TestPlatform.CommunicationUtilities.TestRequestSender+<>c__DisplayClass34_0., took 14 ms.
TpTrace Verbose: 0 : 7036, 12, 2024/02/19, 13:45:25.292, 2584320390905, vstest.console.dll, TcpClientExtensions.MessageLoopAsync: Polling on remoteEndPoint: 127.0.0.1:49559 localEndPoint: 127.0.0.1:49558
TpTrace Verbose: 0 : 7036, 12, 2024/02/19, 13:45:25.985, 2584327328379, vstest.console.dll, TcpClientExtensions.MessageLoopAsync: NotifyDataAvailable remoteEndPoint: 127.0.0.1:49559 localEndPoint: 127.0.0.1:49558
TpTrace Verbose: 0 : 7036, 12, 2024/02/19, 13:45:25.986, 2584327331581, vstest.console.dll, TestRequestSender.OnExecutionMessageReceived: Received message: {"Version":7,"MessageType":"TestSession.Message","Payload":{"MessageLevel":0,"Message":"NUnit Adapter 4.4.0.0: Test execution started"}}
TpTrace Verbose: 0 : 7036, 12, 2024/02/19, 13:45:25.986, 2584327335772, vstest.console.dll, TestRunRequest:SendTestRunMessage: Starting.
TpTrace Verbose: 0 : 7036, 12, 2024/02/19, 13:45:25.986, 2584327337305, vstest.console.dll, MulticastDelegateUtilities.SafeInvoke: TestRun.LogMessages: Invoking callback 1/1 for Microsoft.VisualStudio.TestPlatform.CommandLine.TestRunResultAggregator., took 0 ms.
TpTrace Information: 0 : 7036, 12, 2024/02/19, 13:45:25.986, 2584327338158, vstest.console.dll, TestRunRequest:SendTestRunMessage: Completed.
TpTrace Verbose: 0 : 7036, 12, 2024/02/19, 13:45:25.987, 2584327339263, vstest.console.dll, MulticastDelegateUtilities.SafeInvoke: LengthPrefixCommunicationChannel: MessageReceived: Invoking callback 1/1 for Microsoft.VisualStudio.TestPlatform.CommunicationUtilities.TestRequestSender+<>c__DisplayClass34_0., took 0 ms.
TpTrace Verbose: 0 : 7036, 12, 2024/02/19, 13:45:25.987, 2584327340094, vstest.console.dll, TcpClientExtensions.MessageLoopAsync: Polling on remoteEndPoint: 127.0.0.1:49559 localEndPoint: 127.0.0.1:49558
TpTrace Verbose: 0 : 7036, 4, 2024/02/19, 13:45:26.001, 2584327483432, vstest.console.dll, MulticastDelegateUtilities.SafeInvoke: InternalTestLoggerEvents.SendTestRunMessage: Invoking callback 1/1 for Microsoft.VisualStudio.TestPlatform.CommandLine.Internal.ConsoleLogger., took 0 ms.
TpTrace Verbose: 0 : 7036, 12, 2024/02/19, 13:45:26.084, 2584328314594, vstest.console.dll, TcpClientExtensions.MessageLoopAsync: NotifyDataAvailable remoteEndPoint: 127.0.0.1:49559 localEndPoint: 127.0.0.1:49558
TpTrace Verbose: 0 : 7036, 12, 2024/02/19, 13:45:26.084, 2584328317070, vstest.console.dll, TestRequestSender.OnExecutionMessageReceived: Received message: {"Version":7,"MessageType":"TestSession.Message","Payload":{"MessageLevel":0,"Message":"Running all tests in C:\\Users\\simo7\\OneDrive\\Работен плот\\QA Automation- Back-End Technologies\\18.Mutation-Testing-Lab\\StrykerDemo\\CalculatorTests\\bin\\Debug\\net6.0\\fine-code-coverage\\build-output\\CalculatorTests.dll"}}
TpTrace Verbose: 0 : 7036, 12, 2024/02/19, 13:45:26.085, 2584328319690, vstest.console.dll, TestRunRequest:SendTestRunMessage: Starting.
TpTrace Verbose: 0 : 7036, 12, 2024/02/19, 13:45:26.085, 2584328321360, vstest.console.dll, MulticastDelegateUtilities.SafeInvoke: TestRun.LogMessages: Invoking callback 1/1 for Microsoft.VisualStudio.TestPlatform.CommandLine.TestRunResultAggregator., took 0 ms.
TpTrace Verbose: 0 : 7036, 4, 2024/02/19, 13:45:26.085, 2584328321581, vstest.console.dll, MulticastDelegateUtilities.SafeInvoke: InternalTestLoggerEvents.SendTestRunMessage: Invoking callback 1/1 for Microsoft.VisualStudio.TestPlatform.CommandLine.Internal.ConsoleLogger., took 0 ms.
TpTrace Information: 0 : 7036, 12, 2024/02/19, 13:45:26.085, 2584328322226, vstest.console.dll, TestRunRequest:SendTestRunMessage: Completed.
TpTrace Verbose: 0 : 7036, 12, 2024/02/19, 13:45:26.085, 2584328323974, vstest.console.dll, MulticastDelegateUtilities.SafeInvoke: LengthPrefixCommunicationChannel: MessageReceived: Invoking callback 1/1 for Microsoft.VisualStudio.TestPlatform.CommunicationUtilities.TestRequestSender+<>c__DisplayClass34_0., took 0 ms.
TpTrace Verbose: 0 : 7036, 12, 2024/02/19, 13:45:26.085, 2584328324839, vstest.console.dll, TcpClientExtensions.MessageLoopAsync: Polling on remoteEndPoint: 127.0.0.1:49559 localEndPoint: 127.0.0.1:49558
TpTrace Verbose: 0 : 7036, 12, 2024/02/19, 13:45:26.695, 2584334421046, vstest.console.dll, TcpClientExtensions.MessageLoopAsync: NotifyDataAvailable remoteEndPoint: 127.0.0.1:49559 localEndPoint: 127.0.0.1:49558
TpTrace Verbose: 0 : 7036, 12, 2024/02/19, 13:45:26.695, 2584334423095, vstest.console.dll, TestRequestSender.OnExecutionMessageReceived: Received message: {"Version":7,"MessageType":"TestSession.Message","Payload":{"MessageLevel":0,"Message":"   NUnit3TestExecutor discovered 4 of 4 NUnit test cases using Current Discovery mode, Non-Explicit run"}}
TpTrace Verbose: 0 : 7036, 12, 2024/02/19, 13:45:26.695, 2584334425454, vstest.console.dll, TestRunRequest:SendTestRunMessage: Starting.
TpTrace Verbose: 0 : 7036, 12, 2024/02/19, 13:45:26.695, 2584334426852, vstest.console.dll, MulticastDelegateUtilities.SafeInvoke: TestRun.LogMessages: Invoking callback 1/1 for Microsoft.VisualStudio.TestPlatform.CommandLine.TestRunResultAggregator., took 0 ms.
TpTrace Verbose: 0 : 7036, 4, 2024/02/19, 13:45:26.695, 2584334427087, vstest.console.dll, MulticastDelegateUtilities.SafeInvoke: InternalTestLoggerEvents.SendTestRunMessage: Invoking callback 1/1 for Microsoft.VisualStudio.TestPlatform.CommandLine.Internal.ConsoleLogger., took 0 ms.
TpTrace Information: 0 : 7036, 12, 2024/02/19, 13:45:26.695, 2584334427735, vstest.console.dll, TestRunRequest:SendTestRunMessage: Completed.
TpTrace Verbose: 0 : 7036, 12, 2024/02/19, 13:45:26.696, 2584334429515, vstest.console.dll, MulticastDelegateUtilities.SafeInvoke: LengthPrefixCommunicationChannel: MessageReceived: Invoking callback 1/1 for Microsoft.VisualStudio.TestPlatform.CommunicationUtilities.TestRequestSender+<>c__DisplayClass34_0., took 0 ms.
TpTrace Verbose: 0 : 7036, 12, 2024/02/19, 13:45:26.696, 2584334430283, vstest.console.dll, TcpClientExtensions.MessageLoopAsync: Polling on remoteEndPoint: 127.0.0.1:49559 localEndPoint: 127.0.0.1:49558
TpTrace Verbose: 0 : 7036, 12, 2024/02/19, 13:45:27.076, 2584338234777, vstest.console.dll, TcpClientExtensions.MessageLoopAsync: NotifyDataAvailable remoteEndPoint: 127.0.0.1:49559 localEndPoint: 127.0.0.1:49558
TpTrace Verbose: 0 : 7036, 12, 2024/02/19, 13:45:27.076, 2584338238062, vstest.console.dll, TestRequestSender.OnExecutionMessageReceived: Received message: {"Version":7,"MessageType":"TestExecution.StatsChange","Payload":{"NewTestResults":[{"TestCase":{"Id":"d62b7502-aa81-dd5c-2298-8afeea409e3f","FullyQualifiedName":"CalculatorTests.CalculatorMethodsTests.Divide_WhenWeProvideValidParams_ShouldReturnValidResult(4,2,2)","DisplayName":"Divide_WhenWeProvideValidParams_ShouldReturnValidResult(4,2,2)","ExecutorUri":"executor://NUnit3TestExecutor","Source":"C:\\Users\\simo7\\OneDrive\\Работен плот\\QA Automation- Back-End Technologies\\18.Mutation-Testing-Lab\\StrykerDemo\\CalculatorTests\\bin\\Debug\\net6.0\\fine-code-coverage\\build-output\\CalculatorTests.dll","CodeFilePath":null,"LineNumber":0,"Properties":[{"Key":{"Id":"NUnit.Seed","Label":"Seed","Category":"","Description":"","Attributes":0,"ValueType":"System.String"},"Value":"896930929"}]},"Attachments":[],"Outcome":1,"ErrorMessage":null,"ErrorStackTrace":null,"DisplayName":"Divide_WhenWeProvideValidParams_ShouldReturnValidResult(4,2,2)","Messages":[],"ComputerName":"SIMEON-PC","Duration":"00:00:00.0489680","StartTime":"2024-02-19T11:45:26.863363+00:00","EndTime":"2024-02-19T11:45:26.9121409+00:00","Properties":[{"Key":{"Id":"NUnit.Seed","Label":"Seed","Category":"","Description":"","Attributes":0,"ValueType":"System.String"},"Value":"896930929"}]}],"TestRunStatistics":{"ExecutedTests":1,"Stats":{"Passed":1}},"ActiveTests":[{"Id":"760dcb30-735f-2f52-df2a-2bbd1e37469e","FullyQualifiedName":"CalculatorTests.CalculatorMethodsTests.Multiply_WhenWeProvideValidParams_ShouldReturnValidResult(5,2,10)","DisplayName":"Multiply_WhenWeProvideValidParams_ShouldReturnValidResult(5,2,10)","ExecutorUri":"executor://NUnit3TestExecutor","Source":"C:\\Users\\simo7\\OneDrive\\Работен плот\\QA Automation- Back-End Technologies\\18.Mutation-Testing-Lab\\StrykerDemo\\CalculatorTests\\bin\\Debug\\net6.0\\fine-code-coverage\\build-output\\CalculatorTests.dll","CodeFilePath":null,"LineNumber":0,"Properties":[{"Key":{"Id":"NUnit.Seed","Label":"Seed","Category":"","Description":"","Attributes":0,"ValueType":"System.String"},"Value":"1060049650"}]}]}}
TpTrace Verbose: 0 : 7036, 12, 2024/02/19, 13:45:27.143, 2584338905091, vstest.console.dll, TestRunRequest:SendTestRunStatsChange: Starting.
TpTrace Verbose: 0 : 7036, 12, 2024/02/19, 13:45:27.143, 2584338908781, vstest.console.dll, InProgress is Multiply_WhenWeProvideValidParams_ShouldReturnValidResult(5,2,10)
TpTrace Verbose: 0 : 7036, 12, 2024/02/19, 13:45:27.144, 2584338914903, vstest.console.dll, MulticastDelegateUtilities.SafeInvoke: TestRun.RunStatsChanged: Invoking callbacks was skipped because there are no subscribers.
TpTrace Information: 0 : 7036, 12, 2024/02/19, 13:45:27.144, 2584338916226, vstest.console.dll, TestRunRequest:SendTestRunStatsChange: Completed.
TpTrace Verbose: 0 : 7036, 12, 2024/02/19, 13:45:27.144, 2584338917131, vstest.console.dll, MulticastDelegateUtilities.SafeInvoke: LengthPrefixCommunicationChannel: MessageReceived: Invoking callback 1/1 for Microsoft.VisualStudio.TestPlatform.CommunicationUtilities.TestRequestSender+<>c__DisplayClass34_0., took 67 ms.
TpTrace Verbose: 0 : 7036, 12, 2024/02/19, 13:45:27.144, 2584338917867, vstest.console.dll, TcpClientExtensions.MessageLoopAsync: Polling on remoteEndPoint: 127.0.0.1:49559 localEndPoint: 127.0.0.1:49558
TpTrace Verbose: 0 : 7036, 12, 2024/02/19, 13:45:27.144, 2584338918770, vstest.console.dll, TcpClientExtensions.MessageLoopAsync: NotifyDataAvailable remoteEndPoint: 127.0.0.1:49559 localEndPoint: 127.0.0.1:49558
TpTrace Verbose: 0 : 7036, 12, 2024/02/19, 13:45:27.145, 2584338920229, vstest.console.dll, TestRequestSender.OnExecutionMessageReceived: Received message: {"Version":7,"MessageType":"TestSession.Message","Payload":{"MessageLevel":0,"Message":"NUnit Adapter 4.4.0.0: Test execution complete"}}
TpTrace Verbose: 0 : 7036, 12, 2024/02/19, 13:45:27.145, 2584338921981, vstest.console.dll, TestRunRequest:SendTestRunMessage: Starting.
TpTrace Verbose: 0 : 7036, 12, 2024/02/19, 13:45:27.145, 2584338923058, vstest.console.dll, MulticastDelegateUtilities.SafeInvoke: TestRun.LogMessages: Invoking callback 1/1 for Microsoft.VisualStudio.TestPlatform.CommandLine.TestRunResultAggregator., took 0 ms.
TpTrace Information: 0 : 7036, 12, 2024/02/19, 13:45:27.145, 2584338923640, vstest.console.dll, TestRunRequest:SendTestRunMessage: Completed.
TpTrace Verbose: 0 : 7036, 12, 2024/02/19, 13:45:27.145, 2584338924210, vstest.console.dll, MulticastDelegateUtilities.SafeInvoke: LengthPrefixCommunicationChannel: MessageReceived: Invoking callback 1/1 for Microsoft.VisualStudio.TestPlatform.CommunicationUtilities.TestRequestSender+<>c__DisplayClass34_0., took 0 ms.
TpTrace Verbose: 0 : 7036, 12, 2024/02/19, 13:45:27.145, 2584338924836, vstest.console.dll, TcpClientExtensions.MessageLoopAsync: Polling on remoteEndPoint: 127.0.0.1:49559 localEndPoint: 127.0.0.1:49558
TpTrace Verbose: 0 : 7036, 4, 2024/02/19, 13:45:27.148, 2584338950068, vstest.console.dll, MulticastDelegateUtilities.SafeInvoke: InternalTestLoggerEvents.SendTestResult: Invoking callback 1/1 for Microsoft.VisualStudio.TestPlatform.CommandLine.Internal.ConsoleLogger., took 3 ms.
TpTrace Verbose: 0 : 7036, 4, 2024/02/19, 13:45:27.148, 2584338952040, vstest.console.dll, MulticastDelegateUtilities.SafeInvoke: InternalTestLoggerEvents.SendTestRunMessage: Invoking callback 1/1 for Microsoft.VisualStudio.TestPlatform.CommandLine.Internal.ConsoleLogger., took 0 ms.
TpTrace Verbose: 0 : 7036, 12, 2024/02/19, 13:45:27.151, 2584338984304, vstest.console.dll, TcpClientExtensions.MessageLoopAsync: NotifyDataAvailable remoteEndPoint: 127.0.0.1:49559 localEndPoint: 127.0.0.1:49558
TpTrace Verbose: 0 : 7036, 12, 2024/02/19, 13:45:27.151, 2584338987696, vstest.console.dll, TestRequestSender.OnExecutionMessageReceived: Received message: {"Version":7,"MessageType":"TestExecution.Completed","Payload":{"TestRunCompleteArgs":{"TestRunStatistics":{"ExecutedTests":4,"Stats":{"Passed":4}},"IsCanceled":false,"IsAborted":false,"Error":null,"AttachmentSets":[],"InvokedDataCollectors":[],"ElapsedTimeInRunningTests":"00:00:01.3786454","Metrics":{},"DiscoveredExtensions":{"TestDiscoverers":["NUnit.VisualStudio.TestAdapter.NUnit3TestDiscoverer, NUnit3.TestAdapter, Version=4.4.0.0, Culture=neutral, PublicKeyToken=4cb40d35494691ac"],"TestExecutors":["executor://NUnit3TestExecutor"],"TestExecutors2":[],"TestSettingsProviders":[]}},"LastRunTests":{"NewTestResults":[{"TestCase":{"Id":"760dcb30-735f-2f52-df2a-2bbd1e37469e","FullyQualifiedName":"CalculatorTests.CalculatorMethodsTests.Multiply_WhenWeProvideValidParams_ShouldReturnValidResult(5,2,10)","DisplayName":"Multiply_WhenWeProvideValidParams_ShouldReturnValidResult(5,2,10)","ExecutorUri":"executor://NUnit3TestExecutor","Source":"C:\\Users\\simo7\\OneDrive\\Работен плот\\QA Automation- Back-End Technologies\\18.Mutation-Testing-Lab\\StrykerDemo\\CalculatorTests\\bin\\Debug\\net6.0\\fine-code-coverage\\build-output\\CalculatorTests.dll","CodeFilePath":null,"LineNumber":0,"Properties":[{"Key":{"Id":"NUnit.Seed","Label":"Seed","Category":"","Description":"","Attributes":0,"ValueType":"System.String"},"Value":"1060049650"}]},"Attachments":[],"Outcome":1,"ErrorMessage":null,"ErrorStackTrace":null,"DisplayName":"Multiply_WhenWeProvideValidParams_ShouldReturnValidResult(5,2,10)","Messages":[],"ComputerName":"SIMEON-PC","Duration":"00:00:00.0006020","StartTime":"2024-02-19T11:45:27.0273569+00:00","EndTime":"2024-02-19T11:45:27.0279599+00:00","Properties":[{"Key":{"Id":"NUnit.Seed","Label":"Seed","Category":"","Description":"","Attributes":0,"ValueType":"System.String"},"Value":"1060049650"}]},{"TestCase":{"Id":"9a157d76-d6aa-288b-e5d1-649fc51faf7d","FullyQualifiedName":"CalculatorTests.CalculatorMethodsTests.Substract_WhenWeProvideValidParams_ShouldReturnValidResult(5,5,0)","DisplayName":"Substract_WhenWeProvideValidParams_ShouldReturnValidResult(5,5,0)","ExecutorUri":"executor://NUnit3TestExecutor","Source":"C:\\Users\\simo7\\OneDrive\\Работен плот\\QA Automation- Back-End Technologies\\18.Mutation-Testing-Lab\\StrykerDemo\\CalculatorTests\\bin\\Debug\\net6.0\\fine-code-coverage\\build-output\\CalculatorTests.dll","CodeFilePath":null,"LineNumber":0,"Properties":[{"Key":{"Id":"NUnit.Seed","Label":"Seed","Category":"","Description":"","Attributes":0,"ValueType":"System.String"},"Value":"644713599"}]},"Attachments":[],"Outcome":1,"ErrorMessage":null,"ErrorStackTrace":null,"DisplayName":"Substract_WhenWeProvideValidParams_ShouldReturnValidResult(5,5,0)","Messages":[],"ComputerName":"SIMEON-PC","Duration":"00:00:00.0003650","StartTime":"2024-02-19T11:45:27.0378337+00:00","EndTime":"2024-02-19T11:45:27.0381986+00:00","Properties":[{"Key":{"Id":"NUnit.Seed","Label":"Seed","Category":"","Description":"","Attributes":0,"ValueType":"System.String"},"Value":"644713599"}]},{"TestCase":{"Id":"dd55a7ee-c124-cba8-2c58-10c6a6714711","FullyQualifiedName":"CalculatorTests.CalculatorMethodsTests.Sum_WhenWeProvideValidParams_ShouldReturnValidResult(5,5,10)","DisplayName":"Sum_WhenWeProvideValidParams_ShouldReturnValidResult(5,5,10)","ExecutorUri":"executor://NUnit3TestExecutor","Source":"C:\\Users\\simo7\\OneDrive\\Работен плот\\QA Automation- Back-End Technologies\\18.Mutation-Testing-Lab\\StrykerDemo\\CalculatorTests\\bin\\Debug\\net6.0\\fine-code-coverage\\build-output\\CalculatorTests.dll","CodeFilePath":null,"LineNumber":0,"Properties":[{"Key":{"Id":"NUnit.Seed","Label":"Seed","Category":"","Description":"","Attributes":0,"ValueType":"System.String"},"Value":"1434286431"}]},"Attachments":[],"Outcome":1,"ErrorMessage":null,"ErrorStackTrace":null,"DisplayName":"Sum_WhenWeProvideValidParams_ShouldReturnValidResult(5,5,10)","Messages":[],"ComputerName":"SIMEON-PC","Duration":"00:00:00.0003080","StartTime":"2024-02-19T11:45:27.0384418+00:00","EndTime":"2024-02-19T11:45:27.0387496+00:00","Properties":[{"Key":{"Id":"NUnit.Seed","Label":"Seed","Category":"","Description":"","Attributes":0,"ValueType":"System.String"},"Value":"1434286431"}]}],"TestRunStatistics":{"ExecutedTests":4,"Stats":{"Passed":4}},"ActiveTests":[]},"RunAttachments":[],"ExecutorUris":["executor://nunit3testexecutor/"]}}
TpTrace Verbose: 0 : 7036, 12, 2024/02/19, 13:45:27.152, 2584338990495, vstest.console.dll, TestRequestSender.EndSession: Sending end session.
TpTrace Verbose: 0 : 7036, 12, 2024/02/19, 13:45:27.152, 2584338993448, vstest.console.dll, ProxyOperationManager.Close: waiting for test host to exit for 100 ms
TpTrace Verbose: 0 : 7036, 10, 2024/02/19, 13:45:27.179, 2584339268530, vstest.console.dll, TestHostManagerCallbacks.ctor: Experimental forwarding output is disabled.
TpTrace Warning: 0 : 7036, 10, 2024/02/19, 13:45:27.180, 2584339269985, vstest.console.dll, TestHostManagerCallbacks.ErrorReceivedCallback Test host standard error line: 
TpTrace Verbose: 0 : 7036, 10, 2024/02/19, 13:45:27.197, 2584339442407, vstest.console.dll, TestHostProvider.ExitCallBack: Host exited starting callback.
TpTrace Information: 0 : 7036, 10, 2024/02/19, 13:45:27.197, 2584339444750, vstest.console.dll, TestHostManagerCallbacks.ExitCallBack: Testhost processId: 14060 exited with exitcode: 0 error: ''
TpTrace Verbose: 0 : 7036, 10, 2024/02/19, 13:45:27.197, 2584339445564, vstest.console.dll, DotnetTestHostManager.OnHostExited: invoking OnHostExited callback
TpTrace Verbose: 0 : 7036, 10, 2024/02/19, 13:45:27.197, 2584339446544, vstest.console.dll, CrossPlatEngine.TestHostManagerHostExited: calling on client process exit callback.
TpTrace Information: 0 : 7036, 10, 2024/02/19, 13:45:27.197, 2584339447596, vstest.console.dll, TestRequestSender.OnClientProcessExit: Test host process exited. Standard error: 
TpTrace Information: 0 : 7036, 12, 2024/02/19, 13:45:27.197, 2584339448128, vstest.console.dll, SocketServer.Stop: Stop server endPoint: 127.0.0.1:49558
TpTrace Information: 0 : 7036, 10, 2024/02/19, 13:45:27.197, 2584339448450, vstest.console.dll, SocketServer.Stop: Stop server endPoint: 127.0.0.1:49558
TpTrace Information: 0 : 7036, 12, 2024/02/19, 13:45:27.198, 2584339449032, vstest.console.dll, SocketServer.Stop: Cancellation requested. Stopping message loop.
TpTrace Information: 0 : 7036, 10, 2024/02/19, 13:45:27.198, 2584339449794, vstest.console.dll, SocketServer.Stop: Cancellation requested. Stopping message loop.
TpTrace Verbose: 0 : 7036, 10, 2024/02/19, 13:45:27.198, 2584339451432, vstest.console.dll, MulticastDelegateUtilities.SafeInvoke: HostProviderEvents.OnHostExited: Invoking callback 1/1 for Microsoft.VisualStudio.TestPlatform.CrossPlatEngine.Client.ProxyOperationManager., took 0 ms.
TpTrace Information: 0 : 7036, 12, 2024/02/19, 13:45:27.198, 2584339451935, vstest.console.dll, Closing the connection
TpTrace Verbose: 0 : 7036, 12, 2024/02/19, 13:45:27.198, 2584339455602, vstest.console.dll, ProxyDataCollectionManager.InvokeDataCollectionServiceAction: Starting.
TpTrace Information: 0 : 7036, 12, 2024/02/19, 13:45:27.198, 2584339456408, vstest.console.dll, ProxyDataCollectionManager.AfterTestRunEnd: Get attachment set and invoked data collectors processId: 4016 port: 49555
TpTrace Verbose: 0 : 7036, 12, 2024/02/19, 13:45:27.198, 2584339457448, vstest.console.dll, DataCollectionRequestSender.SendAfterTestRunStartAndGetResult: Send AfterTestRunEnd message with isCancelled: False
TpTrace Verbose: 0 : 7036, 12, 2024/02/19, 13:45:27.216, 2584339633842, vstest.console.dll, DataCollectionRequestSender.SendAfterTestRunStartAndGetResult: Received message: (DataCollection.AfterTestRunEndResult) -> {"MessageType":"DataCollection.AfterTestRunEndResult","Payload":{"AttachmentSets":[],"InvokedDataCollectors":[{"Uri":"datacollector://Microsoft/TestPlatform/Extensions/Blame/v1","FriendlyName":"Blame","AssemblyQualifiedName":"Microsoft.TestPlatform.Extensions.BlameDataCollector.BlameCollector, Microsoft.TestPlatform.Extensions.BlameDataCollector, Version=15.0.0.0, Culture=neutral, PublicKeyToken=b03f5f7f11d50a3a","FilePath":"C:\\Program Files\\dotnet\\sdk\\8.0.100\\Extensions\\Microsoft.TestPlatform.Extensions.BlameDataCollector.dll","HasAttachmentProcessor":false}],"Metrics":{}}}
TpTrace Warning: 0 : 7036, 7, 2024/02/19, 13:45:27.224, 2584339712184, vstest.console.dll, DataCollectionLauncher.ErrorReceivedCallback datacollector standard error line: 
TpTrace Information: 0 : 7036, 12, 2024/02/19, 13:45:27.226, 2584339730292, vstest.console.dll, ProxyDataCollectionManager.InvokeDataCollectionServiceAction: Completed.
TpTrace Information: 0 : 7036, 7, 2024/02/19, 13:45:27.246, 2584339932867, vstest.console.dll, DataCollectionLauncher.ExitCallBack: Data collector exited with exitcode: 0 error: ''
TpTrace Verbose: 0 : 7036, 12, 2024/02/19, 13:45:27.310, 2584340571604, vstest.console.dll, TestRunRequest:SendTestRunStatsChange: Starting.
TpTrace Verbose: 0 : 7036, 12, 2024/02/19, 13:45:27.310, 2584340573740, vstest.console.dll, MulticastDelegateUtilities.SafeInvoke: TestRun.RunStatsChanged: Invoking callbacks was skipped because there are no subscribers.
TpTrace Information: 0 : 7036, 12, 2024/02/19, 13:45:27.310, 2584340574419, vstest.console.dll, TestRunRequest:SendTestRunStatsChange: Completed.
TpTrace Verbose: 0 : 7036, 4, 2024/02/19, 13:45:27.310, 2584340575212, vstest.console.dll, MulticastDelegateUtilities.SafeInvoke: InternalTestLoggerEvents.SendTestResult: Invoking callback 1/1 for Microsoft.VisualStudio.TestPlatform.CommandLine.Internal.ConsoleLogger., took 0 ms.
TpTrace Verbose: 0 : 7036, 4, 2024/02/19, 13:45:27.311, 2584340580149, vstest.console.dll, MulticastDelegateUtilities.SafeInvoke: InternalTestLoggerEvents.SendTestResult: Invoking callback 1/1 for Microsoft.VisualStudio.TestPlatform.CommandLine.Internal.ConsoleLogger., took 0 ms.
TpTrace Verbose: 0 : 7036, 12, 2024/02/19, 13:45:27.311, 2584340581193, vstest.console.dll, ParallelProxyExecutionManager: HandlePartialRunComplete: Total workloads = 1, Total started clients = 1 Total completed clients = 1, Run complete = True, Run canceled: False.
TpTrace Verbose: 0 : 7036, 4, 2024/02/19, 13:45:27.311, 2584340581751, vstest.console.dll, MulticastDelegateUtilities.SafeInvoke: InternalTestLoggerEvents.SendTestResult: Invoking callback 1/1 for Microsoft.VisualStudio.TestPlatform.CommandLine.Internal.ConsoleLogger., took 0 ms.
TpTrace Verbose: 0 : 7036, 12, 2024/02/19, 13:45:27.311, 2584340581927, vstest.console.dll, ParallelProxyExecutionManager: HandlePartialRunComplete: All runs completed stopping all managers.
TpTrace Verbose: 0 : 7036, 12, 2024/02/19, 13:45:27.311, 2584340583314, vstest.console.dll, ParallelOperationManager.StopAllManagers: Stopping all managers.
TpTrace Verbose: 0 : 7036, 12, 2024/02/19, 13:45:27.311, 2584340584483, vstest.console.dll, ParallelOperationManager.ClearSlots: Clearing all slots. Slots should accept more work: False
TpTrace Verbose: 0 : 7036, 12, 2024/02/19, 13:45:27.311, 2584340585547, vstest.console.dll, ParallelOperationManager.SetOccupiedSlotCount: Setting slot counts AvailableSlotCount = 1, OccupiedSlotCount = 0.
TpTrace Verbose: 0 : 7036, 12, 2024/02/19, 13:45:27.311, 2584340586514, vstest.console.dll, Occupied slots:

TpTrace Verbose: 0 : 7036, 4, 2024/02/19, 13:45:27.324, 2584340715057, vstest.console.dll, MulticastDelegateUtilities.SafeInvoke: InternalTestLoggerEvents.SendTestRunComplete: Invoking callback 1/2 for Microsoft.TestPlatform.Extensions.BlameDataCollector.BlameLogger., took 0 ms.
TpTrace Verbose: 0 : 7036, 4, 2024/02/19, 13:45:27.334, 2584340809085, vstest.console.dll, MulticastDelegateUtilities.SafeInvoke: InternalTestLoggerEvents.SendTestRunComplete: Invoking callback 2/2 for Microsoft.VisualStudio.TestPlatform.CommandLine.Internal.ConsoleLogger., took 9 ms.
TpTrace Verbose: 0 : 7036, 12, 2024/02/19, 13:45:27.334, 2584340813514, vstest.console.dll, TestRunRequest:TestRunComplete: Starting. IsAborted:False IsCanceled:False.
TpTrace Verbose: 0 : 7036, 12, 2024/02/19, 13:45:27.334, 2584340816506, vstest.console.dll, ParallelOperationManager.DoActionOnAllManagers: Calling an action on all managers.
TpTrace Verbose: 0 : 7036, 12, 2024/02/19, 13:45:27.336, 2584340832970, vstest.console.dll, TestLoggerManager.HandleTestRunComplete: Ignoring as the object is disposed.
TpTrace Verbose: 0 : 7036, 12, 2024/02/19, 13:45:27.336, 2584340836873, vstest.console.dll, MulticastDelegateUtilities.SafeInvoke: TestRun.TestRunComplete: Invoking callback 1/2 for Microsoft.VisualStudio.TestPlatform.CommandLine.TestRunResultAggregator., took 0 ms.
TpTrace Verbose: 0 : 7036, 12, 2024/02/19, 13:45:27.336, 2584340838503, vstest.console.dll, MulticastDelegateUtilities.SafeInvoke: TestRun.TestRunComplete: Invoking callback 2/2 for Microsoft.VisualStudio.TestPlatform.CommandLine.Processors.RunTestsArgumentExecutor+TestRunRequestEventsRegistrar., took 0 ms.
TpTrace Information: 0 : 7036, 12, 2024/02/19, 13:45:27.337, 2584340840156, vstest.console.dll, TestRunRequest:TestRunComplete: Completed.
TpTrace Verbose: 0 : 7036, 1, 2024/02/19, 13:45:27.337, 2584340840226, vstest.console.dll, TestRunRequest.Dispose: Starting.
TpTrace Verbose: 0 : 7036, 12, 2024/02/19, 13:45:27.337, 2584340841016, vstest.console.dll, TestRequestSender.SetOperationComplete: Setting operation complete.
TpTrace Information: 0 : 7036, 1, 2024/02/19, 13:45:27.337, 2584340841847, vstest.console.dll, TestRunRequest.Dispose: Completed.
TpTrace Information: 0 : 7036, 12, 2024/02/19, 13:45:27.337, 2584340842659, vstest.console.dll, SocketServer.Stop: Stop server endPoint: 127.0.0.1:49558
TpTrace Information: 0 : 7036, 1, 2024/02/19, 13:45:27.337, 2584340842818, vstest.console.dll, TestRequestManager.RunTests: run tests completed.
TpTrace Information: 0 : 7036, 12, 2024/02/19, 13:45:27.337, 2584340843386, vstest.console.dll, SocketServer.Stop: Cancellation requested. Stopping message loop.
TpTrace Verbose: 0 : 7036, 12, 2024/02/19, 13:45:27.337, 2584340844772, vstest.console.dll, MulticastDelegateUtilities.SafeInvoke: LengthPrefixCommunicationChannel: MessageReceived: Invoking callback 1/1 for Microsoft.VisualStudio.TestPlatform.CommunicationUtilities.TestRequestSender+<>c__DisplayClass34_0., took 185 ms.
TpTrace Information: 0 : 7036, 1, 2024/02/19, 13:45:27.337, 2584340844831, vstest.console.dll, RunTestsArgumentProcessor:Execute: Test run is completed.
TpTrace Information: 0 : 7036, 12, 2024/02/19, 13:45:27.337, 2584340845669, vstest.console.dll, SocketServer.PrivateStop: Stopping server endPoint: 127.0.0.1:49558 error: 
TpTrace Verbose: 0 : 7036, 1, 2024/02/19, 13:45:27.338, 2584340849000, vstest.console.dll, Executor.Execute: Exiting with exit code of 0
TpTrace Verbose: 0 : 7036, 12, 2024/02/19, 13:45:27.338, 2584340852297, vstest.console.dll, LengthPrefixCommunicationChannel.Dispose: Dispose reader and writer.
TpTrace Information: 0 : 7036, 12, 2024/02/19, 13:45:27.338, 2584340853560, vstest.console.dll, SocketServer.Stop: Raise disconnected event endPoint: 127.0.0.1:49558 error: 
TpTrace Verbose: 0 : 7036, 12, 2024/02/19, 13:45:27.338, 2584340855068, vstest.console.dll, TestRequestSender: OnTestRunAbort: Operation is already complete. Skip error message.
