TpTrace Verbose: 0 : 13700, 1, 2024/02/28, 23:22:42.599, 7642301344893, vstest.console.dll, Version: 17.8.0-release-23523-03 Current process architecture: X64
TpTrace Verbose: 0 : 13700, 1, 2024/02/28, 23:22:42.605, 7642301414226, vstest.console.dll, Runtime location: C:\Program Files\dotnet\shared\Microsoft.NETCore.App\8.0.0
TpTrace Verbose: 0 : 13700, 1, 2024/02/28, 23:22:42.610, 7642301464314, vstest.console.dll, ArtifactProcessingPostProcessModeProcessorExecutor.Initialize: ArtifactProcessingMode.Collect
TpTrace Verbose: 0 : 13700, 1, 2024/02/28, 23:22:42.611, 7642301467738, vstest.console.dll, TestSessionCorrelationIdProcessorModeProcessorExecutor.Initialize: TestSessionCorrelationId '13920_d7418571-3740-45b5-be45-1357e85e5eed'
TpTrace Information: 0 : 13700, 1, 2024/02/28, 23:22:42.622, 7642301578725, vstest.console.dll, FilePatternParser: The given file C:\Users\simo7\OneDrive\Работен плот\QA Automation- Back-End Technologies\12.Integration-Testing-Exercises-1\LibroConsoleAPI.IntegrationTests.NUnit\bin\Debug\net6.0\fine-code-coverage\build-output\LibroConsoleAPI.IntegrationTests.NUnit.dll is a full path.
TpTrace Verbose: 0 : 13700, 1, 2024/02/28, 23:22:42.632, 7642301675991, vstest.console.dll, TestPluginCache.DiscoverTestExtensions: finding test extensions in assemblies ends with: RuntimeProvider.dll TPluginInfo: Microsoft.VisualStudio.TestPlatform.Common.ExtensionFramework.Utilities.TestRuntimePluginInformation TExtension: Microsoft.VisualStudio.TestPlatform.ObjectModel.Host.ITestRuntimeProvider
TpTrace Verbose: 0 : 13700, 1, 2024/02/28, 23:22:42.632, 7642301682174, vstest.console.dll, TestPluginCache.GetExtensionPaths: Filtered extension paths: 
TpTrace Verbose: 0 : 13700, 1, 2024/02/28, 23:22:42.632, 7642301683878, vstest.console.dll, TestPluginCache.GetExtensionPaths: Added default extension paths: C:\Program Files\dotnet\sdk\8.0.100\Extensions\Microsoft.Diagnostics.NETCore.Client.dll
C:\Program Files\dotnet\sdk\8.0.100\Extensions\Microsoft.TestPlatform.Extensions.BlameDataCollector.dll
C:\Program Files\dotnet\sdk\8.0.100\Extensions\Microsoft.TestPlatform.Extensions.EventLogCollector.dll
C:\Program Files\dotnet\sdk\8.0.100\Extensions\Microsoft.TestPlatform.TestHostRuntimeProvider.dll
C:\Program Files\dotnet\sdk\8.0.100\Extensions\Microsoft.VisualStudio.TestPlatform.Extensions.Html.TestLogger.dll
C:\Program Files\dotnet\sdk\8.0.100\Extensions\Microsoft.VisualStudio.TestPlatform.Extensions.Trx.TestLogger.dll
TpTrace Verbose: 0 : 13700, 1, 2024/02/28, 23:22:42.633, 7642301684641, vstest.console.dll, TestPluginCache.GetExtensionPaths: Added unfilterableExtensionPaths: 
TpTrace Information: 0 : 13700, 1, 2024/02/28, 23:22:42.634, 7642301694857, vstest.console.dll, AssemblyResolver.ctor: Creating AssemblyResolver with searchDirectories C:\Program Files\dotnet\sdk\8.0.100\Extensions,C:\Program Files\dotnet\sdk\8.0.100
TpTrace Verbose: 0 : 13700, 1, 2024/02/28, 23:22:42.637, 7642301725232, vstest.console.dll, TestPluginCache.DiscoverTestExtensions: Discovering the extensions using extension path.
TpTrace Verbose: 0 : 13700, 1, 2024/02/28, 23:22:42.637, 7642301728093, vstest.console.dll, TestPluginCache.GetExtensionPaths: Filtered extension paths: 
TpTrace Verbose: 0 : 13700, 1, 2024/02/28, 23:22:42.637, 7642301729536, vstest.console.dll, TestPluginCache.GetExtensionPaths: Added default extension paths: C:\Program Files\dotnet\sdk\8.0.100\Extensions\Microsoft.Diagnostics.NETCore.Client.dll
C:\Program Files\dotnet\sdk\8.0.100\Extensions\Microsoft.TestPlatform.Extensions.BlameDataCollector.dll
C:\Program Files\dotnet\sdk\8.0.100\Extensions\Microsoft.TestPlatform.Extensions.EventLogCollector.dll
C:\Program Files\dotnet\sdk\8.0.100\Extensions\Microsoft.TestPlatform.TestHostRuntimeProvider.dll
C:\Program Files\dotnet\sdk\8.0.100\Extensions\Microsoft.VisualStudio.TestPlatform.Extensions.Html.TestLogger.dll
C:\Program Files\dotnet\sdk\8.0.100\Extensions\Microsoft.VisualStudio.TestPlatform.Extensions.Trx.TestLogger.dll
TpTrace Verbose: 0 : 13700, 1, 2024/02/28, 23:22:42.637, 7642301730291, vstest.console.dll, TestPluginCache.GetExtensionPaths: Added unfilterableExtensionPaths: 
TpTrace Verbose: 0 : 13700, 1, 2024/02/28, 23:22:42.637, 7642301732698, vstest.console.dll, TestPluginCache.DiscoverTestExtensions: Discovering the extensions using allExtensionPaths: C:\Program Files\dotnet\sdk\8.0.100\Extensions\Microsoft.Diagnostics.NETCore.Client.dll
C:\Program Files\dotnet\sdk\8.0.100\Extensions\Microsoft.TestPlatform.Extensions.BlameDataCollector.dll
C:\Program Files\dotnet\sdk\8.0.100\Extensions\Microsoft.TestPlatform.Extensions.EventLogCollector.dll
C:\Program Files\dotnet\sdk\8.0.100\Extensions\Microsoft.TestPlatform.TestHostRuntimeProvider.dll
C:\Program Files\dotnet\sdk\8.0.100\Extensions\Microsoft.VisualStudio.TestPlatform.Extensions.Html.TestLogger.dll
C:\Program Files\dotnet\sdk\8.0.100\Extensions\Microsoft.VisualStudio.TestPlatform.Extensions.Trx.TestLogger.dll
TpTrace Information: 0 : 13700, 1, 2024/02/28, 23:22:42.638, 7642301734819, vstest.console.dll, AssemblyResolver.AddSearchDirectories: Adding more searchDirectories C:\Program Files\dotnet\sdk\8.0.100\Extensions,C:\Program Files\dotnet\sdk\8.0.100
TpTrace Information: 0 : 13700, 1, 2024/02/28, 23:22:42.638, 7642301736324, vstest.console.dll, AssemblyResolver.AddSearchDirectories: Adding more searchDirectories C:\Program Files\dotnet\sdk\8.0.100\Extensions,C:\Program Files\dotnet\sdk\8.0.100
TpTrace Information: 0 : 13700, 1, 2024/02/28, 23:22:42.638, 7642301737059, vstest.console.dll, AssemblyResolver.AddSearchDirectories: Adding more searchDirectories C:\Program Files\dotnet\sdk\8.0.100\Extensions,C:\Program Files\dotnet\sdk\8.0.100
TpTrace Information: 0 : 13700, 1, 2024/02/28, 23:22:42.638, 7642301737908, vstest.console.dll, AssemblyResolver.AddSearchDirectories: Adding more searchDirectories C:\Program Files\dotnet\sdk\8.0.100\Extensions,C:\Program Files\dotnet\sdk\8.0.100
TpTrace Information: 0 : 13700, 1, 2024/02/28, 23:22:42.638, 7642301739182, vstest.console.dll, AssemblyResolver.AddSearchDirectories: Adding more searchDirectories C:\Program Files\dotnet\sdk\8.0.100\Extensions,C:\Program Files\dotnet\sdk\8.0.100
TpTrace Information: 0 : 13700, 1, 2024/02/28, 23:22:42.638, 7642301740028, vstest.console.dll, AssemblyResolver.AddSearchDirectories: Adding more searchDirectories C:\Program Files\dotnet\sdk\8.0.100\Extensions,C:\Program Files\dotnet\sdk\8.0.100
TpTrace Information: 0 : 13700, 1, 2024/02/28, 23:22:42.639, 7642301749584, vstest.console.dll, AssemblyResolver.OnResolve: Microsoft.Diagnostics.NETCore.Client: Resolving assembly.
TpTrace Information: 0 : 13700, 1, 2024/02/28, 23:22:42.639, 7642301751536, vstest.console.dll, AssemblyResolver.OnResolve: Microsoft.Diagnostics.NETCore.Client: Searching in: 'C:\Program Files\dotnet\sdk\8.0.100\Extensions'.
TpTrace Information: 0 : 13700, 1, 2024/02/28, 23:22:42.657, 7642301926014, vstest.console.dll, AssemblyResolver.OnResolve: Microsoft.Diagnostics.NETCore.Client: Loading assembly 'C:\Program Files\dotnet\sdk\8.0.100\Extensions\Microsoft.Diagnostics.NETCore.Client.dll'.
TpTrace Information: 0 : 13700, 1, 2024/02/28, 23:22:42.658, 7642301941964, vstest.console.dll, AssemblyResolver.OnResolve: Resolved assembly: Microsoft.Diagnostics.NETCore.Client, from path: C:\Program Files\dotnet\sdk\8.0.100\Extensions\Microsoft.Diagnostics.NETCore.Client.dll
TpTrace Verbose: 0 : 13700, 1, 2024/02/28, 23:22:42.669, 7642302051615, vstest.console.dll, MetadataReaderExtensionsHelper: Discovering extensions inside assembly 'Microsoft.Diagnostics.NETCore.Client, Version=0.2.8.21101, Culture=neutral, PublicKeyToken=31bf3856ad364e35' file path 'C:\Program Files\dotnet\sdk\8.0.100\Extensions\Microsoft.Diagnostics.NETCore.Client.dll'
TpTrace Information: 0 : 13700, 1, 2024/02/28, 23:22:42.684, 7642302198672, vstest.console.dll, AssemblyResolver.OnResolve: Microsoft.Bcl.AsyncInterfaces: Resolving assembly.
TpTrace Information: 0 : 13700, 1, 2024/02/28, 23:22:42.684, 7642302200714, vstest.console.dll, AssemblyResolver.OnResolve: Microsoft.Bcl.AsyncInterfaces: Searching in: 'C:\Program Files\dotnet\sdk\8.0.100\Extensions'.
TpTrace Information: 0 : 13700, 1, 2024/02/28, 23:22:42.685, 7642302204693, vstest.console.dll, AssemblyResolver.OnResolve: Microsoft.Bcl.AsyncInterfaces: Assembly path does not exist: 'C:\Program Files\dotnet\sdk\8.0.100\Extensions\Microsoft.Bcl.AsyncInterfaces.dll', returning.
TpTrace Information: 0 : 13700, 1, 2024/02/28, 23:22:42.685, 7642302207279, vstest.console.dll, AssemblyResolver.OnResolve: Microsoft.Bcl.AsyncInterfaces: Assembly path does not exist: 'C:\Program Files\dotnet\sdk\8.0.100\Extensions\Microsoft.Bcl.AsyncInterfaces.exe', returning.
TpTrace Information: 0 : 13700, 1, 2024/02/28, 23:22:42.685, 7642302208460, vstest.console.dll, AssemblyResolver.OnResolve: Microsoft.Bcl.AsyncInterfaces: Searching in: 'C:\Program Files\dotnet\sdk\8.0.100'.
TpTrace Information: 0 : 13700, 1, 2024/02/28, 23:22:42.685, 7642302210688, vstest.console.dll, AssemblyResolver.OnResolve: Microsoft.Bcl.AsyncInterfaces: Assembly path does not exist: 'C:\Program Files\dotnet\sdk\8.0.100\Microsoft.Bcl.AsyncInterfaces.dll', returning.
TpTrace Information: 0 : 13700, 1, 2024/02/28, 23:22:42.685, 7642302212893, vstest.console.dll, AssemblyResolver.OnResolve: Microsoft.Bcl.AsyncInterfaces: Assembly path does not exist: 'C:\Program Files\dotnet\sdk\8.0.100\Microsoft.Bcl.AsyncInterfaces.exe', returning.
TpTrace Information: 0 : 13700, 1, 2024/02/28, 23:22:42.685, 7642302214111, vstest.console.dll, AssemblyResolver.OnResolve: Microsoft.Bcl.AsyncInterfaces: Failed to load assembly.
TpTrace Verbose: 0 : 13700, 1, 2024/02/28, 23:22:42.686, 7642302215318, vstest.console.dll, CurrentDomainAssemblyResolve: Resolving assembly 'Microsoft.Bcl.AsyncInterfaces'.
TpTrace Information: 0 : 13700, 1, 2024/02/28, 23:22:42.686, 7642302217041, vstest.console.dll, AssemblyResolver.OnResolve: Microsoft.Bcl.AsyncInterfaces: Resolving assembly.
TpTrace Information: 0 : 13700, 1, 2024/02/28, 23:22:42.686, 7642302218252, vstest.console.dll, AssemblyResolver.OnResolve: Microsoft.Bcl.AsyncInterfaces: Resolved from cache.
TpTrace Verbose: 0 : 13700, 1, 2024/02/28, 23:22:42.686, 7642302219227, vstest.console.dll, CurrentDomainAssemblyResolve: Resolving assembly 'Microsoft.Bcl.AsyncInterfaces'.
TpTrace Verbose: 0 : 13700, 1, 2024/02/28, 23:22:42.686, 7642302220504, vstest.console.dll, CurrentDomainAssemblyResolve: Failed to resolve assembly 'Microsoft.Bcl.AsyncInterfaces'.
TpTrace Verbose: 0 : 13700, 1, 2024/02/28, 23:22:42.689, 7642302248519, vstest.console.dll, CurrentDomainAssemblyResolve: Failed to resolve assembly 'Microsoft.Bcl.AsyncInterfaces'.
TpTrace Warning: 0 : 13700, 1, 2024/02/28, 23:22:42.714, 7642302496468, vstest.console.dll, TestPluginDiscoverer: Failed to get types from assembly 'Microsoft.Diagnostics.NETCore.Client, Version=0.2.8.21101, Culture=neutral, PublicKeyToken=31bf3856ad364e35'. Error: System.Reflection.ReflectionTypeLoadException: Unable to load one or more of the requested types.
Could not load file or assembly 'Microsoft.Bcl.AsyncInterfaces, Version=1.0.0.0, Culture=neutral, PublicKeyToken=cc7b13ffcd2ddd51'. The system cannot find the file specified.
   at System.Reflection.RuntimeModule.GetTypes(RuntimeModule module)
   at System.Reflection.RuntimeModule.GetTypes()
   at Microsoft.VisualStudio.TestPlatform.Common.ExtensionFramework.TestPluginDiscoverer.GetTestExtensionsFromAssembly[TPluginInfo,TExtension](Assembly assembly, Dictionary`2 pluginInfos, String filePath) in /_/src/Microsoft.TestPlatform.Common/ExtensionFramework/TestPluginDiscoverer.cs:line 158
System.IO.FileNotFoundException: Could not load file or assembly 'Microsoft.Bcl.AsyncInterfaces, Version=1.0.0.0, Culture=neutral, PublicKeyToken=cc7b13ffcd2ddd51'. The system cannot find the file specified.
File name: 'Microsoft.Bcl.AsyncInterfaces, Version=1.0.0.0, Culture=neutral, PublicKeyToken=cc7b13ffcd2ddd51'
 ---> System.IO.FileNotFoundException: Could not load file or assembly 'Microsoft.Bcl.AsyncInterfaces, Culture=neutral, PublicKeyToken=null'. The system cannot find the file specified.
File name: 'Microsoft.Bcl.AsyncInterfaces, Culture=neutral, PublicKeyToken=null'
   at System.Reflection.RuntimeAssembly.InternalLoad(AssemblyName assemblyName, StackCrawlMark& stackMark, AssemblyLoadContext assemblyLoadContext, RuntimeAssembly requestingAssembly, Boolean throwOnFileNotFound)
   at System.Reflection.Assembly.Load(AssemblyName assemblyRef)
   at Microsoft.VisualStudio.TestPlatform.Common.ExtensionFramework.TestPluginCache.CurrentDomainAssemblyResolve(Object sender, AssemblyResolveEventArgs args) in /_/src/Microsoft.TestPlatform.Common/ExtensionFramework/TestPluginCache.cs:line 513
   at System.Runtime.Loader.AssemblyLoadContext.GetFirstResolvedAssemblyFromResolvingEvent(AssemblyName assemblyName)
   at System.Runtime.Loader.AssemblyLoadContext.ResolveUsingEvent(AssemblyName assemblyName)
   at System.Runtime.Loader.AssemblyLoadContext.ResolveUsingResolvingEvent(IntPtr gchManagedAssemblyLoadContext, AssemblyName assemblyName)
TpTrace Warning: 0 : 13700, 1, 2024/02/28, 23:22:42.715, 7642302506236, vstest.console.dll, LoaderExceptions: System.IO.FileNotFoundException: Could not load file or assembly 'Microsoft.Bcl.AsyncInterfaces, Version=1.0.0.0, Culture=neutral, PublicKeyToken=cc7b13ffcd2ddd51'. The system cannot find the file specified.
File name: 'Microsoft.Bcl.AsyncInterfaces, Version=1.0.0.0, Culture=neutral, PublicKeyToken=cc7b13ffcd2ddd51'
 ---> System.IO.FileNotFoundException: Could not load file or assembly 'Microsoft.Bcl.AsyncInterfaces, Culture=neutral, PublicKeyToken=null'. The system cannot find the file specified.
File name: 'Microsoft.Bcl.AsyncInterfaces, Culture=neutral, PublicKeyToken=null'
   at System.Reflection.RuntimeAssembly.InternalLoad(AssemblyName assemblyName, StackCrawlMark& stackMark, AssemblyLoadContext assemblyLoadContext, RuntimeAssembly requestingAssembly, Boolean throwOnFileNotFound)
   at System.Reflection.Assembly.Load(AssemblyName assemblyRef)
   at Microsoft.VisualStudio.TestPlatform.Common.ExtensionFramework.TestPluginCache.CurrentDomainAssemblyResolve(Object sender, AssemblyResolveEventArgs args) in /_/src/Microsoft.TestPlatform.Common/ExtensionFramework/TestPluginCache.cs:line 513
   at System.Runtime.Loader.AssemblyLoadContext.GetFirstResolvedAssemblyFromResolvingEvent(AssemblyName assemblyName)
   at System.Runtime.Loader.AssemblyLoadContext.ResolveUsingEvent(AssemblyName assemblyName)
   at System.Runtime.Loader.AssemblyLoadContext.ResolveUsingResolvingEvent(IntPtr gchManagedAssemblyLoadContext, AssemblyName assemblyName)
TpTrace Information: 0 : 13700, 1, 2024/02/28, 23:22:42.715, 7642302509397, vstest.console.dll, AssemblyResolver.OnResolve: Microsoft.TestPlatform.Extensions.BlameDataCollector: Resolving assembly.
TpTrace Information: 0 : 13700, 1, 2024/02/28, 23:22:42.715, 7642302510478, vstest.console.dll, AssemblyResolver.OnResolve: Microsoft.TestPlatform.Extensions.BlameDataCollector: Searching in: 'C:\Program Files\dotnet\sdk\8.0.100\Extensions'.
TpTrace Information: 0 : 13700, 1, 2024/02/28, 23:22:42.717, 7642302527815, vstest.console.dll, AssemblyResolver.OnResolve: Microsoft.TestPlatform.Extensions.BlameDataCollector: Loading assembly 'C:\Program Files\dotnet\sdk\8.0.100\Extensions\Microsoft.TestPlatform.Extensions.BlameDataCollector.dll'.
TpTrace Information: 0 : 13700, 1, 2024/02/28, 23:22:42.718, 7642302539569, vstest.console.dll, AssemblyResolver.OnResolve: Resolved assembly: Microsoft.TestPlatform.Extensions.BlameDataCollector, from path: C:\Program Files\dotnet\sdk\8.0.100\Extensions\Microsoft.TestPlatform.Extensions.BlameDataCollector.dll
TpTrace Verbose: 0 : 13700, 1, 2024/02/28, 23:22:42.718, 7642302544534, vstest.console.dll, MetadataReaderExtensionsHelper: Discovering extensions inside assembly 'Microsoft.TestPlatform.Extensions.BlameDataCollector, Version=15.0.0.0, Culture=neutral, PublicKeyToken=b03f5f7f11d50a3a' file path 'C:\Program Files\dotnet\sdk\8.0.100\Extensions\Microsoft.TestPlatform.Extensions.BlameDataCollector.dll'
TpTrace Information: 0 : 13700, 1, 2024/02/28, 23:22:42.722, 7642302580876, vstest.console.dll, AssemblyResolver.OnResolve: Microsoft.TestPlatform.Extensions.EventLogCollector: Resolving assembly.
TpTrace Information: 0 : 13700, 1, 2024/02/28, 23:22:42.722, 7642302583971, vstest.console.dll, AssemblyResolver.OnResolve: Microsoft.TestPlatform.Extensions.EventLogCollector: Searching in: 'C:\Program Files\dotnet\sdk\8.0.100\Extensions'.
TpTrace Information: 0 : 13700, 1, 2024/02/28, 23:22:42.724, 7642302599570, vstest.console.dll, AssemblyResolver.OnResolve: Microsoft.TestPlatform.Extensions.EventLogCollector: Loading assembly 'C:\Program Files\dotnet\sdk\8.0.100\Extensions\Microsoft.TestPlatform.Extensions.EventLogCollector.dll'.
TpTrace Information: 0 : 13700, 1, 2024/02/28, 23:22:42.725, 7642302612462, vstest.console.dll, AssemblyResolver.OnResolve: Resolved assembly: Microsoft.TestPlatform.Extensions.EventLogCollector, from path: C:\Program Files\dotnet\sdk\8.0.100\Extensions\Microsoft.TestPlatform.Extensions.EventLogCollector.dll
TpTrace Verbose: 0 : 13700, 1, 2024/02/28, 23:22:42.725, 7642302614598, vstest.console.dll, MetadataReaderExtensionsHelper: Discovering extensions inside assembly 'Microsoft.TestPlatform.Extensions.EventLogCollector, Version=15.0.0.0, Culture=neutral, PublicKeyToken=b03f5f7f11d50a3a' file path 'C:\Program Files\dotnet\sdk\8.0.100\Extensions\Microsoft.TestPlatform.Extensions.EventLogCollector.dll'
TpTrace Information: 0 : 13700, 1, 2024/02/28, 23:22:42.731, 7642302669672, vstest.console.dll, AssemblyResolver.OnResolve: Microsoft.TestPlatform.TestHostRuntimeProvider: Resolving assembly.
TpTrace Information: 0 : 13700, 1, 2024/02/28, 23:22:42.731, 7642302671398, vstest.console.dll, AssemblyResolver.OnResolve: Microsoft.TestPlatform.TestHostRuntimeProvider: Searching in: 'C:\Program Files\dotnet\sdk\8.0.100\Extensions'.
TpTrace Information: 0 : 13700, 1, 2024/02/28, 23:22:42.733, 7642302685223, vstest.console.dll, AssemblyResolver.OnResolve: Microsoft.TestPlatform.TestHostRuntimeProvider: Loading assembly 'C:\Program Files\dotnet\sdk\8.0.100\Extensions\Microsoft.TestPlatform.TestHostRuntimeProvider.dll'.
TpTrace Information: 0 : 13700, 1, 2024/02/28, 23:22:42.734, 7642302697968, vstest.console.dll, AssemblyResolver.OnResolve: Resolved assembly: Microsoft.TestPlatform.TestHostRuntimeProvider, from path: C:\Program Files\dotnet\sdk\8.0.100\Extensions\Microsoft.TestPlatform.TestHostRuntimeProvider.dll
TpTrace Verbose: 0 : 13700, 1, 2024/02/28, 23:22:42.734, 7642302700034, vstest.console.dll, MetadataReaderExtensionsHelper: Discovering extensions inside assembly 'Microsoft.TestPlatform.TestHostRuntimeProvider, Version=15.0.0.0, Culture=neutral, PublicKeyToken=b03f5f7f11d50a3a' file path 'C:\Program Files\dotnet\sdk\8.0.100\Extensions\Microsoft.TestPlatform.TestHostRuntimeProvider.dll'
TpTrace Information: 0 : 13700, 1, 2024/02/28, 23:22:42.739, 7642302751761, vstest.console.dll, GetTestExtensionFromType: Register extension with identifier data 'HostProvider://DefaultTestHost' and type 'Microsoft.VisualStudio.TestPlatform.CrossPlatEngine.Hosting.DefaultTestHostManager, Microsoft.TestPlatform.TestHostRuntimeProvider, Version=15.0.0.0, Culture=neutral, PublicKeyToken=b03f5f7f11d50a3a' inside file 'C:\Program Files\dotnet\sdk\8.0.100\Extensions\Microsoft.TestPlatform.TestHostRuntimeProvider.dll'
TpTrace Information: 0 : 13700, 1, 2024/02/28, 23:22:42.740, 7642302758410, vstest.console.dll, GetTestExtensionFromType: Register extension with identifier data 'HostProvider://DotnetTestHost' and type 'Microsoft.VisualStudio.TestPlatform.CrossPlatEngine.Hosting.DotnetTestHostManager, Microsoft.TestPlatform.TestHostRuntimeProvider, Version=15.0.0.0, Culture=neutral, PublicKeyToken=b03f5f7f11d50a3a' inside file 'C:\Program Files\dotnet\sdk\8.0.100\Extensions\Microsoft.TestPlatform.TestHostRuntimeProvider.dll'
TpTrace Information: 0 : 13700, 1, 2024/02/28, 23:22:42.740, 7642302760610, vstest.console.dll, AssemblyResolver.OnResolve: Microsoft.VisualStudio.TestPlatform.Extensions.Html.TestLogger: Resolving assembly.
TpTrace Information: 0 : 13700, 1, 2024/02/28, 23:22:42.740, 7642302762172, vstest.console.dll, AssemblyResolver.OnResolve: Microsoft.VisualStudio.TestPlatform.Extensions.Html.TestLogger: Searching in: 'C:\Program Files\dotnet\sdk\8.0.100\Extensions'.
TpTrace Information: 0 : 13700, 1, 2024/02/28, 23:22:42.742, 7642302780483, vstest.console.dll, AssemblyResolver.OnResolve: Microsoft.VisualStudio.TestPlatform.Extensions.Html.TestLogger: Loading assembly 'C:\Program Files\dotnet\sdk\8.0.100\Extensions\Microsoft.VisualStudio.TestPlatform.Extensions.Html.TestLogger.dll'.
TpTrace Information: 0 : 13700, 1, 2024/02/28, 23:22:42.743, 7642302793777, vstest.console.dll, AssemblyResolver.OnResolve: Resolved assembly: Microsoft.VisualStudio.TestPlatform.Extensions.Html.TestLogger, from path: C:\Program Files\dotnet\sdk\8.0.100\Extensions\Microsoft.VisualStudio.TestPlatform.Extensions.Html.TestLogger.dll
TpTrace Verbose: 0 : 13700, 1, 2024/02/28, 23:22:42.744, 7642302796179, vstest.console.dll, MetadataReaderExtensionsHelper: Discovering extensions inside assembly 'Microsoft.VisualStudio.TestPlatform.Extensions.Html.TestLogger, Version=15.0.0.0, Culture=neutral, PublicKeyToken=b03f5f7f11d50a3a' file path 'C:\Program Files\dotnet\sdk\8.0.100\Extensions\Microsoft.VisualStudio.TestPlatform.Extensions.Html.TestLogger.dll'
TpTrace Information: 0 : 13700, 1, 2024/02/28, 23:22:42.746, 7642302820936, vstest.console.dll, AssemblyResolver.OnResolve: Microsoft.VisualStudio.TestPlatform.Extensions.Trx.TestLogger: Resolving assembly.
TpTrace Information: 0 : 13700, 1, 2024/02/28, 23:22:42.746, 7642302823277, vstest.console.dll, AssemblyResolver.OnResolve: Microsoft.VisualStudio.TestPlatform.Extensions.Trx.TestLogger: Searching in: 'C:\Program Files\dotnet\sdk\8.0.100\Extensions'.
TpTrace Information: 0 : 13700, 1, 2024/02/28, 23:22:42.748, 7642302842695, vstest.console.dll, AssemblyResolver.OnResolve: Microsoft.VisualStudio.TestPlatform.Extensions.Trx.TestLogger: Loading assembly 'C:\Program Files\dotnet\sdk\8.0.100\Extensions\Microsoft.VisualStudio.TestPlatform.Extensions.Trx.TestLogger.dll'.
TpTrace Information: 0 : 13700, 1, 2024/02/28, 23:22:42.750, 7642302858423, vstest.console.dll, AssemblyResolver.OnResolve: Resolved assembly: Microsoft.VisualStudio.TestPlatform.Extensions.Trx.TestLogger, from path: C:\Program Files\dotnet\sdk\8.0.100\Extensions\Microsoft.VisualStudio.TestPlatform.Extensions.Trx.TestLogger.dll
TpTrace Verbose: 0 : 13700, 1, 2024/02/28, 23:22:42.750, 7642302860695, vstest.console.dll, MetadataReaderExtensionsHelper: Discovering extensions inside assembly 'Microsoft.VisualStudio.TestPlatform.Extensions.Trx.TestLogger, Version=15.0.0.0, Culture=neutral, PublicKeyToken=b03f5f7f11d50a3a' file path 'C:\Program Files\dotnet\sdk\8.0.100\Extensions\Microsoft.VisualStudio.TestPlatform.Extensions.Trx.TestLogger.dll'
TpTrace Verbose: 0 : 13700, 1, 2024/02/28, 23:22:42.753, 7642302888570, vstest.console.dll, TestPluginCache: Discovered the extensions using extension path ''.
TpTrace Verbose: 0 : 13700, 1, 2024/02/28, 23:22:42.753, 7642302890722, vstest.console.dll, TestPluginCache: Discoverers are ''.
TpTrace Verbose: 0 : 13700, 1, 2024/02/28, 23:22:42.753, 7642302892131, vstest.console.dll, TestPluginCache: Executors are ''.
TpTrace Verbose: 0 : 13700, 1, 2024/02/28, 23:22:42.753, 7642302893342, vstest.console.dll, TestPluginCache: Executors2 are ''.
TpTrace Verbose: 0 : 13700, 1, 2024/02/28, 23:22:42.753, 7642302894460, vstest.console.dll, TestPluginCache: Setting providers are ''.
TpTrace Verbose: 0 : 13700, 1, 2024/02/28, 23:22:42.754, 7642302895410, vstest.console.dll, TestPluginCache: Loggers are ''.
TpTrace Verbose: 0 : 13700, 1, 2024/02/28, 23:22:42.754, 7642302900318, vstest.console.dll, TestPluginCache: TestHosts are 'HostProvider://DefaultTestHost,HostProvider://DotnetTestHost'.
TpTrace Verbose: 0 : 13700, 1, 2024/02/28, 23:22:42.754, 7642302901702, vstest.console.dll, TestPluginCache: DataCollectors are ''.
TpTrace Information: 0 : 13700, 1, 2024/02/28, 23:22:42.784, 7642303202621, vstest.console.dll, RunTestsArgumentProcessor:Execute: Test run is starting.
TpTrace Verbose: 0 : 13700, 1, 2024/02/28, 23:22:42.785, 7642303204812, vstest.console.dll, RunTestsArgumentProcessor:Execute: Queuing Test run.
TpTrace Information: 0 : 13700, 1, 2024/02/28, 23:22:42.785, 7642303212065, vstest.console.dll, TestRequestManager.RunTests: run tests started.
TpTrace Information: 0 : 13700, 1, 2024/02/28, 23:22:42.788, 7642303240108, vstest.console.dll, AssemblyMetadataProvider.GetFrameworkName: Determined framework:'.NETCoreApp,Version=v6.0' for source: 'C:\Users\simo7\OneDrive\Работен плот\QA Automation- Back-End Technologies\12.Integration-Testing-Exercises-1\LibroConsoleAPI.IntegrationTests.NUnit\bin\Debug\net6.0\fine-code-coverage\build-output\LibroConsoleAPI.IntegrationTests.NUnit.dll'
TpTrace Information: 0 : 13700, 1, 2024/02/28, 23:22:42.788, 7642303244357, vstest.console.dll, Determined framework for all sources: .NETCoreApp,Version=v6.0
TpTrace Verbose: 0 : 13700, 1, 2024/02/28, 23:22:42.789, 7642303252088, vstest.console.dll, TestRequestManager.UpdateRunSettingsIfRequired: Default architecture: X64 IsDefaultTargetArchitecture: True, Current process architecture: X64 OperatingSystem: Windows.
TpTrace Information: 0 : 13700, 1, 2024/02/28, 23:22:42.792, 7642303284172, vstest.console.dll, AssemblyMetadataProvider.GetArchitecture: Determined architecture:AnyCPU info for assembly: C:\Users\simo7\OneDrive\Работен плот\QA Automation- Back-End Technologies\12.Integration-Testing-Exercises-1\LibroConsoleAPI.IntegrationTests.NUnit\bin\Debug\net6.0\fine-code-coverage\build-output\LibroConsoleAPI.IntegrationTests.NUnit.dll
TpTrace Information: 0 : 13700, 1, 2024/02/28, 23:22:42.793, 7642303285955, vstest.console.dll, Determined platform for source 'C:\Users\simo7\OneDrive\Работен плот\QA Automation- Back-End Technologies\12.Integration-Testing-Exercises-1\LibroConsoleAPI.IntegrationTests.NUnit\bin\Debug\net6.0\fine-code-coverage\build-output\LibroConsoleAPI.IntegrationTests.NUnit.dll' was AnyCPU and it will use the default plaform X64.
TpTrace Information: 0 : 13700, 1, 2024/02/28, 23:22:42.793, 7642303286981, vstest.console.dll, None of the sources provided any runnable platform, using the default platform: X64
TpTrace Information: 0 : 13700, 1, 2024/02/28, 23:22:42.793, 7642303289213, vstest.console.dll, Platform was updated to 'X64'.
TpTrace Information: 0 : 13700, 1, 2024/02/28, 23:22:42.799, 7642303346511, vstest.console.dll, InferRunSettingsHelper.IsTestSettingsEnabled: Unable to navigate to RunSettings/MSTest. Current node: RunSettings
TpTrace Information: 0 : 13700, 1, 2024/02/28, 23:22:42.800, 7642303359444, vstest.console.dll, AssemblyResolver.OnResolve: Microsoft.VisualStudio.TestPlatform.Fakes: Resolving assembly.
TpTrace Information: 0 : 13700, 1, 2024/02/28, 23:22:42.800, 7642303361077, vstest.console.dll, AssemblyResolver.OnResolve: Microsoft.VisualStudio.TestPlatform.Fakes: Searching in: 'C:\Program Files\dotnet\sdk\8.0.100\Extensions'.
TpTrace Information: 0 : 13700, 1, 2024/02/28, 23:22:42.800, 7642303363802, vstest.console.dll, AssemblyResolver.OnResolve: Microsoft.VisualStudio.TestPlatform.Fakes: Assembly path does not exist: 'C:\Program Files\dotnet\sdk\8.0.100\Extensions\Microsoft.VisualStudio.TestPlatform.Fakes.dll', returning.
TpTrace Information: 0 : 13700, 1, 2024/02/28, 23:22:42.801, 7642303365751, vstest.console.dll, AssemblyResolver.OnResolve: Microsoft.VisualStudio.TestPlatform.Fakes: Assembly path does not exist: 'C:\Program Files\dotnet\sdk\8.0.100\Extensions\Microsoft.VisualStudio.TestPlatform.Fakes.exe', returning.
TpTrace Information: 0 : 13700, 1, 2024/02/28, 23:22:42.801, 7642303366752, vstest.console.dll, AssemblyResolver.OnResolve: Microsoft.VisualStudio.TestPlatform.Fakes: Searching in: 'C:\Program Files\dotnet\sdk\8.0.100'.
TpTrace Information: 0 : 13700, 1, 2024/02/28, 23:22:42.801, 7642303368774, vstest.console.dll, AssemblyResolver.OnResolve: Microsoft.VisualStudio.TestPlatform.Fakes: Assembly path does not exist: 'C:\Program Files\dotnet\sdk\8.0.100\Microsoft.VisualStudio.TestPlatform.Fakes.dll', returning.
TpTrace Information: 0 : 13700, 1, 2024/02/28, 23:22:42.801, 7642303370871, vstest.console.dll, AssemblyResolver.OnResolve: Microsoft.VisualStudio.TestPlatform.Fakes: Assembly path does not exist: 'C:\Program Files\dotnet\sdk\8.0.100\Microsoft.VisualStudio.TestPlatform.Fakes.exe', returning.
TpTrace Information: 0 : 13700, 1, 2024/02/28, 23:22:42.811, 7642303468679, vstest.console.dll, AssemblyResolver.OnResolve: Microsoft.VisualStudio.TestPlatform.Fakes: Failed to load assembly.
TpTrace Information: 0 : 13700, 1, 2024/02/28, 23:22:42.812, 7642303474857, vstest.console.dll, Failed to load assembly Microsoft.VisualStudio.TestPlatform.Fakes, Version=17.0.0.0, Culture=neutral. Reason:System.IO.FileNotFoundException: Could not load file or assembly 'Microsoft.VisualStudio.TestPlatform.Fakes, Version=17.0.0.0, Culture=neutral, PublicKeyToken=null'. The system cannot find the file specified.
File name: 'Microsoft.VisualStudio.TestPlatform.Fakes, Version=17.0.0.0, Culture=neutral, PublicKeyToken=null'
   at System.Reflection.RuntimeAssembly.InternalLoad(AssemblyName assemblyName, StackCrawlMark& stackMark, AssemblyLoadContext assemblyLoadContext, RuntimeAssembly requestingAssembly, Boolean throwOnFileNotFound)
   at System.Reflection.Assembly.Load(AssemblyName assemblyRef)
   at Microsoft.VisualStudio.TestPlatform.Common.Utilities.FakesUtilities.LoadTestPlatformAssembly() in /_/src/Microsoft.TestPlatform.Common/Utilities/FakesUtilities.cs:line 272
TpTrace Verbose: 0 : 13700, 1, 2024/02/28, 23:22:42.820, 7642303555299, vstest.console.dll, TestPluginCache.DiscoverTestExtensions: finding test extensions in assemblies ends with: TestLogger.dll TPluginInfo: Microsoft.VisualStudio.TestPlatform.Common.ExtensionFramework.Utilities.TestLoggerPluginInformation TExtension: Microsoft.VisualStudio.TestPlatform.ObjectModel.Client.ITestLogger
TpTrace Verbose: 0 : 13700, 1, 2024/02/28, 23:22:42.820, 7642303558343, vstest.console.dll, TestPluginCache.GetExtensionPaths: Filtered extension paths: 
TpTrace Verbose: 0 : 13700, 1, 2024/02/28, 23:22:42.820, 7642303559383, vstest.console.dll, TestPluginCache.GetExtensionPaths: Added default extension paths: C:\Program Files\dotnet\sdk\8.0.100\Extensions\Microsoft.Diagnostics.NETCore.Client.dll
C:\Program Files\dotnet\sdk\8.0.100\Extensions\Microsoft.TestPlatform.Extensions.BlameDataCollector.dll
C:\Program Files\dotnet\sdk\8.0.100\Extensions\Microsoft.TestPlatform.Extensions.EventLogCollector.dll
C:\Program Files\dotnet\sdk\8.0.100\Extensions\Microsoft.TestPlatform.TestHostRuntimeProvider.dll
C:\Program Files\dotnet\sdk\8.0.100\Extensions\Microsoft.VisualStudio.TestPlatform.Extensions.Html.TestLogger.dll
C:\Program Files\dotnet\sdk\8.0.100\Extensions\Microsoft.VisualStudio.TestPlatform.Extensions.Trx.TestLogger.dll
TpTrace Verbose: 0 : 13700, 1, 2024/02/28, 23:22:42.820, 7642303560692, vstest.console.dll, TestPluginCache.GetExtensionPaths: Added unfilterableExtensionPaths: 
TpTrace Information: 0 : 13700, 1, 2024/02/28, 23:22:42.820, 7642303564218, vstest.console.dll, AssemblyResolver.AddSearchDirectories: Adding more searchDirectories C:\Program Files\dotnet\sdk\8.0.100\Extensions,C:\Program Files\dotnet\sdk\8.0.100
TpTrace Verbose: 0 : 13700, 1, 2024/02/28, 23:22:42.821, 7642303565404, vstest.console.dll, TestPluginCache.DiscoverTestExtensions: Discovering the extensions using extension path.
TpTrace Verbose: 0 : 13700, 1, 2024/02/28, 23:22:42.821, 7642303566530, vstest.console.dll, TestPluginCache.GetExtensionPaths: Filtered extension paths: 
TpTrace Verbose: 0 : 13700, 1, 2024/02/28, 23:22:42.821, 7642303567482, vstest.console.dll, TestPluginCache.GetExtensionPaths: Added default extension paths: C:\Program Files\dotnet\sdk\8.0.100\Extensions\Microsoft.Diagnostics.NETCore.Client.dll
C:\Program Files\dotnet\sdk\8.0.100\Extensions\Microsoft.TestPlatform.Extensions.BlameDataCollector.dll
C:\Program Files\dotnet\sdk\8.0.100\Extensions\Microsoft.TestPlatform.Extensions.EventLogCollector.dll
C:\Program Files\dotnet\sdk\8.0.100\Extensions\Microsoft.TestPlatform.TestHostRuntimeProvider.dll
C:\Program Files\dotnet\sdk\8.0.100\Extensions\Microsoft.VisualStudio.TestPlatform.Extensions.Html.TestLogger.dll
C:\Program Files\dotnet\sdk\8.0.100\Extensions\Microsoft.VisualStudio.TestPlatform.Extensions.Trx.TestLogger.dll
TpTrace Verbose: 0 : 13700, 1, 2024/02/28, 23:22:42.821, 7642303568490, vstest.console.dll, TestPluginCache.GetExtensionPaths: Added unfilterableExtensionPaths: 
TpTrace Verbose: 0 : 13700, 1, 2024/02/28, 23:22:42.821, 7642303569515, vstest.console.dll, TestPluginCache.DiscoverTestExtensions: Discovering the extensions using allExtensionPaths: C:\Program Files\dotnet\sdk\8.0.100\Extensions\Microsoft.Diagnostics.NETCore.Client.dll
C:\Program Files\dotnet\sdk\8.0.100\Extensions\Microsoft.TestPlatform.Extensions.BlameDataCollector.dll
C:\Program Files\dotnet\sdk\8.0.100\Extensions\Microsoft.TestPlatform.Extensions.EventLogCollector.dll
C:\Program Files\dotnet\sdk\8.0.100\Extensions\Microsoft.TestPlatform.TestHostRuntimeProvider.dll
C:\Program Files\dotnet\sdk\8.0.100\Extensions\Microsoft.VisualStudio.TestPlatform.Extensions.Html.TestLogger.dll
C:\Program Files\dotnet\sdk\8.0.100\Extensions\Microsoft.VisualStudio.TestPlatform.Extensions.Trx.TestLogger.dll
TpTrace Information: 0 : 13700, 1, 2024/02/28, 23:22:42.821, 7642303570823, vstest.console.dll, AssemblyResolver.AddSearchDirectories: Adding more searchDirectories C:\Program Files\dotnet\sdk\8.0.100\Extensions,C:\Program Files\dotnet\sdk\8.0.100
TpTrace Information: 0 : 13700, 1, 2024/02/28, 23:22:42.821, 7642303571940, vstest.console.dll, AssemblyResolver.AddSearchDirectories: Adding more searchDirectories C:\Program Files\dotnet\sdk\8.0.100\Extensions,C:\Program Files\dotnet\sdk\8.0.100
TpTrace Information: 0 : 13700, 1, 2024/02/28, 23:22:42.821, 7642303573019, vstest.console.dll, AssemblyResolver.AddSearchDirectories: Adding more searchDirectories C:\Program Files\dotnet\sdk\8.0.100\Extensions,C:\Program Files\dotnet\sdk\8.0.100
TpTrace Information: 0 : 13700, 1, 2024/02/28, 23:22:42.821, 7642303574114, vstest.console.dll, AssemblyResolver.AddSearchDirectories: Adding more searchDirectories C:\Program Files\dotnet\sdk\8.0.100\Extensions,C:\Program Files\dotnet\sdk\8.0.100
TpTrace Information: 0 : 13700, 1, 2024/02/28, 23:22:42.822, 7642303575149, vstest.console.dll, AssemblyResolver.AddSearchDirectories: Adding more searchDirectories C:\Program Files\dotnet\sdk\8.0.100\Extensions,C:\Program Files\dotnet\sdk\8.0.100
TpTrace Information: 0 : 13700, 1, 2024/02/28, 23:22:42.822, 7642303576164, vstest.console.dll, AssemblyResolver.AddSearchDirectories: Adding more searchDirectories C:\Program Files\dotnet\sdk\8.0.100\Extensions,C:\Program Files\dotnet\sdk\8.0.100
TpTrace Verbose: 0 : 13700, 1, 2024/02/28, 23:22:42.822, 7642303578563, vstest.console.dll, MetadataReaderExtensionsHelper: Discovering extensions inside assembly 'Microsoft.Diagnostics.NETCore.Client, Version=0.2.8.21101, Culture=neutral, PublicKeyToken=31bf3856ad364e35' file path 'C:\Program Files\dotnet\sdk\8.0.100\Extensions\Microsoft.Diagnostics.NETCore.Client.dll'
TpTrace Information: 0 : 13700, 1, 2024/02/28, 23:22:42.823, 7642303590231, vstest.console.dll, AssemblyResolver.OnResolve: Microsoft.Bcl.AsyncInterfaces: Resolving assembly.
TpTrace Information: 0 : 13700, 1, 2024/02/28, 23:22:42.823, 7642303591654, vstest.console.dll, AssemblyResolver.OnResolve: Microsoft.Bcl.AsyncInterfaces: Resolved from cache.
TpTrace Verbose: 0 : 13700, 1, 2024/02/28, 23:22:42.823, 7642303592310, vstest.console.dll, CurrentDomainAssemblyResolve: Resolving assembly 'Microsoft.Bcl.AsyncInterfaces'.
TpTrace Information: 0 : 13700, 1, 2024/02/28, 23:22:42.823, 7642303593167, vstest.console.dll, AssemblyResolver.OnResolve: Microsoft.Bcl.AsyncInterfaces: Resolving assembly.
TpTrace Information: 0 : 13700, 1, 2024/02/28, 23:22:42.823, 7642303593759, vstest.console.dll, AssemblyResolver.OnResolve: Microsoft.Bcl.AsyncInterfaces: Resolved from cache.
TpTrace Verbose: 0 : 13700, 1, 2024/02/28, 23:22:42.823, 7642303594292, vstest.console.dll, CurrentDomainAssemblyResolve: Resolving assembly 'Microsoft.Bcl.AsyncInterfaces'.
TpTrace Verbose: 0 : 13700, 1, 2024/02/28, 23:22:42.824, 7642303594805, vstest.console.dll, CurrentDomainAssemblyResolve: Failed to resolve assembly 'Microsoft.Bcl.AsyncInterfaces'.
TpTrace Verbose: 0 : 13700, 1, 2024/02/28, 23:22:42.824, 7642303596774, vstest.console.dll, CurrentDomainAssemblyResolve: Failed to resolve assembly 'Microsoft.Bcl.AsyncInterfaces'.
TpTrace Warning: 0 : 13700, 1, 2024/02/28, 23:22:42.824, 7642303602232, vstest.console.dll, TestPluginDiscoverer: Failed to get types from assembly 'Microsoft.Diagnostics.NETCore.Client, Version=0.2.8.21101, Culture=neutral, PublicKeyToken=31bf3856ad364e35'. Error: System.Reflection.ReflectionTypeLoadException: Unable to load one or more of the requested types.
Could not load file or assembly 'Microsoft.Bcl.AsyncInterfaces, Version=1.0.0.0, Culture=neutral, PublicKeyToken=cc7b13ffcd2ddd51'. The system cannot find the file specified.
   at System.Reflection.RuntimeModule.GetTypes(RuntimeModule module)
   at System.Reflection.RuntimeModule.GetTypes()
   at Microsoft.VisualStudio.TestPlatform.Common.ExtensionFramework.TestPluginDiscoverer.GetTestExtensionsFromAssembly[TPluginInfo,TExtension](Assembly assembly, Dictionary`2 pluginInfos, String filePath) in /_/src/Microsoft.TestPlatform.Common/ExtensionFramework/TestPluginDiscoverer.cs:line 158
System.IO.FileNotFoundException: Could not load file or assembly 'Microsoft.Bcl.AsyncInterfaces, Version=1.0.0.0, Culture=neutral, PublicKeyToken=cc7b13ffcd2ddd51'. The system cannot find the file specified.
File name: 'Microsoft.Bcl.AsyncInterfaces, Version=1.0.0.0, Culture=neutral, PublicKeyToken=cc7b13ffcd2ddd51'
 ---> System.IO.FileNotFoundException: Could not load file or assembly 'Microsoft.Bcl.AsyncInterfaces, Culture=neutral, PublicKeyToken=null'. The system cannot find the file specified.
File name: 'Microsoft.Bcl.AsyncInterfaces, Culture=neutral, PublicKeyToken=null'
   at System.Reflection.RuntimeAssembly.InternalLoad(AssemblyName assemblyName, StackCrawlMark& stackMark, AssemblyLoadContext assemblyLoadContext, RuntimeAssembly requestingAssembly, Boolean throwOnFileNotFound)
   at System.Reflection.Assembly.Load(AssemblyName assemblyRef)
   at Microsoft.VisualStudio.TestPlatform.Common.ExtensionFramework.TestPluginCache.CurrentDomainAssemblyResolve(Object sender, AssemblyResolveEventArgs args) in /_/src/Microsoft.TestPlatform.Common/ExtensionFramework/TestPluginCache.cs:line 513
   at System.Runtime.Loader.AssemblyLoadContext.GetFirstResolvedAssemblyFromResolvingEvent(AssemblyName assemblyName)
   at System.Runtime.Loader.AssemblyLoadContext.ResolveUsingEvent(AssemblyName assemblyName)
   at System.Runtime.Loader.AssemblyLoadContext.ResolveUsingResolvingEvent(IntPtr gchManagedAssemblyLoadContext, AssemblyName assemblyName)
TpTrace Warning: 0 : 13700, 1, 2024/02/28, 23:22:42.825, 7642303604930, vstest.console.dll, LoaderExceptions: System.IO.FileNotFoundException: Could not load file or assembly 'Microsoft.Bcl.AsyncInterfaces, Version=1.0.0.0, Culture=neutral, PublicKeyToken=cc7b13ffcd2ddd51'. The system cannot find the file specified.
File name: 'Microsoft.Bcl.AsyncInterfaces, Version=1.0.0.0, Culture=neutral, PublicKeyToken=cc7b13ffcd2ddd51'
 ---> System.IO.FileNotFoundException: Could not load file or assembly 'Microsoft.Bcl.AsyncInterfaces, Culture=neutral, PublicKeyToken=null'. The system cannot find the file specified.
File name: 'Microsoft.Bcl.AsyncInterfaces, Culture=neutral, PublicKeyToken=null'
   at System.Reflection.RuntimeAssembly.InternalLoad(AssemblyName assemblyName, StackCrawlMark& stackMark, AssemblyLoadContext assemblyLoadContext, RuntimeAssembly requestingAssembly, Boolean throwOnFileNotFound)
   at System.Reflection.Assembly.Load(AssemblyName assemblyRef)
   at Microsoft.VisualStudio.TestPlatform.Common.ExtensionFramework.TestPluginCache.CurrentDomainAssemblyResolve(Object sender, AssemblyResolveEventArgs args) in /_/src/Microsoft.TestPlatform.Common/ExtensionFramework/TestPluginCache.cs:line 513
   at System.Runtime.Loader.AssemblyLoadContext.GetFirstResolvedAssemblyFromResolvingEvent(AssemblyName assemblyName)
   at System.Runtime.Loader.AssemblyLoadContext.ResolveUsingEvent(AssemblyName assemblyName)
   at System.Runtime.Loader.AssemblyLoadContext.ResolveUsingResolvingEvent(IntPtr gchManagedAssemblyLoadContext, AssemblyName assemblyName)
TpTrace Verbose: 0 : 13700, 1, 2024/02/28, 23:22:42.825, 7642303606325, vstest.console.dll, MetadataReaderExtensionsHelper: Discovering extensions inside assembly 'Microsoft.TestPlatform.Extensions.BlameDataCollector, Version=15.0.0.0, Culture=neutral, PublicKeyToken=b03f5f7f11d50a3a' file path 'C:\Program Files\dotnet\sdk\8.0.100\Extensions\Microsoft.TestPlatform.Extensions.BlameDataCollector.dll'
TpTrace Information: 0 : 13700, 1, 2024/02/28, 23:22:42.826, 7642303617441, vstest.console.dll, GetTestExtensionFromType: Register extension with identifier data 'logger://Microsoft/TestPlatform/Extensions/Blame/v1' and type 'Microsoft.TestPlatform.Extensions.BlameDataCollector.BlameLogger, Microsoft.TestPlatform.Extensions.BlameDataCollector, Version=15.0.0.0, Culture=neutral, PublicKeyToken=b03f5f7f11d50a3a' inside file 'C:\Program Files\dotnet\sdk\8.0.100\Extensions\Microsoft.TestPlatform.Extensions.BlameDataCollector.dll'
TpTrace Verbose: 0 : 13700, 1, 2024/02/28, 23:22:42.826, 7642303619004, vstest.console.dll, MetadataReaderExtensionsHelper: Discovering extensions inside assembly 'Microsoft.TestPlatform.Extensions.EventLogCollector, Version=15.0.0.0, Culture=neutral, PublicKeyToken=b03f5f7f11d50a3a' file path 'C:\Program Files\dotnet\sdk\8.0.100\Extensions\Microsoft.TestPlatform.Extensions.EventLogCollector.dll'
TpTrace Verbose: 0 : 13700, 1, 2024/02/28, 23:22:42.827, 7642303630263, vstest.console.dll, MetadataReaderExtensionsHelper: Discovering extensions inside assembly 'Microsoft.TestPlatform.TestHostRuntimeProvider, Version=15.0.0.0, Culture=neutral, PublicKeyToken=b03f5f7f11d50a3a' file path 'C:\Program Files\dotnet\sdk\8.0.100\Extensions\Microsoft.TestPlatform.TestHostRuntimeProvider.dll'
TpTrace Verbose: 0 : 13700, 1, 2024/02/28, 23:22:42.828, 7642303639626, vstest.console.dll, MetadataReaderExtensionsHelper: Discovering extensions inside assembly 'Microsoft.VisualStudio.TestPlatform.Extensions.Html.TestLogger, Version=15.0.0.0, Culture=neutral, PublicKeyToken=b03f5f7f11d50a3a' file path 'C:\Program Files\dotnet\sdk\8.0.100\Extensions\Microsoft.VisualStudio.TestPlatform.Extensions.Html.TestLogger.dll'
TpTrace Information: 0 : 13700, 1, 2024/02/28, 23:22:42.829, 7642303652962, vstest.console.dll, GetTestExtensionFromType: Register extension with identifier data 'logger://Microsoft/TestPlatform/HtmlLogger/v1' and type 'Microsoft.VisualStudio.TestPlatform.Extensions.HtmlLogger.HtmlLogger, Microsoft.VisualStudio.TestPlatform.Extensions.Html.TestLogger, Version=15.0.0.0, Culture=neutral, PublicKeyToken=b03f5f7f11d50a3a' inside file 'C:\Program Files\dotnet\sdk\8.0.100\Extensions\Microsoft.VisualStudio.TestPlatform.Extensions.Html.TestLogger.dll'
TpTrace Verbose: 0 : 13700, 1, 2024/02/28, 23:22:42.830, 7642303654665, vstest.console.dll, MetadataReaderExtensionsHelper: Discovering extensions inside assembly 'Microsoft.VisualStudio.TestPlatform.Extensions.Trx.TestLogger, Version=15.0.0.0, Culture=neutral, PublicKeyToken=b03f5f7f11d50a3a' file path 'C:\Program Files\dotnet\sdk\8.0.100\Extensions\Microsoft.VisualStudio.TestPlatform.Extensions.Trx.TestLogger.dll'
TpTrace Information: 0 : 13700, 1, 2024/02/28, 23:22:42.830, 7642303664560, vstest.console.dll, GetTestExtensionFromType: Register extension with identifier data 'logger://Microsoft/TestPlatform/TrxLogger/v1' and type 'Microsoft.VisualStudio.TestPlatform.Extensions.TrxLogger.TrxLogger, Microsoft.VisualStudio.TestPlatform.Extensions.Trx.TestLogger, Version=15.0.0.0, Culture=neutral, PublicKeyToken=b03f5f7f11d50a3a' inside file 'C:\Program Files\dotnet\sdk\8.0.100\Extensions\Microsoft.VisualStudio.TestPlatform.Extensions.Trx.TestLogger.dll'
TpTrace Verbose: 0 : 13700, 1, 2024/02/28, 23:22:42.831, 7642303666122, vstest.console.dll, TestPluginCache: Discovered the extensions using extension path ''.
TpTrace Verbose: 0 : 13700, 1, 2024/02/28, 23:22:42.831, 7642303666713, vstest.console.dll, TestPluginCache: Discoverers are ''.
TpTrace Verbose: 0 : 13700, 1, 2024/02/28, 23:22:42.831, 7642303667288, vstest.console.dll, TestPluginCache: Executors are ''.
TpTrace Verbose: 0 : 13700, 1, 2024/02/28, 23:22:42.831, 7642303667823, vstest.console.dll, TestPluginCache: Executors2 are ''.
TpTrace Verbose: 0 : 13700, 1, 2024/02/28, 23:22:42.831, 7642303668318, vstest.console.dll, TestPluginCache: Setting providers are ''.
TpTrace Verbose: 0 : 13700, 1, 2024/02/28, 23:22:42.831, 7642303669460, vstest.console.dll, TestPluginCache: Loggers are 'logger://Microsoft/TestPlatform/Extensions/Blame/v1,logger://Microsoft/TestPlatform/HtmlLogger/v1,logger://Microsoft/TestPlatform/TrxLogger/v1'.
TpTrace Verbose: 0 : 13700, 1, 2024/02/28, 23:22:42.831, 7642303670253, vstest.console.dll, TestPluginCache: TestHosts are 'HostProvider://DefaultTestHost,HostProvider://DotnetTestHost'.
TpTrace Verbose: 0 : 13700, 1, 2024/02/28, 23:22:42.831, 7642303670785, vstest.console.dll, TestPluginCache: DataCollectors are ''.
TpTrace Information: 0 : 13700, 1, 2024/02/28, 23:22:42.832, 7642303683337, vstest.console.dll, TestPluginManager.CreateTestExtension: Attempting to load test extension: Microsoft.TestPlatform.Extensions.BlameDataCollector.BlameLogger
TpTrace Verbose: 0 : 13700, 1, 2024/02/28, 23:22:42.843, 7642303791434, vstest.console.dll, TestEngine: Initializing Parallel Execution as MaxCpuCount is set to: 1
TpTrace Information: 0 : 13700, 1, 2024/02/28, 23:22:42.845, 7642303808715, vstest.console.dll, TestPluginManager.CreateTestExtension: Attempting to load test extension: Microsoft.VisualStudio.TestPlatform.CrossPlatEngine.Hosting.DefaultTestHostManager
TpTrace Information: 0 : 13700, 1, 2024/02/28, 23:22:42.846, 7642303823793, vstest.console.dll, TestPluginManager.CreateTestExtension: Attempting to load test extension: Microsoft.VisualStudio.TestPlatform.CrossPlatEngine.Hosting.DotnetTestHostManager
TpTrace Information: 0 : 13700, 1, 2024/02/28, 23:22:42.847, 7642303831510, vstest.console.dll, InferRunSettingsHelper.IsTestSettingsEnabled: Unable to navigate to RunSettings/MSTest. Current node: RunSettings
TpTrace Verbose: 0 : 13700, 1, 2024/02/28, 23:22:42.848, 7642303838842, vstest.console.dll, ParallelOperationManager.ClearSlots: Clearing all slots. Slots should accept more work: True
TpTrace Verbose: 0 : 13700, 1, 2024/02/28, 23:22:42.849, 7642303846610, vstest.console.dll, ParallelOperationManager.SetOccupiedSlotCount: Setting slot counts AvailableSlotCount = 1, OccupiedSlotCount = 0.
TpTrace Verbose: 0 : 13700, 1, 2024/02/28, 23:22:42.849, 7642303850769, vstest.console.dll, Occupied slots:

TpTrace Verbose: 0 : 13700, 1, 2024/02/28, 23:22:42.853, 7642303891306, vstest.console.dll, TestEngine.GetExecutionManager: Chosen execution manager 'Microsoft.VisualStudio.TestPlatform.CrossPlatEngine.Client.Parallel.ParallelProxyExecutionManager, Microsoft.TestPlatform.CrossPlatEngine, Version=15.0.0.0, Culture=neutral, PublicKeyToken=b03f5f7f11d50a3a' ParallelLevel '1'.
TpTrace Verbose: 0 : 13700, 1, 2024/02/28, 23:22:42.853, 7642303893528, vstest.console.dll, TestRunRequest.ExecuteAsync: Creating test run request.
TpTrace Verbose: 0 : 13700, 1, 2024/02/28, 23:22:42.854, 7642303896388, vstest.console.dll, TestRunRequest.ExecuteAsync: Starting.
TpTrace Information: 0 : 13700, 1, 2024/02/28, 23:22:42.856, 7642303923444, vstest.console.dll, TestRunRequest.ExecuteAsync: Starting run with settings:TestRunCriteria:
   KeepAlive=False,FrequencyOfRunStatsChangeEvent=10,RunStatsChangeEventTimeout=00:00:01.5000000,TestCaseFilter=,TestExecutorLauncher=
   Settingsxml=<RunSettings>
  <RunConfiguration>
    <ResultsDirectory>C:\Users\simo7\OneDrive\Работен плот\QA Automation- Back-End Technologies\12.Integration-Testing-Exercises-1\LibroConsoleAPI.IntegrationTests.NUnit\bin\Debug\net6.0\fine-code-coverage\coverage-tool-output</ResultsDirectory>
    <TargetPlatform>X64</TargetPlatform>
    <TargetFrameworkVersion>.NETCoreApp,Version=v6.0</TargetFrameworkVersion>
    <DesignMode>False</DesignMode>
    <CollectSourceInformation>False</CollectSourceInformation>
  </RunConfiguration>
  <LoggerRunSettings>
    <Loggers>
      <Logger friendlyName="blame" enabled="True" />
      <Logger friendlyName="Console" uri="logger://microsoft/TestPlatform/ConsoleLogger/v1" assemblyQualifiedName="Microsoft.VisualStudio.TestPlatform.CommandLine.Internal.ConsoleLogger, vstest.console, Version=15.0.0.0, Culture=neutral, PublicKeyToken=b03f5f7f11d50a3a" codeBase="C:\Program Files\dotnet\sdk\8.0.100\vstest.console.dll" enabled="True" />
    </Loggers>
  </LoggerRunSettings>
  <DataCollectionRunSettings>
    <DataCollectors>
      <DataCollector friendlyName="blame" enabled="True">
        <Configuration>
          <ResultsDirectory>C:\Users\simo7\OneDrive\Работен плот\QA Automation- Back-End Technologies\12.Integration-Testing-Exercises-1\LibroConsoleAPI.IntegrationTests.NUnit\bin\Debug\net6.0\fine-code-coverage\coverage-tool-output</ResultsDirectory>
        </Configuration>
      </DataCollector>
    </DataCollectors>
  </DataCollectionRunSettings>
</RunSettings>

TpTrace Verbose: 0 : 13700, 1, 2024/02/28, 23:22:42.857, 7642303924603, vstest.console.dll, TestRunRequest.ExecuteAsync: Wait for the first run request is over.
TpTrace Verbose: 0 : 13700, 1, 2024/02/28, 23:22:42.857, 7642303928524, vstest.console.dll, MulticastDelegateUtilities.SafeInvoke: TestRun.TestRunStart: Invoking callbacks was skipped because there are no subscribers.
TpTrace Verbose: 0 : 13700, 4, 2024/02/28, 23:22:42.857, 7642303931249, vstest.console.dll, MulticastDelegateUtilities.SafeInvoke: InternalTestLoggerEvents.SendTestRunStart: Invoking callback 1/1 for Microsoft.VisualStudio.TestPlatform.CommandLine.Internal.ConsoleLogger., took 0 ms.
TpTrace Verbose: 0 : 13700, 1, 2024/02/28, 23:22:42.861, 7642303967833, vstest.console.dll, ParallelProxyExecutionManager: Start execution. Total sources: 1
TpTrace Verbose: 0 : 13700, 1, 2024/02/28, 23:22:42.861, 7642303973350, vstest.console.dll, ParallelOperationManager.StartWork: Starting adding 1 workloads.
TpTrace Verbose: 0 : 13700, 1, 2024/02/28, 23:22:42.861, 7642303974414, vstest.console.dll, ParallelOperationManager.ClearSlots: Clearing all slots. Slots should accept more work: True
TpTrace Verbose: 0 : 13700, 1, 2024/02/28, 23:22:42.862, 7642303975565, vstest.console.dll, ParallelOperationManager.SetOccupiedSlotCount: Setting slot counts AvailableSlotCount = 1, OccupiedSlotCount = 0.
TpTrace Verbose: 0 : 13700, 1, 2024/02/28, 23:22:42.862, 7642303976254, vstest.console.dll, Occupied slots:

TpTrace Verbose: 0 : 13700, 1, 2024/02/28, 23:22:42.863, 7642303994449, vstest.console.dll, TestRequestSender is acting as server.
TpTrace Verbose: 0 : 13700, 1, 2024/02/28, 23:22:42.865, 7642304008187, vstest.console.dll, ParallelOperationManager.RunWorkInParallel: Adding 1 workload to slot, remaining workloads 0.
TpTrace Verbose: 0 : 13700, 1, 2024/02/28, 23:22:42.865, 7642304009125, vstest.console.dll, ParallelOperationManager.SetOccupiedSlotCount: Setting slot counts AvailableSlotCount = 0, OccupiedSlotCount = 1.
TpTrace Verbose: 0 : 13700, 1, 2024/02/28, 23:22:42.865, 7642304011485, vstest.console.dll, Occupied slots:
0: C:\Users\simo7\OneDrive\Работен плот\QA Automation- Back-End Technologies\12.Integration-Testing-Exercises-1\LibroConsoleAPI.IntegrationTests.NUnit\bin\Debug\net6.0\fine-code-coverage\build-output\LibroConsoleAPI.IntegrationTests.NUnit.dll
TpTrace Verbose: 0 : 13700, 1, 2024/02/28, 23:22:42.867, 7642304024918, vstest.console.dll, ParallelOperationManager.RunWorkInParallel: Started host in slot number 0 for work (source): C:\Users\simo7\OneDrive\Работен плот\QA Automation- Back-End Technologies\12.Integration-Testing-Exercises-1\LibroConsoleAPI.IntegrationTests.NUnit\bin\Debug\net6.0\fine-code-coverage\build-output\LibroConsoleAPI.IntegrationTests.NUnit.dll.
TpTrace Verbose: 0 : 13700, 1, 2024/02/28, 23:22:42.868, 7642304035031, vstest.console.dll, ParallelOperationManager.RunWorkInParallel: We started 1 work items, which is the max parallel level. Won't start more work.
TpTrace Verbose: 0 : 13700, 1, 2024/02/28, 23:22:42.868, 7642304036659, vstest.console.dll, ParallelOperationManager.RunWorkInParallel: We started 1 work items in here, returning True.
TpTrace Verbose: 0 : 13700, 5, 2024/02/28, 23:22:42.868, 7642304037164, vstest.console.dll, ParallelProxyExecutionManager.StartTestRunOnConcurrentManager: Initializing uninitialized client. Started clients: 0
TpTrace Information: 0 : 13700, 1, 2024/02/28, 23:22:42.868, 7642304038301, vstest.console.dll, TestRunRequest.ExecuteAsync: Started.
TpTrace Verbose: 0 : 13700, 5, 2024/02/28, 23:22:42.868, 7642304040182, vstest.console.dll, DataCollectionRequestSender.InitializeCommunication : Initialize communication. 
TpTrace Verbose: 0 : 13700, 1, 2024/02/28, 23:22:42.869, 7642304049306, vstest.console.dll, TestRunRequest.WaitForCompletion: Waiting with timeout -1.
TpTrace Information: 0 : 13700, 5, 2024/02/28, 23:22:42.890, 7642304254899, vstest.console.dll, Listening on Endpoint : 127.0.0.1:52854
TpTrace Verbose: 0 : 13700, 5, 2024/02/28, 23:22:42.900, 7642304360945, vstest.console.dll, DotnetDataCollectionLauncher: Adding  --runtimeconfig "C:\Program Files\dotnet\sdk\8.0.100\datacollector.runtimeconfig.json" in args
TpTrace Verbose: 0 : 13700, 5, 2024/02/28, 23:22:42.900, 7642304364386, vstest.console.dll, DotnetDataCollectionLauncher: Adding  --depsfile "C:\Program Files\dotnet\sdk\8.0.100\datacollector.deps.json" in args
TpTrace Verbose: 0 : 13700, 5, 2024/02/28, 23:22:42.901, 7642304368858, vstest.console.dll, DotnetDataCollectionLauncher: Full path of dotnet.exe is C:\Program Files\dotnet\dotnet.exe
TpTrace Information: 0 : 13700, 5, 2024/02/28, 23:22:42.914, 7642304503916, vstest.console.dll, ProxyDataCollectionManager.Initialize: Launched datacollector processId: 11404 port: 52854
TpTrace Information: 0 : 13700, 5, 2024/02/28, 23:22:42.915, 7642304506739, vstest.console.dll, ProxyDataCollectionManager.Initialize: waiting for connection with timeout: 90 seconds
TpTrace Verbose: 0 : 13700, 5, 2024/02/28, 23:22:42.915, 7642304508522, vstest.console.dll, DataCollectionRequestSender.WaitForRequestHandlerConnection : Waiting for connection with timeout: 90000
TpTrace Information: 0 : 13700, 11, 2024/02/28, 23:22:43.290, 7642308257701, vstest.console.dll, Using the buffer size of 16384 bytes
TpTrace Verbose: 0 : 13700, 5, 2024/02/28, 23:22:43.290, 7642308257825, vstest.console.dll, SocketCommunicationManager.WaitForClientConnection took: 374 ms, with 90000 ms timeout, and finished with True.
TpTrace Verbose: 0 : 13700, 5, 2024/02/28, 23:22:43.290, 7642308261976, vstest.console.dll, ProxyDataCollectionManager.InvokeDataCollectionServiceAction: Starting.
TpTrace Information: 0 : 13700, 5, 2024/02/28, 23:22:43.290, 7642308264035, vstest.console.dll, ProxyDataCollectionManager.BeforeTestRunStart: Get environment variable and port for datacollector processId: 11404 port: 52854
TpTrace Verbose: 0 : 13700, 5, 2024/02/28, 23:22:43.291, 7642308266521, vstest.console.dll, DataCollectionRequestSender.SendBeforeTestRunStartAndGetResult: Send BeforeTestRunStart message with settingsXml <RunSettings><RunConfiguration><ResultsDirectory>C:\Users\simo7\OneDrive\Работен плот\QA Automation- Back-End Technologies\12.Integration-Testing-Exercises-1\LibroConsoleAPI.IntegrationTests.NUnit\bin\Debug\net6.0\fine-code-coverage\coverage-tool-output</ResultsDirectory><TargetPlatform>X64</TargetPlatform><TargetFrameworkVersion>.NETCoreApp,Version=v6.0</TargetFrameworkVersion><DesignMode>False</DesignMode><CollectSourceInformation>False</CollectSourceInformation><TestAdaptersPaths>C:\Program Files\dotnet\sdk\8.0.100\Extensions</TestAdaptersPaths></RunConfiguration><LoggerRunSettings><Loggers><Logger friendlyName="blame" enabled="True" /><Logger friendlyName="Console" uri="logger://microsoft/TestPlatform/ConsoleLogger/v1" assemblyQualifiedName="Microsoft.VisualStudio.TestPlatform.CommandLine.Internal.ConsoleLogger, vstest.console, Version=15.0.0.0, Culture=neutral, PublicKeyToken=b03f5f7f11d50a3a" codeBase="C:\Program Files\dotnet\sdk\8.0.100\vstest.console.dll" enabled="True" /></Loggers></LoggerRunSettings><DataCollectionRunSettings><DataCollectors><DataCollector friendlyName="blame" enabled="True"><Configuration><ResultsDirectory>C:\Users\simo7\OneDrive\Работен плот\QA Automation- Back-End Technologies\12.Integration-Testing-Exercises-1\LibroConsoleAPI.IntegrationTests.NUnit\bin\Debug\net6.0\fine-code-coverage\coverage-tool-output</ResultsDirectory></Configuration></DataCollector></DataCollectors></DataCollectionRunSettings></RunSettings> and sources System.Collections.Generic.List`1[System.String]: 
TpTrace Information: 0 : 13700, 11, 2024/02/28, 23:22:43.291, 7642308272843, vstest.console.dll, Accepted Client request and set the flag
TpTrace Verbose: 0 : 13700, 5, 2024/02/28, 23:22:43.404, 7642309400474, vstest.console.dll, DataCollectionRequestSender.SendBeforeTestRunStartAndGetResult: Received message: (DataCollection.SendMessage) -> {"MessageType":"DataCollection.SendMessage","Payload":{"FriendlyName":null,"Uri":null,"TestCaseId":"00000000-0000-0000-0000-000000000000","Message":"Logging DataCollector Diagnostics in file: C:\\Users\\simo7\\OneDrive\\Работен плот\\QA Automation- Back-End Technologies\\12.Integration-Testing-Exercises-1\\LibroConsoleAPI.IntegrationTests.NUnit\\bin\\Debug\\net6.0\\fine-code-coverage\\coverage-tool-output\\diagnostics.datacollector.24-02-28_23-22-42_90018_5.log","Level":0}}
TpTrace Verbose: 0 : 13700, 5, 2024/02/28, 23:22:43.545, 7642310809449, vstest.console.dll, DataCollectionRequestSender.SendBeforeTestRunStartAndGetResult: Received message: (DataCollection.BeforeTestRunStartResult) -> {"MessageType":"DataCollection.BeforeTestRunStartResult","Payload":{"EnvironmentVariables":{},"DataCollectionEventsPort":52856}}
TpTrace Information: 0 : 13700, 5, 2024/02/28, 23:22:43.551, 7642310869640, vstest.console.dll, ProxyDataCollectionManager.BeforeTestRunStart: SendBeforeTestRunStartAndGetResult successful, env variable from datacollector:   and testhost port: 52856
TpTrace Information: 0 : 13700, 5, 2024/02/28, 23:22:43.551, 7642310871378, vstest.console.dll, ProxyDataCollectionManager.InvokeDataCollectionServiceAction: Completed.
TpTrace Verbose: 0 : 13700, 5, 2024/02/28, 23:22:43.551, 7642310872349, vstest.console.dll, ParallelProxyExecutionManager.StartTestRunOnConcurrentManager: Initializing test run. Started clients: 0
TpTrace Verbose: 0 : 13700, 5, 2024/02/28, 23:22:43.551, 7642310874016, vstest.console.dll, ProxyExecutionManager: Test host is always Lazy initialize.
TpTrace Verbose: 0 : 13700, 5, 2024/02/28, 23:22:43.552, 7642310877239, vstest.console.dll, TestRequestSender.InitializeCommunication: initialize communication. 
TpTrace Information: 0 : 13700, 5, 2024/02/28, 23:22:43.553, 7642310888803, vstest.console.dll, SocketServer.Start: Listening on endpoint : 127.0.0.1:52857
TpTrace Verbose: 0 : 13700, 5, 2024/02/28, 23:22:43.554, 7642310899166, vstest.console.dll, DotnetTestHostmanager.GetTestHostProcessStartInfo: Platform environment 'X64' target architecture 'X64' framework '.NETCoreApp,Version=v6.0' OS 'Windows'
TpTrace Verbose: 0 : 13700, 5, 2024/02/28, 23:22:43.554, 7642310902590, vstest.console.dll, DotnetTestHostmanager: Adding  --runtimeconfig "C:\Users\simo7\OneDrive\Работен плот\QA Automation- Back-End Technologies\12.Integration-Testing-Exercises-1\LibroConsoleAPI.IntegrationTests.NUnit\bin\Debug\net6.0\fine-code-coverage\build-output\LibroConsoleAPI.IntegrationTests.NUnit.runtimeconfig.json" in args
TpTrace Verbose: 0 : 13700, 5, 2024/02/28, 23:22:43.554, 7642310904505, vstest.console.dll, DotnetTestHostmanager: Adding  --depsfile "C:\Users\simo7\OneDrive\Работен плот\QA Automation- Back-End Technologies\12.Integration-Testing-Exercises-1\LibroConsoleAPI.IntegrationTests.NUnit\bin\Debug\net6.0\fine-code-coverage\build-output\LibroConsoleAPI.IntegrationTests.NUnit.deps.json" in args
TpTrace Verbose: 0 : 13700, 5, 2024/02/28, 23:22:43.555, 7642310908093, vstest.console.dll, DotnetTestHostmanager.IsWinOnArm: Current PROCESSOR_ARCHITECTURE from environment variable 'AMD64'
TpTrace Verbose: 0 : 13700, 5, 2024/02/28, 23:22:43.555, 7642310909226, vstest.console.dll, DotnetTestHostmanager.IsWinOnArm: Is Windows on ARM 'False'
TpTrace Verbose: 0 : 13700, 5, 2024/02/28, 23:22:43.555, 7642310910845, vstest.console.dll, DotnetTestHostManager: testhost.exe found at path: C:\Users\simo7\OneDrive\Работен плот\QA Automation- Back-End Technologies\12.Integration-Testing-Exercises-1\LibroConsoleAPI.IntegrationTests.NUnit\bin\Debug\net6.0\fine-code-coverage\build-output\testhost.exe
TpTrace Verbose: 0 : 13700, 5, 2024/02/28, 23:22:43.555, 7642310911696, vstest.console.dll, DotnetTestHostmanager: Full path of host exe is C:\Users\simo7\OneDrive\Работен плот\QA Automation- Back-End Technologies\12.Integration-Testing-Exercises-1\LibroConsoleAPI.IntegrationTests.NUnit\bin\Debug\net6.0\fine-code-coverage\build-output\testhost.exe
TpTrace Verbose: 0 : 13700, 5, 2024/02/28, 23:22:43.555, 7642310913635, vstest.console.dll, DotnetTestHostmanager.LaunchTestHostAsync: Found 'VSTEST_WINAPPHOST_DOTNET_ROOT' in env variables, value 'C:\Program Files\dotnet', forwarding to 'DOTNET_ROOT'
TpTrace Verbose: 0 : 13700, 5, 2024/02/28, 23:22:43.556, 7642310915692, vstest.console.dll, DotnetTestHostManager: Starting process 'C:\Users\simo7\OneDrive\Работен плот\QA Automation- Back-End Technologies\12.Integration-Testing-Exercises-1\LibroConsoleAPI.IntegrationTests.NUnit\bin\Debug\net6.0\fine-code-coverage\build-output\testhost.exe' with command line ' --runtimeconfig "C:\Users\simo7\OneDrive\Работен плот\QA Automation- Back-End Technologies\12.Integration-Testing-Exercises-1\LibroConsoleAPI.IntegrationTests.NUnit\bin\Debug\net6.0\fine-code-coverage\build-output\LibroConsoleAPI.IntegrationTests.NUnit.runtimeconfig.json" --depsfile "C:\Users\simo7\OneDrive\Работен плот\QA Automation- Back-End Technologies\12.Integration-Testing-Exercises-1\LibroConsoleAPI.IntegrationTests.NUnit\bin\Debug\net6.0\fine-code-coverage\build-output\LibroConsoleAPI.IntegrationTests.NUnit.deps.json" --port 52857 --endpoint 127.0.0.1:052857 --role client --parentprocessid 13700 --diag "C:\Users\simo7\OneDrive\Работен плот\QA Automation- Back-End Technologies\12.Integration-Testing-Exercises-1\LibroConsoleAPI.IntegrationTests.NUnit\bin\Debug\net6.0\fine-code-coverage\coverage-tool-output\diagnostics.host.24-02-28_23-22-43_55395_5.log" --tracelevel 4 --datacollectionport 52856 --telemetryoptedin false'
TpTrace Verbose: 0 : 13700, 5, 2024/02/28, 23:22:43.564, 7642310996899, vstest.console.dll, MulticastDelegateUtilities.SafeInvoke: HostProviderEvents.OnHostLaunched: Invoking callback 1/2 for Microsoft.VisualStudio.TestPlatform.CrossPlatEngine.Client.ProxyExecutionManagerWithDataCollection., took 1 ms.
TpTrace Verbose: 0 : 13700, 5, 2024/02/28, 23:22:43.565, 7642311005357, vstest.console.dll, Test Runtime launched
TpTrace Verbose: 0 : 13700, 5, 2024/02/28, 23:22:43.565, 7642311008238, vstest.console.dll, MulticastDelegateUtilities.SafeInvoke: HostProviderEvents.OnHostLaunched: Invoking callback 2/2 for Microsoft.VisualStudio.TestPlatform.CrossPlatEngine.Client.ProxyOperationManager., took 0 ms.
TpTrace Verbose: 0 : 13700, 5, 2024/02/28, 23:22:43.565, 7642311013483, vstest.console.dll, TestRequestSender.WaitForRequestHandlerConnection: waiting for connection with timeout: 90000.
TpTrace Verbose: 0 : 13700, 5, 2024/02/28, 23:22:43.863, 7642313988548, vstest.console.dll, TestRequestSender.WaitForRequestHandlerConnection: waiting took 297 ms, with timeout 90000 ms, and result 0, which is success.
TpTrace Verbose: 0 : 13700, 12, 2024/02/28, 23:22:43.863, 7642313988774, vstest.console.dll, MulticastDelegateUtilities.SafeInvoke: SocketServer: ClientConnected: Invoking callback 1/1 for Microsoft.VisualStudio.TestPlatform.CommunicationUtilities.TestRequestSender., took 0 ms.
TpTrace Verbose: 0 : 13700, 12, 2024/02/28, 23:22:43.863, 7642313992359, vstest.console.dll, SocketServer.OnClientConnected: Client connected for endPoint: 127.0.0.1:52857, starting MessageLoopAsync:
TpTrace Verbose: 0 : 13700, 12, 2024/02/28, 23:22:43.864, 7642314002623, vstest.console.dll, TcpClientExtensions.MessageLoopAsync: Polling on remoteEndPoint: 127.0.0.1:52858 localEndPoint: 127.0.0.1:52857
TpTrace Verbose: 0 : 13700, 5, 2024/02/28, 23:22:43.866, 7642314017025, vstest.console.dll, TestRequestSender.CheckVersionWithTestHost: Sending check version message: {"MessageType":"ProtocolVersion","Payload":7}
TpTrace Verbose: 0 : 13700, 12, 2024/02/28, 23:22:44.054, 7642315901713, vstest.console.dll, TcpClientExtensions.MessageLoopAsync: NotifyDataAvailable remoteEndPoint: 127.0.0.1:52858 localEndPoint: 127.0.0.1:52857
TpTrace Verbose: 0 : 13700, 12, 2024/02/28, 23:22:44.055, 7642315905285, vstest.console.dll, TestRequestSender.CheckVersionWithTestHost: onMessageReceived received message: (ProtocolVersion) -> {"MessageType":"ProtocolVersion","Payload":5}
TpTrace Verbose: 0 : 13700, 12, 2024/02/28, 23:22:44.056, 7642315915129, vstest.console.dll, MulticastDelegateUtilities.SafeInvoke: LengthPrefixCommunicationChannel: MessageReceived: Invoking callback 1/1 for Microsoft.VisualStudio.TestPlatform.CommunicationUtilities.TestRequestSender+<>c__DisplayClass29_0., took 1 ms.
TpTrace Verbose: 0 : 13700, 5, 2024/02/28, 23:22:44.056, 7642315916806, vstest.console.dll, TestPluginCache.GetExtensionPaths: Filtered extension paths: 
TpTrace Verbose: 0 : 13700, 12, 2024/02/28, 23:22:44.056, 7642315917694, vstest.console.dll, TcpClientExtensions.MessageLoopAsync: Polling on remoteEndPoint: 127.0.0.1:52858 localEndPoint: 127.0.0.1:52857
TpTrace Verbose: 0 : 13700, 5, 2024/02/28, 23:22:44.056, 7642315920016, vstest.console.dll, TestPluginCache.GetExtensionPaths: Added default extension paths: C:\Program Files\dotnet\sdk\8.0.100\Extensions\Microsoft.Diagnostics.NETCore.Client.dll
C:\Program Files\dotnet\sdk\8.0.100\Extensions\Microsoft.TestPlatform.Extensions.BlameDataCollector.dll
C:\Program Files\dotnet\sdk\8.0.100\Extensions\Microsoft.TestPlatform.Extensions.EventLogCollector.dll
C:\Program Files\dotnet\sdk\8.0.100\Extensions\Microsoft.TestPlatform.TestHostRuntimeProvider.dll
C:\Program Files\dotnet\sdk\8.0.100\Extensions\Microsoft.VisualStudio.TestPlatform.Extensions.Html.TestLogger.dll
C:\Program Files\dotnet\sdk\8.0.100\Extensions\Microsoft.VisualStudio.TestPlatform.Extensions.Trx.TestLogger.dll
TpTrace Verbose: 0 : 13700, 5, 2024/02/28, 23:22:44.056, 7642315921543, vstest.console.dll, TestPluginCache.GetExtensionPaths: Added unfilterableExtensionPaths: 
TpTrace Verbose: 0 : 13700, 5, 2024/02/28, 23:22:44.061, 7642315968766, vstest.console.dll, TestRequestSender.InitializeExecution: Sending initialize execution with message: {"Version":5,"MessageType":"TestExecution.Initialize","Payload":["C:\\Users\\simo7\\OneDrive\\Работен плот\\QA Automation- Back-End Technologies\\12.Integration-Testing-Exercises-1\\LibroConsoleAPI.IntegrationTests.NUnit\\bin\\Debug\\net6.0\\fine-code-coverage\\build-output\\NUnit3.TestAdapter.dll"]}
TpTrace Verbose: 0 : 13700, 5, 2024/02/28, 23:22:44.061, 7642315971942, vstest.console.dll, ParallelProxyExecutionManager.StartTestRunOnConcurrentManager: Execution starting. Started clients: 1
TpTrace Verbose: 0 : 13700, 5, 2024/02/28, 23:22:44.062, 7642315976291, vstest.console.dll, TestRunRequest:SendTestRunMessage: Starting.
TpTrace Verbose: 0 : 13700, 5, 2024/02/28, 23:22:44.062, 7642315979276, vstest.console.dll, MulticastDelegateUtilities.SafeInvoke: TestRun.LogMessages: Invoking callback 1/1 for Microsoft.VisualStudio.TestPlatform.CommandLine.TestRunResultAggregator., took 0 ms.
TpTrace Information: 0 : 13700, 5, 2024/02/28, 23:22:44.062, 7642315980660, vstest.console.dll, TestRunRequest:SendTestRunMessage: Completed.
TpTrace Verbose: 0 : 13700, 4, 2024/02/28, 23:22:44.062, 7642315982944, vstest.console.dll, MulticastDelegateUtilities.SafeInvoke: InternalTestLoggerEvents.SendTestRunMessage: Invoking callback 1/1 for Microsoft.VisualStudio.TestPlatform.CommandLine.Internal.ConsoleLogger., took 0 ms.
TpTrace Warning: 0 : 13700, 5, 2024/02/28, 23:22:44.063, 7642315988021, vstest.console.dll, InferRunSettingsHelper.MakeRunsettingsCompatible: Removing the following settings: TargetPlatform from RunSettings file. To use those settings please move to latest version of Microsoft.NET.Test.Sdk
TpTrace Verbose: 0 : 13700, 12, 2024/02/28, 23:22:44.070, 7642316055652, vstest.console.dll, TcpClientExtensions.MessageLoopAsync: NotifyDataAvailable remoteEndPoint: 127.0.0.1:52858 localEndPoint: 127.0.0.1:52857
TpTrace Verbose: 0 : 13700, 12, 2024/02/28, 23:22:44.070, 7642316062766, vstest.console.dll, TestRequestSender.OnExecutionMessageReceived: Received message: {"Version":5,"MessageType":"TestSession.Message","Payload":{"MessageLevel":0,"Message":"Logging TestHost Diagnostics in file: C:\\Users\\simo7\\OneDrive\\Работен плот\\QA Automation- Back-End Technologies\\12.Integration-Testing-Exercises-1\\LibroConsoleAPI.IntegrationTests.NUnit\\bin\\Debug\\net6.0\\fine-code-coverage\\coverage-tool-output\\diagnostics.host.24-02-28_23-22-43_55395_5.log"}}
TpTrace Verbose: 0 : 13700, 5, 2024/02/28, 23:22:44.075, 7642316110181, vstest.console.dll, TestRequestSender.StartTestRun: Sending test run with message: {"Version":5,"MessageType":"TestExecution.StartWithSources","Payload":{"AdapterSourceMap":{"_none_":["C:\\Users\\simo7\\OneDrive\\Работен плот\\QA Automation- Back-End Technologies\\12.Integration-Testing-Exercises-1\\LibroConsoleAPI.IntegrationTests.NUnit\\bin\\Debug\\net6.0\\fine-code-coverage\\build-output\\LibroConsoleAPI.IntegrationTests.NUnit.dll"]},"RunSettings":"<RunSettings>\r\n  <RunConfiguration>\r\n    <ResultsDirectory>C:\\Users\\simo7\\OneDrive\\Работен плот\\QA Automation- Back-End Technologies\\12.Integration-Testing-Exercises-1\\LibroConsoleAPI.IntegrationTests.NUnit\\bin\\Debug\\net6.0\\fine-code-coverage\\coverage-tool-output</ResultsDirectory>\r\n    <TargetFrameworkVersion>.NETCoreApp,Version=v6.0</TargetFrameworkVersion>\r\n    <DesignMode>False</DesignMode>\r\n    <CollectSourceInformation>False</CollectSourceInformation>\r\n  </RunConfiguration>\r\n  <LoggerRunSettings>\r\n    <Loggers>\r\n      <Logger friendlyName=\"blame\" enabled=\"True\" />\r\n      <Logger friendlyName=\"Console\" uri=\"logger://microsoft/TestPlatform/ConsoleLogger/v1\" assemblyQualifiedName=\"Microsoft.VisualStudio.TestPlatform.CommandLine.Internal.ConsoleLogger, vstest.console, Version=15.0.0.0, Culture=neutral, PublicKeyToken=b03f5f7f11d50a3a\" codeBase=\"C:\\Program Files\\dotnet\\sdk\\8.0.100\\vstest.console.dll\" enabled=\"True\" />\r\n    </Loggers>\r\n  </LoggerRunSettings>\r\n  <DataCollectionRunSettings>\r\n    <DataCollectors>\r\n      <DataCollector friendlyName=\"blame\" enabled=\"True\">\r\n        <Configuration>\r\n          <ResultsDirectory>C:\\Users\\simo7\\OneDrive\\Работен плот\\QA Automation- Back-End Technologies\\12.Integration-Testing-Exercises-1\\LibroConsoleAPI.IntegrationTests.NUnit\\bin\\Debug\\net6.0\\fine-code-coverage\\coverage-tool-output</ResultsDirectory>\r\n        </Configuration>\r\n      </DataCollector>\r\n    </DataCollectors>\r\n  </DataCollectionRunSettings>\r\n</RunSettings>","TestExecutionContext":{"FrequencyOfRunStatsChangeEvent":10,"RunStatsChangeEventTimeout":"00:00:01.5000000","InIsolation":false,"KeepAlive":false,"AreTestCaseLevelEventsRequired":false,"IsDebug":false,"TestCaseFilter":null,"FilterOptions":null},"Package":null}}
TpTrace Verbose: 0 : 13700, 5, 2024/02/28, 23:22:44.075, 7642316114098, vstest.console.dll, ParallelProxyExecutionManager.StartTestRunOnConcurrentManager: Execution started. Started clients: 1
TpTrace Verbose: 0 : 13700, 12, 2024/02/28, 23:22:44.076, 7642316117541, vstest.console.dll, TestRunRequest:SendTestRunMessage: Starting.
TpTrace Verbose: 0 : 13700, 12, 2024/02/28, 23:22:44.076, 7642316119463, vstest.console.dll, MulticastDelegateUtilities.SafeInvoke: TestRun.LogMessages: Invoking callback 1/1 for Microsoft.VisualStudio.TestPlatform.CommandLine.TestRunResultAggregator., took 0 ms.
TpTrace Verbose: 0 : 13700, 4, 2024/02/28, 23:22:44.076, 7642316119556, vstest.console.dll, MulticastDelegateUtilities.SafeInvoke: InternalTestLoggerEvents.SendTestRunMessage: Invoking callback 1/1 for Microsoft.VisualStudio.TestPlatform.CommandLine.Internal.ConsoleLogger., took 0 ms.
TpTrace Information: 0 : 13700, 12, 2024/02/28, 23:22:44.076, 7642316120906, vstest.console.dll, TestRunRequest:SendTestRunMessage: Completed.
TpTrace Verbose: 0 : 13700, 12, 2024/02/28, 23:22:44.076, 7642316122986, vstest.console.dll, MulticastDelegateUtilities.SafeInvoke: LengthPrefixCommunicationChannel: MessageReceived: Invoking callback 1/1 for Microsoft.VisualStudio.TestPlatform.CommunicationUtilities.TestRequestSender+<>c__DisplayClass34_0., took 6 ms.
TpTrace Verbose: 0 : 13700, 12, 2024/02/28, 23:22:44.076, 7642316123694, vstest.console.dll, TcpClientExtensions.MessageLoopAsync: Polling on remoteEndPoint: 127.0.0.1:52858 localEndPoint: 127.0.0.1:52857
TpTrace Verbose: 0 : 13700, 12, 2024/02/28, 23:22:44.423, 7642319588362, vstest.console.dll, TcpClientExtensions.MessageLoopAsync: NotifyDataAvailable remoteEndPoint: 127.0.0.1:52858 localEndPoint: 127.0.0.1:52857
TpTrace Verbose: 0 : 13700, 12, 2024/02/28, 23:22:44.423, 7642319592214, vstest.console.dll, TestRequestSender.OnExecutionMessageReceived: Received message: {"Version":5,"MessageType":"TestSession.Message","Payload":{"MessageLevel":0,"Message":"NUnit Adapter 4.2.0.0: Test execution started"}}
TpTrace Verbose: 0 : 13700, 12, 2024/02/28, 23:22:44.424, 7642319597306, vstest.console.dll, TestRunRequest:SendTestRunMessage: Starting.
TpTrace Verbose: 0 : 13700, 12, 2024/02/28, 23:22:44.424, 7642319599499, vstest.console.dll, MulticastDelegateUtilities.SafeInvoke: TestRun.LogMessages: Invoking callback 1/1 for Microsoft.VisualStudio.TestPlatform.CommandLine.TestRunResultAggregator., took 0 ms.
TpTrace Verbose: 0 : 13700, 4, 2024/02/28, 23:22:44.424, 7642319599851, vstest.console.dll, MulticastDelegateUtilities.SafeInvoke: InternalTestLoggerEvents.SendTestRunMessage: Invoking callback 1/1 for Microsoft.VisualStudio.TestPlatform.CommandLine.Internal.ConsoleLogger., took 0 ms.
TpTrace Information: 0 : 13700, 12, 2024/02/28, 23:22:44.424, 7642319600727, vstest.console.dll, TestRunRequest:SendTestRunMessage: Completed.
TpTrace Verbose: 0 : 13700, 12, 2024/02/28, 23:22:44.424, 7642319602918, vstest.console.dll, MulticastDelegateUtilities.SafeInvoke: LengthPrefixCommunicationChannel: MessageReceived: Invoking callback 1/1 for Microsoft.VisualStudio.TestPlatform.CommunicationUtilities.TestRequestSender+<>c__DisplayClass34_0., took 1 ms.
TpTrace Verbose: 0 : 13700, 12, 2024/02/28, 23:22:44.424, 7642319603905, vstest.console.dll, TcpClientExtensions.MessageLoopAsync: Polling on remoteEndPoint: 127.0.0.1:52858 localEndPoint: 127.0.0.1:52857
TpTrace Verbose: 0 : 13700, 12, 2024/02/28, 23:22:44.479, 7642320145290, vstest.console.dll, TcpClientExtensions.MessageLoopAsync: NotifyDataAvailable remoteEndPoint: 127.0.0.1:52858 localEndPoint: 127.0.0.1:52857
TpTrace Verbose: 0 : 13700, 12, 2024/02/28, 23:22:44.479, 7642320147702, vstest.console.dll, TestRequestSender.OnExecutionMessageReceived: Received message: {"Version":5,"MessageType":"TestSession.Message","Payload":{"MessageLevel":0,"Message":"Running all tests in C:\\Users\\simo7\\OneDrive\\Работен плот\\QA Automation- Back-End Technologies\\12.Integration-Testing-Exercises-1\\LibroConsoleAPI.IntegrationTests.NUnit\\bin\\Debug\\net6.0\\fine-code-coverage\\build-output\\LibroConsoleAPI.IntegrationTests.NUnit.dll"}}
TpTrace Verbose: 0 : 13700, 12, 2024/02/28, 23:22:44.479, 7642320149859, vstest.console.dll, TestRunRequest:SendTestRunMessage: Starting.
TpTrace Verbose: 0 : 13700, 12, 2024/02/28, 23:22:44.479, 7642320151412, vstest.console.dll, MulticastDelegateUtilities.SafeInvoke: TestRun.LogMessages: Invoking callback 1/1 for Microsoft.VisualStudio.TestPlatform.CommandLine.TestRunResultAggregator., took 0 ms.
TpTrace Verbose: 0 : 13700, 4, 2024/02/28, 23:22:44.479, 7642320151641, vstest.console.dll, MulticastDelegateUtilities.SafeInvoke: InternalTestLoggerEvents.SendTestRunMessage: Invoking callback 1/1 for Microsoft.VisualStudio.TestPlatform.CommandLine.Internal.ConsoleLogger., took 0 ms.
TpTrace Information: 0 : 13700, 12, 2024/02/28, 23:22:44.479, 7642320152773, vstest.console.dll, TestRunRequest:SendTestRunMessage: Completed.
TpTrace Verbose: 0 : 13700, 12, 2024/02/28, 23:22:44.480, 7642320154629, vstest.console.dll, MulticastDelegateUtilities.SafeInvoke: LengthPrefixCommunicationChannel: MessageReceived: Invoking callback 1/1 for Microsoft.VisualStudio.TestPlatform.CommunicationUtilities.TestRequestSender+<>c__DisplayClass34_0., took 0 ms.
TpTrace Verbose: 0 : 13700, 12, 2024/02/28, 23:22:44.480, 7642320155351, vstest.console.dll, TcpClientExtensions.MessageLoopAsync: Polling on remoteEndPoint: 127.0.0.1:52858 localEndPoint: 127.0.0.1:52857
TpTrace Verbose: 0 : 13700, 12, 2024/02/28, 23:22:44.672, 7642322083826, vstest.console.dll, TcpClientExtensions.MessageLoopAsync: NotifyDataAvailable remoteEndPoint: 127.0.0.1:52858 localEndPoint: 127.0.0.1:52857
TpTrace Verbose: 0 : 13700, 12, 2024/02/28, 23:22:44.673, 7642322087342, vstest.console.dll, TestRequestSender.OnExecutionMessageReceived: Received message: {"Version":5,"MessageType":"TestSession.Message","Payload":{"MessageLevel":0,"Message":"   NUnit3TestExecutor discovered 20 of 20 NUnit test cases using Current Discovery mode, Non-Explicit run"}}
TpTrace Verbose: 0 : 13700, 12, 2024/02/28, 23:22:44.673, 7642322090108, vstest.console.dll, TestRunRequest:SendTestRunMessage: Starting.
TpTrace Verbose: 0 : 13700, 12, 2024/02/28, 23:22:44.673, 7642322091944, vstest.console.dll, MulticastDelegateUtilities.SafeInvoke: TestRun.LogMessages: Invoking callback 1/1 for Microsoft.VisualStudio.TestPlatform.CommandLine.TestRunResultAggregator., took 0 ms.
TpTrace Verbose: 0 : 13700, 4, 2024/02/28, 23:22:44.673, 7642322092249, vstest.console.dll, MulticastDelegateUtilities.SafeInvoke: InternalTestLoggerEvents.SendTestRunMessage: Invoking callback 1/1 for Microsoft.VisualStudio.TestPlatform.CommandLine.Internal.ConsoleLogger., took 0 ms.
TpTrace Information: 0 : 13700, 12, 2024/02/28, 23:22:44.673, 7642322093061, vstest.console.dll, TestRunRequest:SendTestRunMessage: Completed.
TpTrace Verbose: 0 : 13700, 12, 2024/02/28, 23:22:44.674, 7642322095220, vstest.console.dll, MulticastDelegateUtilities.SafeInvoke: LengthPrefixCommunicationChannel: MessageReceived: Invoking callback 1/1 for Microsoft.VisualStudio.TestPlatform.CommunicationUtilities.TestRequestSender+<>c__DisplayClass34_0., took 0 ms.
TpTrace Verbose: 0 : 13700, 12, 2024/02/28, 23:22:44.674, 7642322096913, vstest.console.dll, TcpClientExtensions.MessageLoopAsync: Polling on remoteEndPoint: 127.0.0.1:52858 localEndPoint: 127.0.0.1:52857
TpTrace Verbose: 0 : 13700, 12, 2024/02/28, 23:22:45.688, 7642332236998, vstest.console.dll, TcpClientExtensions.MessageLoopAsync: Polling on remoteEndPoint: 127.0.0.1:52858 localEndPoint: 127.0.0.1:52857
TpTrace Verbose: 0 : 13700, 12, 2024/02/28, 23:22:45.781, 7642333165339, vstest.console.dll, TcpClientExtensions.MessageLoopAsync: NotifyDataAvailable remoteEndPoint: 127.0.0.1:52858 localEndPoint: 127.0.0.1:52857
TpTrace Verbose: 0 : 13700, 12, 2024/02/28, 23:22:45.781, 7642333168710, vstest.console.dll, TestRequestSender.OnExecutionMessageReceived: Received message: {"Version":5,"MessageType":"TestExecution.StatsChange","Payload":{"NewTestResults":[],"TestRunStatistics":{"ExecutedTests":0,"Stats":{}},"ActiveTests":[{"Id":"652c15f6-ac2d-b05f-5a9b-3a06f96c973d","FullyQualifiedName":"LibroConsoleAPI.IntegrationTests.NUnit.IntegrationTests.AddBookAsync_ShouldAddBook","DisplayName":"AddBookAsync_ShouldAddBook","ExecutorUri":"executor://NUnit3TestExecutor","Source":"C:\\Users\\simo7\\OneDrive\\Работен плот\\QA Automation- Back-End Technologies\\12.Integration-Testing-Exercises-1\\LibroConsoleAPI.IntegrationTests.NUnit\\bin\\Debug\\net6.0\\fine-code-coverage\\build-output\\LibroConsoleAPI.IntegrationTests.NUnit.dll","CodeFilePath":null,"LineNumber":0,"Properties":[{"Key":{"Id":"NUnit.Seed","Label":"Seed","Category":"","Description":"","Attributes":0,"ValueType":"System.String"},"Value":"1074211069"}]}]}}
TpTrace Verbose: 0 : 13700, 12, 2024/02/28, 23:22:45.840, 7642333756593, vstest.console.dll, TestRunRequest:SendTestRunStatsChange: Starting.
TpTrace Verbose: 0 : 13700, 12, 2024/02/28, 23:22:45.840, 7642333759967, vstest.console.dll, InProgress is AddBookAsync_ShouldAddBook
TpTrace Verbose: 0 : 13700, 12, 2024/02/28, 23:22:45.840, 7642333762396, vstest.console.dll, MulticastDelegateUtilities.SafeInvoke: TestRun.RunStatsChanged: Invoking callbacks was skipped because there are no subscribers.
TpTrace Information: 0 : 13700, 12, 2024/02/28, 23:22:45.840, 7642333763355, vstest.console.dll, TestRunRequest:SendTestRunStatsChange: Completed.
TpTrace Verbose: 0 : 13700, 12, 2024/02/28, 23:22:45.840, 7642333764275, vstest.console.dll, MulticastDelegateUtilities.SafeInvoke: LengthPrefixCommunicationChannel: MessageReceived: Invoking callback 1/1 for Microsoft.VisualStudio.TestPlatform.CommunicationUtilities.TestRequestSender+<>c__DisplayClass34_0., took 59 ms.
TpTrace Verbose: 0 : 13700, 12, 2024/02/28, 23:22:45.841, 7642333765073, vstest.console.dll, TcpClientExtensions.MessageLoopAsync: Polling on remoteEndPoint: 127.0.0.1:52858 localEndPoint: 127.0.0.1:52857
TpTrace Verbose: 0 : 13700, 12, 2024/02/28, 23:22:46.647, 7642341832253, vstest.console.dll, TcpClientExtensions.MessageLoopAsync: NotifyDataAvailable remoteEndPoint: 127.0.0.1:52858 localEndPoint: 127.0.0.1:52857
TpTrace Verbose: 0 : 13700, 12, 2024/02/28, 23:22:46.648, 7642341836990, vstest.console.dll, TestRequestSender.OnExecutionMessageReceived: Received message: {"Version":5,"MessageType":"TestSession.Message","Payload":{"MessageLevel":1,"Message":"Validation Error: The Title field is required.\r\n"}}
TpTrace Verbose: 0 : 13700, 12, 2024/02/28, 23:22:46.648, 7642341840032, vstest.console.dll, TestRunRequest:SendTestRunMessage: Starting.
TpTrace Verbose: 0 : 13700, 12, 2024/02/28, 23:22:46.648, 7642341841812, vstest.console.dll, MulticastDelegateUtilities.SafeInvoke: TestRun.LogMessages: Invoking callback 1/1 for Microsoft.VisualStudio.TestPlatform.CommandLine.TestRunResultAggregator., took 0 ms.
TpTrace Information: 0 : 13700, 12, 2024/02/28, 23:22:46.648, 7642341842804, vstest.console.dll, TestRunRequest:SendTestRunMessage: Completed.
TpTrace Verbose: 0 : 13700, 12, 2024/02/28, 23:22:46.648, 7642341843955, vstest.console.dll, MulticastDelegateUtilities.SafeInvoke: LengthPrefixCommunicationChannel: MessageReceived: Invoking callback 1/1 for Microsoft.VisualStudio.TestPlatform.CommunicationUtilities.TestRequestSender+<>c__DisplayClass34_0., took 0 ms.
TpTrace Verbose: 0 : 13700, 12, 2024/02/28, 23:22:46.649, 7642341844800, vstest.console.dll, TcpClientExtensions.MessageLoopAsync: Polling on remoteEndPoint: 127.0.0.1:52858 localEndPoint: 127.0.0.1:52857
TpTrace Verbose: 0 : 13700, 4, 2024/02/28, 23:22:46.649, 7642341845167, vstest.console.dll, MulticastDelegateUtilities.SafeInvoke: InternalTestLoggerEvents.SendTestRunMessage: Invoking callback 1/1 for Microsoft.VisualStudio.TestPlatform.CommandLine.Internal.ConsoleLogger., took 0 ms.
TpTrace Verbose: 0 : 13700, 12, 2024/02/28, 23:22:46.767, 7642343025256, vstest.console.dll, TcpClientExtensions.MessageLoopAsync: NotifyDataAvailable remoteEndPoint: 127.0.0.1:52858 localEndPoint: 127.0.0.1:52857
TpTrace Verbose: 0 : 13700, 12, 2024/02/28, 23:22:46.767, 7642343031596, vstest.console.dll, TestRequestSender.OnExecutionMessageReceived: Received message: {"Version":5,"MessageType":"TestExecution.StatsChange","Payload":{"NewTestResults":[{"TestCase":{"Id":"652c15f6-ac2d-b05f-5a9b-3a06f96c973d","FullyQualifiedName":"LibroConsoleAPI.IntegrationTests.NUnit.IntegrationTests.AddBookAsync_ShouldAddBook","DisplayName":"AddBookAsync_ShouldAddBook","ExecutorUri":"executor://NUnit3TestExecutor","Source":"C:\\Users\\simo7\\OneDrive\\Работен плот\\QA Automation- Back-End Technologies\\12.Integration-Testing-Exercises-1\\LibroConsoleAPI.IntegrationTests.NUnit\\bin\\Debug\\net6.0\\fine-code-coverage\\build-output\\LibroConsoleAPI.IntegrationTests.NUnit.dll","CodeFilePath":null,"LineNumber":0,"Properties":[{"Key":{"Id":"NUnit.Seed","Label":"Seed","Category":"","Description":"","Attributes":0,"ValueType":"System.String"},"Value":"1074211069"}]},"Attachments":[],"Outcome":1,"ErrorMessage":null,"ErrorStackTrace":null,"DisplayName":"AddBookAsync_ShouldAddBook","Messages":[],"ComputerName":"SIMEON-PC","Duration":"00:00:01.8500280","StartTime":"2024-02-28T21:22:44.7395871+00:00","EndTime":"2024-02-28T21:22:46.589482+00:00","Properties":[{"Key":{"Id":"NUnit.Seed","Label":"Seed","Category":"","Description":"","Attributes":0,"ValueType":"System.String"},"Value":"1074211069"}]},{"TestCase":{"Id":"9f4c5ef6-4667-f5e5-235c-8a4ace2a7a84","FullyQualifiedName":"LibroConsoleAPI.IntegrationTests.NUnit.IntegrationTests.AddBookAsync_TryToAddBookWithInvalidCredentials_ShouldThrowException","DisplayName":"AddBookAsync_TryToAddBookWithInvalidCredentials_ShouldThrowException","ExecutorUri":"executor://NUnit3TestExecutor","Source":"C:\\Users\\simo7\\OneDrive\\Работен плот\\QA Automation- Back-End Technologies\\12.Integration-Testing-Exercises-1\\LibroConsoleAPI.IntegrationTests.NUnit\\bin\\Debug\\net6.0\\fine-code-coverage\\build-output\\LibroConsoleAPI.IntegrationTests.NUnit.dll","CodeFilePath":null,"LineNumber":0,"Properties":[{"Key":{"Id":"NUnit.Seed","Label":"Seed","Category":"","Description":"","Attributes":0,"ValueType":"System.String"},"Value":"497086362"}]},"Attachments":[],"Outcome":1,"ErrorMessage":null,"ErrorStackTrace":null,"DisplayName":"AddBookAsync_TryToAddBookWithInvalidCredentials_ShouldThrowException","Messages":[{"Category":"StdOutMsgs","Text":"Validation Error: The Title field is required.\r\n"}],"ComputerName":"SIMEON-PC","Duration":"00:00:00.0180250","StartTime":"2024-02-28T21:22:46.592635+00:00","EndTime":"2024-02-28T21:22:46.6106599+00:00","Properties":[{"Key":{"Id":"NUnit.Seed","Label":"Seed","Category":"","Description":"","Attributes":0,"ValueType":"System.String"},"Value":"497086362"}]},{"TestCase":{"Id":"884b68b5-7c4e-dbf1-4024-bdb5dcee8f8c","FullyQualifiedName":"LibroConsoleAPI.IntegrationTests.NUnit.IntegrationTests.DeleteBookAsync_TryToDeleteWithNullOrWhiteSpaceISBN_ShouldThrowException(\"\")","DisplayName":"DeleteBookAsync_TryToDeleteWithNullOrWhiteSpaceISBN_ShouldThrowException(\"\")","ExecutorUri":"executor://NUnit3TestExecutor","Source":"C:\\Users\\simo7\\OneDrive\\Работен плот\\QA Automation- Back-End Technologies\\12.Integration-Testing-Exercises-1\\LibroConsoleAPI.IntegrationTests.NUnit\\bin\\Debug\\net6.0\\fine-code-coverage\\build-output\\LibroConsoleAPI.IntegrationTests.NUnit.dll","CodeFilePath":null,"LineNumber":0,"Properties":[{"Key":{"Id":"NUnit.Seed","Label":"Seed","Category":"","Description":"","Attributes":0,"ValueType":"System.String"},"Value":"58277030"}]},"Attachments":[],"Outcome":1,"ErrorMessage":null,"ErrorStackTrace":null,"DisplayName":"DeleteBookAsync_TryToDeleteWithNullOrWhiteSpaceISBN_ShouldThrowException(\"\")","Messages":[],"ComputerName":"SIMEON-PC","Duration":"00:00:00.0033970","StartTime":"2024-02-28T21:22:46.6107802+00:00","EndTime":"2024-02-28T21:22:46.6141767+00:00","Properties":[{"Key":{"Id":"NUnit.Seed","Label":"Seed","Category":"","Description":"","Attributes":0,"ValueType":"System.String"},"Value":"58277030"}]},{"TestCase":{"Id":"4e66164f-17e5-bf89-d73c-0600be173c12","FullyQualifiedName":"LibroConsoleAPI.IntegrationTests.NUnit.IntegrationTests.DeleteBookAsync_TryToDeleteWithNullOrWhiteSpaceISBN_ShouldThrowException(\"    \")","DisplayName":"DeleteBookAsync_TryToDeleteWithNullOrWhiteSpaceISBN_ShouldThrowException(\"    \")","ExecutorUri":"executor://NUnit3TestExecutor","Source":"C:\\Users\\simo7\\OneDrive\\Работен плот\\QA Automation- Back-End Technologies\\12.Integration-Testing-Exercises-1\\LibroConsoleAPI.IntegrationTests.NUnit\\bin\\Debug\\net6.0\\fine-code-coverage\\build-output\\LibroConsoleAPI.IntegrationTests.NUnit.dll","CodeFilePath":null,"LineNumber":0,"Properties":[{"Key":{"Id":"NUnit.Seed","Label":"Seed","Category":"","Description":"","Attributes":0,"ValueType":"System.String"},"Value":"309986979"}]},"Attachments":[],"Outcome":1,"ErrorMessage":null,"ErrorStackTrace":null,"DisplayName":"DeleteBookAsync_TryToDeleteWithNullOrWhiteSpaceISBN_ShouldThrowException(\"    \")","Messages":[],"ComputerName":"SIMEON-PC","Duration":"00:00:00.0002620","StartTime":"2024-02-28T21:22:46.6142083+00:00","EndTime":"2024-02-28T21:22:46.6144705+00:00","Properties":[{"Key":{"Id":"NUnit.Seed","Label":"Seed","Category":"","Description":"","Attributes":0,"ValueType":"System.String"},"Value":"309986979"}]},{"TestCase":{"Id":"a2d901f9-cd25-4158-681a-ba4ba0b497fa","FullyQualifiedName":"LibroConsoleAPI.IntegrationTests.NUnit.IntegrationTests.DeleteBookAsync_TryToDeleteWithNullOrWhiteSpaceISBN_ShouldThrowException(null)","DisplayName":"DeleteBookAsync_TryToDeleteWithNullOrWhiteSpaceISBN_ShouldThrowException(null)","ExecutorUri":"executor://NUnit3TestExecutor","Source":"C:\\Users\\simo7\\OneDrive\\Работен плот\\QA Automation- Back-End Technologies\\12.Integration-Testing-Exercises-1\\LibroConsoleAPI.IntegrationTests.NUnit\\bin\\Debug\\net6.0\\fine-code-coverage\\build-output\\LibroConsoleAPI.IntegrationTests.NUnit.dll","CodeFilePath":null,"LineNumber":0,"Properties":[{"Key":{"Id":"NUnit.Seed","Label":"Seed","Category":"","Description":"","Attributes":0,"ValueType":"System.String"},"Value":"468544984"}]},"Attachments":[],"Outcome":1,"ErrorMessage":null,"ErrorStackTrace":null,"DisplayName":"DeleteBookAsync_TryToDeleteWithNullOrWhiteSpaceISBN_ShouldThrowException(null)","Messages":[],"ComputerName":"SIMEON-PC","Duration":"00:00:00.0001570","StartTime":"2024-02-28T21:22:46.6144896+00:00","EndTime":"2024-02-28T21:22:46.6146461+00:00","Properties":[{"Key":{"Id":"NUnit.Seed","Label":"Seed","Category":"","Description":"","Attributes":0,"ValueType":"System.String"},"Value":"468544984"}]},{"TestCase":{"Id":"7eb28087-9c7f-bb73-7a65-614d4a424d95","FullyQualifiedName":"LibroConsoleAPI.IntegrationTests.NUnit.IntegrationTests.DeleteBookAsync_WithValidISBN_ShouldRemoveBookFromDb","DisplayName":"DeleteBookAsync_WithValidISBN_ShouldRemoveBookFromDb","ExecutorUri":"executor://NUnit3TestExecutor","Source":"C:\\Users\\simo7\\OneDrive\\Работен плот\\QA Automation- Back-End Technologies\\12.Integration-Testing-Exercises-1\\LibroConsoleAPI.IntegrationTests.NUnit\\bin\\Debug\\net6.0\\fine-code-coverage\\build-output\\LibroConsoleAPI.IntegrationTests.NUnit.dll","CodeFilePath":null,"LineNumber":0,"Properties":[{"Key":{"Id":"NUnit.Seed","Label":"Seed","Category":"","Description":"","Attributes":0,"ValueType":"System.String"},"Value":"1021750260"}]},"Attachments":[],"Outcome":1,"ErrorMessage":null,"ErrorStackTrace":null,"DisplayName":"DeleteBookAsync_WithValidISBN_ShouldRemoveBookFromDb","Messages":[],"ComputerName":"SIMEON-PC","Duration":"00:00:00.0770650","StartTime":"2024-02-28T21:22:46.6172316+00:00","EndTime":"2024-02-28T21:22:46.6942962+00:00","Properties":[{"Key":{"Id":"NUnit.Seed","Label":"Seed","Category":"","Description":"","Attributes":0,"ValueType":"System.String"},"Value":"1021750260"}]},{"TestCase":{"Id":"83f092fc-b1bc-06b0-6e75-1ec3dc7bc46b","FullyQualifiedName":"LibroConsoleAPI.IntegrationTests.NUnit.IntegrationTests.GetAllAsync_WhenBooksExist_ShouldReturnAllBooks","DisplayName":"GetAllAsync_WhenBooksExist_ShouldReturnAllBooks","ExecutorUri":"executor://NUnit3TestExecutor","Source":"C:\\Users\\simo7\\OneDrive\\Работен плот\\QA Automation- Back-End Technologies\\12.Integration-Testing-Exercises-1\\LibroConsoleAPI.IntegrationTests.NUnit\\bin\\Debug\\net6.0\\fine-code-coverage\\build-output\\LibroConsoleAPI.IntegrationTests.NUnit.dll","CodeFilePath":null,"LineNumber":0,"Properties":[{"Key":{"Id":"NUnit.Seed","Label":"Seed","Category":"","Description":"","Attributes":0,"ValueType":"System.String"},"Value":"958610167"}]},"Attachments":[],"Outcome":1,"ErrorMessage":null,"ErrorStackTrace":null,"DisplayName":"GetAllAsync_WhenBooksExist_ShouldReturnAllBooks","Messages":[],"ComputerName":"SIMEON-PC","Duration":"00:00:00.0369270","StartTime":"2024-02-28T21:22:46.6943504+00:00","EndTime":"2024-02-28T21:22:46.7312765+00:00","Properties":[{"Key":{"Id":"NUnit.Seed","Label":"Seed","Category":"","Description":"","Attributes":0,"ValueType":"System.String"},"Value":"958610167"}]},{"TestCase":{"Id":"6bce1d20-f9af-04c0-5e51-cfcc625e988b","FullyQualifiedName":"LibroConsoleAPI.IntegrationTests.NUnit.IntegrationTests.GetAllAsync_WhenNoBooksExist_ShouldThrowKeyNotFoundException","DisplayName":"GetAllAsync_WhenNoBooksExist_ShouldThrowKeyNotFoundException","ExecutorUri":"executor://NUnit3TestExecutor","Source":"C:\\Users\\simo7\\OneDrive\\Работен плот\\QA Automation- Back-End Technologies\\12.Integration-Testing-Exercises-1\\LibroConsoleAPI.IntegrationTests.NUnit\\bin\\Debug\\net6.0\\fine-code-coverage\\build-output\\LibroConsoleAPI.IntegrationTests.NUnit.dll","CodeFilePath":null,"LineNumber":0,"Properties":[{"Key":{"Id":"NUnit.Seed","Label":"Seed","Category":"","Description":"","Attributes":0,"ValueType":"System.String"},"Value":"213410391"}]},"Attachments":[],"Outcome":1,"ErrorMessage":null,"ErrorStackTrace":null,"DisplayName":"GetAllAsync_WhenNoBooksExist_ShouldThrowKeyNotFoundException","Messages":[],"ComputerName":"SIMEON-PC","Duration":"00:00:00.0036960","StartTime":"2024-02-28T21:22:46.7313268+00:00","EndTime":"2024-02-28T21:22:46.7350227+00:00","Properties":[{"Key":{"Id":"NUnit.Seed","Label":"Seed","Category":"","Description":"","Attributes":0,"ValueType":"System.String"},"Value":"213410391"}]},{"TestCase":{"Id":"3c10f8e5-1065-f01f-f1f3-c7bc9cb715b1","FullyQualifiedName":"LibroConsoleAPI.IntegrationTests.NUnit.IntegrationTests.GetSpecificAsync_WithInvalidIsbn_ShouldThrowKeyNotFoundException","DisplayName":"GetSpecificAsync_WithInvalidIsbn_ShouldThrowKeyNotFoundException","ExecutorUri":"executor://NUnit3TestExecutor","Source":"C:\\Users\\simo7\\OneDrive\\Работен плот\\QA Automation- Back-End Technologies\\12.Integration-Testing-Exercises-1\\LibroConsoleAPI.IntegrationTests.NUnit\\bin\\Debug\\net6.0\\fine-code-coverage\\build-output\\LibroConsoleAPI.IntegrationTests.NUnit.dll","CodeFilePath":null,"LineNumber":0,"Properties":[{"Key":{"Id":"NUnit.Seed","Label":"Seed","Category":"","Description":"","Attributes":0,"ValueType":"System.String"},"Value":"424890633"}]},"Attachments":[],"Outcome":1,"ErrorMessage":null,"ErrorStackTrace":null,"DisplayName":"GetSpecificAsync_WithInvalidIsbn_ShouldThrowKeyNotFoundException","Messages":[],"ComputerName":"SIMEON-PC","Duration":"00:00:00.0048500","StartTime":"2024-02-28T21:22:46.7350579+00:00","EndTime":"2024-02-28T21:22:46.7399074+00:00","Properties":[{"Key":{"Id":"NUnit.Seed","Label":"Seed","Category":"","Description":"","Attributes":0,"ValueType":"System.String"},"Value":"424890633"}]}],"TestRunStatistics":{"ExecutedTests":9,"Stats":{"Passed":9}},"ActiveTests":[{"Id":"ca9d55ff-f750-e02e-fc3c-8b487e23260f","FullyQualifiedName":"LibroConsoleAPI.IntegrationTests.NUnit.IntegrationTests.GetSpecificAsync_WithNullOrWhiteSpace_ShouldThrowArgumentException(\"\")","DisplayName":"GetSpecificAsync_WithNullOrWhiteSpace_ShouldThrowArgumentException(\"\")","ExecutorUri":"executor://NUnit3TestExecutor","Source":"C:\\Users\\simo7\\OneDrive\\Работен плот\\QA Automation- Back-End Technologies\\12.Integration-Testing-Exercises-1\\LibroConsoleAPI.IntegrationTests.NUnit\\bin\\Debug\\net6.0\\fine-code-coverage\\build-output\\LibroConsoleAPI.IntegrationTests.NUnit.dll","CodeFilePath":null,"LineNumber":0,"Properties":[{"Key":{"Id":"NUnit.Seed","Label":"Seed","Category":"","Description":"","Attributes":0,"ValueType":"System.String"},"Value":"1972880967"}]}]}}
TpTrace Verbose: 0 : 13700, 12, 2024/02/28, 23:22:46.788, 7642343238607, vstest.console.dll, TestRunRequest:SendTestRunStatsChange: Starting.
TpTrace Verbose: 0 : 13700, 12, 2024/02/28, 23:22:46.788, 7642343240120, vstest.console.dll, InProgress is GetSpecificAsync_WithNullOrWhiteSpace_ShouldThrowArgumentException("")
TpTrace Verbose: 0 : 13700, 12, 2024/02/28, 23:22:46.789, 7642343245315, vstest.console.dll, MulticastDelegateUtilities.SafeInvoke: TestRun.RunStatsChanged: Invoking callbacks was skipped because there are no subscribers.
TpTrace Information: 0 : 13700, 12, 2024/02/28, 23:22:46.789, 7642343246790, vstest.console.dll, TestRunRequest:SendTestRunStatsChange: Completed.
TpTrace Verbose: 0 : 13700, 12, 2024/02/28, 23:22:46.789, 7642343247730, vstest.console.dll, MulticastDelegateUtilities.SafeInvoke: LengthPrefixCommunicationChannel: MessageReceived: Invoking callback 1/1 for Microsoft.VisualStudio.TestPlatform.CommunicationUtilities.TestRequestSender+<>c__DisplayClass34_0., took 21 ms.
TpTrace Verbose: 0 : 13700, 12, 2024/02/28, 23:22:46.789, 7642343248761, vstest.console.dll, TcpClientExtensions.MessageLoopAsync: Polling on remoteEndPoint: 127.0.0.1:52858 localEndPoint: 127.0.0.1:52857
TpTrace Verbose: 0 : 13700, 4, 2024/02/28, 23:22:46.793, 7642343287909, vstest.console.dll, MulticastDelegateUtilities.SafeInvoke: InternalTestLoggerEvents.SendTestResult: Invoking callback 1/1 for Microsoft.VisualStudio.TestPlatform.CommandLine.Internal.ConsoleLogger., took 4 ms.
TpTrace Verbose: 0 : 13700, 4, 2024/02/28, 23:22:46.794, 7642343297316, vstest.console.dll, MulticastDelegateUtilities.SafeInvoke: InternalTestLoggerEvents.SendTestResult: Invoking callback 1/1 for Microsoft.VisualStudio.TestPlatform.CommandLine.Internal.ConsoleLogger., took 0 ms.
TpTrace Verbose: 0 : 13700, 4, 2024/02/28, 23:22:46.794, 7642343299736, vstest.console.dll, MulticastDelegateUtilities.SafeInvoke: InternalTestLoggerEvents.SendTestResult: Invoking callback 1/1 for Microsoft.VisualStudio.TestPlatform.CommandLine.Internal.ConsoleLogger., took 0 ms.
TpTrace Verbose: 0 : 13700, 4, 2024/02/28, 23:22:46.794, 7642343301470, vstest.console.dll, MulticastDelegateUtilities.SafeInvoke: InternalTestLoggerEvents.SendTestResult: Invoking callback 1/1 for Microsoft.VisualStudio.TestPlatform.CommandLine.Internal.ConsoleLogger., took 0 ms.
TpTrace Verbose: 0 : 13700, 4, 2024/02/28, 23:22:46.794, 7642343302890, vstest.console.dll, MulticastDelegateUtilities.SafeInvoke: InternalTestLoggerEvents.SendTestResult: Invoking callback 1/1 for Microsoft.VisualStudio.TestPlatform.CommandLine.Internal.ConsoleLogger., took 0 ms.
TpTrace Verbose: 0 : 13700, 4, 2024/02/28, 23:22:46.794, 7642343304489, vstest.console.dll, MulticastDelegateUtilities.SafeInvoke: InternalTestLoggerEvents.SendTestResult: Invoking callback 1/1 for Microsoft.VisualStudio.TestPlatform.CommandLine.Internal.ConsoleLogger., took 0 ms.
TpTrace Verbose: 0 : 13700, 4, 2024/02/28, 23:22:46.795, 7642343306163, vstest.console.dll, MulticastDelegateUtilities.SafeInvoke: InternalTestLoggerEvents.SendTestResult: Invoking callback 1/1 for Microsoft.VisualStudio.TestPlatform.CommandLine.Internal.ConsoleLogger., took 0 ms.
TpTrace Verbose: 0 : 13700, 4, 2024/02/28, 23:22:46.795, 7642343307526, vstest.console.dll, MulticastDelegateUtilities.SafeInvoke: InternalTestLoggerEvents.SendTestResult: Invoking callback 1/1 for Microsoft.VisualStudio.TestPlatform.CommandLine.Internal.ConsoleLogger., took 0 ms.
TpTrace Verbose: 0 : 13700, 4, 2024/02/28, 23:22:46.795, 7642343308760, vstest.console.dll, MulticastDelegateUtilities.SafeInvoke: InternalTestLoggerEvents.SendTestResult: Invoking callback 1/1 for Microsoft.VisualStudio.TestPlatform.CommandLine.Internal.ConsoleLogger., took 0 ms.
TpTrace Verbose: 0 : 13700, 12, 2024/02/28, 23:22:46.826, 7642343620495, vstest.console.dll, TcpClientExtensions.MessageLoopAsync: NotifyDataAvailable remoteEndPoint: 127.0.0.1:52858 localEndPoint: 127.0.0.1:52857
TpTrace Verbose: 0 : 13700, 12, 2024/02/28, 23:22:46.827, 7642343626377, vstest.console.dll, TestRequestSender.OnExecutionMessageReceived: Received message: {"Version":5,"MessageType":"TestExecution.StatsChange","Payload":{"NewTestResults":[{"TestCase":{"Id":"ca9d55ff-f750-e02e-fc3c-8b487e23260f","FullyQualifiedName":"LibroConsoleAPI.IntegrationTests.NUnit.IntegrationTests.GetSpecificAsync_WithNullOrWhiteSpace_ShouldThrowArgumentException(\"\")","DisplayName":"GetSpecificAsync_WithNullOrWhiteSpace_ShouldThrowArgumentException(\"\")","ExecutorUri":"executor://NUnit3TestExecutor","Source":"C:\\Users\\simo7\\OneDrive\\Работен плот\\QA Automation- Back-End Technologies\\12.Integration-Testing-Exercises-1\\LibroConsoleAPI.IntegrationTests.NUnit\\bin\\Debug\\net6.0\\fine-code-coverage\\build-output\\LibroConsoleAPI.IntegrationTests.NUnit.dll","CodeFilePath":null,"LineNumber":0,"Properties":[{"Key":{"Id":"NUnit.Seed","Label":"Seed","Category":"","Description":"","Attributes":0,"ValueType":"System.String"},"Value":"1972880967"}]},"Attachments":[],"Outcome":1,"ErrorMessage":null,"ErrorStackTrace":null,"DisplayName":"GetSpecificAsync_WithNullOrWhiteSpace_ShouldThrowArgumentException(\"\")","Messages":[],"ComputerName":"SIMEON-PC","Duration":"00:00:00.0015400","StartTime":"2024-02-28T21:22:46.7399633+00:00","EndTime":"2024-02-28T21:22:46.7415027+00:00","Properties":[{"Key":{"Id":"NUnit.Seed","Label":"Seed","Category":"","Description":"","Attributes":0,"ValueType":"System.String"},"Value":"1972880967"}]},{"TestCase":{"Id":"772fcde8-43fd-4cc3-8517-3189bc581de9","FullyQualifiedName":"LibroConsoleAPI.IntegrationTests.NUnit.IntegrationTests.GetSpecificAsync_WithNullOrWhiteSpace_ShouldThrowArgumentException(\"   \")","DisplayName":"GetSpecificAsync_WithNullOrWhiteSpace_ShouldThrowArgumentException(\"   \")","ExecutorUri":"executor://NUnit3TestExecutor","Source":"C:\\Users\\simo7\\OneDrive\\Работен плот\\QA Automation- Back-End Technologies\\12.Integration-Testing-Exercises-1\\LibroConsoleAPI.IntegrationTests.NUnit\\bin\\Debug\\net6.0\\fine-code-coverage\\build-output\\LibroConsoleAPI.IntegrationTests.NUnit.dll","CodeFilePath":null,"LineNumber":0,"Properties":[{"Key":{"Id":"NUnit.Seed","Label":"Seed","Category":"","Description":"","Attributes":0,"ValueType":"System.String"},"Value":"1940547076"}]},"Attachments":[],"Outcome":1,"ErrorMessage":null,"ErrorStackTrace":null,"DisplayName":"GetSpecificAsync_WithNullOrWhiteSpace_ShouldThrowArgumentException(\"   \")","Messages":[],"ComputerName":"SIMEON-PC","Duration":"00:00:00.0004330","StartTime":"2024-02-28T21:22:46.7415423+00:00","EndTime":"2024-02-28T21:22:46.7419753+00:00","Properties":[{"Key":{"Id":"NUnit.Seed","Label":"Seed","Category":"","Description":"","Attributes":0,"ValueType":"System.String"},"Value":"1940547076"}]},{"TestCase":{"Id":"daba6178-d0fa-8f43-722f-633235cb8f01","FullyQualifiedName":"LibroConsoleAPI.IntegrationTests.NUnit.IntegrationTests.GetSpecificAsync_WithNullOrWhiteSpace_ShouldThrowArgumentException(null)","DisplayName":"GetSpecificAsync_WithNullOrWhiteSpace_ShouldThrowArgumentException(null)","ExecutorUri":"executor://NUnit3TestExecutor","Source":"C:\\Users\\simo7\\OneDrive\\Работен плот\\QA Automation- Back-End Technologies\\12.Integration-Testing-Exercises-1\\LibroConsoleAPI.IntegrationTests.NUnit\\bin\\Debug\\net6.0\\fine-code-coverage\\build-output\\LibroConsoleAPI.IntegrationTests.NUnit.dll","CodeFilePath":null,"LineNumber":0,"Properties":[{"Key":{"Id":"NUnit.Seed","Label":"Seed","Category":"","Description":"","Attributes":0,"ValueType":"System.String"},"Value":"1619414156"}]},"Attachments":[],"Outcome":1,"ErrorMessage":null,"ErrorStackTrace":null,"DisplayName":"GetSpecificAsync_WithNullOrWhiteSpace_ShouldThrowArgumentException(null)","Messages":[],"ComputerName":"SIMEON-PC","Duration":"00:00:00.0005660","StartTime":"2024-02-28T21:22:46.7420032+00:00","EndTime":"2024-02-28T21:22:46.7425688+00:00","Properties":[{"Key":{"Id":"NUnit.Seed","Label":"Seed","Category":"","Description":"","Attributes":0,"ValueType":"System.String"},"Value":"1619414156"}]},{"TestCase":{"Id":"2b5a25c1-2a3b-a247-25bb-3e05df782c45","FullyQualifiedName":"LibroConsoleAPI.IntegrationTests.NUnit.IntegrationTests.GetSpecificAsync_WithValidIsbn_ShouldReturnBook","DisplayName":"GetSpecificAsync_WithValidIsbn_ShouldReturnBook","ExecutorUri":"executor://NUnit3TestExecutor","Source":"C:\\Users\\simo7\\OneDrive\\Работен плот\\QA Automation- Back-End Technologies\\12.Integration-Testing-Exercises-1\\LibroConsoleAPI.IntegrationTests.NUnit\\bin\\Debug\\net6.0\\fine-code-coverage\\build-output\\LibroConsoleAPI.IntegrationTests.NUnit.dll","CodeFilePath":null,"LineNumber":0,"Properties":[{"Key":{"Id":"NUnit.Seed","Label":"Seed","Category":"","Description":"","Attributes":0,"ValueType":"System.String"},"Value":"93604223"}]},"Attachments":[],"Outcome":1,"ErrorMessage":null,"ErrorStackTrace":null,"DisplayName":"GetSpecificAsync_WithValidIsbn_ShouldReturnBook","Messages":[],"ComputerName":"SIMEON-PC","Duration":"00:00:00.0029580","StartTime":"2024-02-28T21:22:46.7426544+00:00","EndTime":"2024-02-28T21:22:46.7456125+00:00","Properties":[{"Key":{"Id":"NUnit.Seed","Label":"Seed","Category":"","Description":"","Attributes":0,"ValueType":"System.String"},"Value":"93604223"}]},{"TestCase":{"Id":"95179360-1b11-e085-17a6-373465129fe8","FullyQualifiedName":"LibroConsoleAPI.IntegrationTests.NUnit.IntegrationTests.SearchByTitleAsync_WithInvalidTitleFragment_ShouldThrowKeyNotFoundException","DisplayName":"SearchByTitleAsync_WithInvalidTitleFragment_ShouldThrowKeyNotFoundException","ExecutorUri":"executor://NUnit3TestExecutor","Source":"C:\\Users\\simo7\\OneDrive\\Работен плот\\QA Automation- Back-End Technologies\\12.Integration-Testing-Exercises-1\\LibroConsoleAPI.IntegrationTests.NUnit\\bin\\Debug\\net6.0\\fine-code-coverage\\build-output\\LibroConsoleAPI.IntegrationTests.NUnit.dll","CodeFilePath":null,"LineNumber":0,"Properties":[{"Key":{"Id":"NUnit.Seed","Label":"Seed","Category":"","Description":"","Attributes":0,"ValueType":"System.String"},"Value":"2031404922"}]},"Attachments":[],"Outcome":1,"ErrorMessage":null,"ErrorStackTrace":null,"DisplayName":"SearchByTitleAsync_WithInvalidTitleFragment_ShouldThrowKeyNotFoundException","Messages":[],"ComputerName":"SIMEON-PC","Duration":"00:00:00.0044450","StartTime":"2024-02-28T21:22:46.7456487+00:00","EndTime":"2024-02-28T21:22:46.7500933+00:00","Properties":[{"Key":{"Id":"NUnit.Seed","Label":"Seed","Category":"","Description":"","Attributes":0,"ValueType":"System.String"},"Value":"2031404922"}]},{"TestCase":{"Id":"7fbe6e61-5802-c069-7d40-7b6250fc2fdc","FullyQualifiedName":"LibroConsoleAPI.IntegrationTests.NUnit.IntegrationTests.SearchByTitleAsync_WithNullOrWhiteSpace_ShouldThrowArgumentException(\"\")","DisplayName":"SearchByTitleAsync_WithNullOrWhiteSpace_ShouldThrowArgumentException(\"\")","ExecutorUri":"executor://NUnit3TestExecutor","Source":"C:\\Users\\simo7\\OneDrive\\Работен плот\\QA Automation- Back-End Technologies\\12.Integration-Testing-Exercises-1\\LibroConsoleAPI.IntegrationTests.NUnit\\bin\\Debug\\net6.0\\fine-code-coverage\\build-output\\LibroConsoleAPI.IntegrationTests.NUnit.dll","CodeFilePath":null,"LineNumber":0,"Properties":[{"Key":{"Id":"NUnit.Seed","Label":"Seed","Category":"","Description":"","Attributes":0,"ValueType":"System.String"},"Value":"714728599"}]},"Attachments":[],"Outcome":1,"ErrorMessage":null,"ErrorStackTrace":null,"DisplayName":"SearchByTitleAsync_WithNullOrWhiteSpace_ShouldThrowArgumentException(\"\")","Messages":[],"ComputerName":"SIMEON-PC","Duration":"00:00:00.0014679","StartTime":"2024-02-28T21:22:46.7502005+00:00","EndTime":"2024-02-28T21:22:46.7516677+00:00","Properties":[{"Key":{"Id":"NUnit.Seed","Label":"Seed","Category":"","Description":"","Attributes":0,"ValueType":"System.String"},"Value":"714728599"}]},{"TestCase":{"Id":"05898f4a-faca-3649-eca0-3e88f1071d25","FullyQualifiedName":"LibroConsoleAPI.IntegrationTests.NUnit.IntegrationTests.SearchByTitleAsync_WithNullOrWhiteSpace_ShouldThrowArgumentException(\"    \")","DisplayName":"SearchByTitleAsync_WithNullOrWhiteSpace_ShouldThrowArgumentException(\"    \")","ExecutorUri":"executor://NUnit3TestExecutor","Source":"C:\\Users\\simo7\\OneDrive\\Работен плот\\QA Automation- Back-End Technologies\\12.Integration-Testing-Exercises-1\\LibroConsoleAPI.IntegrationTests.NUnit\\bin\\Debug\\net6.0\\fine-code-coverage\\build-output\\LibroConsoleAPI.IntegrationTests.NUnit.dll","CodeFilePath":null,"LineNumber":0,"Properties":[{"Key":{"Id":"NUnit.Seed","Label":"Seed","Category":"","Description":"","Attributes":0,"ValueType":"System.String"},"Value":"176943569"}]},"Attachments":[],"Outcome":1,"ErrorMessage":null,"ErrorStackTrace":null,"DisplayName":"SearchByTitleAsync_WithNullOrWhiteSpace_ShouldThrowArgumentException(\"    \")","Messages":[],"ComputerName":"SIMEON-PC","Duration":"00:00:00.0004670","StartTime":"2024-02-28T21:22:46.7517031+00:00","EndTime":"2024-02-28T21:22:46.7521694+00:00","Properties":[{"Key":{"Id":"NUnit.Seed","Label":"Seed","Category":"","Description":"","Attributes":0,"ValueType":"System.String"},"Value":"176943569"}]},{"TestCase":{"Id":"6ee17b56-df4d-4366-46e4-15dcd9a50055","FullyQualifiedName":"LibroConsoleAPI.IntegrationTests.NUnit.IntegrationTests.SearchByTitleAsync_WithNullOrWhiteSpace_ShouldThrowArgumentException(null)","DisplayName":"SearchByTitleAsync_WithNullOrWhiteSpace_ShouldThrowArgumentException(null)","ExecutorUri":"executor://NUnit3TestExecutor","Source":"C:\\Users\\simo7\\OneDrive\\Работен плот\\QA Automation- Back-End Technologies\\12.Integration-Testing-Exercises-1\\LibroConsoleAPI.IntegrationTests.NUnit\\bin\\Debug\\net6.0\\fine-code-coverage\\build-output\\LibroConsoleAPI.IntegrationTests.NUnit.dll","CodeFilePath":null,"LineNumber":0,"Properties":[{"Key":{"Id":"NUnit.Seed","Label":"Seed","Category":"","Description":"","Attributes":0,"ValueType":"System.String"},"Value":"1679973343"}]},"Attachments":[],"Outcome":1,"ErrorMessage":null,"ErrorStackTrace":null,"DisplayName":"SearchByTitleAsync_WithNullOrWhiteSpace_ShouldThrowArgumentException(null)","Messages":[],"ComputerName":"SIMEON-PC","Duration":"00:00:00.0004150","StartTime":"2024-02-28T21:22:46.7522064+00:00","EndTime":"2024-02-28T21:22:46.7526205+00:00","Properties":[{"Key":{"Id":"NUnit.Seed","Label":"Seed","Category":"","Description":"","Attributes":0,"ValueType":"System.String"},"Value":"1679973343"}]},{"TestCase":{"Id":"f2798c1c-1968-ff30-fd39-71aad643ab6d","FullyQualifiedName":"LibroConsoleAPI.IntegrationTests.NUnit.IntegrationTests.SearchByTitleAsync_WithValidTitleFragment_ShouldReturnMatchingBooks","DisplayName":"SearchByTitleAsync_WithValidTitleFragment_ShouldReturnMatchingBooks","ExecutorUri":"executor://NUnit3TestExecutor","Source":"C:\\Users\\simo7\\OneDrive\\Работен плот\\QA Automation- Back-End Technologies\\12.Integration-Testing-Exercises-1\\LibroConsoleAPI.IntegrationTests.NUnit\\bin\\Debug\\net6.0\\fine-code-coverage\\build-output\\LibroConsoleAPI.IntegrationTests.NUnit.dll","CodeFilePath":null,"LineNumber":0,"Properties":[{"Key":{"Id":"NUnit.Seed","Label":"Seed","Category":"","Description":"","Attributes":0,"ValueType":"System.String"},"Value":"1636634526"}]},"Attachments":[],"Outcome":1,"ErrorMessage":null,"ErrorStackTrace":null,"DisplayName":"SearchByTitleAsync_WithValidTitleFragment_ShouldReturnMatchingBooks","Messages":[],"ComputerName":"SIMEON-PC","Duration":"00:00:00.0052509","StartTime":"2024-02-28T21:22:46.7526795+00:00","EndTime":"2024-02-28T21:22:46.7579299+00:00","Properties":[{"Key":{"Id":"NUnit.Seed","Label":"Seed","Category":"","Description":"","Attributes":0,"ValueType":"System.String"},"Value":"1636634526"}]}],"TestRunStatistics":{"ExecutedTests":18,"Stats":{"Passed":18}},"ActiveTests":[{"Id":"e29a1049-8ec1-d0be-50d5-f00bccad6e78","FullyQualifiedName":"LibroConsoleAPI.IntegrationTests.NUnit.IntegrationTests.UpdateAsync_WithInvalidBook_ShouldThrowValidationException","DisplayName":"UpdateAsync_WithInvalidBook_ShouldThrowValidationException","ExecutorUri":"executor://NUnit3TestExecutor","Source":"C:\\Users\\simo7\\OneDrive\\Работен плот\\QA Automation- Back-End Technologies\\12.Integration-Testing-Exercises-1\\LibroConsoleAPI.IntegrationTests.NUnit\\bin\\Debug\\net6.0\\fine-code-coverage\\build-output\\LibroConsoleAPI.IntegrationTests.NUnit.dll","CodeFilePath":null,"LineNumber":0,"Properties":[{"Key":{"Id":"NUnit.Seed","Label":"Seed","Category":"","Description":"","Attributes":0,"ValueType":"System.String"},"Value":"1840661636"}]}]}}
TpTrace Verbose: 0 : 13700, 12, 2024/02/28, 23:22:46.831, 7642343668156, vstest.console.dll, TestRunRequest:SendTestRunStatsChange: Starting.
TpTrace Verbose: 0 : 13700, 12, 2024/02/28, 23:22:46.831, 7642343669719, vstest.console.dll, InProgress is UpdateAsync_WithInvalidBook_ShouldThrowValidationException
TpTrace Verbose: 0 : 13700, 12, 2024/02/28, 23:22:46.831, 7642343670978, vstest.console.dll, MulticastDelegateUtilities.SafeInvoke: TestRun.RunStatsChanged: Invoking callbacks was skipped because there are no subscribers.
TpTrace Information: 0 : 13700, 12, 2024/02/28, 23:22:46.831, 7642343671797, vstest.console.dll, TestRunRequest:SendTestRunStatsChange: Completed.
TpTrace Verbose: 0 : 13700, 4, 2024/02/28, 23:22:46.831, 7642343672161, vstest.console.dll, MulticastDelegateUtilities.SafeInvoke: InternalTestLoggerEvents.SendTestResult: Invoking callback 1/1 for Microsoft.VisualStudio.TestPlatform.CommandLine.Internal.ConsoleLogger., took 0 ms.
TpTrace Verbose: 0 : 13700, 12, 2024/02/28, 23:22:46.831, 7642343673102, vstest.console.dll, MulticastDelegateUtilities.SafeInvoke: LengthPrefixCommunicationChannel: MessageReceived: Invoking callback 1/1 for Microsoft.VisualStudio.TestPlatform.CommunicationUtilities.TestRequestSender+<>c__DisplayClass34_0., took 4 ms.
TpTrace Verbose: 0 : 13700, 4, 2024/02/28, 23:22:46.831, 7642343673390, vstest.console.dll, MulticastDelegateUtilities.SafeInvoke: InternalTestLoggerEvents.SendTestResult: Invoking callback 1/1 for Microsoft.VisualStudio.TestPlatform.CommandLine.Internal.ConsoleLogger., took 0 ms.
TpTrace Verbose: 0 : 13700, 12, 2024/02/28, 23:22:46.831, 7642343673980, vstest.console.dll, TcpClientExtensions.MessageLoopAsync: Polling on remoteEndPoint: 127.0.0.1:52858 localEndPoint: 127.0.0.1:52857
TpTrace Verbose: 0 : 13700, 4, 2024/02/28, 23:22:46.832, 7642343675832, vstest.console.dll, MulticastDelegateUtilities.SafeInvoke: InternalTestLoggerEvents.SendTestResult: Invoking callback 1/1 for Microsoft.VisualStudio.TestPlatform.CommandLine.Internal.ConsoleLogger., took 0 ms.
TpTrace Verbose: 0 : 13700, 12, 2024/02/28, 23:22:46.832, 7642343676232, vstest.console.dll, TcpClientExtensions.MessageLoopAsync: NotifyDataAvailable remoteEndPoint: 127.0.0.1:52858 localEndPoint: 127.0.0.1:52857
TpTrace Verbose: 0 : 13700, 4, 2024/02/28, 23:22:46.832, 7642343677129, vstest.console.dll, MulticastDelegateUtilities.SafeInvoke: InternalTestLoggerEvents.SendTestResult: Invoking callback 1/1 for Microsoft.VisualStudio.TestPlatform.CommandLine.Internal.ConsoleLogger., took 0 ms.
TpTrace Verbose: 0 : 13700, 12, 2024/02/28, 23:22:46.832, 7642343677718, vstest.console.dll, TestRequestSender.OnExecutionMessageReceived: Received message: {"Version":5,"MessageType":"TestSession.Message","Payload":{"MessageLevel":1,"Message":"Validation Error: The Title field is required.\r\n"}}
TpTrace Verbose: 0 : 13700, 4, 2024/02/28, 23:22:46.832, 7642343678220, vstest.console.dll, MulticastDelegateUtilities.SafeInvoke: InternalTestLoggerEvents.SendTestResult: Invoking callback 1/1 for Microsoft.VisualStudio.TestPlatform.CommandLine.Internal.ConsoleLogger., took 0 ms.
TpTrace Verbose: 0 : 13700, 12, 2024/02/28, 23:22:46.832, 7642343679477, vstest.console.dll, TestRunRequest:SendTestRunMessage: Starting.
TpTrace Verbose: 0 : 13700, 4, 2024/02/28, 23:22:46.832, 7642343679613, vstest.console.dll, MulticastDelegateUtilities.SafeInvoke: InternalTestLoggerEvents.SendTestResult: Invoking callback 1/1 for Microsoft.VisualStudio.TestPlatform.CommandLine.Internal.ConsoleLogger., took 0 ms.
TpTrace Verbose: 0 : 13700, 12, 2024/02/28, 23:22:46.832, 7642343680655, vstest.console.dll, MulticastDelegateUtilities.SafeInvoke: TestRun.LogMessages: Invoking callback 1/1 for Microsoft.VisualStudio.TestPlatform.CommandLine.TestRunResultAggregator., took 0 ms.
TpTrace Information: 0 : 13700, 12, 2024/02/28, 23:22:46.832, 7642343681471, vstest.console.dll, TestRunRequest:SendTestRunMessage: Completed.
TpTrace Verbose: 0 : 13700, 4, 2024/02/28, 23:22:46.832, 7642343681945, vstest.console.dll, MulticastDelegateUtilities.SafeInvoke: InternalTestLoggerEvents.SendTestResult: Invoking callback 1/1 for Microsoft.VisualStudio.TestPlatform.CommandLine.Internal.ConsoleLogger., took 0 ms.
TpTrace Verbose: 0 : 13700, 12, 2024/02/28, 23:22:46.832, 7642343682199, vstest.console.dll, MulticastDelegateUtilities.SafeInvoke: LengthPrefixCommunicationChannel: MessageReceived: Invoking callback 1/1 for Microsoft.VisualStudio.TestPlatform.CommunicationUtilities.TestRequestSender+<>c__DisplayClass34_0., took 0 ms.
TpTrace Verbose: 0 : 13700, 4, 2024/02/28, 23:22:46.832, 7642343683687, vstest.console.dll, MulticastDelegateUtilities.SafeInvoke: InternalTestLoggerEvents.SendTestResult: Invoking callback 1/1 for Microsoft.VisualStudio.TestPlatform.CommandLine.Internal.ConsoleLogger., took 0 ms.
TpTrace Verbose: 0 : 13700, 12, 2024/02/28, 23:22:46.832, 7642343684110, vstest.console.dll, TcpClientExtensions.MessageLoopAsync: Polling on remoteEndPoint: 127.0.0.1:52858 localEndPoint: 127.0.0.1:52857
TpTrace Verbose: 0 : 13700, 4, 2024/02/28, 23:22:46.833, 7642343685308, vstest.console.dll, MulticastDelegateUtilities.SafeInvoke: InternalTestLoggerEvents.SendTestResult: Invoking callback 1/1 for Microsoft.VisualStudio.TestPlatform.CommandLine.Internal.ConsoleLogger., took 0 ms.
TpTrace Verbose: 0 : 13700, 4, 2024/02/28, 23:22:46.833, 7642343687403, vstest.console.dll, MulticastDelegateUtilities.SafeInvoke: InternalTestLoggerEvents.SendTestRunMessage: Invoking callback 1/1 for Microsoft.VisualStudio.TestPlatform.CommandLine.Internal.ConsoleLogger., took 0 ms.
TpTrace Verbose: 0 : 13700, 12, 2024/02/28, 23:22:46.846, 7642343820789, vstest.console.dll, TcpClientExtensions.MessageLoopAsync: NotifyDataAvailable remoteEndPoint: 127.0.0.1:52858 localEndPoint: 127.0.0.1:52857
TpTrace Verbose: 0 : 13700, 12, 2024/02/28, 23:22:46.846, 7642343823008, vstest.console.dll, TestRequestSender.OnExecutionMessageReceived: Received message: {"Version":5,"MessageType":"TestSession.Message","Payload":{"MessageLevel":0,"Message":"NUnit Adapter 4.2.0.0: Test execution complete"}}
TpTrace Verbose: 0 : 13700, 12, 2024/02/28, 23:22:46.847, 7642343825366, vstest.console.dll, TestRunRequest:SendTestRunMessage: Starting.
TpTrace Verbose: 0 : 13700, 12, 2024/02/28, 23:22:46.847, 7642343826960, vstest.console.dll, MulticastDelegateUtilities.SafeInvoke: TestRun.LogMessages: Invoking callback 1/1 for Microsoft.VisualStudio.TestPlatform.CommandLine.TestRunResultAggregator., took 0 ms.
TpTrace Verbose: 0 : 13700, 4, 2024/02/28, 23:22:46.847, 7642343827222, vstest.console.dll, MulticastDelegateUtilities.SafeInvoke: InternalTestLoggerEvents.SendTestRunMessage: Invoking callback 1/1 for Microsoft.VisualStudio.TestPlatform.CommandLine.Internal.ConsoleLogger., took 0 ms.
TpTrace Information: 0 : 13700, 12, 2024/02/28, 23:22:46.847, 7642343827904, vstest.console.dll, TestRunRequest:SendTestRunMessage: Completed.
TpTrace Verbose: 0 : 13700, 12, 2024/02/28, 23:22:46.847, 7642343829753, vstest.console.dll, MulticastDelegateUtilities.SafeInvoke: LengthPrefixCommunicationChannel: MessageReceived: Invoking callback 1/1 for Microsoft.VisualStudio.TestPlatform.CommunicationUtilities.TestRequestSender+<>c__DisplayClass34_0., took 0 ms.
TpTrace Verbose: 0 : 13700, 12, 2024/02/28, 23:22:46.847, 7642343830513, vstest.console.dll, TcpClientExtensions.MessageLoopAsync: Polling on remoteEndPoint: 127.0.0.1:52858 localEndPoint: 127.0.0.1:52857
TpTrace Verbose: 0 : 13700, 12, 2024/02/28, 23:22:46.877, 7642344126490, vstest.console.dll, TcpClientExtensions.MessageLoopAsync: NotifyDataAvailable remoteEndPoint: 127.0.0.1:52858 localEndPoint: 127.0.0.1:52857
TpTrace Verbose: 0 : 13700, 12, 2024/02/28, 23:22:46.880, 7642344162282, vstest.console.dll, TestRequestSender.OnExecutionMessageReceived: Received message: {"Version":5,"MessageType":"TestExecution.Completed","Payload":{"TestRunCompleteArgs":{"TestRunStatistics":{"ExecutedTests":20,"Stats":{"Passed":20}},"IsCanceled":false,"IsAborted":false,"Error":null,"AttachmentSets":[],"ElapsedTimeInRunningTests":"00:00:02.4699224","Metrics":{}},"LastRunTests":{"NewTestResults":[{"TestCase":{"Id":"e29a1049-8ec1-d0be-50d5-f00bccad6e78","FullyQualifiedName":"LibroConsoleAPI.IntegrationTests.NUnit.IntegrationTests.UpdateAsync_WithInvalidBook_ShouldThrowValidationException","DisplayName":"UpdateAsync_WithInvalidBook_ShouldThrowValidationException","ExecutorUri":"executor://NUnit3TestExecutor","Source":"C:\\Users\\simo7\\OneDrive\\Работен плот\\QA Automation- Back-End Technologies\\12.Integration-Testing-Exercises-1\\LibroConsoleAPI.IntegrationTests.NUnit\\bin\\Debug\\net6.0\\fine-code-coverage\\build-output\\LibroConsoleAPI.IntegrationTests.NUnit.dll","CodeFilePath":null,"LineNumber":0,"Properties":[{"Key":{"Id":"NUnit.Seed","Label":"Seed","Category":"","Description":"","Attributes":0,"ValueType":"System.String"},"Value":"1840661636"}]},"Attachments":[],"Outcome":1,"ErrorMessage":null,"ErrorStackTrace":null,"DisplayName":"UpdateAsync_WithInvalidBook_ShouldThrowValidationException","Messages":[{"Category":"StdOutMsgs","Text":"Validation Error: The Title field is required.\r\n"}],"ComputerName":"SIMEON-PC","Duration":"00:00:00.0015980","StartTime":"2024-02-28T21:22:46.7579578+00:00","EndTime":"2024-02-28T21:22:46.7595553+00:00","Properties":[{"Key":{"Id":"NUnit.Seed","Label":"Seed","Category":"","Description":"","Attributes":0,"ValueType":"System.String"},"Value":"1840661636"}]},{"TestCase":{"Id":"1b116003-8e05-c342-f73c-9ae288e60b42","FullyQualifiedName":"LibroConsoleAPI.IntegrationTests.NUnit.IntegrationTests.UpdateAsync_WithValidBook_ShouldUpdateBook","DisplayName":"UpdateAsync_WithValidBook_ShouldUpdateBook","ExecutorUri":"executor://NUnit3TestExecutor","Source":"C:\\Users\\simo7\\OneDrive\\Работен плот\\QA Automation- Back-End Technologies\\12.Integration-Testing-Exercises-1\\LibroConsoleAPI.IntegrationTests.NUnit\\bin\\Debug\\net6.0\\fine-code-coverage\\build-output\\LibroConsoleAPI.IntegrationTests.NUnit.dll","CodeFilePath":null,"LineNumber":0,"Properties":[{"Key":{"Id":"NUnit.Seed","Label":"Seed","Category":"","Description":"","Attributes":0,"ValueType":"System.String"},"Value":"1991173162"}]},"Attachments":[],"Outcome":1,"ErrorMessage":null,"ErrorStackTrace":null,"DisplayName":"UpdateAsync_WithValidBook_ShouldUpdateBook","Messages":[],"ComputerName":"SIMEON-PC","Duration":"00:00:00.0072260","StartTime":"2024-02-28T21:22:46.7595853+00:00","EndTime":"2024-02-28T21:22:46.7668116+00:00","Properties":[{"Key":{"Id":"NUnit.Seed","Label":"Seed","Category":"","Description":"","Attributes":0,"ValueType":"System.String"},"Value":"1991173162"}]}],"TestRunStatistics":{"ExecutedTests":20,"Stats":{"Passed":20}},"ActiveTests":[]},"RunAttachments":[],"ExecutorUris":["executor://nunit3testexecutor/"]}}
TpTrace Verbose: 0 : 13700, 12, 2024/02/28, 23:22:46.881, 7642344165151, vstest.console.dll, TestRequestSender.EndSession: Sending end session.
TpTrace Verbose: 0 : 13700, 12, 2024/02/28, 23:22:46.881, 7642344169048, vstest.console.dll, ProxyOperationManager.Close: waiting for test host to exit for 100 ms
TpTrace Verbose: 0 : 13700, 11, 2024/02/28, 23:22:46.922, 7642344574948, vstest.console.dll, TestHostManagerCallbacks.ctor: Experimental forwarding output is disabled.
TpTrace Warning: 0 : 13700, 11, 2024/02/28, 23:22:46.922, 7642344576814, vstest.console.dll, TestHostManagerCallbacks.ErrorReceivedCallback Test host standard error line: 
TpTrace Verbose: 0 : 13700, 11, 2024/02/28, 23:22:46.947, 7642344828953, vstest.console.dll, TestHostProvider.ExitCallBack: Host exited starting callback.
TpTrace Information: 0 : 13700, 11, 2024/02/28, 23:22:46.947, 7642344831875, vstest.console.dll, TestHostManagerCallbacks.ExitCallBack: Testhost processId: 12140 exited with exitcode: 0 error: ''
TpTrace Verbose: 0 : 13700, 11, 2024/02/28, 23:22:46.947, 7642344832987, vstest.console.dll, DotnetTestHostManager.OnHostExited: invoking OnHostExited callback
TpTrace Verbose: 0 : 13700, 11, 2024/02/28, 23:22:46.947, 7642344834210, vstest.console.dll, CrossPlatEngine.TestHostManagerHostExited: calling on client process exit callback.
TpTrace Information: 0 : 13700, 11, 2024/02/28, 23:22:46.948, 7642344835659, vstest.console.dll, TestRequestSender.OnClientProcessExit: Test host process exited. Standard error: 
TpTrace Information: 0 : 13700, 12, 2024/02/28, 23:22:46.948, 7642344836011, vstest.console.dll, SocketServer.Stop: Stop server endPoint: 127.0.0.1:52857
TpTrace Information: 0 : 13700, 12, 2024/02/28, 23:22:46.948, 7642344837139, vstest.console.dll, SocketServer.Stop: Cancellation requested. Stopping message loop.
TpTrace Information: 0 : 13700, 11, 2024/02/28, 23:22:46.948, 7642344837555, vstest.console.dll, SocketServer.Stop: Stop server endPoint: 127.0.0.1:52857
TpTrace Information: 0 : 13700, 11, 2024/02/28, 23:22:46.948, 7642344838579, vstest.console.dll, SocketServer.Stop: Cancellation requested. Stopping message loop.
TpTrace Verbose: 0 : 13700, 11, 2024/02/28, 23:22:46.948, 7642344839550, vstest.console.dll, MulticastDelegateUtilities.SafeInvoke: HostProviderEvents.OnHostExited: Invoking callback 1/1 for Microsoft.VisualStudio.TestPlatform.CrossPlatEngine.Client.ProxyOperationManager., took 0 ms.
TpTrace Information: 0 : 13700, 12, 2024/02/28, 23:22:46.948, 7642344840316, vstest.console.dll, Closing the connection
TpTrace Verbose: 0 : 13700, 12, 2024/02/28, 23:22:46.948, 7642344844372, vstest.console.dll, ProxyDataCollectionManager.InvokeDataCollectionServiceAction: Starting.
TpTrace Information: 0 : 13700, 12, 2024/02/28, 23:22:46.949, 7642344845369, vstest.console.dll, ProxyDataCollectionManager.AfterTestRunEnd: Get attachment set and invoked data collectors processId: 11404 port: 52854
TpTrace Verbose: 0 : 13700, 12, 2024/02/28, 23:22:46.949, 7642344846667, vstest.console.dll, DataCollectionRequestSender.SendAfterTestRunStartAndGetResult: Send AfterTestRunEnd message with isCancelled: False
TpTrace Verbose: 0 : 13700, 12, 2024/02/28, 23:22:46.964, 7642344998798, vstest.console.dll, DataCollectionRequestSender.SendAfterTestRunStartAndGetResult: Received message: (DataCollection.AfterTestRunEndResult) -> {"MessageType":"DataCollection.AfterTestRunEndResult","Payload":{"AttachmentSets":[],"InvokedDataCollectors":[{"Uri":"datacollector://Microsoft/TestPlatform/Extensions/Blame/v1","FriendlyName":"Blame","AssemblyQualifiedName":"Microsoft.TestPlatform.Extensions.BlameDataCollector.BlameCollector, Microsoft.TestPlatform.Extensions.BlameDataCollector, Version=15.0.0.0, Culture=neutral, PublicKeyToken=b03f5f7f11d50a3a","FilePath":"C:\\Program Files\\dotnet\\sdk\\8.0.100\\Extensions\\Microsoft.TestPlatform.Extensions.BlameDataCollector.dll","HasAttachmentProcessor":false}],"Metrics":{}}}
TpTrace Warning: 0 : 13700, 10, 2024/02/28, 23:22:46.971, 7642345070065, vstest.console.dll, DataCollectionLauncher.ErrorReceivedCallback datacollector standard error line: 
TpTrace Information: 0 : 13700, 12, 2024/02/28, 23:22:46.974, 7642345098023, vstest.console.dll, ProxyDataCollectionManager.InvokeDataCollectionServiceAction: Completed.
TpTrace Information: 0 : 13700, 10, 2024/02/28, 23:22:46.990, 7642345259031, vstest.console.dll, DataCollectionLauncher.ExitCallBack: Data collector exited with exitcode: 0 error: ''
TpTrace Verbose: 0 : 13700, 12, 2024/02/28, 23:22:47.044, 7642345795058, vstest.console.dll, TestRunRequest:SendTestRunStatsChange: Starting.
TpTrace Verbose: 0 : 13700, 4, 2024/02/28, 23:22:47.045, 7642345808051, vstest.console.dll, MulticastDelegateUtilities.SafeInvoke: InternalTestLoggerEvents.SendTestResult: Invoking callback 1/1 for Microsoft.VisualStudio.TestPlatform.CommandLine.Internal.ConsoleLogger., took 0 ms.
TpTrace Verbose: 0 : 13700, 4, 2024/02/28, 23:22:47.045, 7642345809866, vstest.console.dll, MulticastDelegateUtilities.SafeInvoke: InternalTestLoggerEvents.SendTestResult: Invoking callback 1/1 for Microsoft.VisualStudio.TestPlatform.CommandLine.Internal.ConsoleLogger., took 0 ms.
TpTrace Verbose: 0 : 13700, 12, 2024/02/28, 23:22:47.046, 7642345822641, vstest.console.dll, MulticastDelegateUtilities.SafeInvoke: TestRun.RunStatsChanged: Invoking callbacks was skipped because there are no subscribers.
TpTrace Information: 0 : 13700, 12, 2024/02/28, 23:22:47.046, 7642345823724, vstest.console.dll, TestRunRequest:SendTestRunStatsChange: Completed.
TpTrace Verbose: 0 : 13700, 12, 2024/02/28, 23:22:47.047, 7642345829679, vstest.console.dll, ParallelProxyExecutionManager: HandlePartialRunComplete: Total workloads = 1, Total started clients = 1 Total completed clients = 1, Run complete = True, Run canceled: False.
TpTrace Verbose: 0 : 13700, 12, 2024/02/28, 23:22:47.047, 7642345831913, vstest.console.dll, ParallelProxyExecutionManager: HandlePartialRunComplete: All runs completed stopping all managers.
TpTrace Verbose: 0 : 13700, 12, 2024/02/28, 23:22:47.047, 7642345832829, vstest.console.dll, ParallelOperationManager.StopAllManagers: Stopping all managers.
TpTrace Verbose: 0 : 13700, 12, 2024/02/28, 23:22:47.047, 7642345833507, vstest.console.dll, ParallelOperationManager.ClearSlots: Clearing all slots. Slots should accept more work: False
TpTrace Verbose: 0 : 13700, 12, 2024/02/28, 23:22:47.047, 7642345834482, vstest.console.dll, ParallelOperationManager.SetOccupiedSlotCount: Setting slot counts AvailableSlotCount = 1, OccupiedSlotCount = 0.
TpTrace Verbose: 0 : 13700, 12, 2024/02/28, 23:22:47.048, 7642345835727, vstest.console.dll, Occupied slots:

TpTrace Verbose: 0 : 13700, 4, 2024/02/28, 23:22:47.060, 7642345964410, vstest.console.dll, MulticastDelegateUtilities.SafeInvoke: InternalTestLoggerEvents.SendTestRunComplete: Invoking callback 1/2 for Microsoft.TestPlatform.Extensions.BlameDataCollector.BlameLogger., took 0 ms.
TpTrace Verbose: 0 : 13700, 4, 2024/02/28, 23:22:47.068, 7642346042428, vstest.console.dll, MulticastDelegateUtilities.SafeInvoke: InternalTestLoggerEvents.SendTestRunComplete: Invoking callback 2/2 for Microsoft.VisualStudio.TestPlatform.CommandLine.Internal.ConsoleLogger., took 7 ms.
TpTrace Verbose: 0 : 13700, 12, 2024/02/28, 23:22:47.069, 7642346048616, vstest.console.dll, TestRunRequest:TestRunComplete: Starting. IsAborted:False IsCanceled:False.
TpTrace Verbose: 0 : 13700, 12, 2024/02/28, 23:22:47.069, 7642346051665, vstest.console.dll, ParallelOperationManager.DoActionOnAllManagers: Calling an action on all managers.
TpTrace Verbose: 0 : 13700, 12, 2024/02/28, 23:22:47.071, 7642346070339, vstest.console.dll, TestLoggerManager.HandleTestRunComplete: Ignoring as the object is disposed.
TpTrace Verbose: 0 : 13700, 12, 2024/02/28, 23:22:47.071, 7642346074588, vstest.console.dll, MulticastDelegateUtilities.SafeInvoke: TestRun.TestRunComplete: Invoking callback 1/2 for Microsoft.VisualStudio.TestPlatform.CommandLine.TestRunResultAggregator., took 0 ms.
TpTrace Verbose: 0 : 13700, 12, 2024/02/28, 23:22:47.072, 7642346077340, vstest.console.dll, MulticastDelegateUtilities.SafeInvoke: TestRun.TestRunComplete: Invoking callback 2/2 for Microsoft.VisualStudio.TestPlatform.CommandLine.Processors.RunTestsArgumentExecutor+TestRunRequestEventsRegistrar., took 0 ms.
TpTrace Verbose: 0 : 13700, 1, 2024/02/28, 23:22:47.072, 7642346079495, vstest.console.dll, TestRunRequest.Dispose: Starting.
TpTrace Information: 0 : 13700, 12, 2024/02/28, 23:22:47.072, 7642346079548, vstest.console.dll, TestRunRequest:TestRunComplete: Completed.
TpTrace Verbose: 0 : 13700, 12, 2024/02/28, 23:22:47.072, 7642346081295, vstest.console.dll, TestRequestSender.SetOperationComplete: Setting operation complete.
TpTrace Information: 0 : 13700, 1, 2024/02/28, 23:22:47.072, 7642346081461, vstest.console.dll, TestRunRequest.Dispose: Completed.
TpTrace Information: 0 : 13700, 12, 2024/02/28, 23:22:47.072, 7642346082110, vstest.console.dll, SocketServer.Stop: Stop server endPoint: 127.0.0.1:52857
TpTrace Information: 0 : 13700, 1, 2024/02/28, 23:22:47.072, 7642346082838, vstest.console.dll, TestRequestManager.RunTests: run tests completed.
TpTrace Information: 0 : 13700, 12, 2024/02/28, 23:22:47.072, 7642346083375, vstest.console.dll, SocketServer.Stop: Cancellation requested. Stopping message loop.
TpTrace Information: 0 : 13700, 1, 2024/02/28, 23:22:47.073, 7642346084640, vstest.console.dll, RunTestsArgumentProcessor:Execute: Test run is completed.
TpTrace Verbose: 0 : 13700, 12, 2024/02/28, 23:22:47.073, 7642346084657, vstest.console.dll, MulticastDelegateUtilities.SafeInvoke: LengthPrefixCommunicationChannel: MessageReceived: Invoking callback 1/1 for Microsoft.VisualStudio.TestPlatform.CommunicationUtilities.TestRequestSender+<>c__DisplayClass34_0., took 192 ms.
TpTrace Information: 0 : 13700, 12, 2024/02/28, 23:22:47.073, 7642346086369, vstest.console.dll, SocketServer.PrivateStop: Stopping server endPoint: 127.0.0.1:52857 error: 
TpTrace Verbose: 0 : 13700, 1, 2024/02/28, 23:22:47.087, 7642346232345, vstest.console.dll, Executor.Execute: Exiting with exit code of 0
TpTrace Verbose: 0 : 13700, 12, 2024/02/28, 23:22:47.088, 7642346239895, vstest.console.dll, LengthPrefixCommunicationChannel.Dispose: Dispose reader and writer.
